#
# There is insufficient memory for the Java Runtime Environment to continue.
# Native memory allocation (mmap) failed to map 131072000 bytes for committing reserved memory.
# Possible reasons:
#   The system is out of physical RAM or swap space
#   In 32 bit mode, the process size limit was hit
# Possible solutions:
#   Reduce memory load on the system
#   Increase physical memory or swap space
#   Check if swap backing store is full
#   Use 64 bit Java on a 64 bit OS
#   Decrease Java heap size (-Xmx/-Xms)
#   Decrease number of Java threads
#   Decrease Java thread stack sizes (-Xss)
#   Set larger code cache with -XX:ReservedCodeCacheSize=
# This output file may be truncated or incomplete.
#
#  Out of Memory Error (os_linux.cpp:2746), pid=13771, tid=0x00007ff064dc6700
#
# JRE version:  (8.0_191-b12) (build )
# Java VM: OpenJDK 64-Bit Server VM (25.191-b12 mixed mode linux-amd64 compressed oops)
# Failed to write core dump. Core dumps have been disabled. To enable core dumping, try "ulimit -c unlimited" before starting Java again
#

---------------  T H R E A D  ---------------

Current thread (0x00007ff05c00a800):  JavaThread "Unknown thread" [_thread_in_vm, id=13772, stack(0x00007ff064cc6000,0x00007ff064dc7000)]

Stack: [0x00007ff064cc6000,0x00007ff064dc7000],  sp=0x00007ff064dc5640,  free space=1021k
Native frames: (J=compiled Java code, j=interpreted, Vv=VM code, C=native code)
V  [libjvm.so+0xa7414b]
V  [libjvm.so+0x4c8ebc]
V  [libjvm.so+0x8c0c98]
V  [libjvm.so+0x8b82ce]
V  [libjvm.so+0x936566]
V  [libjvm.so+0x93857d]
V  [libjvm.so+0x2b0967]
V  [libjvm.so+0x8e65b9]
V  [libjvm.so+0xa376b9]
V  [libjvm.so+0xa37902]
V  [libjvm.so+0x6143ff]
V  [libjvm.so+0xa1ccaa]
V  [libjvm.so+0x68dff2]  JNI_CreateJavaVM+0x62
C  [libjli.so+0x2f2e]
C  [libjli.so+0x74ed]
C  [libpthread.so.0+0x76ba]  start_thread+0xca


---------------  P R O C E S S  ---------------

Java Threads: ( => current thread )

Other Threads:

=>0x00007ff05c00a800 (exited) JavaThread "Unknown thread" [_thread_in_vm, id=13772, stack(0x00007ff064cc6000,0x00007ff064dc7000)]

VM state:not at safepoint (not fully initialized)

VM Mutex/Monitor currently owned by a thread: None

GC Heap History (0 events):
No events

Deoptimization events (0 events):
No events

Classes redefined (0 events):
No events

Internal exceptions (0 events):
No events

Events (0 events):
No events


Dynamic libraries:
00400000-00401000 r-xp 00000000 08:11 3061657                            /usr/lib/jvm/java-8-openjdk-amd64/jre/bin/java
00600000-00601000 r--p 00000000 08:11 3061657                            /usr/lib/jvm/java-8-openjdk-amd64/jre/bin/java
00601000-00602000 rw-p 00001000 08:11 3061657                            /usr/lib/jvm/java-8-openjdk-amd64/jre/bin/java
0259c000-025bd000 rw-p 00000000 00:00 0                                  [heap]
649e00000-743500000 ---p 00000000 00:00 0 
74b200000-7c0000000 ---p 00000000 00:00 0 
7ff04d000000-7ff04d270000 rwxp 00000000 00:00 0 
7ff04d270000-7ff05c000000 ---p 00000000 00:00 0 
7ff05c000000-7ff05c031000 rw-p 00000000 00:00 0 
7ff05c031000-7ff060000000 ---p 00000000 00:00 0 
7ff0607ce000-7ff06137f000 ---p 00000000 00:00 0 
7ff06137f000-7ff06138a000 rw-p 00000000 00:00 0 
7ff06138a000-7ff061740000 ---p 00000000 00:00 0 
7ff061740000-7ff061748000 r-xp 00000000 08:11 3061629                    /usr/lib/jvm/java-8-openjdk-amd64/jre/lib/amd64/libzip.so
7ff061748000-7ff061947000 ---p 00008000 08:11 3061629                    /usr/lib/jvm/java-8-openjdk-amd64/jre/lib/amd64/libzip.so
7ff061947000-7ff061948000 r--p 00007000 08:11 3061629                    /usr/lib/jvm/java-8-openjdk-amd64/jre/lib/amd64/libzip.so
7ff061948000-7ff061949000 rw-p 00008000 08:11 3061629                    /usr/lib/jvm/java-8-openjdk-amd64/jre/lib/amd64/libzip.so
7ff061949000-7ff061954000 r-xp 00000000 08:11 1048830                    /lib/x86_64-linux-gnu/libnss_files-2.23.so
7ff061954000-7ff061b53000 ---p 0000b000 08:11 1048830                    /lib/x86_64-linux-gnu/libnss_files-2.23.so
7ff061b53000-7ff061b54000 r--p 0000a000 08:11 1048830                    /lib/x86_64-linux-gnu/libnss_files-2.23.so
7ff061b54000-7ff061b55000 rw-p 0000b000 08:11 1048830                    /lib/x86_64-linux-gnu/libnss_files-2.23.so
7ff061b55000-7ff061b5b000 rw-p 00000000 00:00 0 
7ff061b5b000-7ff061b66000 r-xp 00000000 08:11 1048838                    /lib/x86_64-linux-gnu/libnss_nis-2.23.so
7ff061b66000-7ff061d65000 ---p 0000b000 08:11 1048838                    /lib/x86_64-linux-gnu/libnss_nis-2.23.so
7ff061d65000-7ff061d66000 r--p 0000a000 08:11 1048838                    /lib/x86_64-linux-gnu/libnss_nis-2.23.so
7ff061d66000-7ff061d67000 rw-p 0000b000 08:11 1048838                    /lib/x86_64-linux-gnu/libnss_nis-2.23.so
7ff061d67000-7ff061d7d000 r-xp 00000000 08:11 1048602                    /lib/x86_64-linux-gnu/libnsl-2.23.so
7ff061d7d000-7ff061f7c000 ---p 00016000 08:11 1048602                    /lib/x86_64-linux-gnu/libnsl-2.23.so
7ff061f7c000-7ff061f7d000 r--p 00015000 08:11 1048602                    /lib/x86_64-linux-gnu/libnsl-2.23.so
7ff061f7d000-7ff061f7e000 rw-p 00016000 08:11 1048602                    /lib/x86_64-linux-gnu/libnsl-2.23.so
7ff061f7e000-7ff061f80000 rw-p 00000000 00:00 0 
7ff061f80000-7ff061f88000 r-xp 00000000 08:11 1048820                    /lib/x86_64-linux-gnu/libnss_compat-2.23.so
7ff061f88000-7ff062187000 ---p 00008000 08:11 1048820                    /lib/x86_64-linux-gnu/libnss_compat-2.23.so
7ff062187000-7ff062188000 r--p 00007000 08:11 1048820                    /lib/x86_64-linux-gnu/libnss_compat-2.23.so
7ff062188000-7ff062189000 rw-p 00008000 08:11 1048820                    /lib/x86_64-linux-gnu/libnss_compat-2.23.so
7ff062189000-7ff0621b6000 r-xp 00000000 08:11 3061633                    /usr/lib/jvm/java-8-openjdk-amd64/jre/lib/amd64/libjava.so
7ff0621b6000-7ff0623b5000 ---p 0002d000 08:11 3061633                    /usr/lib/jvm/java-8-openjdk-amd64/jre/lib/amd64/libjava.so
7ff0623b5000-7ff0623b6000 r--p 0002c000 08:11 3061633                    /usr/lib/jvm/java-8-openjdk-amd64/jre/lib/amd64/libjava.so
7ff0623b6000-7ff0623b8000 rw-p 0002d000 08:11 3061633                    /usr/lib/jvm/java-8-openjdk-amd64/jre/lib/amd64/libjava.so
7ff0623b8000-7ff0623c7000 r-xp 00000000 08:11 3061637                    /usr/lib/jvm/java-8-openjdk-amd64/jre/lib/amd64/libverify.so
7ff0623c7000-7ff0625c6000 ---p 0000f000 08:11 3061637                    /usr/lib/jvm/java-8-openjdk-amd64/jre/lib/amd64/libverify.so
7ff0625c6000-7ff0625c8000 r--p 0000e000 08:11 3061637                    /usr/lib/jvm/java-8-openjdk-amd64/jre/lib/amd64/libverify.so
7ff0625c8000-7ff0625c9000 rw-p 00010000 08:11 3061637                    /usr/lib/jvm/java-8-openjdk-amd64/jre/lib/amd64/libverify.so
7ff0625c9000-7ff0625d0000 r-xp 00000000 08:11 1048840                    /lib/x86_64-linux-gnu/librt-2.23.so
7ff0625d0000-7ff0627cf000 ---p 00007000 08:11 1048840                    /lib/x86_64-linux-gnu/librt-2.23.so
7ff0627cf000-7ff0627d0000 r--p 00006000 08:11 1048840                    /lib/x86_64-linux-gnu/librt-2.23.so
7ff0627d0000-7ff0627d1000 rw-p 00007000 08:11 1048840                    /lib/x86_64-linux-gnu/librt-2.23.so
7ff0627d1000-7ff0627e7000 r-xp 00000000 08:11 1053336                    /lib/x86_64-linux-gnu/libgcc_s.so.1
7ff0627e7000-7ff0629e6000 ---p 00016000 08:11 1053336                    /lib/x86_64-linux-gnu/libgcc_s.so.1
7ff0629e6000-7ff0629e7000 rw-p 00015000 08:11 1053336                    /lib/x86_64-linux-gnu/libgcc_s.so.1
7ff0629e7000-7ff062aef000 r-xp 00000000 08:11 1048591                    /lib/x86_64-linux-gnu/libm-2.23.so
7ff062aef000-7ff062cee000 ---p 00108000 08:11 1048591                    /lib/x86_64-linux-gnu/libm-2.23.so
7ff062cee000-7ff062cef000 r--p 00107000 08:11 1048591                    /lib/x86_64-linux-gnu/libm-2.23.so
7ff062cef000-7ff062cf0000 rw-p 00108000 08:11 1048591                    /lib/x86_64-linux-gnu/libm-2.23.so
7ff062cf0000-7ff062e62000 r-xp 00000000 08:11 3016419                    /usr/lib/x86_64-linux-gnu/libstdc++.so.6.0.21
7ff062e62000-7ff063062000 ---p 00172000 08:11 3016419                    /usr/lib/x86_64-linux-gnu/libstdc++.so.6.0.21
7ff063062000-7ff06306c000 r--p 00172000 08:11 3016419                    /usr/lib/x86_64-linux-gnu/libstdc++.so.6.0.21
7ff06306c000-7ff06306e000 rw-p 0017c000 08:11 3016419                    /usr/lib/x86_64-linux-gnu/libstdc++.so.6.0.21
7ff06306e000-7ff063072000 rw-p 00000000 00:00 0 
7ff063072000-7ff063cd3000 r-xp 00000000 08:11 3061642                    /usr/lib/jvm/java-8-openjdk-amd64/jre/lib/amd64/server/libjvm.so
7ff063cd3000-7ff063ed3000 ---p 00c61000 08:11 3061642                    /usr/lib/jvm/java-8-openjdk-amd64/jre/lib/amd64/server/libjvm.so
7ff063ed3000-7ff063f67000 r--p 00c61000 08:11 3061642                    /usr/lib/jvm/java-8-openjdk-amd64/jre/lib/amd64/server/libjvm.so
7ff063f67000-7ff063f90000 rw-p 00cf5000 08:11 3061642                    /usr/lib/jvm/java-8-openjdk-amd64/jre/lib/amd64/server/libjvm.so
7ff063f90000-7ff063fc0000 rw-p 00000000 00:00 0 
7ff063fc0000-7ff063fd8000 r-xp 00000000 08:11 1048802                    /lib/x86_64-linux-gnu/libpthread-2.23.so
7ff063fd8000-7ff0641d7000 ---p 00018000 08:11 1048802                    /lib/x86_64-linux-gnu/libpthread-2.23.so
7ff0641d7000-7ff0641d8000 r--p 00017000 08:11 1048802                    /lib/x86_64-linux-gnu/libpthread-2.23.so
7ff0641d8000-7ff0641d9000 rw-p 00018000 08:11 1048802                    /lib/x86_64-linux-gnu/libpthread-2.23.so
7ff0641d9000-7ff0641dd000 rw-p 00000000 00:00 0 
7ff0641dd000-7ff0641e0000 r-xp 00000000 08:11 1048808                    /lib/x86_64-linux-gnu/libdl-2.23.so
7ff0641e0000-7ff0643df000 ---p 00003000 08:11 1048808                    /lib/x86_64-linux-gnu/libdl-2.23.so
7ff0643df000-7ff0643e0000 r--p 00002000 08:11 1048808                    /lib/x86_64-linux-gnu/libdl-2.23.so
7ff0643e0000-7ff0643e1000 rw-p 00003000 08:11 1048808                    /lib/x86_64-linux-gnu/libdl-2.23.so
7ff0643e1000-7ff0643fa000 r-xp 00000000 08:11 1053271                    /lib/x86_64-linux-gnu/libz.so.1.2.8
7ff0643fa000-7ff0645f9000 ---p 00019000 08:11 1053271                    /lib/x86_64-linux-gnu/libz.so.1.2.8
7ff0645f9000-7ff0645fa000 r--p 00018000 08:11 1053271                    /lib/x86_64-linux-gnu/libz.so.1.2.8
7ff0645fa000-7ff0645fb000 rw-p 00019000 08:11 1053271                    /lib/x86_64-linux-gnu/libz.so.1.2.8
7ff0645fb000-7ff0647bb000 r-xp 00000000 08:11 1048804                    /lib/x86_64-linux-gnu/libc-2.23.so
7ff0647bb000-7ff0649bb000 ---p 001c0000 08:11 1048804                    /lib/x86_64-linux-gnu/libc-2.23.so
7ff0649bb000-7ff0649bf000 r--p 001c0000 08:11 1048804                    /lib/x86_64-linux-gnu/libc-2.23.so
7ff0649bf000-7ff0649c1000 rw-p 001c4000 08:11 1048804                    /lib/x86_64-linux-gnu/libc-2.23.so
7ff0649c1000-7ff0649c5000 rw-p 00000000 00:00 0 
7ff0649c5000-7ff0649d2000 r-xp 00000000 08:11 3061634                    /usr/lib/jvm/java-8-openjdk-amd64/jre/lib/amd64/jli/libjli.so
7ff0649d2000-7ff064bd2000 ---p 0000d000 08:11 3061634                    /usr/lib/jvm/java-8-openjdk-amd64/jre/lib/amd64/jli/libjli.so
7ff064bd2000-7ff064bd3000 r--p 0000d000 08:11 3061634                    /usr/lib/jvm/java-8-openjdk-amd64/jre/lib/amd64/jli/libjli.so
7ff064bd3000-7ff064bd4000 rw-p 0000e000 08:11 3061634                    /usr/lib/jvm/java-8-openjdk-amd64/jre/lib/amd64/jli/libjli.so
7ff064bd4000-7ff064bfa000 r-xp 00000000 08:11 1048800                    /lib/x86_64-linux-gnu/ld-2.23.so
7ff064cc6000-7ff064cc9000 ---p 00000000 00:00 0 
7ff064cc9000-7ff064dcb000 rw-p 00000000 00:00 0 
7ff064dee000-7ff064df6000 rw-s 00000000 08:11 2491582                    /tmp/hsperfdata_filip/13771
7ff064df6000-7ff064df7000 rw-p 00000000 00:00 0 
7ff064df7000-7ff064df8000 r--p 00000000 00:00 0 
7ff064df8000-7ff064df9000 rw-p 00000000 00:00 0 
7ff064df9000-7ff064dfa000 r--p 00025000 08:11 1048800                    /lib/x86_64-linux-gnu/ld-2.23.so
7ff064dfa000-7ff064dfb000 rw-p 00026000 08:11 1048800                    /lib/x86_64-linux-gnu/ld-2.23.so
7ff064dfb000-7ff064dfc000 rw-p 00000000 00:00 0 
7ffef4cc3000-7ffef4ce5000 rw-p 00000000 00:00 0                          [stack]
7ffef4deb000-7ffef4ded000 r--p 00000000 00:00 0                          [vvar]
7ffef4ded000-7ffef4def000 r-xp 00000000 00:00 0                          [vdso]
ffffffffff600000-ffffffffff601000 r-xp 00000000 00:00 0                  [vsyscall]

VM Arguments:
java_command: org.hsqldb.util.DatabaseManagerSwing --url jdbc:hsqldb:hsql://localhost/workdb
java_class_path (initial): scripts/hsqldb.jar
Launcher Type: SUN_STANDARD

Environment Variables:
JAVA_HOME=/usr/lib/jvm/java-9-oracle
PATH=/home/filip/.sdkman/candidates/springboot/current/bin:/home/filip/.sdkman/candidates/gradle/current/bin:/home/filip/bin:/home/filip/.local/bin:/usr/local/sbin:/usr/local/bin:/usr/sbin:/usr/bin:/sbin:/bin:/usr/games:/usr/local/games:/snap/bin:/usr/lib/jvm/java-9-oracle/bin:/usr/lib/jvm/java-9-oracle/db/bin
USERNAME=filip
SHELL=/bin/bash
DISPLAY=:0

Signal Handlers:
SIGSEGV: [libjvm.so+0xa74ca0], sa_mask[0]=11111111011111111101111111111110, sa_flags=SA_RESTART|SA_SIGINFO
SIGBUS: [libjvm.so+0xa74ca0], sa_mask[0]=11111111011111111101111111111110, sa_flags=SA_RESTART|SA_SIGINFO
SIGFPE: [libjvm.so+0x8bbcf0], sa_mask[0]=11111111011111111101111111111110, sa_flags=SA_RESTART|SA_SIGINFO
SIGPIPE: [libjvm.so+0x8bbcf0], sa_mask[0]=11111111011111111101111111111110, sa_flags=SA_RESTART|SA_SIGINFO
SIGXFSZ: [libjvm.so+0x8bbcf0], sa_mask[0]=11111111011111111101111111111110, sa_flags=SA_RESTART|SA_SIGINFO
SIGILL: [libjvm.so+0x8bbcf0], sa_mask[0]=11111111011111111101111111111110, sa_flags=SA_RESTART|SA_SIGINFO
SIGUSR1: SIG_DFL, sa_mask[0]=00000000000000000000000000000000, sa_flags=none
SIGUSR2: [libjvm.so+0x8bbba0], sa_mask[0]=00000000000000000000000000000000, sa_flags=SA_RESTART|SA_SIGINFO
SIGHUP: SIG_DFL, sa_mask[0]=00000000000000000000000000000000, sa_flags=none
SIGINT: SIG_DFL, sa_mask[0]=00000000000000000000000000000000, sa_flags=none
SIGTERM: SIG_DFL, sa_mask[0]=00000000000000000000000000000000, sa_flags=none
SIGQUIT: SIG_DFL, sa_mask[0]=00000000000000000000000000000000, sa_flags=none


---------------  S Y S T E M  ---------------

OS:DISTRIB_ID=LinuxMint
DISTRIB_RELEASE=18.1
DISTRIB_CODENAME=serena
DISTRIB_DESCRIPTION="Linux Mint 18.1 Serena"

uname:Linux 4.4.0-53-generic #74-Ubuntu SMP Fri Dec 2 15:59:10 UTC 2016 x86_64
libc:glibc 2.23 NPTL 2.23 
rlimit: STACK 8192k, CORE 0k, NPROC 95585, NOFILE 1048576, AS infinity
load average:0.39 0.72 1.04

/proc/meminfo:
MemTotal:       24512108 kB
MemFree:          186848 kB
MemAvailable:      58540 kB
Buffers:            3720 kB
Cached:          1605388 kB
SwapCached:            0 kB
Active:         22334312 kB
Inactive:        1300232 kB
Active(anon):   22290036 kB
Inactive(anon):  1269084 kB
Active(file):      44276 kB
Inactive(file):    31148 kB
Unevictable:         624 kB
Mlocked:             624 kB
SwapTotal:             0 kB
SwapFree:              0 kB
Dirty:               672 kB
Writeback:             0 kB
AnonPages:      22028140 kB
Mapped:           891268 kB
Shmem:           1531724 kB
Slab:             183916 kB
SReclaimable:      69260 kB
SUnreclaim:       114656 kB
KernelStack:       36256 kB
PageTables:       240312 kB
NFS_Unstable:          0 kB
Bounce:                0 kB
WritebackTmp:          0 kB
CommitLimit:    12256052 kB
Committed_AS:   38198676 kB
VmallocTotal:   34359738367 kB
VmallocUsed:           0 kB
VmallocChunk:          0 kB
HardwareCorrupted:     0 kB
AnonHugePages:   5476352 kB
CmaTotal:              0 kB
CmaFree:               0 kB
HugePages_Total:       0
HugePages_Free:        0
HugePages_Rsvd:        0
HugePages_Surp:        0
Hugepagesize:       2048 kB
DirectMap4k:      502340 kB
DirectMap2M:    22386688 kB
DirectMap1G:     2097152 kB

container (cgroup) information:
container_type: cgroupv1
cpu_cpuset_cpus: 0-7
cpu_memory_nodes: 0
active_processor_count: 8
cpu_quota: -1
cpu_period: 100000
cpu_shares: -1
memory_limit_in_bytes: -1
memory_and_swap_limit_in_bytes: -2
memory_soft_limit_in_bytes: -1
memory_usage_in_bytes: 24206413824
memory_max_usage_in_bytes: 0


CPU:total 8 (initial active 8) (4 cores per cpu, 2 threads per core) family 6 model 60 stepping 3, cmov, cx8, fxsr, mmx, sse, sse2, sse3, ssse3, sse4.1, sse4.2, popcnt, avx, avx2, aes, clmul, erms, lzcnt, ht, tsc, tscinvbit, bmi1, bmi2

/proc/cpuinfo:
processor	: 0
vendor_id	: GenuineIntel
cpu family	: 6
model		: 60
model name	: Intel(R) Core(TM) i7-4710MQ CPU @ 2.50GHz
stepping	: 3
microcode	: 0x17
cpu MHz		: 2485.351
cache size	: 6144 KB
physical id	: 0
siblings	: 8
core id		: 0
cpu cores	: 4
apicid		: 0
initial apicid	: 0
fpu		: yes
fpu_exception	: yes
cpuid level	: 13
wp		: yes
flags		: fpu vme de pse tsc msr pae mce cx8 apic sep mtrr pge mca cmov pat pse36 clflush dts acpi mmx fxsr sse sse2 ss ht tm pbe syscall nx pdpe1gb rdtscp lm constant_tsc arch_perfmon pebs bts rep_good nopl xtopology nonstop_tsc aperfmperf eagerfpu pni pclmulqdq dtes64 monitor ds_cpl vmx est tm2 ssse3 sdbg fma cx16 xtpr pdcm pcid sse4_1 sse4_2 movbe popcnt tsc_deadline_timer aes xsave avx f16c rdrand lahf_lm abm epb tpr_shadow vnmi flexpriority ept vpid fsgsbase tsc_adjust bmi1 avx2 smep bmi2 erms invpcid xsaveopt dtherm ida arat pln pts
bugs		:
bogomips	: 4988.54
clflush size	: 64
cache_alignment	: 64
address sizes	: 39 bits physical, 48 bits virtual
power management:

processor	: 1
vendor_id	: GenuineIntel
cpu family	: 6
model		: 60
model name	: Intel(R) Core(TM) i7-4710MQ CPU @ 2.50GHz
stepping	: 3
microcode	: 0x17
cpu MHz		: 2562.695
cache size	: 6144 KB
physical id	: 0
siblings	: 8
core id		: 1
cpu cores	: 4
apicid		: 2
initial apicid	: 2
fpu		: yes
fpu_exception	: yes
cpuid level	: 13
wp		: yes
flags		: fpu vme de pse tsc msr pae mce cx8 apic sep mtrr pge mca cmov pat pse36 clflush dts acpi mmx fxsr sse sse2 ss ht tm pbe syscall nx pdpe1gb rdtscp lm constant_tsc arch_perfmon pebs bts rep_good nopl xtopology nonstop_tsc aperfmperf eagerfpu pni pclmulqdq dtes64 monitor ds_cpl vmx est tm2 ssse3 sdbg fma cx16 xtpr pdcm pcid sse4_1 sse4_2 movbe popcnt tsc_deadline_timer aes xsave avx f16c rdrand lahf_lm abm epb tpr_shadow vnmi flexpriority ept vpid fsgsbase tsc_adjust bmi1 avx2 smep bmi2 erms invpcid xsaveopt dtherm ida arat pln pts
bugs		:
bogomips	: 4988.54
clflush size	: 64
cache_alignment	: 64
address sizes	: 39 bits physical, 48 bits virtual
power management:

processor	: 2
vendor_id	: GenuineIntel
cpu family	: 6
model		: 60
model name	: Intel(R) Core(TM) i7-4710MQ CPU @ 2.50GHz
stepping	: 3
microcode	: 0x17
cpu MHz		: 2452.343
cache size	: 6144 KB
physical id	: 0
siblings	: 8
core id		: 2
cpu cores	: 4
apicid		: 4
initial apicid	: 4
fpu		: yes
fpu_exception	: yes
cpuid level	: 13
wp		: yes
flags		: fpu vme de pse tsc msr pae mce cx8 apic sep mtrr pge mca cmov pat pse36 clflush dts acpi mmx fxsr sse sse2 ss ht tm pbe syscall nx pdpe1gb rdtscp lm constant_tsc arch_perfmon pebs bts rep_good nopl xtopology nonstop_tsc aperfmperf eagerfpu pni pclmulqdq dtes64 monitor ds_cpl vmx est tm2 ssse3 sdbg fma cx16 xtpr pdcm pcid sse4_1 sse4_2 movbe popcnt tsc_deadline_timer aes xsave avx f16c rdrand lahf_lm abm epb tpr_shadow vnmi flexpriority ept vpid fsgsbase tsc_adjust bmi1 avx2 smep bmi2 erms invpcid xsaveopt dtherm ida arat pln pts
bugs		:
bogomips	: 4988.54
clflush size	: 64
cache_alignment	: 64
address sizes	: 39 bits physical, 48 bits virtual
power management:

processor	: 3
vendor_id	: GenuineIntel
cpu family	: 6
model		: 60
model name	: Intel(R) Core(TM) i7-4710MQ CPU @ 2.50GHz
stepping	: 3
microcode	: 0x17
cpu MHz		: 2500.000
cache size	: 6144 KB
physical id	: 0
siblings	: 8
core id		: 3
cpu cores	: 4
apicid		: 6
initial apicid	: 6
fpu		: yes
fpu_exception	: yes
cpuid level	: 13
wp		: yes
flags		: fpu vme de pse tsc msr pae mce cx8 apic sep mtrr pge mca cmov pat pse36 clflush dts acpi mmx fxsr sse sse2 ss ht tm pbe syscall nx pdpe1gb rdtscp lm constant_tsc arch_perfmon pebs bts rep_good nopl xtopology nonstop_tsc aperfmperf eagerfpu pni pclmulqdq dtes64 monitor ds_cpl vmx est tm2 ssse3 sdbg fma cx16 xtpr pdcm pcid sse4_1 sse4_2 movbe popcnt tsc_deadline_timer aes xsave avx f16c rdrand lahf_lm abm epb tpr_shadow vnmi flexpriority ept vpid fsgsbase tsc_adjust bmi1 avx2 smep bmi2 erms invpcid xsaveopt dtherm ida arat pln pts
bugs		:
bogomips	: 4988.54
clflush size	: 64
cache_alignment	: 64
address sizes	: 39 bits physical, 48 bits virtual
power management:

processor	: 4
vendor_id	: GenuineIntel
cpu family	: 6
model		: 60
model name	: Intel(R) Core(TM) i7-4710MQ CPU @ 2.50GHz
stepping	: 3
microcode	: 0x17
cpu MHz		: 2500.390
cache size	: 6144 KB
physical id	: 0
siblings	: 8
core id		: 0
cpu cores	: 4
apicid		: 1
initial apicid	: 1
fpu		: yes
fpu_exception	: yes
cpuid level	: 13
wp		: yes
flags		: fpu vme de pse tsc msr pae mce cx8 apic sep mtrr pge mca cmov pat pse36 clflush dts acpi mmx fxsr sse sse2 ss ht tm pbe syscall nx pdpe1gb rdtscp lm constant_tsc arch_perfmon pebs bts rep_good nopl xtopology nonstop_tsc aperfmperf eagerfpu pni pclmulqdq dtes64 monitor ds_cpl vmx est tm2 ssse3 sdbg fma cx16 xtpr pdcm pcid sse4_1 sse4_2 movbe popcnt tsc_deadline_timer aes xsave avx f16c rdrand lahf_lm abm epb tpr_shadow vnmi flexpriority ept vpid fsgsbase tsc_adjust bmi1 avx2 smep bmi2 erms invpcid xsaveopt dtherm ida arat pln pts
bugs		:
bogomips	: 4988.54
clflush size	: 64
cache_alignment	: 64
address sizes	: 39 bits physical, 48 bits virtual
power management:

processor	: 5
vendor_id	: GenuineIntel
cpu family	: 6
model		: 60
model name	: Intel(R) Core(TM) i7-4710MQ CPU @ 2.50GHz
stepping	: 3
microcode	: 0x17
cpu MHz		: 2500.292
cache size	: 6144 KB
physical id	: 0
siblings	: 8
core id		: 1
cpu cores	: 4
apicid		: 3
initial apicid	: 3
fpu		: yes
fpu_exception	: yes
cpuid level	: 13
wp		: yes
flags		: fpu vme de pse tsc msr pae mce cx8 apic sep mtrr pge mca cmov pat pse36 clflush dts acpi mmx fxsr sse sse2 ss ht tm pbe syscall nx pdpe1gb rdtscp lm constant_tsc arch_perfmon pebs bts rep_good nopl xtopology nonstop_tsc aperfmperf eagerfpu pni pclmulqdq dtes64 monitor ds_cpl vmx est tm2 ssse3 sdbg fma cx16 xtpr pdcm pcid sse4_1 sse4_2 movbe popcnt tsc_deadline_timer aes xsave avx f16c rdrand lahf_lm abm epb tpr_shadow vnmi flexpriority ept vpid fsgsbase tsc_adjust bmi1 avx2 smep bmi2 erms invpcid xsaveopt dtherm ida arat pln pts
bugs		:
bogomips	: 4988.54
clflush size	: 64
cache_alignment	: 64
address sizes	: 39 bits physical, 48 bits virtual
power management:

processor	: 6
vendor_id	: GenuineIntel
cpu family	: 6
model		: 60
model name	: Intel(R) Core(TM) i7-4710MQ CPU @ 2.50GHz
stepping	: 3
microcode	: 0x17
cpu MHz		: 2500.097
cache size	: 6144 KB
physical id	: 0
siblings	: 8
core id		: 2
cpu cores	: 4
apicid		: 5
initial apicid	: 5
fpu		: yes
fpu_exception	: yes
cpuid level	: 13
wp		: yes
flags		: fpu vme de pse tsc msr pae mce cx8 apic sep mtrr pge mca cmov pat pse36 clflush dts acpi mmx fxsr sse sse2 ss ht tm pbe syscall nx pdpe1gb rdtscp lm constant_tsc arch_perfmon pebs bts rep_good nopl xtopology nonstop_tsc aperfmperf eagerfpu pni pclmulqdq dtes64 monitor ds_cpl vmx est tm2 ssse3 sdbg fma cx16 xtpr pdcm pcid sse4_1 sse4_2 movbe popcnt tsc_deadline_timer aes xsave avx f16c rdrand lahf_lm abm epb tpr_shadow vnmi flexpriority ept vpid fsgsbase tsc_adjust bmi1 avx2 smep bmi2 erms invpcid xsaveopt dtherm ida arat pln pts
bugs		:
bogomips	: 4988.54
clflush size	: 64
cache_alignment	: 64
address sizes	: 39 bits physical, 48 bits virtual
power management:

processor	: 7
vendor_id	: GenuineIntel
cpu family	: 6
model		: 60
model name	: Intel(R) Core(TM) i7-4710MQ CPU @ 2.50GHz
stepping	: 3
microcode	: 0x17
cpu MHz		: 2500.390
cache size	: 6144 KB
physical id	: 0
siblings	: 8
core id		: 3
cpu cores	: 4
apicid		: 7
initial apicid	: 7
fpu		: yes
fpu_exception	: yes
cpuid level	: 13
wp		: yes
flags		: fpu vme de pse tsc msr pae mce cx8 apic sep mtrr pge mca cmov pat pse36 clflush dts acpi mmx fxsr sse sse2 ss ht tm pbe syscall nx pdpe1gb rdtscp lm constant_tsc arch_perfmon pebs bts rep_good nopl xtopology nonstop_tsc aperfmperf eagerfpu pni pclmulqdq dtes64 monitor ds_cpl vmx est tm2 ssse3 sdbg fma cx16 xtpr pdcm pcid sse4_1 sse4_2 movbe popcnt tsc_deadline_timer aes xsave avx f16c rdrand lahf_lm abm epb tpr_shadow vnmi flexpriority ept vpid fsgsbase tsc_adjust bmi1 avx2 smep bmi2 erms invpcid xsaveopt dtherm ida arat pln pts
bugs		:
bogomips	: 4988.54
clflush size	: 64
cache_alignment	: 64
address sizes	: 39 bits physical, 48 bits virtual
power management:



Memory: 4k page, physical 24512108k(186848k free), swap 0k(0k free)

vm_info: OpenJDK 64-Bit Server VM (25.191-b12) for linux-amd64 JRE (1.8.0_191-8u191-b12-2ubuntu0.16.04.1-b12), built on Jan 14 2019 21:59:52 by "buildd" with gcc 5.4.0 20160609

time: Thu May 23 20:34:15 2019
elapsed time: 0 seconds (0d 0h 0m 0s)

