#
# There is insufficient memory for the Java Runtime Environment to continue.
# Native memory allocation (mmap) failed to map 788529152 bytes for committing reserved memory.
# Possible reasons:
#   The system is out of physical RAM or swap space
#   The process is running with CompressedOops enabled, and the Java Heap may be blocking the growth of the native heap
# Possible solutions:
#   Reduce memory load on the system
#   Increase physical memory or swap space
#   Check if swap backing store is full
#   Decrease Java heap size (-Xmx/-Xms)
#   Decrease number of Java threads
#   Decrease Java thread stack sizes (-Xss)
#   Set larger code cache with -XX:ReservedCodeCacheSize=
#   JVM is running with Zero Based Compressed Oops mode in which the Java heap is
#     placed in the first 32GB address space. The Java Heap base address is the
#     maximum limit for the native heap growth. Please use -XX:HeapBaseMinAddress
#     to set the Java Heap base and to place the Java Heap above 32GB virtual address.
# This output file may be truncated or incomplete.
#
#  Out of Memory Error (os_linux.cpp:2647), pid=11646, tid=11690
#
# JRE version: Java(TM) SE Runtime Environment (9.0+11) (build 9.0.4+11)
# Java VM: Java HotSpot(TM) 64-Bit Server VM (9.0.4+11, mixed mode, tiered, compressed oops, g1 gc, linux-amd64)
# No core dump will be written. Core dumps have been disabled. To enable core dumping, try "ulimit -c unlimited" before starting Java again
#

---------------  S U M M A R Y ------------

Command Line: -XX:TieredStopAtLevel=1 -Xverify:none -Dspring.output.ansi.enabled=always -Dcom.sun.management.jmxremote -Dspring.liveBeansView.mbeanDomain -Dspring.application.admin.enabled=true -javaagent:/opt/idea-IU-183.6156.11/lib/idea_rt.jar=39910:/opt/idea-IU-183.6156.11/bin -Dfile.encoding=UTF-8 com.filip.machaj.demo.AbonamentyApplicationKt

Host: Intel(R) Core(TM) i7-4710MQ CPU @ 2.50GHz, 8 cores, 23G, Linux Mint 18.1 Serena
Time: Fri Oct 18 19:24:56 2019 CEST elapsed time: 2 seconds (0d 0h 0m 2s)

---------------  T H R E A D  ---------------

Current thread (0x00007fa6182b1000):  VMThread "VM Thread" [stack: 0x00007fa598ef8000,0x00007fa598ff8000] [id=11690]

Stack: [0x00007fa598ef8000,0x00007fa598ff8000],  sp=0x00007fa598ff6070,  free space=1016k
Native frames: (J=compiled Java code, A=aot compiled Java code, j=interpreted, Vv=VM code, C=native code)
V  [libjvm.so+0xd4c6c2]  VMError::report_and_die(int, char const*, char const*, __va_list_tag*, Thread*, unsigned char*, void*, void*, char const*, int, unsigned long)+0x162
V  [libjvm.so+0xd4d32b]  VMError::report_and_die(Thread*, char const*, int, unsigned long, VMErrorType, char const*, __va_list_tag*)+0x2b
V  [libjvm.so+0x654ac8]  report_vm_out_of_memory(char const*, int, unsigned long, VMErrorType, char const*, ...)+0xd8
V  [libjvm.so+0xb68241]  os::pd_commit_memory_or_exit(char*, unsigned long, unsigned long, bool, char const*)+0x101
V  [libjvm.so+0xb628cd]  os::commit_memory_or_exit(char*, unsigned long, unsigned long, bool, char const*)+0x1d
V  [libjvm.so+0x763492]  G1PageBasedVirtualSpace::commit_preferred_pages(unsigned long, unsigned long)+0x62
V  [libjvm.so+0x7637ae]  G1PageBasedVirtualSpace::commit(unsigned long, unsigned long)+0x11e
V  [libjvm.so+0x766713]  G1RegionsLargerThanCommitSizeMapper::commit_regions(unsigned int, unsigned long, WorkGang*)+0x43
V  [libjvm.so+0x7f760c]  HeapRegionManager::commit_regions(unsigned int, unsigned long, WorkGang*)+0x7c
V  [libjvm.so+0x7f81d4]  HeapRegionManager::make_regions_available(unsigned int, unsigned int, WorkGang*)+0x34
V  [libjvm.so+0x7f86f1]  HeapRegionManager::expand_by(unsigned int, WorkGang*)+0x71
V  [libjvm.so+0x729a87]  G1CollectedHeap::expand(unsigned long, WorkGang*, double*)+0xd7
V  [libjvm.so+0x7309ca]  G1CollectedHeap::do_collection_pause_at_safepoint(double)+0x104a
V  [libjvm.so+0xd5e4c2]  VM_G1IncCollectionPause::doit()+0x82
V  [libjvm.so+0xd5d4f9]  VM_Operation::evaluate()+0x59
V  [libjvm.so+0xd5b243]  VMThread::evaluate_operation(VM_Operation*)+0xc3
V  [libjvm.so+0xd5b7b0]  VMThread::loop()+0x210
V  [libjvm.so+0xd5bcc2]  VMThread::run()+0x72
V  [libjvm.so+0xb6e132]  thread_native_entry(Thread*)+0xf2

VM_Operation (0x00007fa61e958f60): G1IncCollectionPause, mode: safepoint, requested by thread 0x00007fa618016800


---------------  P R O C E S S  ---------------

Java Threads: ( => current thread )
  0x00007fa54c01b800 JavaThread "RMI Scheduler(0)" daemon [_thread_blocked, id=11728, stack(0x00007fa5726d7000,0x00007fa5727d8000)]
  0x00007fa55c001000 JavaThread "RMI TCP Connection(1)-127.0.0.1" daemon [_thread_in_native, id=11727, stack(0x00007fa5727d8000,0x00007fa5728d9000)]
  0x00007fa584001000 JavaThread "Attach Listener" daemon [_thread_blocked, id=11723, stack(0x00007fa572cd9000,0x00007fa572dda000)]
  0x00007fa6187ea800 JavaThread "RMI TCP Accept-0" daemon [_thread_in_native, id=11719, stack(0x00007fa5733dc000,0x00007fa5734dd000)]
  0x00007fa6186d5800 JavaThread "Service Thread" daemon [_thread_blocked, id=11713, stack(0x00007fa573ae6000,0x00007fa573be7000)]
  0x00007fa6186d4000 JavaThread "Monitor Ctrl-Break" daemon [_thread_in_native, id=11712, stack(0x00007fa573be7000,0x00007fa573ce8000)]
  0x00007fa61832c800 JavaThread "Common-Cleaner" daemon [_thread_blocked, id=11709, stack(0x00007fa573ce8000,0x00007fa573de9000)]
  0x00007fa6182e8000 JavaThread "Sweeper thread" daemon [_thread_blocked, id=11701, stack(0x00007fa5982e6000,0x00007fa5983e7000)]
  0x00007fa6182e6000 JavaThread "C1 CompilerThread3" daemon [_thread_blocked, id=11700, stack(0x00007fa5983e7000,0x00007fa5984e8000)]
  0x00007fa6182e4000 JavaThread "C1 CompilerThread2" daemon [_thread_blocked, id=11699, stack(0x00007fa5984e8000,0x00007fa5985e9000)]
  0x00007fa6182e2000 JavaThread "C1 CompilerThread1" daemon [_thread_blocked, id=11698, stack(0x00007fa5985e9000,0x00007fa5986ea000)]
  0x00007fa6182e0000 JavaThread "C1 CompilerThread0" daemon [_thread_blocked, id=11697, stack(0x00007fa5986ea000,0x00007fa5987eb000)]
  0x00007fa6182de000 JavaThread "Signal Dispatcher" daemon [_thread_blocked, id=11696, stack(0x00007fa5987eb000,0x00007fa5988ec000)]
  0x00007fa6182c3000 JavaThread "Finalizer" daemon [_thread_blocked, id=11693, stack(0x00007fa598cf5000,0x00007fa598df6000)]
  0x00007fa6182bb000 JavaThread "Reference Handler" daemon [_thread_blocked, id=11691, stack(0x00007fa598df6000,0x00007fa598ef7000)]
  0x00007fa618016800 JavaThread "main" [_thread_blocked, id=11647, stack(0x00007fa61e85d000,0x00007fa61e95d000)]

Other Threads:
=>0x00007fa6182b1000 VMThread "VM Thread" [stack: 0x00007fa598ef8000,0x00007fa598ff8000] [id=11690]
  0x00007fa6187f7800 WatcherThread [stack: 0x00007fa5732dc000,0x00007fa5733dc000] [id=11720]
  0x00007fa61802e000 GCTaskThread "GC Thread#0" [stack: 0x00007fa5fc7c7000,0x00007fa5fc8c7000] [id=11651]
  0x00007fa61802f800 GCTaskThread "GC Thread#1" [stack: 0x00007fa5fc6c6000,0x00007fa5fc7c6000] [id=11653]
  0x00007fa618031800 GCTaskThread "GC Thread#2" [stack: 0x00007fa5fc5c5000,0x00007fa5fc6c5000] [id=11656]
  0x00007fa618033000 GCTaskThread "GC Thread#3" [stack: 0x00007fa5fc4c4000,0x00007fa5fc5c4000] [id=11658]
  0x00007fa618035000 GCTaskThread "GC Thread#4" [stack: 0x00007fa5fc3c3000,0x00007fa5fc4c3000] [id=11660]
  0x00007fa618036800 GCTaskThread "GC Thread#5" [stack: 0x00007fa5fc2c2000,0x00007fa5fc3c2000] [id=11661]
  0x00007fa618038000 GCTaskThread "GC Thread#6" [stack: 0x00007fa5fc1c1000,0x00007fa5fc2c1000] [id=11663]
  0x00007fa61803a000 GCTaskThread "GC Thread#7" [stack: 0x00007fa5fc0c0000,0x00007fa5fc1c0000] [id=11665]
  0x00007fa6180b1800 ConcurrentGCThread "G1 Main Marker" [stack: 0x00007fa5a8279000,0x00007fa5a8379000] [id=11687]
  0x00007fa6180b3000 ConcurrentGCThread "G1 Marker#0" [stack: 0x00007fa5a8178000,0x00007fa5a8278000] [id=11688]
  0x00007fa6180b5000 ConcurrentGCThread "G1 Marker#1" [stack: 0x00007fa5a8077000,0x00007fa5a8177000] [id=11689]
  0x00007fa618048800 ConcurrentGCThread "G1 Refine#0" [stack: 0x00007fa5deff1000,0x00007fa5df0f1000] [id=11682]
  0x00007fa618046800 ConcurrentGCThread "G1 Refine#1" [stack: 0x00007fa5df0f2000,0x00007fa5df1f2000] [id=11680]
  0x00007fa618045000 ConcurrentGCThread "G1 Refine#2" [stack: 0x00007fa5df1f3000,0x00007fa5df2f3000] [id=11678]
  0x00007fa618043000 ConcurrentGCThread "G1 Refine#3" [stack: 0x00007fa5df2f4000,0x00007fa5df3f4000] [id=11676]
  0x00007fa618041800 ConcurrentGCThread "G1 Refine#4" [stack: 0x00007fa5df3f5000,0x00007fa5df4f5000] [id=11674]
  0x00007fa61803f800 ConcurrentGCThread "G1 Refine#5" [stack: 0x00007fa5df4f6000,0x00007fa5df5f6000] [id=11672]
  0x00007fa61803e000 ConcurrentGCThread "G1 Refine#6" [stack: 0x00007fa5df5f7000,0x00007fa5df6f7000] [id=11670]
  0x00007fa61803c000 ConcurrentGCThread "G1 Refine#7" [stack: 0x00007fa5df6f8000,0x00007fa5df7f8000] [id=11667]
  0x00007fa61804a800 ConcurrentGCThread "G1 Young RemSet Sampling" [stack: 0x00007fa5deef0000,0x00007fa5deff0000] [id=11683]

Threads with active compile tasks:

VM state:at safepoint (normal execution)

VM Mutex/Monitor currently owned by a thread:  ([mutex/lock_event])
[0x00007fa618012ec0] Threads_lock - owner thread: 0x00007fa6182b1000
[0x00007fa618013460] Heap_lock - owner thread: 0x00007fa618016800

Heap address: 0x0000000649e00000, size: 5986 MB, Compressed Oops mode: Zero based, Oop shift amount: 3
Narrow klass base: 0x0000000000000000, Narrow klass shift: 3
Compressed class space size: 1073741824 Address: 0x00000007c0000000

Heap:
 garbage-first heap   total 1155072K, used 18042K [0x0000000649e00000, 0x0000000649f02340, 0x00000007c0000000)
  region size 1024K, 5 young (5120K), 5 survivors (5120K)
 Metaspace       used 28456K, capacity 30264K, committed 30464K, reserved 1075200K
  class space    used 3485K, capacity 3836K, committed 3840K, reserved 1048576K
Heap Regions: E=young(eden), S=young(survivor), O=old, HS=humongous(starts), HC=humongous(continues), CS=collection set, F=free, A=archive, TS=gc time stamp, AC=allocation context, TAMS=top-at-mark-start (previous, next)
|   0|0x0000000649e00000, 0x0000000649f00000, 0x0000000649f00000|100%|HS|  |TS  0|AC  0|TAMS 0x0000000649f00000, 0x0000000649f00000|
|   1|0x0000000649f00000, 0x000000064a000000, 0x000000064a000000|100%| O|  |TS  0|AC  0|TAMS 0x000000064a000000, 0x000000064a000000|
|   2|0x000000064a000000, 0x000000064a100000, 0x000000064a100000|100%| O|  |TS  0|AC  0|TAMS 0x000000064a100000, 0x000000064a100000|
|   3|0x000000064a100000, 0x000000064a200000, 0x000000064a200000|100%| O|  |TS  0|AC  0|TAMS 0x000000064a200000, 0x000000064a200000|
|   4|0x000000064a200000, 0x000000064a300000, 0x000000064a300000|100%| O|  |TS  1|AC  0|TAMS 0x000000064a200000, 0x000000064a200000|
|   5|0x000000064a300000, 0x000000064a400000, 0x000000064a400000|100%| O|  |TS  1|AC  0|TAMS 0x000000064a300000, 0x000000064a300000|
|   6|0x000000064a400000, 0x000000064a500000, 0x000000064a500000|100%| O|  |TS  1|AC  0|TAMS 0x000000064a400000, 0x000000064a400000|
|   7|0x000000064a500000, 0x000000064a600000, 0x000000064a600000|100%| O|  |TS  1|AC  0|TAMS 0x000000064a500000, 0x000000064a500000|
|   8|0x000000064a600000, 0x000000064a700000, 0x000000064a700000|100%| O|  |TS  1|AC  0|TAMS 0x000000064a600000, 0x000000064a600000|
|   9|0x000000064a700000, 0x000000064a800000, 0x000000064a800000|100%| O|  |TS  3|AC  0|TAMS 0x000000064a700000, 0x000000064a700000|
|  10|0x000000064a800000, 0x000000064a900000, 0x000000064a900000|100%| O|  |TS  3|AC  0|TAMS 0x000000064a800000, 0x000000064a800000|
|  11|0x000000064a900000, 0x000000064aa00000, 0x000000064aa00000|100%| O|  |TS  3|AC  0|TAMS 0x000000064a900000, 0x000000064a900000|
|  12|0x000000064aa00000, 0x000000064aae5c00, 0x000000064ab00000| 89%| O|  |TS  3|AC  0|TAMS 0x000000064aa00000, 0x000000064aa00000|
|  13|0x000000064ab00000, 0x000000064ab00000, 0x000000064ac00000|  0%| F|  |TS  0|AC  0|TAMS 0x000000064ab00000, 0x000000064ab00000|
|  14|0x000000064ac00000, 0x000000064ac00000, 0x000000064ad00000|  0%| F|  |TS  0|AC  0|TAMS 0x000000064ac00000, 0x000000064ac00000|
|  15|0x000000064ad00000, 0x000000064ad00000, 0x000000064ae00000|  0%| F|  |TS  0|AC  0|TAMS 0x000000064ad00000, 0x000000064ad00000|
|  16|0x000000064ae00000, 0x000000064ae00000, 0x000000064af00000|  0%| F|  |TS  0|AC  0|TAMS 0x000000064ae00000, 0x000000064ae00000|
|  17|0x000000064af00000, 0x000000064af00000, 0x000000064b000000|  0%| F|  |TS  0|AC  0|TAMS 0x000000064af00000, 0x000000064af00000|
|  18|0x000000064b000000, 0x000000064b000000, 0x000000064b100000|  0%| F|  |TS  0|AC  0|TAMS 0x000000064b000000, 0x000000064b000000|
|  19|0x000000064b100000, 0x000000064b100000, 0x000000064b200000|  0%| F|  |TS  0|AC  0|TAMS 0x000000064b100000, 0x000000064b100000|
|  20|0x000000064b200000, 0x000000064b200000, 0x000000064b300000|  0%| F|  |TS  0|AC  0|TAMS 0x000000064b200000, 0x000000064b200000|
|  21|0x000000064b300000, 0x000000064b300000, 0x000000064b400000|  0%| F|  |TS  0|AC  0|TAMS 0x000000064b300000, 0x000000064b300000|
|  22|0x000000064b400000, 0x000000064b400000, 0x000000064b500000|  0%| F|  |TS  0|AC  0|TAMS 0x000000064b400000, 0x000000064b400000|
|  23|0x000000064b500000, 0x000000064b500000, 0x000000064b600000|  0%| F|  |TS  0|AC  0|TAMS 0x000000064b500000, 0x000000064b500000|
|  24|0x000000064b600000, 0x000000064b600000, 0x000000064b700000|  0%| F|  |TS  0|AC  0|TAMS 0x000000064b600000, 0x000000064b600000|
|  25|0x000000064b700000, 0x000000064b700000, 0x000000064b800000|  0%| F|  |TS  0|AC  0|TAMS 0x000000064b700000, 0x000000064b700000|
|  26|0x000000064b800000, 0x000000064b800000, 0x000000064b900000|  0%| F|  |TS  0|AC  0|TAMS 0x000000064b800000, 0x000000064b800000|
|  27|0x000000064b900000, 0x000000064b900000, 0x000000064ba00000|  0%| F|  |TS  0|AC  0|TAMS 0x000000064b900000, 0x000000064b900000|
|  28|0x000000064ba00000, 0x000000064ba00000, 0x000000064bb00000|  0%| F|  |TS  0|AC  0|TAMS 0x000000064ba00000, 0x000000064ba00000|
|  29|0x000000064bb00000, 0x000000064bb00000, 0x000000064bc00000|  0%| F|  |TS  0|AC  0|TAMS 0x000000064bb00000, 0x000000064bb00000|
|  30|0x000000064bc00000, 0x000000064bc00000, 0x000000064bd00000|  0%| F|  |TS  0|AC  0|TAMS 0x000000064bc00000, 0x000000064bc00000|
|  31|0x000000064bd00000, 0x000000064bd00000, 0x000000064be00000|  0%| F|  |TS  0|AC  0|TAMS 0x000000064bd00000, 0x000000064bd00000|
|  32|0x000000064be00000, 0x000000064be00000, 0x000000064bf00000|  0%| F|  |TS  0|AC  0|TAMS 0x000000064be00000, 0x000000064be00000|
|  33|0x000000064bf00000, 0x000000064bf00000, 0x000000064c000000|  0%| F|  |TS  0|AC  0|TAMS 0x000000064bf00000, 0x000000064bf00000|
|  34|0x000000064c000000, 0x000000064c000000, 0x000000064c100000|  0%| F|  |TS  0|AC  0|TAMS 0x000000064c000000, 0x000000064c000000|
|  35|0x000000064c100000, 0x000000064c100000, 0x000000064c200000|  0%| F|  |TS  0|AC  0|TAMS 0x000000064c100000, 0x000000064c100000|
|  36|0x000000064c200000, 0x000000064c200000, 0x000000064c300000|  0%| F|  |TS  0|AC  0|TAMS 0x000000064c200000, 0x000000064c200000|
|  37|0x000000064c300000, 0x000000064c300000, 0x000000064c400000|  0%| F|  |TS  0|AC  0|TAMS 0x000000064c300000, 0x000000064c300000|
|  38|0x000000064c400000, 0x000000064c400000, 0x000000064c500000|  0%| F|  |TS  0|AC  0|TAMS 0x000000064c400000, 0x000000064c400000|
|  39|0x000000064c500000, 0x000000064c500000, 0x000000064c600000|  0%| F|  |TS  0|AC  0|TAMS 0x000000064c500000, 0x000000064c500000|
|  40|0x000000064c600000, 0x000000064c600000, 0x000000064c700000|  0%| F|  |TS  0|AC  0|TAMS 0x000000064c600000, 0x000000064c600000|
|  41|0x000000064c700000, 0x000000064c700000, 0x000000064c800000|  0%| F|  |TS  0|AC  0|TAMS 0x000000064c700000, 0x000000064c700000|
|  42|0x000000064c800000, 0x000000064c800000, 0x000000064c900000|  0%| F|  |TS  0|AC  0|TAMS 0x000000064c800000, 0x000000064c800000|
|  43|0x000000064c900000, 0x000000064c900000, 0x000000064ca00000|  0%| F|  |TS  0|AC  0|TAMS 0x000000064c900000, 0x000000064c900000|
|  44|0x000000064ca00000, 0x000000064ca00000, 0x000000064cb00000|  0%| F|  |TS  0|AC  0|TAMS 0x000000064ca00000, 0x000000064ca00000|
|  45|0x000000064cb00000, 0x000000064cb00000, 0x000000064cc00000|  0%| F|  |TS  0|AC  0|TAMS 0x000000064cb00000, 0x000000064cb00000|
|  46|0x000000064cc00000, 0x000000064cc00000, 0x000000064cd00000|  0%| F|  |TS  0|AC  0|TAMS 0x000000064cc00000, 0x000000064cc00000|
|  47|0x000000064cd00000, 0x000000064cd00000, 0x000000064ce00000|  0%| F|  |TS  0|AC  0|TAMS 0x000000064cd00000, 0x000000064cd00000|
|  48|0x000000064ce00000, 0x000000064ce00000, 0x000000064cf00000|  0%| F|  |TS  0|AC  0|TAMS 0x000000064ce00000, 0x000000064ce00000|
|  49|0x000000064cf00000, 0x000000064cf00000, 0x000000064d000000|  0%| F|  |TS  0|AC  0|TAMS 0x000000064cf00000, 0x000000064cf00000|
|  50|0x000000064d000000, 0x000000064d000000, 0x000000064d100000|  0%| F|  |TS  0|AC  0|TAMS 0x000000064d000000, 0x000000064d000000|
|  51|0x000000064d100000, 0x000000064d100000, 0x000000064d200000|  0%| F|  |TS  0|AC  0|TAMS 0x000000064d100000, 0x000000064d100000|
|  52|0x000000064d200000, 0x000000064d200000, 0x000000064d300000|  0%| F|  |TS  0|AC  0|TAMS 0x000000064d200000, 0x000000064d200000|
|  53|0x000000064d300000, 0x000000064d300000, 0x000000064d400000|  0%| F|  |TS  0|AC  0|TAMS 0x000000064d300000, 0x000000064d300000|
|  54|0x000000064d400000, 0x000000064d400000, 0x000000064d500000|  0%| F|  |TS  0|AC  0|TAMS 0x000000064d400000, 0x000000064d400000|
|  55|0x000000064d500000, 0x000000064d500000, 0x000000064d600000|  0%| F|  |TS  0|AC  0|TAMS 0x000000064d500000, 0x000000064d500000|
|  56|0x000000064d600000, 0x000000064d600000, 0x000000064d700000|  0%| F|  |TS  0|AC  0|TAMS 0x000000064d600000, 0x000000064d600000|
|  57|0x000000064d700000, 0x000000064d700000, 0x000000064d800000|  0%| F|  |TS  0|AC  0|TAMS 0x000000064d700000, 0x000000064d700000|
|  58|0x000000064d800000, 0x000000064d800000, 0x000000064d900000|  0%| F|  |TS  0|AC  0|TAMS 0x000000064d800000, 0x000000064d800000|
|  59|0x000000064d900000, 0x000000064d900000, 0x000000064da00000|  0%| F|  |TS  0|AC  0|TAMS 0x000000064d900000, 0x000000064d900000|
|  60|0x000000064da00000, 0x000000064da00000, 0x000000064db00000|  0%| F|  |TS  0|AC  0|TAMS 0x000000064da00000, 0x000000064da00000|
|  61|0x000000064db00000, 0x000000064db00000, 0x000000064dc00000|  0%| F|  |TS  0|AC  0|TAMS 0x000000064db00000, 0x000000064db00000|
|  62|0x000000064dc00000, 0x000000064dc00000, 0x000000064dd00000|  0%| F|  |TS  0|AC  0|TAMS 0x000000064dc00000, 0x000000064dc00000|
|  63|0x000000064dd00000, 0x000000064dd00000, 0x000000064de00000|  0%| F|  |TS  0|AC  0|TAMS 0x000000064dd00000, 0x000000064dd00000|
|  64|0x000000064de00000, 0x000000064de00000, 0x000000064df00000|  0%| F|  |TS  0|AC  0|TAMS 0x000000064de00000, 0x000000064de00000|
|  65|0x000000064df00000, 0x000000064df00000, 0x000000064e000000|  0%| F|  |TS  0|AC  0|TAMS 0x000000064df00000, 0x000000064df00000|
|  66|0x000000064e000000, 0x000000064e000000, 0x000000064e100000|  0%| F|  |TS  0|AC  0|TAMS 0x000000064e000000, 0x000000064e000000|
|  67|0x000000064e100000, 0x000000064e100000, 0x000000064e200000|  0%| F|  |TS  0|AC  0|TAMS 0x000000064e100000, 0x000000064e100000|
|  68|0x000000064e200000, 0x000000064e200000, 0x000000064e300000|  0%| F|  |TS  0|AC  0|TAMS 0x000000064e200000, 0x000000064e200000|
|  69|0x000000064e300000, 0x000000064e300000, 0x000000064e400000|  0%| F|  |TS  0|AC  0|TAMS 0x000000064e300000, 0x000000064e300000|
|  70|0x000000064e400000, 0x000000064e400000, 0x000000064e500000|  0%| F|  |TS  0|AC  0|TAMS 0x000000064e400000, 0x000000064e400000|
|  71|0x000000064e500000, 0x000000064e500000, 0x000000064e600000|  0%| F|  |TS  0|AC  0|TAMS 0x000000064e500000, 0x000000064e500000|
|  72|0x000000064e600000, 0x000000064e600000, 0x000000064e700000|  0%| F|  |TS  0|AC  0|TAMS 0x000000064e600000, 0x000000064e600000|
|  73|0x000000064e700000, 0x000000064e700000, 0x000000064e800000|  0%| F|  |TS  0|AC  0|TAMS 0x000000064e700000, 0x000000064e700000|
|  74|0x000000064e800000, 0x000000064e800000, 0x000000064e900000|  0%| F|  |TS  0|AC  0|TAMS 0x000000064e800000, 0x000000064e800000|
|  75|0x000000064e900000, 0x000000064e900000, 0x000000064ea00000|  0%| F|  |TS  0|AC  0|TAMS 0x000000064e900000, 0x000000064e900000|
|  76|0x000000064ea00000, 0x000000064ea00000, 0x000000064eb00000|  0%| F|  |TS  0|AC  0|TAMS 0x000000064ea00000, 0x000000064ea00000|
|  77|0x000000064eb00000, 0x000000064eb00000, 0x000000064ec00000|  0%| F|  |TS  0|AC  0|TAMS 0x000000064eb00000, 0x000000064eb00000|
|  78|0x000000064ec00000, 0x000000064ec00000, 0x000000064ed00000|  0%| F|  |TS  0|AC  0|TAMS 0x000000064ec00000, 0x000000064ec00000|
|  79|0x000000064ed00000, 0x000000064ed00000, 0x000000064ee00000|  0%| F|  |TS  0|AC  0|TAMS 0x000000064ed00000, 0x000000064ed00000|
|  80|0x000000064ee00000, 0x000000064ee00000, 0x000000064ef00000|  0%| F|  |TS  0|AC  0|TAMS 0x000000064ee00000, 0x000000064ee00000|
|  81|0x000000064ef00000, 0x000000064ef00000, 0x000000064f000000|  0%| F|  |TS  0|AC  0|TAMS 0x000000064ef00000, 0x000000064ef00000|
|  82|0x000000064f000000, 0x000000064f000000, 0x000000064f100000|  0%| F|  |TS  0|AC  0|TAMS 0x000000064f000000, 0x000000064f000000|
|  83|0x000000064f100000, 0x000000064f100000, 0x000000064f200000|  0%| F|  |TS  0|AC  0|TAMS 0x000000064f100000, 0x000000064f100000|
|  84|0x000000064f200000, 0x000000064f200000, 0x000000064f300000|  0%| F|  |TS  0|AC  0|TAMS 0x000000064f200000, 0x000000064f200000|
|  85|0x000000064f300000, 0x000000064f300000, 0x000000064f400000|  0%| F|  |TS  0|AC  0|TAMS 0x000000064f300000, 0x000000064f300000|
|  86|0x000000064f400000, 0x000000064f400000, 0x000000064f500000|  0%| F|  |TS  0|AC  0|TAMS 0x000000064f400000, 0x000000064f400000|
|  87|0x000000064f500000, 0x000000064f500000, 0x000000064f600000|  0%| F|  |TS  0|AC  0|TAMS 0x000000064f500000, 0x000000064f500000|
|  88|0x000000064f600000, 0x000000064f600000, 0x000000064f700000|  0%| F|  |TS  0|AC  0|TAMS 0x000000064f600000, 0x000000064f600000|
|  89|0x000000064f700000, 0x000000064f700000, 0x000000064f800000|  0%| F|  |TS  0|AC  0|TAMS 0x000000064f700000, 0x000000064f700000|
|  90|0x000000064f800000, 0x000000064f800000, 0x000000064f900000|  0%| F|  |TS  0|AC  0|TAMS 0x000000064f800000, 0x000000064f800000|
|  91|0x000000064f900000, 0x000000064f900000, 0x000000064fa00000|  0%| F|  |TS  0|AC  0|TAMS 0x000000064f900000, 0x000000064f900000|
|  92|0x000000064fa00000, 0x000000064fa00000, 0x000000064fb00000|  0%| F|  |TS  0|AC  0|TAMS 0x000000064fa00000, 0x000000064fa00000|
|  93|0x000000064fb00000, 0x000000064fb00000, 0x000000064fc00000|  0%| F|  |TS  0|AC  0|TAMS 0x000000064fb00000, 0x000000064fb00000|
|  94|0x000000064fc00000, 0x000000064fc00000, 0x000000064fd00000|  0%| F|  |TS  0|AC  0|TAMS 0x000000064fc00000, 0x000000064fc00000|
|  95|0x000000064fd00000, 0x000000064fd00000, 0x000000064fe00000|  0%| F|  |TS  0|AC  0|TAMS 0x000000064fd00000, 0x000000064fd00000|
|  96|0x000000064fe00000, 0x000000064fe00000, 0x000000064ff00000|  0%| F|  |TS  0|AC  0|TAMS 0x000000064fe00000, 0x000000064fe00000|
|  97|0x000000064ff00000, 0x000000064ff00000, 0x0000000650000000|  0%| F|  |TS  0|AC  0|TAMS 0x000000064ff00000, 0x000000064ff00000|
|  98|0x0000000650000000, 0x0000000650000000, 0x0000000650100000|  0%| F|  |TS  0|AC  0|TAMS 0x0000000650000000, 0x0000000650000000|
|  99|0x0000000650100000, 0x0000000650100000, 0x0000000650200000|  0%| F|  |TS  0|AC  0|TAMS 0x0000000650100000, 0x0000000650100000|
| 100|0x0000000650200000, 0x0000000650200000, 0x0000000650300000|  0%| F|  |TS  0|AC  0|TAMS 0x0000000650200000, 0x0000000650200000|
| 101|0x0000000650300000, 0x0000000650300000, 0x0000000650400000|  0%| F|  |TS  0|AC  0|TAMS 0x0000000650300000, 0x0000000650300000|
| 102|0x0000000650400000, 0x0000000650400000, 0x0000000650500000|  0%| F|  |TS  0|AC  0|TAMS 0x0000000650400000, 0x0000000650400000|
| 103|0x0000000650500000, 0x0000000650500000, 0x0000000650600000|  0%| F|  |TS  0|AC  0|TAMS 0x0000000650500000, 0x0000000650500000|
| 104|0x0000000650600000, 0x0000000650600000, 0x0000000650700000|  0%| F|  |TS  0|AC  0|TAMS 0x0000000650600000, 0x0000000650600000|
| 105|0x0000000650700000, 0x0000000650700000, 0x0000000650800000|  0%| F|  |TS  0|AC  0|TAMS 0x0000000650700000, 0x0000000650700000|
| 106|0x0000000650800000, 0x0000000650800000, 0x0000000650900000|  0%| F|  |TS  0|AC  0|TAMS 0x0000000650800000, 0x0000000650800000|
| 107|0x0000000650900000, 0x0000000650900000, 0x0000000650a00000|  0%| F|  |TS  0|AC  0|TAMS 0x0000000650900000, 0x0000000650900000|
| 108|0x0000000650a00000, 0x0000000650a00000, 0x0000000650b00000|  0%| F|  |TS  0|AC  0|TAMS 0x0000000650a00000, 0x0000000650a00000|
| 109|0x0000000650b00000, 0x0000000650b00000, 0x0000000650c00000|  0%| F|  |TS  0|AC  0|TAMS 0x0000000650b00000, 0x0000000650b00000|
| 110|0x0000000650c00000, 0x0000000650c00000, 0x0000000650d00000|  0%| F|  |TS  0|AC  0|TAMS 0x0000000650c00000, 0x0000000650c00000|
| 111|0x0000000650d00000, 0x0000000650d00000, 0x0000000650e00000|  0%| F|  |TS  0|AC  0|TAMS 0x0000000650d00000, 0x0000000650d00000|
| 112|0x0000000650e00000, 0x0000000650e00000, 0x0000000650f00000|  0%| F|  |TS  0|AC  0|TAMS 0x0000000650e00000, 0x0000000650e00000|
| 113|0x0000000650f00000, 0x0000000650f00000, 0x0000000651000000|  0%| F|  |TS  0|AC  0|TAMS 0x0000000650f00000, 0x0000000650f00000|
| 114|0x0000000651000000, 0x0000000651000000, 0x0000000651100000|  0%| F|  |TS  0|AC  0|TAMS 0x0000000651000000, 0x0000000651000000|
| 115|0x0000000651100000, 0x0000000651100000, 0x0000000651200000|  0%| F|  |TS  0|AC  0|TAMS 0x0000000651100000, 0x0000000651100000|
| 116|0x0000000651200000, 0x0000000651200000, 0x0000000651300000|  0%| F|  |TS  0|AC  0|TAMS 0x0000000651200000, 0x0000000651200000|
| 117|0x0000000651300000, 0x0000000651300000, 0x0000000651400000|  0%| F|  |TS  0|AC  0|TAMS 0x0000000651300000, 0x0000000651300000|
| 118|0x0000000651400000, 0x0000000651400000, 0x0000000651500000|  0%| F|  |TS  0|AC  0|TAMS 0x0000000651400000, 0x0000000651400000|
| 119|0x0000000651500000, 0x0000000651500000, 0x0000000651600000|  0%| F|  |TS  0|AC  0|TAMS 0x0000000651500000, 0x0000000651500000|
| 120|0x0000000651600000, 0x0000000651600000, 0x0000000651700000|  0%| F|  |TS  0|AC  0|TAMS 0x0000000651600000, 0x0000000651600000|
| 121|0x0000000651700000, 0x0000000651700000, 0x0000000651800000|  0%| F|  |TS  0|AC  0|TAMS 0x0000000651700000, 0x0000000651700000|
| 122|0x0000000651800000, 0x0000000651800000, 0x0000000651900000|  0%| F|  |TS  0|AC  0|TAMS 0x0000000651800000, 0x0000000651800000|
| 123|0x0000000651900000, 0x0000000651900000, 0x0000000651a00000|  0%| F|  |TS  0|AC  0|TAMS 0x0000000651900000, 0x0000000651900000|
| 124|0x0000000651a00000, 0x0000000651a00000, 0x0000000651b00000|  0%| F|  |TS  0|AC  0|TAMS 0x0000000651a00000, 0x0000000651a00000|
| 125|0x0000000651b00000, 0x0000000651b00000, 0x0000000651c00000|  0%| F|  |TS  0|AC  0|TAMS 0x0000000651b00000, 0x0000000651b00000|
| 126|0x0000000651c00000, 0x0000000651c00000, 0x0000000651d00000|  0%| F|  |TS  0|AC  0|TAMS 0x0000000651c00000, 0x0000000651c00000|
| 127|0x0000000651d00000, 0x0000000651d00000, 0x0000000651e00000|  0%| F|  |TS  0|AC  0|TAMS 0x0000000651d00000, 0x0000000651d00000|
| 128|0x0000000651e00000, 0x0000000651e00000, 0x0000000651f00000|  0%| F|  |TS  0|AC  0|TAMS 0x0000000651e00000, 0x0000000651e00000|
| 129|0x0000000651f00000, 0x0000000651f00000, 0x0000000652000000|  0%| F|  |TS  0|AC  0|TAMS 0x0000000651f00000, 0x0000000651f00000|
| 130|0x0000000652000000, 0x0000000652000000, 0x0000000652100000|  0%| F|  |TS  0|AC  0|TAMS 0x0000000652000000, 0x0000000652000000|
| 131|0x0000000652100000, 0x0000000652100000, 0x0000000652200000|  0%| F|  |TS  0|AC  0|TAMS 0x0000000652100000, 0x0000000652100000|
| 132|0x0000000652200000, 0x0000000652200000, 0x0000000652300000|  0%| F|  |TS  0|AC  0|TAMS 0x0000000652200000, 0x0000000652200000|
| 133|0x0000000652300000, 0x0000000652300000, 0x0000000652400000|  0%| F|  |TS  0|AC  0|TAMS 0x0000000652300000, 0x0000000652300000|
| 134|0x0000000652400000, 0x0000000652400000, 0x0000000652500000|  0%| F|  |TS  0|AC  0|TAMS 0x0000000652400000, 0x0000000652400000|
| 135|0x0000000652500000, 0x0000000652500000, 0x0000000652600000|  0%| F|  |TS  0|AC  0|TAMS 0x0000000652500000, 0x0000000652500000|
| 136|0x0000000652600000, 0x0000000652600000, 0x0000000652700000|  0%| F|  |TS  0|AC  0|TAMS 0x0000000652600000, 0x0000000652600000|
| 137|0x0000000652700000, 0x0000000652700000, 0x0000000652800000|  0%| F|  |TS  0|AC  0|TAMS 0x0000000652700000, 0x0000000652700000|
| 138|0x0000000652800000, 0x0000000652800000, 0x0000000652900000|  0%| F|  |TS  0|AC  0|TAMS 0x0000000652800000, 0x0000000652800000|
| 139|0x0000000652900000, 0x0000000652900000, 0x0000000652a00000|  0%| F|  |TS  0|AC  0|TAMS 0x0000000652900000, 0x0000000652900000|
| 140|0x0000000652a00000, 0x0000000652a00000, 0x0000000652b00000|  0%| F|  |TS  0|AC  0|TAMS 0x0000000652a00000, 0x0000000652a00000|
| 141|0x0000000652b00000, 0x0000000652b00000, 0x0000000652c00000|  0%| F|  |TS  0|AC  0|TAMS 0x0000000652b00000, 0x0000000652b00000|
| 142|0x0000000652c00000, 0x0000000652c00000, 0x0000000652d00000|  0%| F|  |TS  0|AC  0|TAMS 0x0000000652c00000, 0x0000000652c00000|
| 143|0x0000000652d00000, 0x0000000652d00000, 0x0000000652e00000|  0%| F|  |TS  0|AC  0|TAMS 0x0000000652d00000, 0x0000000652d00000|
| 144|0x0000000652e00000, 0x0000000652e00000, 0x0000000652f00000|  0%| F|  |TS  0|AC  0|TAMS 0x0000000652e00000, 0x0000000652e00000|
| 145|0x0000000652f00000, 0x0000000652f00000, 0x0000000653000000|  0%| F|  |TS  0|AC  0|TAMS 0x0000000652f00000, 0x0000000652f00000|
| 146|0x0000000653000000, 0x0000000653000000, 0x0000000653100000|  0%| F|  |TS  0|AC  0|TAMS 0x0000000653000000, 0x0000000653000000|
| 147|0x0000000653100000, 0x0000000653100000, 0x0000000653200000|  0%| F|  |TS  0|AC  0|TAMS 0x0000000653100000, 0x0000000653100000|
| 148|0x0000000653200000, 0x0000000653200000, 0x0000000653300000|  0%| F|  |TS  0|AC  0|TAMS 0x0000000653200000, 0x0000000653200000|
| 149|0x0000000653300000, 0x0000000653300000, 0x0000000653400000|  0%| F|  |TS  0|AC  0|TAMS 0x0000000653300000, 0x0000000653300000|
| 150|0x0000000653400000, 0x0000000653400000, 0x0000000653500000|  0%| F|  |TS  0|AC  0|TAMS 0x0000000653400000, 0x0000000653400000|
| 151|0x0000000653500000, 0x0000000653500000, 0x0000000653600000|  0%| F|  |TS  0|AC  0|TAMS 0x0000000653500000, 0x0000000653500000|
| 152|0x0000000653600000, 0x0000000653600000, 0x0000000653700000|  0%| F|  |TS  0|AC  0|TAMS 0x0000000653600000, 0x0000000653600000|
| 153|0x0000000653700000, 0x0000000653700000, 0x0000000653800000|  0%| F|  |TS  0|AC  0|TAMS 0x0000000653700000, 0x0000000653700000|
| 154|0x0000000653800000, 0x0000000653800000, 0x0000000653900000|  0%| F|  |TS  0|AC  0|TAMS 0x0000000653800000, 0x0000000653800000|
| 155|0x0000000653900000, 0x0000000653900000, 0x0000000653a00000|  0%| F|  |TS  0|AC  0|TAMS 0x0000000653900000, 0x0000000653900000|
| 156|0x0000000653a00000, 0x0000000653a00000, 0x0000000653b00000|  0%| F|  |TS  0|AC  0|TAMS 0x0000000653a00000, 0x0000000653a00000|
| 157|0x0000000653b00000, 0x0000000653b00000, 0x0000000653c00000|  0%| F|  |TS  0|AC  0|TAMS 0x0000000653b00000, 0x0000000653b00000|
| 158|0x0000000653c00000, 0x0000000653c00000, 0x0000000653d00000|  0%| F|  |TS  0|AC  0|TAMS 0x0000000653c00000, 0x0000000653c00000|
| 159|0x0000000653d00000, 0x0000000653d00000, 0x0000000653e00000|  0%| F|  |TS  0|AC  0|TAMS 0x0000000653d00000, 0x0000000653d00000|
| 160|0x0000000653e00000, 0x0000000653e00000, 0x0000000653f00000|  0%| F|  |TS  0|AC  0|TAMS 0x0000000653e00000, 0x0000000653e00000|
| 161|0x0000000653f00000, 0x0000000653f00000, 0x0000000654000000|  0%| F|  |TS  0|AC  0|TAMS 0x0000000653f00000, 0x0000000653f00000|
| 162|0x0000000654000000, 0x0000000654000000, 0x0000000654100000|  0%| F|  |TS  0|AC  0|TAMS 0x0000000654000000, 0x0000000654000000|
| 163|0x0000000654100000, 0x0000000654100000, 0x0000000654200000|  0%| F|  |TS  0|AC  0|TAMS 0x0000000654100000, 0x0000000654100000|
| 164|0x0000000654200000, 0x0000000654200000, 0x0000000654300000|  0%| F|  |TS  0|AC  0|TAMS 0x0000000654200000, 0x0000000654200000|
| 165|0x0000000654300000, 0x0000000654300000, 0x0000000654400000|  0%| F|  |TS  0|AC  0|TAMS 0x0000000654300000, 0x0000000654300000|
| 166|0x0000000654400000, 0x0000000654400000, 0x0000000654500000|  0%| F|  |TS  0|AC  0|TAMS 0x0000000654400000, 0x0000000654400000|
| 167|0x0000000654500000, 0x0000000654500000, 0x0000000654600000|  0%| F|  |TS  0|AC  0|TAMS 0x0000000654500000, 0x0000000654500000|
| 168|0x0000000654600000, 0x0000000654600000, 0x0000000654700000|  0%| F|  |TS  0|AC  0|TAMS 0x0000000654600000, 0x0000000654600000|
| 169|0x0000000654700000, 0x0000000654700000, 0x0000000654800000|  0%| F|  |TS  0|AC  0|TAMS 0x0000000654700000, 0x0000000654700000|
| 170|0x0000000654800000, 0x0000000654800000, 0x0000000654900000|  0%| F|  |TS  0|AC  0|TAMS 0x0000000654800000, 0x0000000654800000|
| 171|0x0000000654900000, 0x0000000654900000, 0x0000000654a00000|  0%| F|  |TS  0|AC  0|TAMS 0x0000000654900000, 0x0000000654900000|
| 172|0x0000000654a00000, 0x0000000654a00000, 0x0000000654b00000|  0%| F|  |TS  0|AC  0|TAMS 0x0000000654a00000, 0x0000000654a00000|
| 173|0x0000000654b00000, 0x0000000654b00000, 0x0000000654c00000|  0%| F|  |TS  0|AC  0|TAMS 0x0000000654b00000, 0x0000000654b00000|
| 174|0x0000000654c00000, 0x0000000654c00000, 0x0000000654d00000|  0%| F|  |TS  0|AC  0|TAMS 0x0000000654c00000, 0x0000000654c00000|
| 175|0x0000000654d00000, 0x0000000654d00000, 0x0000000654e00000|  0%| F|  |TS  0|AC  0|TAMS 0x0000000654d00000, 0x0000000654d00000|
| 176|0x0000000654e00000, 0x0000000654e00000, 0x0000000654f00000|  0%| F|  |TS  0|AC  0|TAMS 0x0000000654e00000, 0x0000000654e00000|
| 177|0x0000000654f00000, 0x0000000654f00000, 0x0000000655000000|  0%| F|  |TS  0|AC  0|TAMS 0x0000000654f00000, 0x0000000654f00000|
| 178|0x0000000655000000, 0x0000000655000000, 0x0000000655100000|  0%| F|  |TS  0|AC  0|TAMS 0x0000000655000000, 0x0000000655000000|
| 179|0x0000000655100000, 0x0000000655100000, 0x0000000655200000|  0%| F|  |TS  0|AC  0|TAMS 0x0000000655100000, 0x0000000655100000|
| 180|0x0000000655200000, 0x0000000655200000, 0x0000000655300000|  0%| F|  |TS  0|AC  0|TAMS 0x0000000655200000, 0x0000000655200000|
| 181|0x0000000655300000, 0x0000000655300000, 0x0000000655400000|  0%| F|  |TS  0|AC  0|TAMS 0x0000000655300000, 0x0000000655300000|
| 182|0x0000000655400000, 0x0000000655400000, 0x0000000655500000|  0%| F|  |TS  0|AC  0|TAMS 0x0000000655400000, 0x0000000655400000|
| 183|0x0000000655500000, 0x0000000655500000, 0x0000000655600000|  0%| F|  |TS  0|AC  0|TAMS 0x0000000655500000, 0x0000000655500000|
| 184|0x0000000655600000, 0x0000000655600000, 0x0000000655700000|  0%| F|  |TS  0|AC  0|TAMS 0x0000000655600000, 0x0000000655600000|
| 185|0x0000000655700000, 0x0000000655700000, 0x0000000655800000|  0%| F|  |TS  0|AC  0|TAMS 0x0000000655700000, 0x0000000655700000|
| 186|0x0000000655800000, 0x0000000655800000, 0x0000000655900000|  0%| F|  |TS  0|AC  0|TAMS 0x0000000655800000, 0x0000000655800000|
| 187|0x0000000655900000, 0x0000000655900000, 0x0000000655a00000|  0%| F|  |TS  0|AC  0|TAMS 0x0000000655900000, 0x0000000655900000|
| 188|0x0000000655a00000, 0x0000000655a00000, 0x0000000655b00000|  0%| F|  |TS  0|AC  0|TAMS 0x0000000655a00000, 0x0000000655a00000|
| 189|0x0000000655b00000, 0x0000000655b00000, 0x0000000655c00000|  0%| F|  |TS  0|AC  0|TAMS 0x0000000655b00000, 0x0000000655b00000|
| 190|0x0000000655c00000, 0x0000000655c00000, 0x0000000655d00000|  0%| F|  |TS  0|AC  0|TAMS 0x0000000655c00000, 0x0000000655c00000|
| 191|0x0000000655d00000, 0x0000000655d00000, 0x0000000655e00000|  0%| F|  |TS  0|AC  0|TAMS 0x0000000655d00000, 0x0000000655d00000|
| 192|0x0000000655e00000, 0x0000000655e00000, 0x0000000655f00000|  0%| F|  |TS  0|AC  0|TAMS 0x0000000655e00000, 0x0000000655e00000|
| 193|0x0000000655f00000, 0x0000000655f00000, 0x0000000656000000|  0%| F|  |TS  0|AC  0|TAMS 0x0000000655f00000, 0x0000000655f00000|
| 194|0x0000000656000000, 0x0000000656000000, 0x0000000656100000|  0%| F|  |TS  0|AC  0|TAMS 0x0000000656000000, 0x0000000656000000|
| 195|0x0000000656100000, 0x0000000656100000, 0x0000000656200000|  0%| F|  |TS  0|AC  0|TAMS 0x0000000656100000, 0x0000000656100000|
| 196|0x0000000656200000, 0x0000000656200000, 0x0000000656300000|  0%| F|  |TS  0|AC  0|TAMS 0x0000000656200000, 0x0000000656200000|
| 197|0x0000000656300000, 0x0000000656300000, 0x0000000656400000|  0%| F|  |TS  0|AC  0|TAMS 0x0000000656300000, 0x0000000656300000|
| 198|0x0000000656400000, 0x0000000656400000, 0x0000000656500000|  0%| F|  |TS  0|AC  0|TAMS 0x0000000656400000, 0x0000000656400000|
| 199|0x0000000656500000, 0x0000000656500000, 0x0000000656600000|  0%| F|  |TS  0|AC  0|TAMS 0x0000000656500000, 0x0000000656500000|
| 200|0x0000000656600000, 0x0000000656600000, 0x0000000656700000|  0%| F|  |TS  0|AC  0|TAMS 0x0000000656600000, 0x0000000656600000|
| 201|0x0000000656700000, 0x0000000656700000, 0x0000000656800000|  0%| F|  |TS  0|AC  0|TAMS 0x0000000656700000, 0x0000000656700000|
| 202|0x0000000656800000, 0x0000000656800000, 0x0000000656900000|  0%| F|  |TS  0|AC  0|TAMS 0x0000000656800000, 0x0000000656800000|
| 203|0x0000000656900000, 0x0000000656900000, 0x0000000656a00000|  0%| F|  |TS  0|AC  0|TAMS 0x0000000656900000, 0x0000000656900000|
| 204|0x0000000656a00000, 0x0000000656a00000, 0x0000000656b00000|  0%| F|  |TS  0|AC  0|TAMS 0x0000000656a00000, 0x0000000656a00000|
| 205|0x0000000656b00000, 0x0000000656b00000, 0x0000000656c00000|  0%| F|  |TS  0|AC  0|TAMS 0x0000000656b00000, 0x0000000656b00000|
| 206|0x0000000656c00000, 0x0000000656c00000, 0x0000000656d00000|  0%| F|  |TS  0|AC  0|TAMS 0x0000000656c00000, 0x0000000656c00000|
| 207|0x0000000656d00000, 0x0000000656d00000, 0x0000000656e00000|  0%| F|  |TS  0|AC  0|TAMS 0x0000000656d00000, 0x0000000656d00000|
| 208|0x0000000656e00000, 0x0000000656e00000, 0x0000000656f00000|  0%| F|  |TS  0|AC  0|TAMS 0x0000000656e00000, 0x0000000656e00000|
| 209|0x0000000656f00000, 0x0000000656f00000, 0x0000000657000000|  0%| F|  |TS  0|AC  0|TAMS 0x0000000656f00000, 0x0000000656f00000|
| 210|0x0000000657000000, 0x0000000657000000, 0x0000000657100000|  0%| F|  |TS  0|AC  0|TAMS 0x0000000657000000, 0x0000000657000000|
| 211|0x0000000657100000, 0x0000000657100000, 0x0000000657200000|  0%| F|  |TS  0|AC  0|TAMS 0x0000000657100000, 0x0000000657100000|
| 212|0x0000000657200000, 0x0000000657200000, 0x0000000657300000|  0%| F|  |TS  0|AC  0|TAMS 0x0000000657200000, 0x0000000657200000|
| 213|0x0000000657300000, 0x0000000657300000, 0x0000000657400000|  0%| F|  |TS  0|AC  0|TAMS 0x0000000657300000, 0x0000000657300000|
| 214|0x0000000657400000, 0x0000000657400000, 0x0000000657500000|  0%| F|  |TS  0|AC  0|TAMS 0x0000000657400000, 0x0000000657400000|
| 215|0x0000000657500000, 0x0000000657500000, 0x0000000657600000|  0%| F|  |TS  0|AC  0|TAMS 0x0000000657500000, 0x0000000657500000|
| 216|0x0000000657600000, 0x0000000657600000, 0x0000000657700000|  0%| F|  |TS  0|AC  0|TAMS 0x0000000657600000, 0x0000000657600000|
| 217|0x0000000657700000, 0x0000000657700000, 0x0000000657800000|  0%| F|  |TS  0|AC  0|TAMS 0x0000000657700000, 0x0000000657700000|
| 218|0x0000000657800000, 0x0000000657800000, 0x0000000657900000|  0%| F|  |TS  0|AC  0|TAMS 0x0000000657800000, 0x0000000657800000|
| 219|0x0000000657900000, 0x0000000657900000, 0x0000000657a00000|  0%| F|  |TS  0|AC  0|TAMS 0x0000000657900000, 0x0000000657900000|
| 220|0x0000000657a00000, 0x0000000657a00000, 0x0000000657b00000|  0%| F|  |TS  0|AC  0|TAMS 0x0000000657a00000, 0x0000000657a00000|
| 221|0x0000000657b00000, 0x0000000657b00000, 0x0000000657c00000|  0%| F|  |TS  0|AC  0|TAMS 0x0000000657b00000, 0x0000000657b00000|
| 222|0x0000000657c00000, 0x0000000657c00000, 0x0000000657d00000|  0%| F|  |TS  0|AC  0|TAMS 0x0000000657c00000, 0x0000000657c00000|
| 223|0x0000000657d00000, 0x0000000657d00000, 0x0000000657e00000|  0%| F|  |TS  0|AC  0|TAMS 0x0000000657d00000, 0x0000000657d00000|
| 224|0x0000000657e00000, 0x0000000657e00000, 0x0000000657f00000|  0%| F|  |TS  0|AC  0|TAMS 0x0000000657e00000, 0x0000000657e00000|
| 225|0x0000000657f00000, 0x0000000657f00000, 0x0000000658000000|  0%| F|  |TS  0|AC  0|TAMS 0x0000000657f00000, 0x0000000657f00000|
| 226|0x0000000658000000, 0x0000000658000000, 0x0000000658100000|  0%| F|  |TS  0|AC  0|TAMS 0x0000000658000000, 0x0000000658000000|
| 227|0x0000000658100000, 0x0000000658100000, 0x0000000658200000|  0%| F|  |TS  0|AC  0|TAMS 0x0000000658100000, 0x0000000658100000|
| 228|0x0000000658200000, 0x0000000658200000, 0x0000000658300000|  0%| F|  |TS  0|AC  0|TAMS 0x0000000658200000, 0x0000000658200000|
| 229|0x0000000658300000, 0x0000000658300000, 0x0000000658400000|  0%| F|  |TS  0|AC  0|TAMS 0x0000000658300000, 0x0000000658300000|
| 230|0x0000000658400000, 0x0000000658400000, 0x0000000658500000|  0%| F|  |TS  0|AC  0|TAMS 0x0000000658400000, 0x0000000658400000|
| 231|0x0000000658500000, 0x0000000658500000, 0x0000000658600000|  0%| F|  |TS  0|AC  0|TAMS 0x0000000658500000, 0x0000000658500000|
| 232|0x0000000658600000, 0x0000000658600000, 0x0000000658700000|  0%| F|  |TS  0|AC  0|TAMS 0x0000000658600000, 0x0000000658600000|
| 233|0x0000000658700000, 0x0000000658700000, 0x0000000658800000|  0%| F|  |TS  0|AC  0|TAMS 0x0000000658700000, 0x0000000658700000|
| 234|0x0000000658800000, 0x0000000658800000, 0x0000000658900000|  0%| F|  |TS  0|AC  0|TAMS 0x0000000658800000, 0x0000000658800000|
| 235|0x0000000658900000, 0x0000000658900000, 0x0000000658a00000|  0%| F|  |TS  0|AC  0|TAMS 0x0000000658900000, 0x0000000658900000|
| 236|0x0000000658a00000, 0x0000000658a00000, 0x0000000658b00000|  0%| F|  |TS  0|AC  0|TAMS 0x0000000658a00000, 0x0000000658a00000|
| 237|0x0000000658b00000, 0x0000000658b00000, 0x0000000658c00000|  0%| F|  |TS  0|AC  0|TAMS 0x0000000658b00000, 0x0000000658b00000|
| 238|0x0000000658c00000, 0x0000000658c00000, 0x0000000658d00000|  0%| F|  |TS  0|AC  0|TAMS 0x0000000658c00000, 0x0000000658c00000|
| 239|0x0000000658d00000, 0x0000000658d00000, 0x0000000658e00000|  0%| F|  |TS  0|AC  0|TAMS 0x0000000658d00000, 0x0000000658d00000|
| 240|0x0000000658e00000, 0x0000000658e00000, 0x0000000658f00000|  0%| F|  |TS  0|AC  0|TAMS 0x0000000658e00000, 0x0000000658e00000|
| 241|0x0000000658f00000, 0x0000000658f00000, 0x0000000659000000|  0%| F|  |TS  0|AC  0|TAMS 0x0000000658f00000, 0x0000000658f00000|
| 242|0x0000000659000000, 0x0000000659000000, 0x0000000659100000|  0%| F|  |TS  0|AC  0|TAMS 0x0000000659000000, 0x0000000659000000|
| 243|0x0000000659100000, 0x0000000659100000, 0x0000000659200000|  0%| F|  |TS  0|AC  0|TAMS 0x0000000659100000, 0x0000000659100000|
| 244|0x0000000659200000, 0x0000000659200000, 0x0000000659300000|  0%| F|  |TS  0|AC  0|TAMS 0x0000000659200000, 0x0000000659200000|
| 245|0x0000000659300000, 0x0000000659300000, 0x0000000659400000|  0%| F|  |TS  0|AC  0|TAMS 0x0000000659300000, 0x0000000659300000|
| 246|0x0000000659400000, 0x0000000659400000, 0x0000000659500000|  0%| F|  |TS  0|AC  0|TAMS 0x0000000659400000, 0x0000000659400000|
| 247|0x0000000659500000, 0x0000000659500000, 0x0000000659600000|  0%| F|  |TS  0|AC  0|TAMS 0x0000000659500000, 0x0000000659500000|
| 248|0x0000000659600000, 0x0000000659600000, 0x0000000659700000|  0%| F|  |TS  0|AC  0|TAMS 0x0000000659600000, 0x0000000659600000|
| 249|0x0000000659700000, 0x0000000659700000, 0x0000000659800000|  0%| F|  |TS  0|AC  0|TAMS 0x0000000659700000, 0x0000000659700000|
| 250|0x0000000659800000, 0x0000000659800000, 0x0000000659900000|  0%| F|  |TS  0|AC  0|TAMS 0x0000000659800000, 0x0000000659800000|
| 251|0x0000000659900000, 0x0000000659900000, 0x0000000659a00000|  0%| F|  |TS  0|AC  0|TAMS 0x0000000659900000, 0x0000000659900000|
| 252|0x0000000659a00000, 0x0000000659a00000, 0x0000000659b00000|  0%| F|  |TS  0|AC  0|TAMS 0x0000000659a00000, 0x0000000659a00000|
| 253|0x0000000659b00000, 0x0000000659b00000, 0x0000000659c00000|  0%| F|  |TS  0|AC  0|TAMS 0x0000000659b00000, 0x0000000659b00000|
| 254|0x0000000659c00000, 0x0000000659c00000, 0x0000000659d00000|  0%| F|  |TS  0|AC  0|TAMS 0x0000000659c00000, 0x0000000659c00000|
| 255|0x0000000659d00000, 0x0000000659d00000, 0x0000000659e00000|  0%| F|  |TS  0|AC  0|TAMS 0x0000000659d00000, 0x0000000659d00000|
| 256|0x0000000659e00000, 0x0000000659e00000, 0x0000000659f00000|  0%| F|  |TS  0|AC  0|TAMS 0x0000000659e00000, 0x0000000659e00000|
| 257|0x0000000659f00000, 0x0000000659f00000, 0x000000065a000000|  0%| F|  |TS  0|AC  0|TAMS 0x0000000659f00000, 0x0000000659f00000|
| 258|0x000000065a000000, 0x000000065a000000, 0x000000065a100000|  0%| F|  |TS  0|AC  0|TAMS 0x000000065a000000, 0x000000065a000000|
| 259|0x000000065a100000, 0x000000065a100000, 0x000000065a200000|  0%| F|  |TS  0|AC  0|TAMS 0x000000065a100000, 0x000000065a100000|
| 260|0x000000065a200000, 0x000000065a200000, 0x000000065a300000|  0%| F|  |TS  0|AC  0|TAMS 0x000000065a200000, 0x000000065a200000|
| 261|0x000000065a300000, 0x000000065a300000, 0x000000065a400000|  0%| F|  |TS  0|AC  0|TAMS 0x000000065a300000, 0x000000065a300000|
| 262|0x000000065a400000, 0x000000065a400000, 0x000000065a500000|  0%| F|  |TS  0|AC  0|TAMS 0x000000065a400000, 0x000000065a400000|
| 263|0x000000065a500000, 0x000000065a500000, 0x000000065a600000|  0%| F|  |TS  0|AC  0|TAMS 0x000000065a500000, 0x000000065a500000|
| 264|0x000000065a600000, 0x000000065a600000, 0x000000065a700000|  0%| F|  |TS  0|AC  0|TAMS 0x000000065a600000, 0x000000065a600000|
| 265|0x000000065a700000, 0x000000065a700000, 0x000000065a800000|  0%| F|  |TS  0|AC  0|TAMS 0x000000065a700000, 0x000000065a700000|
| 266|0x000000065a800000, 0x000000065a800000, 0x000000065a900000|  0%| F|  |TS  0|AC  0|TAMS 0x000000065a800000, 0x000000065a800000|
| 267|0x000000065a900000, 0x000000065a900000, 0x000000065aa00000|  0%| F|  |TS  0|AC  0|TAMS 0x000000065a900000, 0x000000065a900000|
| 268|0x000000065aa00000, 0x000000065aa00000, 0x000000065ab00000|  0%| F|  |TS  0|AC  0|TAMS 0x000000065aa00000, 0x000000065aa00000|
| 269|0x000000065ab00000, 0x000000065ab00000, 0x000000065ac00000|  0%| F|  |TS  0|AC  0|TAMS 0x000000065ab00000, 0x000000065ab00000|
| 270|0x000000065ac00000, 0x000000065ac00000, 0x000000065ad00000|  0%| F|  |TS  0|AC  0|TAMS 0x000000065ac00000, 0x000000065ac00000|
| 271|0x000000065ad00000, 0x000000065ad00000, 0x000000065ae00000|  0%| F|  |TS  0|AC  0|TAMS 0x000000065ad00000, 0x000000065ad00000|
| 272|0x000000065ae00000, 0x000000065ae00000, 0x000000065af00000|  0%| F|  |TS  0|AC  0|TAMS 0x000000065ae00000, 0x000000065ae00000|
| 273|0x000000065af00000, 0x000000065af00000, 0x000000065b000000|  0%| F|  |TS  0|AC  0|TAMS 0x000000065af00000, 0x000000065af00000|
| 274|0x000000065b000000, 0x000000065b000000, 0x000000065b100000|  0%| F|  |TS  0|AC  0|TAMS 0x000000065b000000, 0x000000065b000000|
| 275|0x000000065b100000, 0x000000065b100000, 0x000000065b200000|  0%| F|  |TS  0|AC  0|TAMS 0x000000065b100000, 0x000000065b100000|
| 276|0x000000065b200000, 0x000000065b200000, 0x000000065b300000|  0%| F|  |TS  0|AC  0|TAMS 0x000000065b200000, 0x000000065b200000|
| 277|0x000000065b300000, 0x000000065b300000, 0x000000065b400000|  0%| F|  |TS  0|AC  0|TAMS 0x000000065b300000, 0x000000065b300000|
| 278|0x000000065b400000, 0x000000065b400000, 0x000000065b500000|  0%| F|  |TS  0|AC  0|TAMS 0x000000065b400000, 0x000000065b400000|
| 279|0x000000065b500000, 0x000000065b500000, 0x000000065b600000|  0%| F|  |TS  0|AC  0|TAMS 0x000000065b500000, 0x000000065b500000|
| 280|0x000000065b600000, 0x000000065b600000, 0x000000065b700000|  0%| F|  |TS  0|AC  0|TAMS 0x000000065b600000, 0x000000065b600000|
| 281|0x000000065b700000, 0x000000065b700000, 0x000000065b800000|  0%| F|  |TS  0|AC  0|TAMS 0x000000065b700000, 0x000000065b700000|
| 282|0x000000065b800000, 0x000000065b800000, 0x000000065b900000|  0%| F|  |TS  0|AC  0|TAMS 0x000000065b800000, 0x000000065b800000|
| 283|0x000000065b900000, 0x000000065b9b8f00, 0x000000065ba00000| 72%| S|CS|TS  3|AC  0|TAMS 0x000000065b900000, 0x000000065b900000|
| 284|0x000000065ba00000, 0x000000065bb00000, 0x000000065bb00000|100%| S|CS|TS  3|AC  0|TAMS 0x000000065ba00000, 0x000000065ba00000|
| 285|0x000000065bb00000, 0x000000065bc00000, 0x000000065bc00000|100%| S|CS|TS  3|AC  0|TAMS 0x000000065bb00000, 0x000000065bb00000|
| 286|0x000000065bc00000, 0x000000065bd00000, 0x000000065bd00000|100%| S|CS|TS  3|AC  0|TAMS 0x000000065bc00000, 0x000000065bc00000|
| 287|0x000000065bd00000, 0x000000065be00000, 0x000000065be00000|100%| S|CS|TS  3|AC  0|TAMS 0x000000065bd00000, 0x000000065bd00000|
| 288|0x000000065be00000, 0x000000065be00000, 0x000000065bf00000|  0%| F|  |TS  3|AC  0|TAMS 0x000000065be00000, 0x000000065be00000|
| 289|0x000000065bf00000, 0x000000065bf00000, 0x000000065c000000|  0%| F|  |TS  3|AC  0|TAMS 0x000000065bf00000, 0x000000065bf00000|
| 290|0x000000065c000000, 0x000000065c000000, 0x000000065c100000|  0%| F|  |TS  3|AC  0|TAMS 0x000000065c000000, 0x000000065c000000|
| 291|0x000000065c100000, 0x000000065c100000, 0x000000065c200000|  0%| F|  |TS  3|AC  0|TAMS 0x000000065c100000, 0x000000065c100000|
| 292|0x000000065c200000, 0x000000065c200000, 0x000000065c300000|  0%| F|  |TS  3|AC  0|TAMS 0x000000065c200000, 0x000000065c200000|
| 293|0x000000065c300000, 0x000000065c300000, 0x000000065c400000|  0%| F|  |TS  3|AC  0|TAMS 0x000000065c300000, 0x000000065c300000|
| 294|0x000000065c400000, 0x000000065c400000, 0x000000065c500000|  0%| F|  |TS  3|AC  0|TAMS 0x000000065c400000, 0x000000065c400000|
| 295|0x000000065c500000, 0x000000065c500000, 0x000000065c600000|  0%| F|  |TS  3|AC  0|TAMS 0x000000065c500000, 0x000000065c500000|
| 296|0x000000065c600000, 0x000000065c600000, 0x000000065c700000|  0%| F|  |TS  3|AC  0|TAMS 0x000000065c600000, 0x000000065c600000|
| 297|0x000000065c700000, 0x000000065c700000, 0x000000065c800000|  0%| F|  |TS  3|AC  0|TAMS 0x000000065c700000, 0x000000065c700000|
| 298|0x000000065c800000, 0x000000065c800000, 0x000000065c900000|  0%| F|  |TS  3|AC  0|TAMS 0x000000065c800000, 0x000000065c800000|
| 299|0x000000065c900000, 0x000000065c900000, 0x000000065ca00000|  0%| F|  |TS  3|AC  0|TAMS 0x000000065c900000, 0x000000065c900000|
| 300|0x000000065ca00000, 0x000000065ca00000, 0x000000065cb00000|  0%| F|  |TS  3|AC  0|TAMS 0x000000065ca00000, 0x000000065ca00000|
| 301|0x000000065cb00000, 0x000000065cb00000, 0x000000065cc00000|  0%| F|  |TS  3|AC  0|TAMS 0x000000065cb00000, 0x000000065cb00000|
| 302|0x000000065cc00000, 0x000000065cc00000, 0x000000065cd00000|  0%| F|  |TS  3|AC  0|TAMS 0x000000065cc00000, 0x000000065cc00000|
| 303|0x000000065cd00000, 0x000000065cd00000, 0x000000065ce00000|  0%| F|  |TS  3|AC  0|TAMS 0x000000065cd00000, 0x000000065cd00000|
| 304|0x000000065ce00000, 0x000000065ce00000, 0x000000065cf00000|  0%| F|  |TS  3|AC  0|TAMS 0x000000065ce00000, 0x000000065ce00000|
| 305|0x000000065cf00000, 0x000000065cf00000, 0x000000065d000000|  0%| F|  |TS  3|AC  0|TAMS 0x000000065cf00000, 0x000000065cf00000|
| 306|0x000000065d000000, 0x000000065d000000, 0x000000065d100000|  0%| F|  |TS  3|AC  0|TAMS 0x000000065d000000, 0x000000065d000000|
| 307|0x000000065d100000, 0x000000065d100000, 0x000000065d200000|  0%| F|  |TS  3|AC  0|TAMS 0x000000065d100000, 0x000000065d100000|
| 308|0x000000065d200000, 0x000000065d200000, 0x000000065d300000|  0%| F|  |TS  3|AC  0|TAMS 0x000000065d200000, 0x000000065d200000|
| 309|0x000000065d300000, 0x000000065d300000, 0x000000065d400000|  0%| F|  |TS  3|AC  0|TAMS 0x000000065d300000, 0x000000065d300000|
| 310|0x000000065d400000, 0x000000065d400000, 0x000000065d500000|  0%| F|  |TS  3|AC  0|TAMS 0x000000065d400000, 0x000000065d400000|
| 311|0x000000065d500000, 0x000000065d500000, 0x000000065d600000|  0%| F|  |TS  3|AC  0|TAMS 0x000000065d500000, 0x000000065d500000|
| 312|0x000000065d600000, 0x000000065d600000, 0x000000065d700000|  0%| F|  |TS  3|AC  0|TAMS 0x000000065d600000, 0x000000065d600000|
| 313|0x000000065d700000, 0x000000065d700000, 0x000000065d800000|  0%| F|  |TS  3|AC  0|TAMS 0x000000065d700000, 0x000000065d700000|
| 314|0x000000065d800000, 0x000000065d800000, 0x000000065d900000|  0%| F|  |TS  3|AC  0|TAMS 0x000000065d800000, 0x000000065d800000|
| 315|0x000000065d900000, 0x000000065d900000, 0x000000065da00000|  0%| F|  |TS  3|AC  0|TAMS 0x000000065d900000, 0x000000065d900000|
| 316|0x000000065da00000, 0x000000065da00000, 0x000000065db00000|  0%| F|  |TS  3|AC  0|TAMS 0x000000065da00000, 0x000000065da00000|
| 317|0x000000065db00000, 0x000000065db00000, 0x000000065dc00000|  0%| F|  |TS  3|AC  0|TAMS 0x000000065db00000, 0x000000065db00000|
| 318|0x000000065dc00000, 0x000000065dc00000, 0x000000065dd00000|  0%| F|  |TS  3|AC  0|TAMS 0x000000065dc00000, 0x000000065dc00000|
| 319|0x000000065dd00000, 0x000000065dd00000, 0x000000065de00000|  0%| F|  |TS  3|AC  0|TAMS 0x000000065dd00000, 0x000000065dd00000|
| 320|0x000000065de00000, 0x000000065de00000, 0x000000065df00000|  0%| F|  |TS  3|AC  0|TAMS 0x000000065de00000, 0x000000065de00000|
| 321|0x000000065df00000, 0x000000065df00000, 0x000000065e000000|  0%| F|  |TS  3|AC  0|TAMS 0x000000065df00000, 0x000000065df00000|
| 322|0x000000065e000000, 0x000000065e000000, 0x000000065e100000|  0%| F|  |TS  3|AC  0|TAMS 0x000000065e000000, 0x000000065e000000|
| 323|0x000000065e100000, 0x000000065e100000, 0x000000065e200000|  0%| F|  |TS  3|AC  0|TAMS 0x000000065e100000, 0x000000065e100000|
| 324|0x000000065e200000, 0x000000065e200000, 0x000000065e300000|  0%| F|  |TS  3|AC  0|TAMS 0x000000065e200000, 0x000000065e200000|
| 325|0x000000065e300000, 0x000000065e300000, 0x000000065e400000|  0%| F|  |TS  3|AC  0|TAMS 0x000000065e300000, 0x000000065e300000|
| 326|0x000000065e400000, 0x000000065e400000, 0x000000065e500000|  0%| F|  |TS  3|AC  0|TAMS 0x000000065e400000, 0x000000065e400000|
| 327|0x000000065e500000, 0x000000065e500000, 0x000000065e600000|  0%| F|  |TS  3|AC  0|TAMS 0x000000065e500000, 0x000000065e500000|
| 328|0x000000065e600000, 0x000000065e600000, 0x000000065e700000|  0%| F|  |TS  3|AC  0|TAMS 0x000000065e600000, 0x000000065e600000|
| 329|0x000000065e700000, 0x000000065e700000, 0x000000065e800000|  0%| F|  |TS  3|AC  0|TAMS 0x000000065e700000, 0x000000065e700000|
| 330|0x000000065e800000, 0x000000065e800000, 0x000000065e900000|  0%| F|  |TS  3|AC  0|TAMS 0x000000065e800000, 0x000000065e800000|
| 331|0x000000065e900000, 0x000000065e900000, 0x000000065ea00000|  0%| F|  |TS  3|AC  0|TAMS 0x000000065e900000, 0x000000065e900000|
| 332|0x000000065ea00000, 0x000000065ea00000, 0x000000065eb00000|  0%| F|  |TS  3|AC  0|TAMS 0x000000065ea00000, 0x000000065ea00000|
| 333|0x000000065eb00000, 0x000000065eb00000, 0x000000065ec00000|  0%| F|  |TS  3|AC  0|TAMS 0x000000065eb00000, 0x000000065eb00000|
| 334|0x000000065ec00000, 0x000000065ec00000, 0x000000065ed00000|  0%| F|  |TS  3|AC  0|TAMS 0x000000065ec00000, 0x000000065ec00000|
| 335|0x000000065ed00000, 0x000000065ed00000, 0x000000065ee00000|  0%| F|  |TS  3|AC  0|TAMS 0x000000065ed00000, 0x000000065ed00000|
| 336|0x000000065ee00000, 0x000000065ee00000, 0x000000065ef00000|  0%| F|  |TS  3|AC  0|TAMS 0x000000065ee00000, 0x000000065ee00000|
| 337|0x000000065ef00000, 0x000000065ef00000, 0x000000065f000000|  0%| F|  |TS  3|AC  0|TAMS 0x000000065ef00000, 0x000000065ef00000|
| 338|0x000000065f000000, 0x000000065f000000, 0x000000065f100000|  0%| F|  |TS  3|AC  0|TAMS 0x000000065f000000, 0x000000065f000000|
| 339|0x000000065f100000, 0x000000065f100000, 0x000000065f200000|  0%| F|  |TS  3|AC  0|TAMS 0x000000065f100000, 0x000000065f100000|
| 340|0x000000065f200000, 0x000000065f200000, 0x000000065f300000|  0%| F|  |TS  3|AC  0|TAMS 0x000000065f200000, 0x000000065f200000|
| 341|0x000000065f300000, 0x000000065f300000, 0x000000065f400000|  0%| F|  |TS  3|AC  0|TAMS 0x000000065f300000, 0x000000065f300000|
| 342|0x000000065f400000, 0x000000065f400000, 0x000000065f500000|  0%| F|  |TS  3|AC  0|TAMS 0x000000065f400000, 0x000000065f400000|
| 343|0x000000065f500000, 0x000000065f500000, 0x000000065f600000|  0%| F|  |TS  3|AC  0|TAMS 0x000000065f500000, 0x000000065f500000|
| 344|0x000000065f600000, 0x000000065f600000, 0x000000065f700000|  0%| F|  |TS  3|AC  0|TAMS 0x000000065f600000, 0x000000065f600000|
| 345|0x000000065f700000, 0x000000065f700000, 0x000000065f800000|  0%| F|  |TS  3|AC  0|TAMS 0x000000065f700000, 0x000000065f700000|
| 346|0x000000065f800000, 0x000000065f800000, 0x000000065f900000|  0%| F|  |TS  3|AC  0|TAMS 0x000000065f800000, 0x000000065f800000|
| 347|0x000000065f900000, 0x000000065f900000, 0x000000065fa00000|  0%| F|  |TS  3|AC  0|TAMS 0x000000065f900000, 0x000000065f900000|
| 348|0x000000065fa00000, 0x000000065fa00000, 0x000000065fb00000|  0%| F|  |TS  3|AC  0|TAMS 0x000000065fa00000, 0x000000065fa00000|
| 349|0x000000065fb00000, 0x000000065fb00000, 0x000000065fc00000|  0%| F|  |TS  3|AC  0|TAMS 0x000000065fb00000, 0x000000065fb00000|
| 350|0x000000065fc00000, 0x000000065fc00000, 0x000000065fd00000|  0%| F|  |TS  3|AC  0|TAMS 0x000000065fc00000, 0x000000065fc00000|
| 351|0x000000065fd00000, 0x000000065fd00000, 0x000000065fe00000|  0%| F|  |TS  3|AC  0|TAMS 0x000000065fd00000, 0x000000065fd00000|
| 352|0x000000065fe00000, 0x000000065fe00000, 0x000000065ff00000|  0%| F|  |TS  3|AC  0|TAMS 0x000000065fe00000, 0x000000065fe00000|
| 353|0x000000065ff00000, 0x000000065ff00000, 0x0000000660000000|  0%| F|  |TS  3|AC  0|TAMS 0x000000065ff00000, 0x000000065ff00000|
| 354|0x0000000660000000, 0x0000000660000000, 0x0000000660100000|  0%| F|  |TS  3|AC  0|TAMS 0x0000000660000000, 0x0000000660000000|
| 355|0x0000000660100000, 0x0000000660100000, 0x0000000660200000|  0%| F|  |TS  3|AC  0|TAMS 0x0000000660100000, 0x0000000660100000|
| 356|0x0000000660200000, 0x0000000660200000, 0x0000000660300000|  0%| F|  |TS  3|AC  0|TAMS 0x0000000660200000, 0x0000000660200000|
| 357|0x0000000660300000, 0x0000000660300000, 0x0000000660400000|  0%| F|  |TS  3|AC  0|TAMS 0x0000000660300000, 0x0000000660300000|
| 358|0x0000000660400000, 0x0000000660400000, 0x0000000660500000|  0%| F|  |TS  3|AC  0|TAMS 0x0000000660400000, 0x0000000660400000|
| 359|0x0000000660500000, 0x0000000660500000, 0x0000000660600000|  0%| F|  |TS  3|AC  0|TAMS 0x0000000660500000, 0x0000000660500000|
| 360|0x0000000660600000, 0x0000000660600000, 0x0000000660700000|  0%| F|  |TS  3|AC  0|TAMS 0x0000000660600000, 0x0000000660600000|
| 361|0x0000000660700000, 0x0000000660700000, 0x0000000660800000|  0%| F|  |TS  3|AC  0|TAMS 0x0000000660700000, 0x0000000660700000|
| 362|0x0000000660800000, 0x0000000660800000, 0x0000000660900000|  0%| F|  |TS  3|AC  0|TAMS 0x0000000660800000, 0x0000000660800000|
| 363|0x0000000660900000, 0x0000000660900000, 0x0000000660a00000|  0%| F|  |TS  3|AC  0|TAMS 0x0000000660900000, 0x0000000660900000|
| 364|0x0000000660a00000, 0x0000000660a00000, 0x0000000660b00000|  0%| F|  |TS  3|AC  0|TAMS 0x0000000660a00000, 0x0000000660a00000|
| 365|0x0000000660b00000, 0x0000000660b00000, 0x0000000660c00000|  0%| F|  |TS  3|AC  0|TAMS 0x0000000660b00000, 0x0000000660b00000|
| 366|0x0000000660c00000, 0x0000000660c00000, 0x0000000660d00000|  0%| F|  |TS  3|AC  0|TAMS 0x0000000660c00000, 0x0000000660c00000|
| 367|0x0000000660d00000, 0x0000000660d00000, 0x0000000660e00000|  0%| F|  |TS  3|AC  0|TAMS 0x0000000660d00000, 0x0000000660d00000|
| 368|0x0000000660e00000, 0x0000000660e00000, 0x0000000660f00000|  0%| F|  |TS  3|AC  0|TAMS 0x0000000660e00000, 0x0000000660e00000|
| 369|0x0000000660f00000, 0x0000000660f00000, 0x0000000661000000|  0%| F|  |TS  3|AC  0|TAMS 0x0000000660f00000, 0x0000000660f00000|
| 370|0x0000000661000000, 0x0000000661000000, 0x0000000661100000|  0%| F|  |TS  3|AC  0|TAMS 0x0000000661000000, 0x0000000661000000|
| 371|0x0000000661100000, 0x0000000661100000, 0x0000000661200000|  0%| F|  |TS  3|AC  0|TAMS 0x0000000661100000, 0x0000000661100000|
| 372|0x0000000661200000, 0x0000000661200000, 0x0000000661300000|  0%| F|  |TS  3|AC  0|TAMS 0x0000000661200000, 0x0000000661200000|
| 373|0x0000000661300000, 0x0000000661300000, 0x0000000661400000|  0%| F|  |TS  3|AC  0|TAMS 0x0000000661300000, 0x0000000661300000|
| 374|0x0000000661400000, 0x0000000661400000, 0x0000000661500000|  0%| F|  |TS  3|AC  0|TAMS 0x0000000661400000, 0x0000000661400000|
| 375|0x0000000661500000, 0x0000000661500000, 0x0000000661600000|  0%| F|  |TS  3|AC  0|TAMS 0x0000000661500000, 0x0000000661500000|

Card table byte_map: [0x00007fa5dcbdc000,0x00007fa5dd78d000] byte_map_base: 0x00007fa5d998d000

Marking Bits (Prev, Next): (CMBitMap*) 0x00007fa6180b0938, (CMBitMap*) 0x00007fa6180b0900
 Prev Bits: [0x00007fa5a84f0000, 0x00007fa5ae278000)
 Next Bits: [0x00007fa5ae278000, 0x00007fa5b4000000)

Polling page: 0x00007fa61e987000

CodeHeap 'non-profiled nmethods': size=238384Kb used=4883Kb max_used=4883Kb free=233500Kb
 bounds [0x00007fa5fd1cd000, 0x00007fa5fd69d000, 0x00007fa60ba99000]
CodeHeap 'non-nmethods': size=7376Kb used=2969Kb max_used=2969Kb free=4406Kb
 bounds [0x00007fa5fca99000, 0x00007fa5fcd89000, 0x00007fa5fd1cd000]
 total_blobs=3523 nmethods=3025 adapters=405
 compilation: enabled

Compilation events (10 events):
Event: 2,551 Thread 0x00007fa6182e2000 3021       1       org.springframework.beans.factory.support.AbstractBeanDefinition::getBeanClassName (25 bytes)
Event: 2,552 Thread 0x00007fa6182e2000 nmethod 3021 0x00007fa5fd690610 code [0x00007fa5fd6907c0, 0x00007fa5fd690a48]
Event: 2,557 Thread 0x00007fa6182e6000 3022       1       org.springframework.util.ReflectionUtils$$Lambda$293/1329897103::doWith (11 bytes)
Event: 2,557 Thread 0x00007fa6182e6000 nmethod 3022 0x00007fa5fd690b10 code [0x00007fa5fd690cc0, 0x00007fa5fd690e08]
Event: 2,557 Thread 0x00007fa6182e6000 3023       1       java.lang.reflect.Method::getParameterCount (6 bytes)
Event: 2,557 Thread 0x00007fa6182e0000 3024       1       org.springframework.context.annotation.ConfigurationClassBeanDefinitionReader$ConfigurationClassBeanDefinition::isFactoryMethod (21 bytes)
Event: 2,557 Thread 0x00007fa6182e2000 3025       1       org.springframework.beans.factory.support.RootBeanDefinition::isFactoryMethod (12 bytes)
Event: 2,557 Thread 0x00007fa6182e6000 nmethod 3023 0x00007fa5fd690e90 code [0x00007fa5fd691040, 0x00007fa5fd691150]
Event: 2,557 Thread 0x00007fa6182e2000 nmethod 3025 0x00007fa5fd691210 code [0x00007fa5fd6913c0, 0x00007fa5fd691508]
Event: 2,558 Thread 0x00007fa6182e0000 nmethod 3024 0x00007fa5fd691610 code [0x00007fa5fd691800, 0x00007fa5fd691b18]

GC Heap History (7 events):
Event: 0,838 GC heap before
{Heap before GC invocations=0 (full 0):
 garbage-first heap   total 385024K, used 25600K [0x0000000649e00000, 0x0000000649f00bc0, 0x00000007c0000000)
  region size 1024K, 24 young (24576K), 0 survivors (0K)
 Metaspace       used 11994K, capacity 12526K, committed 12672K, reserved 1060864K
  class space    used 1270K, capacity 1383K, committed 1408K, reserved 1048576K
}
Event: 0,860 GC heap after
{Heap after GC invocations=1 (full 0):
 garbage-first heap   total 385024K, used 7486K [0x0000000649e00000, 0x0000000649f00bc0, 0x00000007c0000000)
  region size 1024K, 3 young (3072K), 3 survivors (3072K)
 Metaspace       used 11994K, capacity 12526K, committed 12672K, reserved 1060864K
  class space    used 1270K, capacity 1383K, committed 1408K, reserved 1048576K
}
Event: 1,333 GC heap before
{Heap before GC invocations=1 (full 0):
 garbage-first heap   total 385024K, used 77118K [0x0000000649e00000, 0x0000000649f00bc0, 0x00000007c0000000)
  region size 1024K, 72 young (73728K), 3 survivors (3072K)
 Metaspace       used 20030K, capacity 21190K, committed 21296K, reserved 1069056K
  class space    used 2401K, capacity 2631K, committed 2688K, reserved 1048576K
}
Event: 1,355 GC heap after
{Heap after GC invocations=2 (full 0):
 garbage-first heap   total 385024K, used 14538K [0x0000000649e00000, 0x0000000649f00bc0, 0x00000007c0000000)
  region size 1024K, 10 young (10240K), 10 survivors (10240K)
 Metaspace       used 20030K, capacity 21190K, committed 21296K, reserved 1069056K
  class space    used 2401K, capacity 2631K, committed 2688K, reserved 1048576K
}
Event: 1,942 GC heap before
{Heap before GC invocations=3 (full 0):
 garbage-first heap   total 385024K, used 80779K [0x0000000649e00000, 0x0000000649f00bc0, 0x00000007c0000000)
  region size 1024K, 75 young (76800K), 10 survivors (10240K)
 Metaspace       used 26488K, capacity 28158K, committed 28416K, reserved 1075200K
  class space    used 3205K, capacity 3517K, committed 3584K, reserved 1048576K
}
Event: 1,963 GC heap after
{Heap after GC invocations=4 (full 0):
 garbage-first heap   total 385024K, used 17765K [0x0000000649e00000, 0x0000000649f00bc0, 0x00000007c0000000)
  region size 1024K, 8 young (8192K), 8 survivors (8192K)
 Metaspace       used 26488K, capacity 28158K, committed 28416K, reserved 1075200K
  class space    used 3205K, capacity 3517K, committed 3584K, reserved 1048576K
}
Event: 2,583 GC heap before
{Heap before GC invocations=4 (full 0):
 garbage-first heap   total 385024K, used 99685K [0x0000000649e00000, 0x0000000649f00bc0, 0x00000007c0000000)
  region size 1024K, 88 young (90112K), 8 survivors (8192K)
 Metaspace       used 28456K, capacity 30264K, committed 30464K, reserved 1075200K
  class space    used 3485K, capacity 3836K, committed 3840K, reserved 1048576K
}

Deoptimization events (0 events):
No events

Classes redefined (0 events):
No events

Internal exceptions (10 events):
Event: 2,132 Thread 0x00007fa618016800 Exception <a 'java/security/PrivilegedActionException'{0x0000000660230050}> (0x0000000660230050) thrown at [/scratch/opt/mach5/mesos/work_dir/slaves/5af44a71-976a-41b7-81de-5773b84ec572-S39643/frameworks/1735e8a2-a1db-478c-8104-60c8b0af87dd-0196/executors
Event: 2,132 Thread 0x00007fa618016800 Exception <a 'java/security/PrivilegedActionException'{0x00000006602314c8}> (0x00000006602314c8) thrown at [/scratch/opt/mach5/mesos/work_dir/slaves/5af44a71-976a-41b7-81de-5773b84ec572-S39643/frameworks/1735e8a2-a1db-478c-8104-60c8b0af87dd-0196/executors
Event: 2,132 Thread 0x00007fa618016800 Exception <a 'java/security/PrivilegedActionException'{0x00000006602318c0}> (0x00000006602318c0) thrown at [/scratch/opt/mach5/mesos/work_dir/slaves/5af44a71-976a-41b7-81de-5773b84ec572-S39643/frameworks/1735e8a2-a1db-478c-8104-60c8b0af87dd-0196/executors
Event: 2,132 Thread 0x00007fa618016800 Exception <a 'java/security/PrivilegedActionException'{0x0000000660232d60}> (0x0000000660232d60) thrown at [/scratch/opt/mach5/mesos/work_dir/slaves/5af44a71-976a-41b7-81de-5773b84ec572-S39643/frameworks/1735e8a2-a1db-478c-8104-60c8b0af87dd-0196/executors
Event: 2,132 Thread 0x00007fa618016800 Exception <a 'java/security/PrivilegedActionException'{0x0000000660233158}> (0x0000000660233158) thrown at [/scratch/opt/mach5/mesos/work_dir/slaves/5af44a71-976a-41b7-81de-5773b84ec572-S39643/frameworks/1735e8a2-a1db-478c-8104-60c8b0af87dd-0196/executors
Event: 2,132 Thread 0x00007fa618016800 Exception <a 'java/security/PrivilegedActionException'{0x0000000660234570}> (0x0000000660234570) thrown at [/scratch/opt/mach5/mesos/work_dir/slaves/5af44a71-976a-41b7-81de-5773b84ec572-S39643/frameworks/1735e8a2-a1db-478c-8104-60c8b0af87dd-0196/executors
Event: 2,132 Thread 0x00007fa618016800 Exception <a 'java/security/PrivilegedActionException'{0x0000000660234968}> (0x0000000660234968) thrown at [/scratch/opt/mach5/mesos/work_dir/slaves/5af44a71-976a-41b7-81de-5773b84ec572-S39643/frameworks/1735e8a2-a1db-478c-8104-60c8b0af87dd-0196/executors
Event: 2,410 Thread 0x00007fa618016800 Exception <a 'java/lang/NoSuchMethodError'{0x000000065c76ad60}: java.lang.invoke.DirectMethodHandle$Holder.invokeInterface(Ljava/lang/Object;Ljava/lang/Object;Ljava/lang/Object;Ljava/lang/Object;)V> (0x000000065c76ad60) thrown at [/scratch/opt/mach5/mesos
Event: 2,430 Thread 0x00007fa618016800 Exception <a 'java/lang/NoSuchMethodError'{0x000000065c6d6350}: method resolution failed> (0x000000065c6d6350) thrown at [/scratch/opt/mach5/mesos/work_dir/slaves/5af44a71-976a-41b7-81de-5773b84ec572-S39643/frameworks/1735e8a2-a1db-478c-8104-60c8b0af87dd-
Event: 2,441 Thread 0x00007fa55c001000 Exception <a 'java/lang/reflect/InvocationTargetException'{0x000000065c509220}> (0x000000065c509220) thrown at [/scratch/opt/mach5/mesos/work_dir/slaves/5af44a71-976a-41b7-81de-5773b84ec572-S39643/frameworks/1735e8a2-a1db-478c-8104-60c8b0af87dd-0196/execu

Events (10 events):
Event: 2,575 loading class org/springframework/web/util/UrlPathHelper done
Event: 2,581 loading class org/springframework/web/servlet/handler/BeanNameUrlHandlerMapping
Event: 2,581 loading class org/springframework/web/servlet/handler/BeanNameUrlHandlerMapping done
Event: 2,581 loading class org/springframework/web/servlet/handler/AbstractDetectingUrlHandlerMapping
Event: 2,581 loading class org/springframework/web/servlet/handler/AbstractDetectingUrlHandlerMapping done
Event: 2,582 loading class org/springframework/web/servlet/resource/ResourceUrlProvider
Event: 2,582 loading class org/springframework/web/servlet/resource/ResourceUrlProvider done
Event: 2,583 loading class org/springframework/web/method/support/CompositeUriComponentsContributor
Event: 2,583 loading class org/springframework/web/method/support/CompositeUriComponentsContributor done
Event: 2,583 Executing VM operation: G1IncCollectionPause


Dynamic libraries:
00400000-00401000 r-xp 00000000 08:11 3032295                            /usr/lib/jvm/java-9-oracle/bin/java
00600000-00601000 rw-p 00000000 08:11 3032295                            /usr/lib/jvm/java-9-oracle/bin/java
01b4f000-01b70000 rw-p 00000000 00:00 0                                  [heap]
649e00000-661600000 rw-p 00000000 00:00 0 
690600000-7c0000000 ---p 00000000 00:00 0 
7c0000000-7c03c0000 rw-p 00000000 00:00 0 
7c03c0000-800000000 ---p 00000000 00:00 0 
7fa544000000-7fa54402c000 rw-p 00000000 00:00 0 
7fa54402c000-7fa548000000 ---p 00000000 00:00 0 
7fa54c000000-7fa54c044000 rw-p 00000000 00:00 0 
7fa54c044000-7fa550000000 ---p 00000000 00:00 0 
7fa550000000-7fa550021000 rw-p 00000000 00:00 0 
7fa550021000-7fa554000000 ---p 00000000 00:00 0 
7fa554000000-7fa55426c000 rw-p 00000000 00:00 0 
7fa55426c000-7fa558000000 ---p 00000000 00:00 0 
7fa558000000-7fa558021000 rw-p 00000000 00:00 0 
7fa558021000-7fa55c000000 ---p 00000000 00:00 0 
7fa55c000000-7fa55c021000 rw-p 00000000 00:00 0 
7fa55c021000-7fa560000000 ---p 00000000 00:00 0 
7fa560000000-7fa560021000 rw-p 00000000 00:00 0 
7fa560021000-7fa564000000 ---p 00000000 00:00 0 
7fa564000000-7fa564021000 rw-p 00000000 00:00 0 
7fa564021000-7fa568000000 ---p 00000000 00:00 0 
7fa568000000-7fa568021000 rw-p 00000000 00:00 0 
7fa568021000-7fa56c000000 ---p 00000000 00:00 0 
7fa56c000000-7fa56c021000 rw-p 00000000 00:00 0 
7fa56c021000-7fa570000000 ---p 00000000 00:00 0 
7fa571aa8000-7fa571fd6000 rw-p 00000000 00:00 0 
7fa571fd6000-7fa5721d6000 rw-p 00000000 00:00 0 
7fa5721d6000-7fa5723d6000 rw-p 00000000 00:00 0 
7fa5723d6000-7fa5725d6000 rw-p 00000000 00:00 0 
7fa5725d6000-7fa5725da000 ---p 00000000 00:00 0 
7fa5725da000-7fa5726d7000 rw-p 00000000 00:00 0 
7fa5726d7000-7fa5726db000 ---p 00000000 00:00 0 
7fa5726db000-7fa5727d8000 rw-p 00000000 00:00 0 
7fa5727d8000-7fa5727dc000 ---p 00000000 00:00 0 
7fa5727dc000-7fa572ad9000 rw-p 00000000 00:00 0 
7fa572ad9000-7fa572cd9000 rw-p 00000000 00:00 0 
7fa572cd9000-7fa572cdd000 ---p 00000000 00:00 0 
7fa572cdd000-7fa572dda000 rw-p 00000000 00:00 0 
7fa572dda000-7fa572dde000 ---p 00000000 00:00 0 
7fa572dde000-7fa5730db000 rw-p 00000000 00:00 0 
7fa5730db000-7fa5732db000 rw-p 00000000 00:00 0 
7fa5732db000-7fa5732dc000 ---p 00000000 00:00 0 
7fa5732dc000-7fa5733dc000 rw-p 00000000 00:00 0 
7fa5733dc000-7fa5733e0000 ---p 00000000 00:00 0 
7fa5733e0000-7fa5736dd000 rw-p 00000000 00:00 0 
7fa5736dd000-7fa5736e2000 r-xp 00000000 08:11 3032863                    /usr/lib/jvm/java-9-oracle/lib/libmanagement_ext.so
7fa5736e2000-7fa5738e1000 ---p 00005000 08:11 3032863                    /usr/lib/jvm/java-9-oracle/lib/libmanagement_ext.so
7fa5738e1000-7fa5738e2000 rw-p 00004000 08:11 3032863                    /usr/lib/jvm/java-9-oracle/lib/libmanagement_ext.so
7fa5738e2000-7fa5738e6000 r-xp 00000000 08:11 3032865                    /usr/lib/jvm/java-9-oracle/lib/libmanagement.so
7fa5738e6000-7fa573ae5000 ---p 00004000 08:11 3032865                    /usr/lib/jvm/java-9-oracle/lib/libmanagement.so
7fa573ae5000-7fa573ae6000 rw-p 00003000 08:11 3032865                    /usr/lib/jvm/java-9-oracle/lib/libmanagement.so
7fa573ae6000-7fa573aea000 ---p 00000000 00:00 0 
7fa573aea000-7fa573be7000 rw-p 00000000 00:00 0 
7fa573be7000-7fa573beb000 ---p 00000000 00:00 0 
7fa573beb000-7fa573ce8000 rw-p 00000000 00:00 0 
7fa573ce8000-7fa573cec000 ---p 00000000 00:00 0 
7fa573cec000-7fa573de9000 rw-p 00000000 00:00 0 
7fa573de9000-7fa573dff000 r-xp 00000000 08:11 3032824                    /usr/lib/jvm/java-9-oracle/lib/libnet.so
7fa573dff000-7fa573fff000 ---p 00016000 08:11 3032824                    /usr/lib/jvm/java-9-oracle/lib/libnet.so
7fa573fff000-7fa574000000 rw-p 00016000 08:11 3032824                    /usr/lib/jvm/java-9-oracle/lib/libnet.so
7fa574000000-7fa574291000 rw-p 00000000 00:00 0 
7fa574291000-7fa578000000 ---p 00000000 00:00 0 
7fa578000000-7fa578021000 rw-p 00000000 00:00 0 
7fa578021000-7fa57c000000 ---p 00000000 00:00 0 
7fa57c000000-7fa57c2d8000 rw-p 00000000 00:00 0 
7fa57c2d8000-7fa580000000 ---p 00000000 00:00 0 
7fa580000000-7fa580258000 rw-p 00000000 00:00 0 
7fa580258000-7fa584000000 ---p 00000000 00:00 0 
7fa584000000-7fa584021000 rw-p 00000000 00:00 0 
7fa584021000-7fa588000000 ---p 00000000 00:00 0 
7fa588000000-7fa588396000 rw-p 00000000 00:00 0 
7fa588396000-7fa58c000000 ---p 00000000 00:00 0 
7fa58c000000-7fa58c021000 rw-p 00000000 00:00 0 
7fa58c021000-7fa590000000 ---p 00000000 00:00 0 
7fa590000000-7fa590021000 rw-p 00000000 00:00 0 
7fa590021000-7fa594000000 ---p 00000000 00:00 0 
7fa594000000-7fa594021000 rw-p 00000000 00:00 0 
7fa594021000-7fa598000000 ---p 00000000 00:00 0 
7fa5980d5000-7fa5980e5000 r-xp 00000000 08:11 3032870                    /usr/lib/jvm/java-9-oracle/lib/libnio.so
7fa5980e5000-7fa5982e5000 ---p 00010000 08:11 3032870                    /usr/lib/jvm/java-9-oracle/lib/libnio.so
7fa5982e5000-7fa5982e6000 rw-p 00010000 08:11 3032870                    /usr/lib/jvm/java-9-oracle/lib/libnio.so
7fa5982e6000-7fa5982ea000 ---p 00000000 00:00 0 
7fa5982ea000-7fa5983e7000 rw-p 00000000 00:00 0 
7fa5983e7000-7fa5983eb000 ---p 00000000 00:00 0 
7fa5983eb000-7fa5984e8000 rw-p 00000000 00:00 0 
7fa5984e8000-7fa5984ec000 ---p 00000000 00:00 0 
7fa5984ec000-7fa5985e9000 rw-p 00000000 00:00 0 
7fa5985e9000-7fa5985ed000 ---p 00000000 00:00 0 
7fa5985ed000-7fa5986ea000 rw-p 00000000 00:00 0 
7fa5986ea000-7fa5986ee000 ---p 00000000 00:00 0 
7fa5986ee000-7fa5987eb000 rw-p 00000000 00:00 0 
7fa5987eb000-7fa5987ef000 ---p 00000000 00:00 0 
7fa5987ef000-7fa5988ec000 rw-p 00000000 00:00 0 
7fa5988ec000-7fa598cf5000 r--p 00000000 08:11 3014886                    /usr/lib/locale/locale-archive
7fa598cf5000-7fa598cf9000 ---p 00000000 00:00 0 
7fa598cf9000-7fa598df6000 rw-p 00000000 00:00 0 
7fa598df6000-7fa598dfa000 ---p 00000000 00:00 0 
7fa598dfa000-7fa598ef7000 rw-p 00000000 00:00 0 
7fa598ef7000-7fa598ef8000 ---p 00000000 00:00 0 
7fa598ef8000-7fa5997f8000 rw-p 00000000 00:00 0 
7fa5997f8000-7fa59a000000 rw-p 00000000 00:00 0 
7fa59a000000-7fa59c000000 rwxp 00000000 00:00 0 
7fa59c000000-7fa59c021000 rw-p 00000000 00:00 0 
7fa59c021000-7fa5a0000000 ---p 00000000 00:00 0 
7fa5a0000000-7fa5a0021000 rw-p 00000000 00:00 0 
7fa5a0021000-7fa5a4000000 ---p 00000000 00:00 0 
7fa5a4000000-7fa5a4021000 rw-p 00000000 00:00 0 
7fa5a4021000-7fa5a8000000 ---p 00000000 00:00 0 
7fa5a8076000-7fa5a8077000 ---p 00000000 00:00 0 
7fa5a8077000-7fa5a8177000 rw-p 00000000 00:00 0 
7fa5a8177000-7fa5a8178000 ---p 00000000 00:00 0 
7fa5a8178000-7fa5a8278000 rw-p 00000000 00:00 0 
7fa5a8278000-7fa5a8279000 ---p 00000000 00:00 0 
7fa5a8279000-7fa5a8ad0000 rw-p 00000000 00:00 0 
7fa5a8ad0000-7fa5ae278000 ---p 00000000 00:00 0 
7fa5ae278000-7fa5ae858000 rw-p 00000000 00:00 0 
7fa5ae858000-7fa5b4000000 ---p 00000000 00:00 0 
7fa5b4000000-7fa5b4021000 rw-p 00000000 00:00 0 
7fa5b4021000-7fa5b8000000 ---p 00000000 00:00 0 
7fa5b8000000-7fa5b8021000 rw-p 00000000 00:00 0 
7fa5b8021000-7fa5bc000000 ---p 00000000 00:00 0 
7fa5bc000000-7fa5bc021000 rw-p 00000000 00:00 0 
7fa5bc021000-7fa5c0000000 ---p 00000000 00:00 0 
7fa5c0000000-7fa5c0021000 rw-p 00000000 00:00 0 
7fa5c0021000-7fa5c4000000 ---p 00000000 00:00 0 
7fa5c4000000-7fa5c4021000 rw-p 00000000 00:00 0 
7fa5c4021000-7fa5c8000000 ---p 00000000 00:00 0 
7fa5c8000000-7fa5c8021000 rw-p 00000000 00:00 0 
7fa5c8021000-7fa5cc000000 ---p 00000000 00:00 0 
7fa5cc000000-7fa5cc021000 rw-p 00000000 00:00 0 
7fa5cc021000-7fa5d0000000 ---p 00000000 00:00 0 
7fa5d0000000-7fa5d0021000 rw-p 00000000 00:00 0 
7fa5d0021000-7fa5d4000000 ---p 00000000 00:00 0 
7fa5d4000000-7fa5d4021000 rw-p 00000000 00:00 0 
7fa5d4021000-7fa5d8000000 ---p 00000000 00:00 0 
7fa5d8000000-7fa5d8021000 rw-p 00000000 00:00 0 
7fa5d8021000-7fa5dc000000 ---p 00000000 00:00 0 
7fa5dc02b000-7fa5dc0e7000 rw-p 00000000 00:00 0 
7fa5dc0e7000-7fa5dcbdc000 ---p 00000000 00:00 0 
7fa5dcbdc000-7fa5dcc98000 rw-p 00000000 00:00 0 
7fa5dcc98000-7fa5de33e000 ---p 00000000 00:00 0 
7fa5de33e000-7fa5de3fa000 rw-p 00000000 00:00 0 
7fa5de3fa000-7fa5deeef000 ---p 00000000 00:00 0 
7fa5deeef000-7fa5deef0000 ---p 00000000 00:00 0 
7fa5deef0000-7fa5deff0000 rw-p 00000000 00:00 0 
7fa5deff0000-7fa5deff1000 ---p 00000000 00:00 0 
7fa5deff1000-7fa5df0f1000 rw-p 00000000 00:00 0 
7fa5df0f1000-7fa5df0f2000 ---p 00000000 00:00 0 
7fa5df0f2000-7fa5df1f2000 rw-p 00000000 00:00 0 
7fa5df1f2000-7fa5df1f3000 ---p 00000000 00:00 0 
7fa5df1f3000-7fa5df2f3000 rw-p 00000000 00:00 0 
7fa5df2f3000-7fa5df2f4000 ---p 00000000 00:00 0 
7fa5df2f4000-7fa5df3f4000 rw-p 00000000 00:00 0 
7fa5df3f4000-7fa5df3f5000 ---p 00000000 00:00 0 
7fa5df3f5000-7fa5df4f5000 rw-p 00000000 00:00 0 
7fa5df4f5000-7fa5df4f6000 ---p 00000000 00:00 0 
7fa5df4f6000-7fa5df5f6000 rw-p 00000000 00:00 0 
7fa5df5f6000-7fa5df5f7000 ---p 00000000 00:00 0 
7fa5df5f7000-7fa5df6f7000 rw-p 00000000 00:00 0 
7fa5df6f7000-7fa5df6f8000 ---p 00000000 00:00 0 
7fa5df6f8000-7fa5e0000000 rw-p 00000000 00:00 0 
7fa5e0000000-7fa5e0021000 rw-p 00000000 00:00 0 
7fa5e0021000-7fa5e4000000 ---p 00000000 00:00 0 
7fa5e4000000-7fa5e4021000 rw-p 00000000 00:00 0 
7fa5e4021000-7fa5e8000000 ---p 00000000 00:00 0 
7fa5e8000000-7fa5e8021000 rw-p 00000000 00:00 0 
7fa5e8021000-7fa5ec000000 ---p 00000000 00:00 0 
7fa5ec000000-7fa5ec021000 rw-p 00000000 00:00 0 
7fa5ec021000-7fa5f0000000 ---p 00000000 00:00 0 
7fa5f0000000-7fa5f0021000 rw-p 00000000 00:00 0 
7fa5f0021000-7fa5f4000000 ---p 00000000 00:00 0 
7fa5f4000000-7fa5f4021000 rw-p 00000000 00:00 0 
7fa5f4021000-7fa5f8000000 ---p 00000000 00:00 0 
7fa5f8000000-7fa5f8021000 rw-p 00000000 00:00 0 
7fa5f8021000-7fa5fc000000 ---p 00000000 00:00 0 
7fa5fc049000-7fa5fc0bf000 rw-p 00000000 00:00 0 
7fa5fc0bf000-7fa5fc0c0000 ---p 00000000 00:00 0 
7fa5fc0c0000-7fa5fc1c0000 rw-p 00000000 00:00 0 
7fa5fc1c0000-7fa5fc1c1000 ---p 00000000 00:00 0 
7fa5fc1c1000-7fa5fc2c1000 rw-p 00000000 00:00 0 
7fa5fc2c1000-7fa5fc2c2000 ---p 00000000 00:00 0 
7fa5fc2c2000-7fa5fc3c2000 rw-p 00000000 00:00 0 
7fa5fc3c2000-7fa5fc3c3000 ---p 00000000 00:00 0 
7fa5fc3c3000-7fa5fc4c3000 rw-p 00000000 00:00 0 
7fa5fc4c3000-7fa5fc4c4000 ---p 00000000 00:00 0 
7fa5fc4c4000-7fa5fc5c4000 rw-p 00000000 00:00 0 
7fa5fc5c4000-7fa5fc5c5000 ---p 00000000 00:00 0 
7fa5fc5c5000-7fa5fc6c5000 rw-p 00000000 00:00 0 
7fa5fc6c5000-7fa5fc6c6000 ---p 00000000 00:00 0 
7fa5fc6c6000-7fa5fc7c6000 rw-p 00000000 00:00 0 
7fa5fc7c6000-7fa5fc7c7000 ---p 00000000 00:00 0 
7fa5fc7c7000-7fa5fc8d1000 rw-p 00000000 00:00 0 
7fa5fc8d1000-7fa5fca99000 ---p 00000000 00:00 0 
7fa5fca99000-7fa5fcd89000 rwxp 00000000 00:00 0 
7fa5fcd89000-7fa5fd1cd000 ---p 00000000 00:00 0 
7fa5fd1cd000-7fa5fd69d000 rwxp 00000000 00:00 0 
7fa5fd69d000-7fa60ba99000 ---p 00000000 00:00 0 
7fa60ba99000-7fa616f56000 r--s 00000000 08:11 3032851                    /usr/lib/jvm/java-9-oracle/lib/modules
7fa616f56000-7fa616f70000 r-xp 00000000 08:11 3032800                    /usr/lib/jvm/java-9-oracle/lib/libjimage.so
7fa616f70000-7fa61716f000 ---p 0001a000 08:11 3032800                    /usr/lib/jvm/java-9-oracle/lib/libjimage.so
7fa61716f000-7fa617171000 rw-p 00019000 08:11 3032800                    /usr/lib/jvm/java-9-oracle/lib/libjimage.so
7fa617171000-7fa617183000 rw-p 00000000 00:00 0 
7fa617183000-7fa61718a000 r-xp 00000000 08:11 3032878                    /usr/lib/jvm/java-9-oracle/lib/libzip.so
7fa61718a000-7fa617389000 ---p 00007000 08:11 3032878                    /usr/lib/jvm/java-9-oracle/lib/libzip.so
7fa617389000-7fa61738a000 rw-p 00006000 08:11 3032878                    /usr/lib/jvm/java-9-oracle/lib/libzip.so
7fa61738a000-7fa617395000 r-xp 00000000 08:11 1053176                    /lib/x86_64-linux-gnu/libnss_files-2.23.so
7fa617395000-7fa617594000 ---p 0000b000 08:11 1053176                    /lib/x86_64-linux-gnu/libnss_files-2.23.so
7fa617594000-7fa617595000 r--p 0000a000 08:11 1053176                    /lib/x86_64-linux-gnu/libnss_files-2.23.so
7fa617595000-7fa617596000 rw-p 0000b000 08:11 1053176                    /lib/x86_64-linux-gnu/libnss_files-2.23.so
7fa617596000-7fa61759c000 rw-p 00000000 00:00 0 
7fa61759c000-7fa6175a7000 r-xp 00000000 08:11 1048883                    /lib/x86_64-linux-gnu/libnss_nis-2.23.so
7fa6175a7000-7fa6177a6000 ---p 0000b000 08:11 1048883                    /lib/x86_64-linux-gnu/libnss_nis-2.23.so
7fa6177a6000-7fa6177a7000 r--p 0000a000 08:11 1048883                    /lib/x86_64-linux-gnu/libnss_nis-2.23.so
7fa6177a7000-7fa6177a8000 rw-p 0000b000 08:11 1048883                    /lib/x86_64-linux-gnu/libnss_nis-2.23.so
7fa6177a8000-7fa6177be000 r-xp 00000000 08:11 1048888                    /lib/x86_64-linux-gnu/libnsl-2.23.so
7fa6177be000-7fa6179bd000 ---p 00016000 08:11 1048888                    /lib/x86_64-linux-gnu/libnsl-2.23.so
7fa6179bd000-7fa6179be000 r--p 00015000 08:11 1048888                    /lib/x86_64-linux-gnu/libnsl-2.23.so
7fa6179be000-7fa6179bf000 rw-p 00016000 08:11 1048888                    /lib/x86_64-linux-gnu/libnsl-2.23.so
7fa6179bf000-7fa6179c1000 rw-p 00000000 00:00 0 
7fa6179c1000-7fa6179c9000 r-xp 00000000 08:11 1053428                    /lib/x86_64-linux-gnu/libnss_compat-2.23.so
7fa6179c9000-7fa617bc8000 ---p 00008000 08:11 1053428                    /lib/x86_64-linux-gnu/libnss_compat-2.23.so
7fa617bc8000-7fa617bc9000 r--p 00007000 08:11 1053428                    /lib/x86_64-linux-gnu/libnss_compat-2.23.so
7fa617bc9000-7fa617bca000 rw-p 00008000 08:11 1053428                    /lib/x86_64-linux-gnu/libnss_compat-2.23.so
7fa617bca000-7fa617bd4000 r-xp 00000000 08:11 3032815                    /usr/lib/jvm/java-9-oracle/lib/libinstrument.so
7fa617bd4000-7fa617dd3000 ---p 0000a000 08:11 3032815                    /usr/lib/jvm/java-9-oracle/lib/libinstrument.so
7fa617dd3000-7fa617dd4000 rw-p 00009000 08:11 3032815                    /usr/lib/jvm/java-9-oracle/lib/libinstrument.so
7fa617dd4000-7fa617dff000 r-xp 00000000 08:11 3032817                    /usr/lib/jvm/java-9-oracle/lib/libjava.so
7fa617dff000-7fa617ffe000 ---p 0002b000 08:11 3032817                    /usr/lib/jvm/java-9-oracle/lib/libjava.so
7fa617ffe000-7fa618000000 rw-p 0002a000 08:11 3032817                    /usr/lib/jvm/java-9-oracle/lib/libjava.so
7fa618000000-7fa618be4000 rw-p 00000000 00:00 0 
7fa618be4000-7fa61c000000 ---p 00000000 00:00 0 
7fa61c02b000-7fa61c050000 r--p 00000000 08:11 3677235                    /usr/share/locale-langpack/pl/LC_MESSAGES/libc.mo
7fa61c050000-7fa61c0ab000 rw-p 00000000 00:00 0 
7fa61c0ab000-7fa61c0b8000 r-xp 00000000 08:11 3032836                    /usr/lib/jvm/java-9-oracle/lib/libverify.so
7fa61c0b8000-7fa61c2b7000 ---p 0000d000 08:11 3032836                    /usr/lib/jvm/java-9-oracle/lib/libverify.so
7fa61c2b7000-7fa61c2b9000 rw-p 0000c000 08:11 3032836                    /usr/lib/jvm/java-9-oracle/lib/libverify.so
7fa61c2b9000-7fa61c2c0000 r-xp 00000000 08:11 1048869                    /lib/x86_64-linux-gnu/librt-2.23.so
7fa61c2c0000-7fa61c4bf000 ---p 00007000 08:11 1048869                    /lib/x86_64-linux-gnu/librt-2.23.so
7fa61c4bf000-7fa61c4c0000 r--p 00006000 08:11 1048869                    /lib/x86_64-linux-gnu/librt-2.23.so
7fa61c4c0000-7fa61c4c1000 rw-p 00007000 08:11 1048869                    /lib/x86_64-linux-gnu/librt-2.23.so
7fa61c4c1000-7fa61c5c9000 r-xp 00000000 08:11 1053460                    /lib/x86_64-linux-gnu/libm-2.23.so
7fa61c5c9000-7fa61c7c8000 ---p 00108000 08:11 1053460                    /lib/x86_64-linux-gnu/libm-2.23.so
7fa61c7c8000-7fa61c7c9000 r--p 00107000 08:11 1053460                    /lib/x86_64-linux-gnu/libm-2.23.so
7fa61c7c9000-7fa61c7ca000 rw-p 00108000 08:11 1053460                    /lib/x86_64-linux-gnu/libm-2.23.so
7fa61c7ca000-7fa61d7df000 r-xp 00000000 08:11 3034524                    /usr/lib/jvm/java-9-oracle/lib/server/libjvm.so
7fa61d7df000-7fa61d9de000 ---p 01015000 08:11 3034524                    /usr/lib/jvm/java-9-oracle/lib/server/libjvm.so
7fa61d9de000-7fa61daaf000 r--p 01014000 08:11 3034524                    /usr/lib/jvm/java-9-oracle/lib/server/libjvm.so
7fa61daaf000-7fa61dae6000 rw-p 010e5000 08:11 3034524                    /usr/lib/jvm/java-9-oracle/lib/server/libjvm.so
7fa61dae6000-7fa61db4f000 rw-p 00000000 00:00 0 
7fa61db4f000-7fa61dd0f000 r-xp 00000000 08:11 1053424                    /lib/x86_64-linux-gnu/libc-2.23.so
7fa61dd0f000-7fa61df0f000 ---p 001c0000 08:11 1053424                    /lib/x86_64-linux-gnu/libc-2.23.so
7fa61df0f000-7fa61df13000 r--p 001c0000 08:11 1053424                    /lib/x86_64-linux-gnu/libc-2.23.so
7fa61df13000-7fa61df15000 rw-p 001c4000 08:11 1053424                    /lib/x86_64-linux-gnu/libc-2.23.so
7fa61df15000-7fa61df19000 rw-p 00000000 00:00 0 
7fa61df19000-7fa61df1c000 r-xp 00000000 08:11 1048873                    /lib/x86_64-linux-gnu/libdl-2.23.so
7fa61df1c000-7fa61e11b000 ---p 00003000 08:11 1048873                    /lib/x86_64-linux-gnu/libdl-2.23.so
7fa61e11b000-7fa61e11c000 r--p 00002000 08:11 1048873                    /lib/x86_64-linux-gnu/libdl-2.23.so
7fa61e11c000-7fa61e11d000 rw-p 00003000 08:11 1048873                    /lib/x86_64-linux-gnu/libdl-2.23.so
7fa61e11d000-7fa61e12b000 r-xp 00000000 08:11 3034525                    /usr/lib/jvm/java-9-oracle/lib/jli/libjli.so
7fa61e12b000-7fa61e32b000 ---p 0000e000 08:11 3034525                    /usr/lib/jvm/java-9-oracle/lib/jli/libjli.so
7fa61e32b000-7fa61e32c000 rw-p 0000e000 08:11 3034525                    /usr/lib/jvm/java-9-oracle/lib/jli/libjli.so
7fa61e32c000-7fa61e344000 r-xp 00000000 08:11 1048877                    /lib/x86_64-linux-gnu/libpthread-2.23.so
7fa61e344000-7fa61e543000 ---p 00018000 08:11 1048877                    /lib/x86_64-linux-gnu/libpthread-2.23.so
7fa61e543000-7fa61e544000 r--p 00017000 08:11 1048877                    /lib/x86_64-linux-gnu/libpthread-2.23.so
7fa61e544000-7fa61e545000 rw-p 00018000 08:11 1048877                    /lib/x86_64-linux-gnu/libpthread-2.23.so
7fa61e545000-7fa61e549000 rw-p 00000000 00:00 0 
7fa61e549000-7fa61e562000 r-xp 00000000 08:11 1053271                    /lib/x86_64-linux-gnu/libz.so.1.2.8
7fa61e562000-7fa61e761000 ---p 00019000 08:11 1053271                    /lib/x86_64-linux-gnu/libz.so.1.2.8
7fa61e761000-7fa61e762000 r--p 00018000 08:11 1053271                    /lib/x86_64-linux-gnu/libz.so.1.2.8
7fa61e762000-7fa61e763000 rw-p 00019000 08:11 1053271                    /lib/x86_64-linux-gnu/libz.so.1.2.8
7fa61e763000-7fa61e789000 r-xp 00000000 08:11 1048875                    /lib/x86_64-linux-gnu/ld-2.23.so
7fa61e795000-7fa61e85c000 rw-p 00000000 00:00 0 
7fa61e85c000-7fa61e861000 ---p 00000000 00:00 0 
7fa61e861000-7fa61e962000 rw-p 00000000 00:00 0 
7fa61e967000-7fa61e96e000 r--s 00000000 08:11 3416362                    /usr/lib/x86_64-linux-gnu/gconv/gconv-modules.cache
7fa61e96e000-7fa61e975000 rw-p 00000000 00:00 0 
7fa61e975000-7fa61e97e000 ---p 00000000 00:00 0 
7fa61e97e000-7fa61e986000 rw-s 00000000 08:11 2490474                    /tmp/hsperfdata_filip/11646
7fa61e986000-7fa61e987000 rw-p 00000000 00:00 0 
7fa61e987000-7fa61e988000 ---p 00000000 00:00 0 
7fa61e988000-7fa61e989000 r--p 00025000 08:11 1048875                    /lib/x86_64-linux-gnu/ld-2.23.so
7fa61e989000-7fa61e98a000 rw-p 00026000 08:11 1048875                    /lib/x86_64-linux-gnu/ld-2.23.so
7fa61e98a000-7fa61e98b000 rw-p 00000000 00:00 0 
7ffe5efa2000-7ffe5efc6000 rw-p 00000000 00:00 0                          [stack]
7ffe5efea000-7ffe5efec000 r--p 00000000 00:00 0                          [vvar]
7ffe5efec000-7ffe5efee000 r-xp 00000000 00:00 0                          [vdso]
ffffffffff600000-ffffffffff601000 r-xp 00000000 00:00 0                  [vsyscall]

VM Arguments:
jvm_args: -XX:TieredStopAtLevel=1 -Xverify:none -Dspring.output.ansi.enabled=always -Dcom.sun.management.jmxremote -Dspring.liveBeansView.mbeanDomain -Dspring.application.admin.enabled=true -javaagent:/opt/idea-IU-183.6156.11/lib/idea_rt.jar=39910:/opt/idea-IU-183.6156.11/bin -Dfile.encoding=UTF-8 
java_command: com.filip.machaj.demo.AbonamentyApplicationKt
java_class_path (initial): /home/filip/Pulpit/INYNIERKA/IMPLEMENTACJA/kot 8/abonamenty/out/production/classes:/home/filip/Pulpit/INYNIERKA/IMPLEMENTACJA/kot 8/abonamenty/out/production/resources:/home/filip/.gradle/caches/modules-2/files-2.1/org.jetbrains.kotlin/kotlin-reflect/1.3.10/dd02865be0351707554b16a896b766b2396cdafa/kotlin-reflect-1.3.10.jar:/home/filip/.gradle/caches/modules-2/files-2.1/com.github.mvysny.karibudsl/karibu-dsl-v8/0.7.0/1fa1de39c64891e9efea412a0482fd6cedbefa5d/karibu-dsl-v8-0.7.0.jar:/home/filip/.gradle/caches/modules-2/files-2.1/org.jetbrains.kotlin/kotlin-stdlib-jdk8/1.3.10/71d0fa967493eb76648b575edf1762cb2d0c7f10/kotlin-stdlib-jdk8-1.3.10.jar:/home/filip/.gradle/caches/modules-2/files-2.1/org.jetbrains.kotlin/kotlin-stdlib-jdk7/1.3.10/4d147bf43060dc43d61b096e24da1e67dfe0c032/kotlin-stdlib-jdk7-1.3.10.jar:/home/filip/.gradle/caches/modules-2/files-2.1/org.jetbrains.kotlin/kotlin-stdlib/1.3.10/b178c1501609c6e4ee8be635513cb023a466457d/kotlin-stdlib-1.3.10.jar:/home/filip/.gradle/caches/modules-2/files-2.1/org.springframework.boot/spring-boot-starter-web/2.1.0.RELEASE/5bb07547b965e84edd8abb49c1431d17926e2c6b/spring-boot-starter-web-2.1.0.RELEASE.jar:/home/filip/.gradle/caches/modules-2/files-2.1/org.springframework.boot/spring-boot-starter-data-jpa/2.1.5.RELEASE/f33f69b3744d07f832db6ab48eab227ccde9e922/spring-boot-starter-data-jpa-2.1.5.RELEASE.jar:/home/filip/.gradle/caches/modules-2/files-2.1/org.hibernate/hibernate-core/5.3.7.Final/f87c5c1bbfc638309824140e68dfaaeb1bb479f3/hibernate-core-5.3.7.Final.jar:/home/filip/.gradle/caches/modules-2/files-2.1/javax.persistence/javax.persistence-api/2.2/25665ac8c0b62f50e6488173233239120fc52c96/javax.persistence-api-2.2.jar:/home/filip/.gradle/caches/modules-2/files-2.1/org.springframework.data/spring-data-jpa/2.1.8.RELEASE/385ab53309b4f0dfb317c4753fe853821ff15c08/spring-data-jpa-2.1.8.RELEASE.jar:/home/filip/.gradle/caches/modules-2/files-2.1/org.hsqldb/hsqldb/2.3.4/5564c057c826418f8e32de5815a14ae
Launcher Type: SUN_STANDARD

Logging:
Log output configuration:
#0: stdout all=warning uptime,level,tags
#1: stderr all=off uptime,level,tags

Environment Variables:
JAVA_HOME=/usr/lib/jvm/java-9-oracle
PATH=/home/filip/bin:/home/filip/.local/bin:/usr/local/sbin:/usr/local/bin:/usr/sbin:/usr/bin:/sbin:/bin:/usr/games:/usr/local/games:/snap/bin:/usr/lib/jvm/java-9-oracle/bin:/usr/lib/jvm/java-9-oracle/db/bin
USERNAME=filip
SHELL=/bin/bash
DISPLAY=:0

Signal Handlers:
SIGSEGV: [libjvm.so+0xd4d370], sa_mask[0]=11111111011111111101111111111110, sa_flags=SA_RESTART|SA_SIGINFO
SIGBUS: [libjvm.so+0xd4d370], sa_mask[0]=11111111011111111101111111111110, sa_flags=SA_RESTART|SA_SIGINFO
SIGFPE: [libjvm.so+0xd4d370], sa_mask[0]=11111111011111111101111111111110, sa_flags=SA_RESTART|SA_SIGINFO
SIGPIPE: [libjvm.so+0xb64780], sa_mask[0]=11111111011111111101111111111110, sa_flags=SA_RESTART|SA_SIGINFO
SIGXFSZ: [libjvm.so+0xb64780], sa_mask[0]=11111111011111111101111111111110, sa_flags=SA_RESTART|SA_SIGINFO
SIGILL: [libjvm.so+0xd4d370], sa_mask[0]=11111111011111111101111111111110, sa_flags=SA_RESTART|SA_SIGINFO
SIGUSR2: [libjvm.so+0xb64640], sa_mask[0]=00100000000000000000000000000000, sa_flags=SA_RESTART|SA_SIGINFO
SIGHUP: [libjvm.so+0xb64850], sa_mask[0]=11111111011111111101111111111110, sa_flags=SA_RESTART|SA_SIGINFO
SIGINT: [libjvm.so+0xb64850], sa_mask[0]=11111111011111111101111111111110, sa_flags=SA_RESTART|SA_SIGINFO
SIGTERM: [libjvm.so+0xb64850], sa_mask[0]=11111111011111111101111111111110, sa_flags=SA_RESTART|SA_SIGINFO
SIGQUIT: [libjvm.so+0xb64850], sa_mask[0]=11111111011111111101111111111110, sa_flags=SA_RESTART|SA_SIGINFO


---------------  S Y S T E M  ---------------

OS:DISTRIB_ID=LinuxMint
DISTRIB_RELEASE=18.1
DISTRIB_CODENAME=serena
DISTRIB_DESCRIPTION="Linux Mint 18.1 Serena"
uname:Linux 4.4.0-53-generic #74-Ubuntu SMP Fri Dec 2 15:59:10 UTC 2016 x86_64
libc:glibc 2.23 NPTL 2.23 
rlimit: STACK 8192k, CORE 0k, NPROC 95585, NOFILE 1048576, AS infinity
load average:2,14 3,45 2,73

/proc/meminfo:
MemTotal:       24512108 kB
MemFree:          197668 kB
MemAvailable:     118376 kB
Buffers:            9128 kB
Cached:          2100840 kB
SwapCached:            0 kB
Active:         21734452 kB
Inactive:        1824800 kB
Active(anon):   21653824 kB
Inactive(anon):  1745492 kB
Active(file):      80628 kB
Inactive(file):    79308 kB
Unevictable:         692 kB
Mlocked:             692 kB
SwapTotal:             0 kB
SwapFree:              0 kB
Dirty:              1912 kB
Writeback:             0 kB
AnonPages:      21450768 kB
Mapped:          1132244 kB
Shmem:           1949228 kB
Slab:             205428 kB
SReclaimable:      82780 kB
SUnreclaim:       122648 kB
KernelStack:       47312 kB
PageTables:       267908 kB
NFS_Unstable:          0 kB
Bounce:                0 kB
WritebackTmp:          0 kB
CommitLimit:    12256052 kB
Committed_AS:   45073008 kB
VmallocTotal:   34359738367 kB
VmallocUsed:           0 kB
VmallocChunk:          0 kB
HardwareCorrupted:     0 kB
AnonHugePages:   5787648 kB
CmaTotal:              0 kB
CmaFree:               0 kB
HugePages_Total:       0
HugePages_Free:        0
HugePages_Rsvd:        0
HugePages_Surp:        0
Hugepagesize:       2048 kB
DirectMap4k:      528964 kB
DirectMap2M:    24457216 kB
DirectMap1G:           0 kB


CPU:total 8 (initial active 8) (4 cores per cpu, 2 threads per core) family 6 model 60 stepping 3, cmov, cx8, fxsr, mmx, sse, sse2, sse3, ssse3, sse4.1, sse4.2, popcnt, avx, avx2, aes, clmul, erms, lzcnt, ht, tsc, tscinvbit, bmi1, bmi2, fma
CPU Model and flags from /proc/cpuinfo:
model name	: Intel(R) Core(TM) i7-4710MQ CPU @ 2.50GHz
flags		: fpu vme de pse tsc msr pae mce cx8 apic sep mtrr pge mca cmov pat pse36 clflush dts acpi mmx fxsr sse sse2 ss ht tm pbe syscall nx pdpe1gb rdtscp lm constant_tsc arch_perfmon pebs bts rep_good nopl xtopology nonstop_tsc aperfmperf eagerfpu pni pclmulqdq dtes64 monitor ds_cpl vmx est tm2 ssse3 sdbg fma cx16 xtpr pdcm pcid sse4_1 sse4_2 movbe popcnt tsc_deadline_timer aes xsave avx f16c rdrand lahf_lm abm epb tpr_shadow vnmi flexpriority ept vpid fsgsbase tsc_adjust bmi1 avx2 smep bmi2 erms invpcid xsaveopt dtherm ida arat pln pts

Memory: 4k page, physical 24512108k(197668k free), swap 0k(0k free)

vm_info: Java HotSpot(TM) 64-Bit Server VM (9.0.4+11) for linux-amd64 JRE (9.0.4+11), built on Dec 19 2017 18:12:19 by "mach5one" with gcc 4.9.2

END.
