#
# There is insufficient memory for the Java Runtime Environment to continue.
# Native memory allocation (mmap) failed to map 788529152 bytes for committing reserved memory.
# Possible reasons:
#   The system is out of physical RAM or swap space
#   The process is running with CompressedOops enabled, and the Java Heap may be blocking the growth of the native heap
# Possible solutions:
#   Reduce memory load on the system
#   Increase physical memory or swap space
#   Check if swap backing store is full
#   Decrease Java heap size (-Xmx/-Xms)
#   Decrease number of Java threads
#   Decrease Java thread stack sizes (-Xss)
#   Set larger code cache with -XX:ReservedCodeCacheSize=
#   JVM is running with Zero Based Compressed Oops mode in which the Java heap is
#     placed in the first 32GB address space. The Java Heap base address is the
#     maximum limit for the native heap growth. Please use -XX:HeapBaseMinAddress
#     to set the Java Heap base and to place the Java Heap above 32GB virtual address.
# This output file may be truncated or incomplete.
#
#  Out of Memory Error (os_linux.cpp:2647), pid=10979, tid=11005
#
# JRE version: Java(TM) SE Runtime Environment (9.0+11) (build 9.0.4+11)
# Java VM: Java HotSpot(TM) 64-Bit Server VM (9.0.4+11, mixed mode, tiered, compressed oops, g1 gc, linux-amd64)
# No core dump will be written. Core dumps have been disabled. To enable core dumping, try "ulimit -c unlimited" before starting Java again
#

---------------  S U M M A R Y ------------

Command Line: -XX:TieredStopAtLevel=1 -Xverify:none -Dspring.output.ansi.enabled=always -Dcom.sun.management.jmxremote -Dspring.liveBeansView.mbeanDomain -Dspring.application.admin.enabled=true -javaagent:/opt/idea-IU-183.6156.11/lib/idea_rt.jar=46099:/opt/idea-IU-183.6156.11/bin -Dfile.encoding=UTF-8 com.filip.machaj.demo.AbonamentyApplicationKt

Host: Intel(R) Core(TM) i7-4710MQ CPU @ 2.50GHz, 8 cores, 23G, Linux Mint 18.1 Serena
Time: Mon May 11 19:17:38 2020 CEST elapsed time: 2 seconds (0d 0h 0m 2s)

---------------  T H R E A D  ---------------

Current thread (0x00007f1fb82b2000):  VMThread "VM Thread" [stack: 0x00007f1f3b5ff000,0x00007f1f3b6ff000] [id=11005]

Stack: [0x00007f1f3b5ff000,0x00007f1f3b6ff000],  sp=0x00007f1f3b6fd070,  free space=1016k
Native frames: (J=compiled Java code, A=aot compiled Java code, j=interpreted, Vv=VM code, C=native code)
V  [libjvm.so+0xd4c6c2]  VMError::report_and_die(int, char const*, char const*, __va_list_tag*, Thread*, unsigned char*, void*, void*, char const*, int, unsigned long)+0x162
V  [libjvm.so+0xd4d32b]  VMError::report_and_die(Thread*, char const*, int, unsigned long, VMErrorType, char const*, __va_list_tag*)+0x2b
V  [libjvm.so+0x654ac8]  report_vm_out_of_memory(char const*, int, unsigned long, VMErrorType, char const*, ...)+0xd8
V  [libjvm.so+0xb68241]  os::pd_commit_memory_or_exit(char*, unsigned long, unsigned long, bool, char const*)+0x101
V  [libjvm.so+0xb628cd]  os::commit_memory_or_exit(char*, unsigned long, unsigned long, bool, char const*)+0x1d
V  [libjvm.so+0x763492]  G1PageBasedVirtualSpace::commit_preferred_pages(unsigned long, unsigned long)+0x62
V  [libjvm.so+0x7637ae]  G1PageBasedVirtualSpace::commit(unsigned long, unsigned long)+0x11e
V  [libjvm.so+0x766713]  G1RegionsLargerThanCommitSizeMapper::commit_regions(unsigned int, unsigned long, WorkGang*)+0x43
V  [libjvm.so+0x7f760c]  HeapRegionManager::commit_regions(unsigned int, unsigned long, WorkGang*)+0x7c
V  [libjvm.so+0x7f81d4]  HeapRegionManager::make_regions_available(unsigned int, unsigned int, WorkGang*)+0x34
V  [libjvm.so+0x7f86f1]  HeapRegionManager::expand_by(unsigned int, WorkGang*)+0x71
V  [libjvm.so+0x729a87]  G1CollectedHeap::expand(unsigned long, WorkGang*, double*)+0xd7
V  [libjvm.so+0x7309ca]  G1CollectedHeap::do_collection_pause_at_safepoint(double)+0x104a
V  [libjvm.so+0xd5e4c2]  VM_G1IncCollectionPause::doit()+0x82
V  [libjvm.so+0xd5d4f9]  VM_Operation::evaluate()+0x59
V  [libjvm.so+0xd5b243]  VMThread::evaluate_operation(VM_Operation*)+0xc3
V  [libjvm.so+0xd5b7b0]  VMThread::loop()+0x210
V  [libjvm.so+0xd5bcc2]  VMThread::run()+0x72
V  [libjvm.so+0xb6e132]  thread_native_entry(Thread*)+0xf2

VM_Operation (0x00007f1fc0fe5c50): G1IncCollectionPause, mode: safepoint, requested by thread 0x00007f1fb8017800


---------------  P R O C E S S  ---------------

Java Threads: ( => current thread )
  0x00007f1ef8019000 JavaThread "RMI Scheduler(0)" daemon [_thread_blocked, id=11032, stack(0x00007f1f395b6000,0x00007f1f396b7000)]
  0x00007f1f08001000 JavaThread "RMI TCP Connection(1)-127.0.0.1" daemon [_thread_in_native, id=11031, stack(0x00007f1f389b4000,0x00007f1f38ab5000)]
  0x00007f1f24001000 JavaThread "Attach Listener" daemon [_thread_blocked, id=11029, stack(0x00007f1f38cb5000,0x00007f1f38db6000)]
  0x00007f1fb88c0000 JavaThread "RMI TCP Accept-0" daemon [_thread_in_native, id=11020, stack(0x00007f1f39bb8000,0x00007f1f39cb9000)]
  0x00007f1fb87e5800 JavaThread "Service Thread" daemon [_thread_blocked, id=11017, stack(0x00007f1f3a2c2000,0x00007f1f3a3c3000)]
  0x00007f1fb87e4000 JavaThread "Monitor Ctrl-Break" daemon [_thread_in_native, id=11016, stack(0x00007f1f3a3c3000,0x00007f1f3a4c4000)]
  0x00007f1fb833d800 JavaThread "Common-Cleaner" daemon [_thread_blocked, id=11014, stack(0x00007f1f3a4c4000,0x00007f1f3a5c5000)]
  0x00007f1fb82e9000 JavaThread "Sweeper thread" daemon [_thread_blocked, id=11013, stack(0x00007f1f3a9ed000,0x00007f1f3aaee000)]
  0x00007f1fb82e7000 JavaThread "C1 CompilerThread3" daemon [_thread_blocked, id=11012, stack(0x00007f1f3aaee000,0x00007f1f3abef000)]
  0x00007f1fb82e5000 JavaThread "C1 CompilerThread2" daemon [_thread_blocked, id=11011, stack(0x00007f1f3abef000,0x00007f1f3acf0000)]
  0x00007f1fb82e3000 JavaThread "C1 CompilerThread1" daemon [_thread_blocked, id=11010, stack(0x00007f1f3acf0000,0x00007f1f3adf1000)]
  0x00007f1fb82e1000 JavaThread "C1 CompilerThread0" daemon [_thread_blocked, id=11009, stack(0x00007f1f3adf1000,0x00007f1f3aef2000)]
  0x00007f1fb82df000 JavaThread "Signal Dispatcher" daemon [_thread_blocked, id=11008, stack(0x00007f1f3aef2000,0x00007f1f3aff3000)]
  0x00007f1fb82c4000 JavaThread "Finalizer" daemon [_thread_blocked, id=11007, stack(0x00007f1f3b3fc000,0x00007f1f3b4fd000)]
  0x00007f1fb82bc000 JavaThread "Reference Handler" daemon [_thread_blocked, id=11006, stack(0x00007f1f3b4fd000,0x00007f1f3b5fe000)]
  0x00007f1fb8017800 JavaThread "main" [_thread_blocked, id=10982, stack(0x00007f1fc0ee9000,0x00007f1fc0fe9000)]

Other Threads:
=>0x00007f1fb82b2000 VMThread "VM Thread" [stack: 0x00007f1f3b5ff000,0x00007f1f3b6ff000] [id=11005]
  0x00007f1fb88cd800 WatcherThread [stack: 0x00007f1f39ab8000,0x00007f1f39bb8000] [id=11021]
  0x00007f1fb802f000 GCTaskThread "GC Thread#0" [stack: 0x00007f1fbd3bc000,0x00007f1fbd4bc000] [id=10983]
  0x00007f1fb8030800 GCTaskThread "GC Thread#1" [stack: 0x00007f1fbd2bb000,0x00007f1fbd3bb000] [id=10984]
  0x00007f1fb8032000 GCTaskThread "GC Thread#2" [stack: 0x00007f1fbd1ba000,0x00007f1fbd2ba000] [id=10985]
  0x00007f1fb8034000 GCTaskThread "GC Thread#3" [stack: 0x00007f1fbd0b9000,0x00007f1fbd1b9000] [id=10986]
  0x00007f1fb8035800 GCTaskThread "GC Thread#4" [stack: 0x00007f1fbcfb8000,0x00007f1fbd0b8000] [id=10987]
  0x00007f1fb8037800 GCTaskThread "GC Thread#5" [stack: 0x00007f1fbceb7000,0x00007f1fbcfb7000] [id=10988]
  0x00007f1fb8039000 GCTaskThread "GC Thread#6" [stack: 0x00007f1fbcdb6000,0x00007f1fbceb6000] [id=10989]
  0x00007f1fb803b000 GCTaskThread "GC Thread#7" [stack: 0x00007f1fbccb5000,0x00007f1fbcdb5000] [id=10990]
  0x00007f1fb80b2800 ConcurrentGCThread "G1 Main Marker" [stack: 0x00007f1f9c816000,0x00007f1f9c916000] [id=11001]
  0x00007f1fb80b4000 ConcurrentGCThread "G1 Marker#0" [stack: 0x00007f1f9c715000,0x00007f1f9c815000] [id=11002]
  0x00007f1fb80b6000 ConcurrentGCThread "G1 Marker#1" [stack: 0x00007f1f9c614000,0x00007f1f9c714000] [id=11003]
  0x00007f1fb8049800 ConcurrentGCThread "G1 Refine#0" [stack: 0x00007f1f9d740000,0x00007f1f9d840000] [id=10998]
  0x00007f1fb8047800 ConcurrentGCThread "G1 Refine#1" [stack: 0x00007f1f9d841000,0x00007f1f9d941000] [id=10997]
  0x00007f1fb8046000 ConcurrentGCThread "G1 Refine#2" [stack: 0x00007f1f9d942000,0x00007f1f9da42000] [id=10996]
  0x00007f1fb8044000 ConcurrentGCThread "G1 Refine#3" [stack: 0x00007f1f9da43000,0x00007f1f9db43000] [id=10995]
  0x00007f1fb8042800 ConcurrentGCThread "G1 Refine#4" [stack: 0x00007f1fbc0a9000,0x00007f1fbc1a9000] [id=10994]
  0x00007f1fb8040800 ConcurrentGCThread "G1 Refine#5" [stack: 0x00007f1fbc1aa000,0x00007f1fbc2aa000] [id=10993]
  0x00007f1fb803f000 ConcurrentGCThread "G1 Refine#6" [stack: 0x00007f1fbc2ab000,0x00007f1fbc3ab000] [id=10992]
  0x00007f1fb803d000 ConcurrentGCThread "G1 Refine#7" [stack: 0x00007f1fbc3ac000,0x00007f1fbc4ac000] [id=10991]
  0x00007f1fb804b000 ConcurrentGCThread "G1 Young RemSet Sampling" [stack: 0x00007f1f9d63f000,0x00007f1f9d73f000] [id=10999]

Threads with active compile tasks:

VM state:at safepoint (normal execution)

VM Mutex/Monitor currently owned by a thread:  ([mutex/lock_event])
[0x00007f1fb8013cb0] Threads_lock - owner thread: 0x00007f1fb82b2000
[0x00007f1fb8014250] Heap_lock - owner thread: 0x00007f1fb8017800

Heap address: 0x0000000649e00000, size: 5986 MB, Compressed Oops mode: Zero based, Oop shift amount: 3
Narrow klass base: 0x0000000000000000, Narrow klass shift: 3
Compressed class space size: 1073741824 Address: 0x00000007c0000000

Heap:
 garbage-first heap   total 1155072K, used 20640K [0x0000000649e00000, 0x0000000649f02340, 0x00000007c0000000)
  region size 1024K, 6 young (6144K), 6 survivors (6144K)
 Metaspace       used 29108K, capacity 30911K, committed 31152K, reserved 1077248K
  class space    used 3596K, capacity 3941K, committed 4016K, reserved 1048576K
Heap Regions: E=young(eden), S=young(survivor), O=old, HS=humongous(starts), HC=humongous(continues), CS=collection set, F=free, A=archive, TS=gc time stamp, AC=allocation context, TAMS=top-at-mark-start (previous, next)
|   0|0x0000000649e00000, 0x0000000649f00000, 0x0000000649f00000|100%|HS|  |TS  0|AC  0|TAMS 0x0000000649f00000, 0x0000000649f00000|
|   1|0x0000000649f00000, 0x000000064a000000, 0x000000064a000000|100%| O|  |TS  0|AC  0|TAMS 0x000000064a000000, 0x000000064a000000|
|   2|0x000000064a000000, 0x000000064a100000, 0x000000064a100000|100%| O|  |TS  0|AC  0|TAMS 0x000000064a100000, 0x000000064a100000|
|   3|0x000000064a100000, 0x000000064a200000, 0x000000064a200000|100%| O|  |TS  0|AC  0|TAMS 0x000000064a200000, 0x000000064a200000|
|   4|0x000000064a200000, 0x000000064a300000, 0x000000064a300000|100%| O|  |TS  1|AC  0|TAMS 0x000000064a2bbe00, 0x000000064a2bbe00|
|   5|0x000000064a300000, 0x000000064a400000, 0x000000064a400000|100%| O|  |TS  1|AC  0|TAMS 0x000000064a300000, 0x000000064a300000|
|   6|0x000000064a400000, 0x000000064a500000, 0x000000064a500000|100%| O|  |TS  1|AC  0|TAMS 0x000000064a400000, 0x000000064a400000|
|   7|0x000000064a500000, 0x000000064a600000, 0x000000064a600000|100%| O|  |TS  1|AC  0|TAMS 0x000000064a500000, 0x000000064a500000|
|   8|0x000000064a600000, 0x000000064a700000, 0x000000064a700000|100%| O|  |TS  1|AC  0|TAMS 0x000000064a600000, 0x000000064a600000|
|   9|0x000000064a700000, 0x000000064a800000, 0x000000064a800000|100%| O|  |TS  1|AC  0|TAMS 0x000000064a700000, 0x000000064a700000|
|  10|0x000000064a800000, 0x000000064a900000, 0x000000064a900000|100%| O|  |TS  3|AC  0|TAMS 0x000000064a800000, 0x000000064a800000|
|  11|0x000000064a900000, 0x000000064aa00000, 0x000000064aa00000|100%| O|  |TS  3|AC  0|TAMS 0x000000064a900000, 0x000000064a900000|
|  12|0x000000064aa00000, 0x000000064ab00000, 0x000000064ab00000|100%| O|  |TS  3|AC  0|TAMS 0x000000064aa00000, 0x000000064aa00000|
|  13|0x000000064ab00000, 0x000000064ac00000, 0x000000064ac00000|100%| O|  |TS  3|AC  0|TAMS 0x000000064ab00000, 0x000000064ab00000|
|  14|0x000000064ac00000, 0x000000064ac89600, 0x000000064ad00000| 53%| O|  |TS  3|AC  0|TAMS 0x000000064ac00000, 0x000000064ac00000|
|  15|0x000000064ad00000, 0x000000064ad00000, 0x000000064ae00000|  0%| F|  |TS  0|AC  0|TAMS 0x000000064ad00000, 0x000000064ad00000|
|  16|0x000000064ae00000, 0x000000064ae00000, 0x000000064af00000|  0%| F|  |TS  0|AC  0|TAMS 0x000000064ae00000, 0x000000064ae00000|
|  17|0x000000064af00000, 0x000000064af00000, 0x000000064b000000|  0%| F|  |TS  0|AC  0|TAMS 0x000000064af00000, 0x000000064af00000|
|  18|0x000000064b000000, 0x000000064b000000, 0x000000064b100000|  0%| F|  |TS  0|AC  0|TAMS 0x000000064b000000, 0x000000064b000000|
|  19|0x000000064b100000, 0x000000064b100000, 0x000000064b200000|  0%| F|  |TS  0|AC  0|TAMS 0x000000064b100000, 0x000000064b100000|
|  20|0x000000064b200000, 0x000000064b200000, 0x000000064b300000|  0%| F|  |TS  0|AC  0|TAMS 0x000000064b200000, 0x000000064b200000|
|  21|0x000000064b300000, 0x000000064b300000, 0x000000064b400000|  0%| F|  |TS  0|AC  0|TAMS 0x000000064b300000, 0x000000064b300000|
|  22|0x000000064b400000, 0x000000064b400000, 0x000000064b500000|  0%| F|  |TS  0|AC  0|TAMS 0x000000064b400000, 0x000000064b400000|
|  23|0x000000064b500000, 0x000000064b500000, 0x000000064b600000|  0%| F|  |TS  0|AC  0|TAMS 0x000000064b500000, 0x000000064b500000|
|  24|0x000000064b600000, 0x000000064b600000, 0x000000064b700000|  0%| F|  |TS  0|AC  0|TAMS 0x000000064b600000, 0x000000064b600000|
|  25|0x000000064b700000, 0x000000064b700000, 0x000000064b800000|  0%| F|  |TS  0|AC  0|TAMS 0x000000064b700000, 0x000000064b700000|
|  26|0x000000064b800000, 0x000000064b800000, 0x000000064b900000|  0%| F|  |TS  0|AC  0|TAMS 0x000000064b800000, 0x000000064b800000|
|  27|0x000000064b900000, 0x000000064b900000, 0x000000064ba00000|  0%| F|  |TS  0|AC  0|TAMS 0x000000064b900000, 0x000000064b900000|
|  28|0x000000064ba00000, 0x000000064ba00000, 0x000000064bb00000|  0%| F|  |TS  0|AC  0|TAMS 0x000000064ba00000, 0x000000064ba00000|
|  29|0x000000064bb00000, 0x000000064bb00000, 0x000000064bc00000|  0%| F|  |TS  0|AC  0|TAMS 0x000000064bb00000, 0x000000064bb00000|
|  30|0x000000064bc00000, 0x000000064bc00000, 0x000000064bd00000|  0%| F|  |TS  0|AC  0|TAMS 0x000000064bc00000, 0x000000064bc00000|
|  31|0x000000064bd00000, 0x000000064bd00000, 0x000000064be00000|  0%| F|  |TS  0|AC  0|TAMS 0x000000064bd00000, 0x000000064bd00000|
|  32|0x000000064be00000, 0x000000064be00000, 0x000000064bf00000|  0%| F|  |TS  0|AC  0|TAMS 0x000000064be00000, 0x000000064be00000|
|  33|0x000000064bf00000, 0x000000064bf00000, 0x000000064c000000|  0%| F|  |TS  0|AC  0|TAMS 0x000000064bf00000, 0x000000064bf00000|
|  34|0x000000064c000000, 0x000000064c000000, 0x000000064c100000|  0%| F|  |TS  0|AC  0|TAMS 0x000000064c000000, 0x000000064c000000|
|  35|0x000000064c100000, 0x000000064c100000, 0x000000064c200000|  0%| F|  |TS  0|AC  0|TAMS 0x000000064c100000, 0x000000064c100000|
|  36|0x000000064c200000, 0x000000064c200000, 0x000000064c300000|  0%| F|  |TS  0|AC  0|TAMS 0x000000064c200000, 0x000000064c200000|
|  37|0x000000064c300000, 0x000000064c300000, 0x000000064c400000|  0%| F|  |TS  0|AC  0|TAMS 0x000000064c300000, 0x000000064c300000|
|  38|0x000000064c400000, 0x000000064c400000, 0x000000064c500000|  0%| F|  |TS  0|AC  0|TAMS 0x000000064c400000, 0x000000064c400000|
|  39|0x000000064c500000, 0x000000064c500000, 0x000000064c600000|  0%| F|  |TS  0|AC  0|TAMS 0x000000064c500000, 0x000000064c500000|
|  40|0x000000064c600000, 0x000000064c600000, 0x000000064c700000|  0%| F|  |TS  0|AC  0|TAMS 0x000000064c600000, 0x000000064c600000|
|  41|0x000000064c700000, 0x000000064c700000, 0x000000064c800000|  0%| F|  |TS  0|AC  0|TAMS 0x000000064c700000, 0x000000064c700000|
|  42|0x000000064c800000, 0x000000064c800000, 0x000000064c900000|  0%| F|  |TS  0|AC  0|TAMS 0x000000064c800000, 0x000000064c800000|
|  43|0x000000064c900000, 0x000000064c900000, 0x000000064ca00000|  0%| F|  |TS  0|AC  0|TAMS 0x000000064c900000, 0x000000064c900000|
|  44|0x000000064ca00000, 0x000000064ca00000, 0x000000064cb00000|  0%| F|  |TS  0|AC  0|TAMS 0x000000064ca00000, 0x000000064ca00000|
|  45|0x000000064cb00000, 0x000000064cb00000, 0x000000064cc00000|  0%| F|  |TS  0|AC  0|TAMS 0x000000064cb00000, 0x000000064cb00000|
|  46|0x000000064cc00000, 0x000000064cc00000, 0x000000064cd00000|  0%| F|  |TS  0|AC  0|TAMS 0x000000064cc00000, 0x000000064cc00000|
|  47|0x000000064cd00000, 0x000000064cd00000, 0x000000064ce00000|  0%| F|  |TS  0|AC  0|TAMS 0x000000064cd00000, 0x000000064cd00000|
|  48|0x000000064ce00000, 0x000000064ce00000, 0x000000064cf00000|  0%| F|  |TS  0|AC  0|TAMS 0x000000064ce00000, 0x000000064ce00000|
|  49|0x000000064cf00000, 0x000000064cf00000, 0x000000064d000000|  0%| F|  |TS  0|AC  0|TAMS 0x000000064cf00000, 0x000000064cf00000|
|  50|0x000000064d000000, 0x000000064d000000, 0x000000064d100000|  0%| F|  |TS  0|AC  0|TAMS 0x000000064d000000, 0x000000064d000000|
|  51|0x000000064d100000, 0x000000064d100000, 0x000000064d200000|  0%| F|  |TS  0|AC  0|TAMS 0x000000064d100000, 0x000000064d100000|
|  52|0x000000064d200000, 0x000000064d200000, 0x000000064d300000|  0%| F|  |TS  0|AC  0|TAMS 0x000000064d200000, 0x000000064d200000|
|  53|0x000000064d300000, 0x000000064d300000, 0x000000064d400000|  0%| F|  |TS  0|AC  0|TAMS 0x000000064d300000, 0x000000064d300000|
|  54|0x000000064d400000, 0x000000064d400000, 0x000000064d500000|  0%| F|  |TS  0|AC  0|TAMS 0x000000064d400000, 0x000000064d400000|
|  55|0x000000064d500000, 0x000000064d500000, 0x000000064d600000|  0%| F|  |TS  0|AC  0|TAMS 0x000000064d500000, 0x000000064d500000|
|  56|0x000000064d600000, 0x000000064d600000, 0x000000064d700000|  0%| F|  |TS  0|AC  0|TAMS 0x000000064d600000, 0x000000064d600000|
|  57|0x000000064d700000, 0x000000064d700000, 0x000000064d800000|  0%| F|  |TS  0|AC  0|TAMS 0x000000064d700000, 0x000000064d700000|
|  58|0x000000064d800000, 0x000000064d800000, 0x000000064d900000|  0%| F|  |TS  0|AC  0|TAMS 0x000000064d800000, 0x000000064d800000|
|  59|0x000000064d900000, 0x000000064d900000, 0x000000064da00000|  0%| F|  |TS  0|AC  0|TAMS 0x000000064d900000, 0x000000064d900000|
|  60|0x000000064da00000, 0x000000064da00000, 0x000000064db00000|  0%| F|  |TS  0|AC  0|TAMS 0x000000064da00000, 0x000000064da00000|
|  61|0x000000064db00000, 0x000000064db00000, 0x000000064dc00000|  0%| F|  |TS  0|AC  0|TAMS 0x000000064db00000, 0x000000064db00000|
|  62|0x000000064dc00000, 0x000000064dc00000, 0x000000064dd00000|  0%| F|  |TS  0|AC  0|TAMS 0x000000064dc00000, 0x000000064dc00000|
|  63|0x000000064dd00000, 0x000000064dd00000, 0x000000064de00000|  0%| F|  |TS  0|AC  0|TAMS 0x000000064dd00000, 0x000000064dd00000|
|  64|0x000000064de00000, 0x000000064de00000, 0x000000064df00000|  0%| F|  |TS  0|AC  0|TAMS 0x000000064de00000, 0x000000064de00000|
|  65|0x000000064df00000, 0x000000064df00000, 0x000000064e000000|  0%| F|  |TS  0|AC  0|TAMS 0x000000064df00000, 0x000000064df00000|
|  66|0x000000064e000000, 0x000000064e000000, 0x000000064e100000|  0%| F|  |TS  0|AC  0|TAMS 0x000000064e000000, 0x000000064e000000|
|  67|0x000000064e100000, 0x000000064e100000, 0x000000064e200000|  0%| F|  |TS  0|AC  0|TAMS 0x000000064e100000, 0x000000064e100000|
|  68|0x000000064e200000, 0x000000064e200000, 0x000000064e300000|  0%| F|  |TS  0|AC  0|TAMS 0x000000064e200000, 0x000000064e200000|
|  69|0x000000064e300000, 0x000000064e300000, 0x000000064e400000|  0%| F|  |TS  0|AC  0|TAMS 0x000000064e300000, 0x000000064e300000|
|  70|0x000000064e400000, 0x000000064e400000, 0x000000064e500000|  0%| F|  |TS  0|AC  0|TAMS 0x000000064e400000, 0x000000064e400000|
|  71|0x000000064e500000, 0x000000064e500000, 0x000000064e600000|  0%| F|  |TS  0|AC  0|TAMS 0x000000064e500000, 0x000000064e500000|
|  72|0x000000064e600000, 0x000000064e600000, 0x000000064e700000|  0%| F|  |TS  0|AC  0|TAMS 0x000000064e600000, 0x000000064e600000|
|  73|0x000000064e700000, 0x000000064e700000, 0x000000064e800000|  0%| F|  |TS  0|AC  0|TAMS 0x000000064e700000, 0x000000064e700000|
|  74|0x000000064e800000, 0x000000064e800000, 0x000000064e900000|  0%| F|  |TS  0|AC  0|TAMS 0x000000064e800000, 0x000000064e800000|
|  75|0x000000064e900000, 0x000000064e900000, 0x000000064ea00000|  0%| F|  |TS  0|AC  0|TAMS 0x000000064e900000, 0x000000064e900000|
|  76|0x000000064ea00000, 0x000000064ea00000, 0x000000064eb00000|  0%| F|  |TS  0|AC  0|TAMS 0x000000064ea00000, 0x000000064ea00000|
|  77|0x000000064eb00000, 0x000000064eb00000, 0x000000064ec00000|  0%| F|  |TS  0|AC  0|TAMS 0x000000064eb00000, 0x000000064eb00000|
|  78|0x000000064ec00000, 0x000000064ec00000, 0x000000064ed00000|  0%| F|  |TS  0|AC  0|TAMS 0x000000064ec00000, 0x000000064ec00000|
|  79|0x000000064ed00000, 0x000000064ed00000, 0x000000064ee00000|  0%| F|  |TS  0|AC  0|TAMS 0x000000064ed00000, 0x000000064ed00000|
|  80|0x000000064ee00000, 0x000000064ee00000, 0x000000064ef00000|  0%| F|  |TS  0|AC  0|TAMS 0x000000064ee00000, 0x000000064ee00000|
|  81|0x000000064ef00000, 0x000000064ef00000, 0x000000064f000000|  0%| F|  |TS  0|AC  0|TAMS 0x000000064ef00000, 0x000000064ef00000|
|  82|0x000000064f000000, 0x000000064f000000, 0x000000064f100000|  0%| F|  |TS  0|AC  0|TAMS 0x000000064f000000, 0x000000064f000000|
|  83|0x000000064f100000, 0x000000064f100000, 0x000000064f200000|  0%| F|  |TS  0|AC  0|TAMS 0x000000064f100000, 0x000000064f100000|
|  84|0x000000064f200000, 0x000000064f200000, 0x000000064f300000|  0%| F|  |TS  0|AC  0|TAMS 0x000000064f200000, 0x000000064f200000|
|  85|0x000000064f300000, 0x000000064f300000, 0x000000064f400000|  0%| F|  |TS  0|AC  0|TAMS 0x000000064f300000, 0x000000064f300000|
|  86|0x000000064f400000, 0x000000064f400000, 0x000000064f500000|  0%| F|  |TS  0|AC  0|TAMS 0x000000064f400000, 0x000000064f400000|
|  87|0x000000064f500000, 0x000000064f500000, 0x000000064f600000|  0%| F|  |TS  0|AC  0|TAMS 0x000000064f500000, 0x000000064f500000|
|  88|0x000000064f600000, 0x000000064f600000, 0x000000064f700000|  0%| F|  |TS  0|AC  0|TAMS 0x000000064f600000, 0x000000064f600000|
|  89|0x000000064f700000, 0x000000064f700000, 0x000000064f800000|  0%| F|  |TS  0|AC  0|TAMS 0x000000064f700000, 0x000000064f700000|
|  90|0x000000064f800000, 0x000000064f800000, 0x000000064f900000|  0%| F|  |TS  0|AC  0|TAMS 0x000000064f800000, 0x000000064f800000|
|  91|0x000000064f900000, 0x000000064f900000, 0x000000064fa00000|  0%| F|  |TS  0|AC  0|TAMS 0x000000064f900000, 0x000000064f900000|
|  92|0x000000064fa00000, 0x000000064fa00000, 0x000000064fb00000|  0%| F|  |TS  0|AC  0|TAMS 0x000000064fa00000, 0x000000064fa00000|
|  93|0x000000064fb00000, 0x000000064fb00000, 0x000000064fc00000|  0%| F|  |TS  0|AC  0|TAMS 0x000000064fb00000, 0x000000064fb00000|
|  94|0x000000064fc00000, 0x000000064fc00000, 0x000000064fd00000|  0%| F|  |TS  0|AC  0|TAMS 0x000000064fc00000, 0x000000064fc00000|
|  95|0x000000064fd00000, 0x000000064fd00000, 0x000000064fe00000|  0%| F|  |TS  0|AC  0|TAMS 0x000000064fd00000, 0x000000064fd00000|
|  96|0x000000064fe00000, 0x000000064fe00000, 0x000000064ff00000|  0%| F|  |TS  0|AC  0|TAMS 0x000000064fe00000, 0x000000064fe00000|
|  97|0x000000064ff00000, 0x000000064ff00000, 0x0000000650000000|  0%| F|  |TS  0|AC  0|TAMS 0x000000064ff00000, 0x000000064ff00000|
|  98|0x0000000650000000, 0x0000000650000000, 0x0000000650100000|  0%| F|  |TS  0|AC  0|TAMS 0x0000000650000000, 0x0000000650000000|
|  99|0x0000000650100000, 0x0000000650100000, 0x0000000650200000|  0%| F|  |TS  0|AC  0|TAMS 0x0000000650100000, 0x0000000650100000|
| 100|0x0000000650200000, 0x0000000650200000, 0x0000000650300000|  0%| F|  |TS  0|AC  0|TAMS 0x0000000650200000, 0x0000000650200000|
| 101|0x0000000650300000, 0x0000000650300000, 0x0000000650400000|  0%| F|  |TS  0|AC  0|TAMS 0x0000000650300000, 0x0000000650300000|
| 102|0x0000000650400000, 0x0000000650400000, 0x0000000650500000|  0%| F|  |TS  0|AC  0|TAMS 0x0000000650400000, 0x0000000650400000|
| 103|0x0000000650500000, 0x0000000650500000, 0x0000000650600000|  0%| F|  |TS  0|AC  0|TAMS 0x0000000650500000, 0x0000000650500000|
| 104|0x0000000650600000, 0x0000000650600000, 0x0000000650700000|  0%| F|  |TS  0|AC  0|TAMS 0x0000000650600000, 0x0000000650600000|
| 105|0x0000000650700000, 0x0000000650700000, 0x0000000650800000|  0%| F|  |TS  0|AC  0|TAMS 0x0000000650700000, 0x0000000650700000|
| 106|0x0000000650800000, 0x0000000650800000, 0x0000000650900000|  0%| F|  |TS  0|AC  0|TAMS 0x0000000650800000, 0x0000000650800000|
| 107|0x0000000650900000, 0x0000000650900000, 0x0000000650a00000|  0%| F|  |TS  0|AC  0|TAMS 0x0000000650900000, 0x0000000650900000|
| 108|0x0000000650a00000, 0x0000000650a00000, 0x0000000650b00000|  0%| F|  |TS  0|AC  0|TAMS 0x0000000650a00000, 0x0000000650a00000|
| 109|0x0000000650b00000, 0x0000000650b00000, 0x0000000650c00000|  0%| F|  |TS  0|AC  0|TAMS 0x0000000650b00000, 0x0000000650b00000|
| 110|0x0000000650c00000, 0x0000000650c00000, 0x0000000650d00000|  0%| F|  |TS  0|AC  0|TAMS 0x0000000650c00000, 0x0000000650c00000|
| 111|0x0000000650d00000, 0x0000000650d00000, 0x0000000650e00000|  0%| F|  |TS  0|AC  0|TAMS 0x0000000650d00000, 0x0000000650d00000|
| 112|0x0000000650e00000, 0x0000000650e00000, 0x0000000650f00000|  0%| F|  |TS  0|AC  0|TAMS 0x0000000650e00000, 0x0000000650e00000|
| 113|0x0000000650f00000, 0x0000000650f00000, 0x0000000651000000|  0%| F|  |TS  0|AC  0|TAMS 0x0000000650f00000, 0x0000000650f00000|
| 114|0x0000000651000000, 0x0000000651000000, 0x0000000651100000|  0%| F|  |TS  0|AC  0|TAMS 0x0000000651000000, 0x0000000651000000|
| 115|0x0000000651100000, 0x0000000651100000, 0x0000000651200000|  0%| F|  |TS  0|AC  0|TAMS 0x0000000651100000, 0x0000000651100000|
| 116|0x0000000651200000, 0x0000000651200000, 0x0000000651300000|  0%| F|  |TS  0|AC  0|TAMS 0x0000000651200000, 0x0000000651200000|
| 117|0x0000000651300000, 0x0000000651300000, 0x0000000651400000|  0%| F|  |TS  0|AC  0|TAMS 0x0000000651300000, 0x0000000651300000|
| 118|0x0000000651400000, 0x0000000651400000, 0x0000000651500000|  0%| F|  |TS  0|AC  0|TAMS 0x0000000651400000, 0x0000000651400000|
| 119|0x0000000651500000, 0x0000000651500000, 0x0000000651600000|  0%| F|  |TS  0|AC  0|TAMS 0x0000000651500000, 0x0000000651500000|
| 120|0x0000000651600000, 0x0000000651600000, 0x0000000651700000|  0%| F|  |TS  0|AC  0|TAMS 0x0000000651600000, 0x0000000651600000|
| 121|0x0000000651700000, 0x0000000651700000, 0x0000000651800000|  0%| F|  |TS  0|AC  0|TAMS 0x0000000651700000, 0x0000000651700000|
| 122|0x0000000651800000, 0x0000000651800000, 0x0000000651900000|  0%| F|  |TS  0|AC  0|TAMS 0x0000000651800000, 0x0000000651800000|
| 123|0x0000000651900000, 0x0000000651900000, 0x0000000651a00000|  0%| F|  |TS  0|AC  0|TAMS 0x0000000651900000, 0x0000000651900000|
| 124|0x0000000651a00000, 0x0000000651a00000, 0x0000000651b00000|  0%| F|  |TS  0|AC  0|TAMS 0x0000000651a00000, 0x0000000651a00000|
| 125|0x0000000651b00000, 0x0000000651b00000, 0x0000000651c00000|  0%| F|  |TS  0|AC  0|TAMS 0x0000000651b00000, 0x0000000651b00000|
| 126|0x0000000651c00000, 0x0000000651c00000, 0x0000000651d00000|  0%| F|  |TS  0|AC  0|TAMS 0x0000000651c00000, 0x0000000651c00000|
| 127|0x0000000651d00000, 0x0000000651d00000, 0x0000000651e00000|  0%| F|  |TS  0|AC  0|TAMS 0x0000000651d00000, 0x0000000651d00000|
| 128|0x0000000651e00000, 0x0000000651e00000, 0x0000000651f00000|  0%| F|  |TS  0|AC  0|TAMS 0x0000000651e00000, 0x0000000651e00000|
| 129|0x0000000651f00000, 0x0000000651f00000, 0x0000000652000000|  0%| F|  |TS  0|AC  0|TAMS 0x0000000651f00000, 0x0000000651f00000|
| 130|0x0000000652000000, 0x0000000652000000, 0x0000000652100000|  0%| F|  |TS  0|AC  0|TAMS 0x0000000652000000, 0x0000000652000000|
| 131|0x0000000652100000, 0x0000000652100000, 0x0000000652200000|  0%| F|  |TS  0|AC  0|TAMS 0x0000000652100000, 0x0000000652100000|
| 132|0x0000000652200000, 0x0000000652200000, 0x0000000652300000|  0%| F|  |TS  0|AC  0|TAMS 0x0000000652200000, 0x0000000652200000|
| 133|0x0000000652300000, 0x0000000652300000, 0x0000000652400000|  0%| F|  |TS  0|AC  0|TAMS 0x0000000652300000, 0x0000000652300000|
| 134|0x0000000652400000, 0x0000000652400000, 0x0000000652500000|  0%| F|  |TS  0|AC  0|TAMS 0x0000000652400000, 0x0000000652400000|
| 135|0x0000000652500000, 0x0000000652500000, 0x0000000652600000|  0%| F|  |TS  0|AC  0|TAMS 0x0000000652500000, 0x0000000652500000|
| 136|0x0000000652600000, 0x0000000652600000, 0x0000000652700000|  0%| F|  |TS  0|AC  0|TAMS 0x0000000652600000, 0x0000000652600000|
| 137|0x0000000652700000, 0x0000000652700000, 0x0000000652800000|  0%| F|  |TS  0|AC  0|TAMS 0x0000000652700000, 0x0000000652700000|
| 138|0x0000000652800000, 0x0000000652800000, 0x0000000652900000|  0%| F|  |TS  0|AC  0|TAMS 0x0000000652800000, 0x0000000652800000|
| 139|0x0000000652900000, 0x0000000652900000, 0x0000000652a00000|  0%| F|  |TS  0|AC  0|TAMS 0x0000000652900000, 0x0000000652900000|
| 140|0x0000000652a00000, 0x0000000652a00000, 0x0000000652b00000|  0%| F|  |TS  0|AC  0|TAMS 0x0000000652a00000, 0x0000000652a00000|
| 141|0x0000000652b00000, 0x0000000652b00000, 0x0000000652c00000|  0%| F|  |TS  0|AC  0|TAMS 0x0000000652b00000, 0x0000000652b00000|
| 142|0x0000000652c00000, 0x0000000652c00000, 0x0000000652d00000|  0%| F|  |TS  0|AC  0|TAMS 0x0000000652c00000, 0x0000000652c00000|
| 143|0x0000000652d00000, 0x0000000652d00000, 0x0000000652e00000|  0%| F|  |TS  0|AC  0|TAMS 0x0000000652d00000, 0x0000000652d00000|
| 144|0x0000000652e00000, 0x0000000652e00000, 0x0000000652f00000|  0%| F|  |TS  0|AC  0|TAMS 0x0000000652e00000, 0x0000000652e00000|
| 145|0x0000000652f00000, 0x0000000652f00000, 0x0000000653000000|  0%| F|  |TS  0|AC  0|TAMS 0x0000000652f00000, 0x0000000652f00000|
| 146|0x0000000653000000, 0x0000000653000000, 0x0000000653100000|  0%| F|  |TS  0|AC  0|TAMS 0x0000000653000000, 0x0000000653000000|
| 147|0x0000000653100000, 0x0000000653100000, 0x0000000653200000|  0%| F|  |TS  0|AC  0|TAMS 0x0000000653100000, 0x0000000653100000|
| 148|0x0000000653200000, 0x0000000653200000, 0x0000000653300000|  0%| F|  |TS  0|AC  0|TAMS 0x0000000653200000, 0x0000000653200000|
| 149|0x0000000653300000, 0x0000000653300000, 0x0000000653400000|  0%| F|  |TS  0|AC  0|TAMS 0x0000000653300000, 0x0000000653300000|
| 150|0x0000000653400000, 0x0000000653400000, 0x0000000653500000|  0%| F|  |TS  0|AC  0|TAMS 0x0000000653400000, 0x0000000653400000|
| 151|0x0000000653500000, 0x0000000653500000, 0x0000000653600000|  0%| F|  |TS  0|AC  0|TAMS 0x0000000653500000, 0x0000000653500000|
| 152|0x0000000653600000, 0x0000000653600000, 0x0000000653700000|  0%| F|  |TS  0|AC  0|TAMS 0x0000000653600000, 0x0000000653600000|
| 153|0x0000000653700000, 0x0000000653700000, 0x0000000653800000|  0%| F|  |TS  0|AC  0|TAMS 0x0000000653700000, 0x0000000653700000|
| 154|0x0000000653800000, 0x0000000653800000, 0x0000000653900000|  0%| F|  |TS  0|AC  0|TAMS 0x0000000653800000, 0x0000000653800000|
| 155|0x0000000653900000, 0x0000000653900000, 0x0000000653a00000|  0%| F|  |TS  0|AC  0|TAMS 0x0000000653900000, 0x0000000653900000|
| 156|0x0000000653a00000, 0x0000000653a00000, 0x0000000653b00000|  0%| F|  |TS  0|AC  0|TAMS 0x0000000653a00000, 0x0000000653a00000|
| 157|0x0000000653b00000, 0x0000000653b00000, 0x0000000653c00000|  0%| F|  |TS  0|AC  0|TAMS 0x0000000653b00000, 0x0000000653b00000|
| 158|0x0000000653c00000, 0x0000000653c00000, 0x0000000653d00000|  0%| F|  |TS  0|AC  0|TAMS 0x0000000653c00000, 0x0000000653c00000|
| 159|0x0000000653d00000, 0x0000000653d00000, 0x0000000653e00000|  0%| F|  |TS  0|AC  0|TAMS 0x0000000653d00000, 0x0000000653d00000|
| 160|0x0000000653e00000, 0x0000000653e00000, 0x0000000653f00000|  0%| F|  |TS  0|AC  0|TAMS 0x0000000653e00000, 0x0000000653e00000|
| 161|0x0000000653f00000, 0x0000000653f00000, 0x0000000654000000|  0%| F|  |TS  0|AC  0|TAMS 0x0000000653f00000, 0x0000000653f00000|
| 162|0x0000000654000000, 0x0000000654000000, 0x0000000654100000|  0%| F|  |TS  0|AC  0|TAMS 0x0000000654000000, 0x0000000654000000|
| 163|0x0000000654100000, 0x0000000654100000, 0x0000000654200000|  0%| F|  |TS  0|AC  0|TAMS 0x0000000654100000, 0x0000000654100000|
| 164|0x0000000654200000, 0x0000000654200000, 0x0000000654300000|  0%| F|  |TS  0|AC  0|TAMS 0x0000000654200000, 0x0000000654200000|
| 165|0x0000000654300000, 0x0000000654300000, 0x0000000654400000|  0%| F|  |TS  0|AC  0|TAMS 0x0000000654300000, 0x0000000654300000|
| 166|0x0000000654400000, 0x0000000654400000, 0x0000000654500000|  0%| F|  |TS  0|AC  0|TAMS 0x0000000654400000, 0x0000000654400000|
| 167|0x0000000654500000, 0x0000000654500000, 0x0000000654600000|  0%| F|  |TS  0|AC  0|TAMS 0x0000000654500000, 0x0000000654500000|
| 168|0x0000000654600000, 0x0000000654600000, 0x0000000654700000|  0%| F|  |TS  0|AC  0|TAMS 0x0000000654600000, 0x0000000654600000|
| 169|0x0000000654700000, 0x0000000654700000, 0x0000000654800000|  0%| F|  |TS  0|AC  0|TAMS 0x0000000654700000, 0x0000000654700000|
| 170|0x0000000654800000, 0x0000000654800000, 0x0000000654900000|  0%| F|  |TS  0|AC  0|TAMS 0x0000000654800000, 0x0000000654800000|
| 171|0x0000000654900000, 0x0000000654900000, 0x0000000654a00000|  0%| F|  |TS  0|AC  0|TAMS 0x0000000654900000, 0x0000000654900000|
| 172|0x0000000654a00000, 0x0000000654a00000, 0x0000000654b00000|  0%| F|  |TS  0|AC  0|TAMS 0x0000000654a00000, 0x0000000654a00000|
| 173|0x0000000654b00000, 0x0000000654b00000, 0x0000000654c00000|  0%| F|  |TS  0|AC  0|TAMS 0x0000000654b00000, 0x0000000654b00000|
| 174|0x0000000654c00000, 0x0000000654c00000, 0x0000000654d00000|  0%| F|  |TS  0|AC  0|TAMS 0x0000000654c00000, 0x0000000654c00000|
| 175|0x0000000654d00000, 0x0000000654d00000, 0x0000000654e00000|  0%| F|  |TS  0|AC  0|TAMS 0x0000000654d00000, 0x0000000654d00000|
| 176|0x0000000654e00000, 0x0000000654e00000, 0x0000000654f00000|  0%| F|  |TS  0|AC  0|TAMS 0x0000000654e00000, 0x0000000654e00000|
| 177|0x0000000654f00000, 0x0000000654f00000, 0x0000000655000000|  0%| F|  |TS  0|AC  0|TAMS 0x0000000654f00000, 0x0000000654f00000|
| 178|0x0000000655000000, 0x0000000655000000, 0x0000000655100000|  0%| F|  |TS  0|AC  0|TAMS 0x0000000655000000, 0x0000000655000000|
| 179|0x0000000655100000, 0x0000000655100000, 0x0000000655200000|  0%| F|  |TS  0|AC  0|TAMS 0x0000000655100000, 0x0000000655100000|
| 180|0x0000000655200000, 0x0000000655200000, 0x0000000655300000|  0%| F|  |TS  0|AC  0|TAMS 0x0000000655200000, 0x0000000655200000|
| 181|0x0000000655300000, 0x0000000655300000, 0x0000000655400000|  0%| F|  |TS  0|AC  0|TAMS 0x0000000655300000, 0x0000000655300000|
| 182|0x0000000655400000, 0x0000000655400000, 0x0000000655500000|  0%| F|  |TS  0|AC  0|TAMS 0x0000000655400000, 0x0000000655400000|
| 183|0x0000000655500000, 0x0000000655500000, 0x0000000655600000|  0%| F|  |TS  0|AC  0|TAMS 0x0000000655500000, 0x0000000655500000|
| 184|0x0000000655600000, 0x0000000655600000, 0x0000000655700000|  0%| F|  |TS  0|AC  0|TAMS 0x0000000655600000, 0x0000000655600000|
| 185|0x0000000655700000, 0x0000000655700000, 0x0000000655800000|  0%| F|  |TS  0|AC  0|TAMS 0x0000000655700000, 0x0000000655700000|
| 186|0x0000000655800000, 0x0000000655800000, 0x0000000655900000|  0%| F|  |TS  0|AC  0|TAMS 0x0000000655800000, 0x0000000655800000|
| 187|0x0000000655900000, 0x0000000655900000, 0x0000000655a00000|  0%| F|  |TS  0|AC  0|TAMS 0x0000000655900000, 0x0000000655900000|
| 188|0x0000000655a00000, 0x0000000655a00000, 0x0000000655b00000|  0%| F|  |TS  0|AC  0|TAMS 0x0000000655a00000, 0x0000000655a00000|
| 189|0x0000000655b00000, 0x0000000655b00000, 0x0000000655c00000|  0%| F|  |TS  0|AC  0|TAMS 0x0000000655b00000, 0x0000000655b00000|
| 190|0x0000000655c00000, 0x0000000655c00000, 0x0000000655d00000|  0%| F|  |TS  0|AC  0|TAMS 0x0000000655c00000, 0x0000000655c00000|
| 191|0x0000000655d00000, 0x0000000655d00000, 0x0000000655e00000|  0%| F|  |TS  0|AC  0|TAMS 0x0000000655d00000, 0x0000000655d00000|
| 192|0x0000000655e00000, 0x0000000655e00000, 0x0000000655f00000|  0%| F|  |TS  0|AC  0|TAMS 0x0000000655e00000, 0x0000000655e00000|
| 193|0x0000000655f00000, 0x0000000655f00000, 0x0000000656000000|  0%| F|  |TS  0|AC  0|TAMS 0x0000000655f00000, 0x0000000655f00000|
| 194|0x0000000656000000, 0x0000000656000000, 0x0000000656100000|  0%| F|  |TS  0|AC  0|TAMS 0x0000000656000000, 0x0000000656000000|
| 195|0x0000000656100000, 0x0000000656100000, 0x0000000656200000|  0%| F|  |TS  0|AC  0|TAMS 0x0000000656100000, 0x0000000656100000|
| 196|0x0000000656200000, 0x0000000656200000, 0x0000000656300000|  0%| F|  |TS  0|AC  0|TAMS 0x0000000656200000, 0x0000000656200000|
| 197|0x0000000656300000, 0x0000000656300000, 0x0000000656400000|  0%| F|  |TS  0|AC  0|TAMS 0x0000000656300000, 0x0000000656300000|
| 198|0x0000000656400000, 0x0000000656400000, 0x0000000656500000|  0%| F|  |TS  0|AC  0|TAMS 0x0000000656400000, 0x0000000656400000|
| 199|0x0000000656500000, 0x0000000656500000, 0x0000000656600000|  0%| F|  |TS  0|AC  0|TAMS 0x0000000656500000, 0x0000000656500000|
| 200|0x0000000656600000, 0x0000000656600000, 0x0000000656700000|  0%| F|  |TS  0|AC  0|TAMS 0x0000000656600000, 0x0000000656600000|
| 201|0x0000000656700000, 0x0000000656700000, 0x0000000656800000|  0%| F|  |TS  0|AC  0|TAMS 0x0000000656700000, 0x0000000656700000|
| 202|0x0000000656800000, 0x0000000656800000, 0x0000000656900000|  0%| F|  |TS  0|AC  0|TAMS 0x0000000656800000, 0x0000000656800000|
| 203|0x0000000656900000, 0x0000000656900000, 0x0000000656a00000|  0%| F|  |TS  0|AC  0|TAMS 0x0000000656900000, 0x0000000656900000|
| 204|0x0000000656a00000, 0x0000000656a00000, 0x0000000656b00000|  0%| F|  |TS  0|AC  0|TAMS 0x0000000656a00000, 0x0000000656a00000|
| 205|0x0000000656b00000, 0x0000000656b00000, 0x0000000656c00000|  0%| F|  |TS  0|AC  0|TAMS 0x0000000656b00000, 0x0000000656b00000|
| 206|0x0000000656c00000, 0x0000000656c00000, 0x0000000656d00000|  0%| F|  |TS  0|AC  0|TAMS 0x0000000656c00000, 0x0000000656c00000|
| 207|0x0000000656d00000, 0x0000000656d00000, 0x0000000656e00000|  0%| F|  |TS  0|AC  0|TAMS 0x0000000656d00000, 0x0000000656d00000|
| 208|0x0000000656e00000, 0x0000000656e00000, 0x0000000656f00000|  0%| F|  |TS  0|AC  0|TAMS 0x0000000656e00000, 0x0000000656e00000|
| 209|0x0000000656f00000, 0x0000000656f00000, 0x0000000657000000|  0%| F|  |TS  0|AC  0|TAMS 0x0000000656f00000, 0x0000000656f00000|
| 210|0x0000000657000000, 0x0000000657000000, 0x0000000657100000|  0%| F|  |TS  0|AC  0|TAMS 0x0000000657000000, 0x0000000657000000|
| 211|0x0000000657100000, 0x0000000657100000, 0x0000000657200000|  0%| F|  |TS  0|AC  0|TAMS 0x0000000657100000, 0x0000000657100000|
| 212|0x0000000657200000, 0x0000000657200000, 0x0000000657300000|  0%| F|  |TS  0|AC  0|TAMS 0x0000000657200000, 0x0000000657200000|
| 213|0x0000000657300000, 0x0000000657300000, 0x0000000657400000|  0%| F|  |TS  0|AC  0|TAMS 0x0000000657300000, 0x0000000657300000|
| 214|0x0000000657400000, 0x0000000657400000, 0x0000000657500000|  0%| F|  |TS  0|AC  0|TAMS 0x0000000657400000, 0x0000000657400000|
| 215|0x0000000657500000, 0x0000000657500000, 0x0000000657600000|  0%| F|  |TS  0|AC  0|TAMS 0x0000000657500000, 0x0000000657500000|
| 216|0x0000000657600000, 0x0000000657600000, 0x0000000657700000|  0%| F|  |TS  0|AC  0|TAMS 0x0000000657600000, 0x0000000657600000|
| 217|0x0000000657700000, 0x0000000657700000, 0x0000000657800000|  0%| F|  |TS  0|AC  0|TAMS 0x0000000657700000, 0x0000000657700000|
| 218|0x0000000657800000, 0x0000000657800000, 0x0000000657900000|  0%| F|  |TS  0|AC  0|TAMS 0x0000000657800000, 0x0000000657800000|
| 219|0x0000000657900000, 0x0000000657900000, 0x0000000657a00000|  0%| F|  |TS  0|AC  0|TAMS 0x0000000657900000, 0x0000000657900000|
| 220|0x0000000657a00000, 0x0000000657a00000, 0x0000000657b00000|  0%| F|  |TS  0|AC  0|TAMS 0x0000000657a00000, 0x0000000657a00000|
| 221|0x0000000657b00000, 0x0000000657b00000, 0x0000000657c00000|  0%| F|  |TS  0|AC  0|TAMS 0x0000000657b00000, 0x0000000657b00000|
| 222|0x0000000657c00000, 0x0000000657c00000, 0x0000000657d00000|  0%| F|  |TS  0|AC  0|TAMS 0x0000000657c00000, 0x0000000657c00000|
| 223|0x0000000657d00000, 0x0000000657d00000, 0x0000000657e00000|  0%| F|  |TS  0|AC  0|TAMS 0x0000000657d00000, 0x0000000657d00000|
| 224|0x0000000657e00000, 0x0000000657e00000, 0x0000000657f00000|  0%| F|  |TS  0|AC  0|TAMS 0x0000000657e00000, 0x0000000657e00000|
| 225|0x0000000657f00000, 0x0000000657f00000, 0x0000000658000000|  0%| F|  |TS  0|AC  0|TAMS 0x0000000657f00000, 0x0000000657f00000|
| 226|0x0000000658000000, 0x0000000658000000, 0x0000000658100000|  0%| F|  |TS  0|AC  0|TAMS 0x0000000658000000, 0x0000000658000000|
| 227|0x0000000658100000, 0x0000000658100000, 0x0000000658200000|  0%| F|  |TS  0|AC  0|TAMS 0x0000000658100000, 0x0000000658100000|
| 228|0x0000000658200000, 0x0000000658200000, 0x0000000658300000|  0%| F|  |TS  0|AC  0|TAMS 0x0000000658200000, 0x0000000658200000|
| 229|0x0000000658300000, 0x0000000658300000, 0x0000000658400000|  0%| F|  |TS  0|AC  0|TAMS 0x0000000658300000, 0x0000000658300000|
| 230|0x0000000658400000, 0x0000000658400000, 0x0000000658500000|  0%| F|  |TS  0|AC  0|TAMS 0x0000000658400000, 0x0000000658400000|
| 231|0x0000000658500000, 0x0000000658500000, 0x0000000658600000|  0%| F|  |TS  0|AC  0|TAMS 0x0000000658500000, 0x0000000658500000|
| 232|0x0000000658600000, 0x0000000658600000, 0x0000000658700000|  0%| F|  |TS  0|AC  0|TAMS 0x0000000658600000, 0x0000000658600000|
| 233|0x0000000658700000, 0x0000000658700000, 0x0000000658800000|  0%| F|  |TS  0|AC  0|TAMS 0x0000000658700000, 0x0000000658700000|
| 234|0x0000000658800000, 0x0000000658800000, 0x0000000658900000|  0%| F|  |TS  0|AC  0|TAMS 0x0000000658800000, 0x0000000658800000|
| 235|0x0000000658900000, 0x0000000658900000, 0x0000000658a00000|  0%| F|  |TS  0|AC  0|TAMS 0x0000000658900000, 0x0000000658900000|
| 236|0x0000000658a00000, 0x0000000658a00000, 0x0000000658b00000|  0%| F|  |TS  0|AC  0|TAMS 0x0000000658a00000, 0x0000000658a00000|
| 237|0x0000000658b00000, 0x0000000658b00000, 0x0000000658c00000|  0%| F|  |TS  0|AC  0|TAMS 0x0000000658b00000, 0x0000000658b00000|
| 238|0x0000000658c00000, 0x0000000658c00000, 0x0000000658d00000|  0%| F|  |TS  0|AC  0|TAMS 0x0000000658c00000, 0x0000000658c00000|
| 239|0x0000000658d00000, 0x0000000658d00000, 0x0000000658e00000|  0%| F|  |TS  0|AC  0|TAMS 0x0000000658d00000, 0x0000000658d00000|
| 240|0x0000000658e00000, 0x0000000658e00000, 0x0000000658f00000|  0%| F|  |TS  0|AC  0|TAMS 0x0000000658e00000, 0x0000000658e00000|
| 241|0x0000000658f00000, 0x0000000658f00000, 0x0000000659000000|  0%| F|  |TS  0|AC  0|TAMS 0x0000000658f00000, 0x0000000658f00000|
| 242|0x0000000659000000, 0x0000000659000000, 0x0000000659100000|  0%| F|  |TS  0|AC  0|TAMS 0x0000000659000000, 0x0000000659000000|
| 243|0x0000000659100000, 0x0000000659100000, 0x0000000659200000|  0%| F|  |TS  0|AC  0|TAMS 0x0000000659100000, 0x0000000659100000|
| 244|0x0000000659200000, 0x0000000659200000, 0x0000000659300000|  0%| F|  |TS  0|AC  0|TAMS 0x0000000659200000, 0x0000000659200000|
| 245|0x0000000659300000, 0x0000000659300000, 0x0000000659400000|  0%| F|  |TS  0|AC  0|TAMS 0x0000000659300000, 0x0000000659300000|
| 246|0x0000000659400000, 0x0000000659400000, 0x0000000659500000|  0%| F|  |TS  0|AC  0|TAMS 0x0000000659400000, 0x0000000659400000|
| 247|0x0000000659500000, 0x0000000659500000, 0x0000000659600000|  0%| F|  |TS  0|AC  0|TAMS 0x0000000659500000, 0x0000000659500000|
| 248|0x0000000659600000, 0x0000000659600000, 0x0000000659700000|  0%| F|  |TS  0|AC  0|TAMS 0x0000000659600000, 0x0000000659600000|
| 249|0x0000000659700000, 0x0000000659700000, 0x0000000659800000|  0%| F|  |TS  0|AC  0|TAMS 0x0000000659700000, 0x0000000659700000|
| 250|0x0000000659800000, 0x0000000659800000, 0x0000000659900000|  0%| F|  |TS  0|AC  0|TAMS 0x0000000659800000, 0x0000000659800000|
| 251|0x0000000659900000, 0x0000000659900000, 0x0000000659a00000|  0%| F|  |TS  0|AC  0|TAMS 0x0000000659900000, 0x0000000659900000|
| 252|0x0000000659a00000, 0x0000000659a00000, 0x0000000659b00000|  0%| F|  |TS  0|AC  0|TAMS 0x0000000659a00000, 0x0000000659a00000|
| 253|0x0000000659b00000, 0x0000000659b00000, 0x0000000659c00000|  0%| F|  |TS  0|AC  0|TAMS 0x0000000659b00000, 0x0000000659b00000|
| 254|0x0000000659c00000, 0x0000000659c00000, 0x0000000659d00000|  0%| F|  |TS  0|AC  0|TAMS 0x0000000659c00000, 0x0000000659c00000|
| 255|0x0000000659d00000, 0x0000000659d00000, 0x0000000659e00000|  0%| F|  |TS  0|AC  0|TAMS 0x0000000659d00000, 0x0000000659d00000|
| 256|0x0000000659e00000, 0x0000000659e00000, 0x0000000659f00000|  0%| F|  |TS  0|AC  0|TAMS 0x0000000659e00000, 0x0000000659e00000|
| 257|0x0000000659f00000, 0x0000000659f00000, 0x000000065a000000|  0%| F|  |TS  0|AC  0|TAMS 0x0000000659f00000, 0x0000000659f00000|
| 258|0x000000065a000000, 0x000000065a000000, 0x000000065a100000|  0%| F|  |TS  0|AC  0|TAMS 0x000000065a000000, 0x000000065a000000|
| 259|0x000000065a100000, 0x000000065a100000, 0x000000065a200000|  0%| F|  |TS  0|AC  0|TAMS 0x000000065a100000, 0x000000065a100000|
| 260|0x000000065a200000, 0x000000065a200000, 0x000000065a300000|  0%| F|  |TS  0|AC  0|TAMS 0x000000065a200000, 0x000000065a200000|
| 261|0x000000065a300000, 0x000000065a300000, 0x000000065a400000|  0%| F|  |TS  0|AC  0|TAMS 0x000000065a300000, 0x000000065a300000|
| 262|0x000000065a400000, 0x000000065a400000, 0x000000065a500000|  0%| F|  |TS  0|AC  0|TAMS 0x000000065a400000, 0x000000065a400000|
| 263|0x000000065a500000, 0x000000065a500000, 0x000000065a600000|  0%| F|  |TS  0|AC  0|TAMS 0x000000065a500000, 0x000000065a500000|
| 264|0x000000065a600000, 0x000000065a600000, 0x000000065a700000|  0%| F|  |TS  0|AC  0|TAMS 0x000000065a600000, 0x000000065a600000|
| 265|0x000000065a700000, 0x000000065a700000, 0x000000065a800000|  0%| F|  |TS  0|AC  0|TAMS 0x000000065a700000, 0x000000065a700000|
| 266|0x000000065a800000, 0x000000065a800000, 0x000000065a900000|  0%| F|  |TS  0|AC  0|TAMS 0x000000065a800000, 0x000000065a800000|
| 267|0x000000065a900000, 0x000000065a900000, 0x000000065aa00000|  0%| F|  |TS  0|AC  0|TAMS 0x000000065a900000, 0x000000065a900000|
| 268|0x000000065aa00000, 0x000000065aa00000, 0x000000065ab00000|  0%| F|  |TS  0|AC  0|TAMS 0x000000065aa00000, 0x000000065aa00000|
| 269|0x000000065ab00000, 0x000000065ab00000, 0x000000065ac00000|  0%| F|  |TS  0|AC  0|TAMS 0x000000065ab00000, 0x000000065ab00000|
| 270|0x000000065ac00000, 0x000000065ac00000, 0x000000065ad00000|  0%| F|  |TS  0|AC  0|TAMS 0x000000065ac00000, 0x000000065ac00000|
| 271|0x000000065ad00000, 0x000000065ad00000, 0x000000065ae00000|  0%| F|  |TS  0|AC  0|TAMS 0x000000065ad00000, 0x000000065ad00000|
| 272|0x000000065ae00000, 0x000000065ae00000, 0x000000065af00000|  0%| F|  |TS  0|AC  0|TAMS 0x000000065ae00000, 0x000000065ae00000|
| 273|0x000000065af00000, 0x000000065af00000, 0x000000065b000000|  0%| F|  |TS  3|AC  0|TAMS 0x000000065af00000, 0x000000065af00000|
| 274|0x000000065b000000, 0x000000065b000000, 0x000000065b100000|  0%| F|  |TS  3|AC  0|TAMS 0x000000065b000000, 0x000000065b000000|
| 275|0x000000065b100000, 0x000000065b100000, 0x000000065b200000|  0%| F|  |TS  3|AC  0|TAMS 0x000000065b100000, 0x000000065b100000|
| 276|0x000000065b200000, 0x000000065b200000, 0x000000065b300000|  0%| F|  |TS  3|AC  0|TAMS 0x000000065b200000, 0x000000065b200000|
| 277|0x000000065b300000, 0x000000065b300000, 0x000000065b400000|  0%| F|  |TS  3|AC  0|TAMS 0x000000065b300000, 0x000000065b300000|
| 278|0x000000065b400000, 0x000000065b400000, 0x000000065b500000|  0%| F|  |TS  3|AC  0|TAMS 0x000000065b400000, 0x000000065b400000|
| 279|0x000000065b500000, 0x000000065b500000, 0x000000065b600000|  0%| F|  |TS  1|AC  0|TAMS 0x000000065b500000, 0x000000065b500000|
| 280|0x000000065b600000, 0x000000065b600000, 0x000000065b700000|  0%| F|  |TS  1|AC  0|TAMS 0x000000065b600000, 0x000000065b600000|
| 281|0x000000065b700000, 0x000000065b700000, 0x000000065b800000|  0%| F|  |TS  1|AC  0|TAMS 0x000000065b700000, 0x000000065b700000|
| 282|0x000000065b800000, 0x000000065b800000, 0x000000065b900000|  0%| F|  |TS  1|AC  0|TAMS 0x000000065b800000, 0x000000065b800000|
| 283|0x000000065b900000, 0x000000065b900000, 0x000000065ba00000|  0%| F|  |TS  1|AC  0|TAMS 0x000000065b900000, 0x000000065b900000|
| 284|0x000000065ba00000, 0x000000065ba9eaa0, 0x000000065bb00000| 61%| S|CS|TS  3|AC  0|TAMS 0x000000065ba00000, 0x000000065ba00000|
| 285|0x000000065bb00000, 0x000000065bc00000, 0x000000065bc00000|100%| S|CS|TS  3|AC  0|TAMS 0x000000065bb00000, 0x000000065bb00000|
| 286|0x000000065bc00000, 0x000000065bd00000, 0x000000065bd00000|100%| S|CS|TS  3|AC  0|TAMS 0x000000065bc00000, 0x000000065bc00000|
| 287|0x000000065bd00000, 0x000000065be00000, 0x000000065be00000|100%| S|CS|TS  3|AC  0|TAMS 0x000000065bd00000, 0x000000065bd00000|
| 288|0x000000065be00000, 0x000000065bf00000, 0x000000065bf00000|100%| S|CS|TS  3|AC  0|TAMS 0x000000065be00000, 0x000000065be00000|
| 289|0x000000065bf00000, 0x000000065c000000, 0x000000065c000000|100%| S|CS|TS  3|AC  0|TAMS 0x000000065bf00000, 0x000000065bf00000|
| 290|0x000000065c000000, 0x000000065c000000, 0x000000065c100000|  0%| F|  |TS  3|AC  0|TAMS 0x000000065c000000, 0x000000065c000000|
| 291|0x000000065c100000, 0x000000065c100000, 0x000000065c200000|  0%| F|  |TS  3|AC  0|TAMS 0x000000065c100000, 0x000000065c100000|
| 292|0x000000065c200000, 0x000000065c200000, 0x000000065c300000|  0%| F|  |TS  3|AC  0|TAMS 0x000000065c200000, 0x000000065c200000|
| 293|0x000000065c300000, 0x000000065c300000, 0x000000065c400000|  0%| F|  |TS  3|AC  0|TAMS 0x000000065c300000, 0x000000065c300000|
| 294|0x000000065c400000, 0x000000065c400000, 0x000000065c500000|  0%| F|  |TS  3|AC  0|TAMS 0x000000065c400000, 0x000000065c400000|
| 295|0x000000065c500000, 0x000000065c500000, 0x000000065c600000|  0%| F|  |TS  3|AC  0|TAMS 0x000000065c500000, 0x000000065c500000|
| 296|0x000000065c600000, 0x000000065c600000, 0x000000065c700000|  0%| F|  |TS  3|AC  0|TAMS 0x000000065c600000, 0x000000065c600000|
| 297|0x000000065c700000, 0x000000065c700000, 0x000000065c800000|  0%| F|  |TS  3|AC  0|TAMS 0x000000065c700000, 0x000000065c700000|
| 298|0x000000065c800000, 0x000000065c800000, 0x000000065c900000|  0%| F|  |TS  3|AC  0|TAMS 0x000000065c800000, 0x000000065c800000|
| 299|0x000000065c900000, 0x000000065c900000, 0x000000065ca00000|  0%| F|  |TS  3|AC  0|TAMS 0x000000065c900000, 0x000000065c900000|
| 300|0x000000065ca00000, 0x000000065ca00000, 0x000000065cb00000|  0%| F|  |TS  3|AC  0|TAMS 0x000000065ca00000, 0x000000065ca00000|
| 301|0x000000065cb00000, 0x000000065cb00000, 0x000000065cc00000|  0%| F|  |TS  3|AC  0|TAMS 0x000000065cb00000, 0x000000065cb00000|
| 302|0x000000065cc00000, 0x000000065cc00000, 0x000000065cd00000|  0%| F|  |TS  3|AC  0|TAMS 0x000000065cc00000, 0x000000065cc00000|
| 303|0x000000065cd00000, 0x000000065cd00000, 0x000000065ce00000|  0%| F|  |TS  3|AC  0|TAMS 0x000000065cd00000, 0x000000065cd00000|
| 304|0x000000065ce00000, 0x000000065ce00000, 0x000000065cf00000|  0%| F|  |TS  3|AC  0|TAMS 0x000000065ce00000, 0x000000065ce00000|
| 305|0x000000065cf00000, 0x000000065cf00000, 0x000000065d000000|  0%| F|  |TS  3|AC  0|TAMS 0x000000065cf00000, 0x000000065cf00000|
| 306|0x000000065d000000, 0x000000065d000000, 0x000000065d100000|  0%| F|  |TS  3|AC  0|TAMS 0x000000065d000000, 0x000000065d000000|
| 307|0x000000065d100000, 0x000000065d100000, 0x000000065d200000|  0%| F|  |TS  3|AC  0|TAMS 0x000000065d100000, 0x000000065d100000|
| 308|0x000000065d200000, 0x000000065d200000, 0x000000065d300000|  0%| F|  |TS  3|AC  0|TAMS 0x000000065d200000, 0x000000065d200000|
| 309|0x000000065d300000, 0x000000065d300000, 0x000000065d400000|  0%| F|  |TS  3|AC  0|TAMS 0x000000065d300000, 0x000000065d300000|
| 310|0x000000065d400000, 0x000000065d400000, 0x000000065d500000|  0%| F|  |TS  3|AC  0|TAMS 0x000000065d400000, 0x000000065d400000|
| 311|0x000000065d500000, 0x000000065d500000, 0x000000065d600000|  0%| F|  |TS  3|AC  0|TAMS 0x000000065d500000, 0x000000065d500000|
| 312|0x000000065d600000, 0x000000065d600000, 0x000000065d700000|  0%| F|  |TS  3|AC  0|TAMS 0x000000065d600000, 0x000000065d600000|
| 313|0x000000065d700000, 0x000000065d700000, 0x000000065d800000|  0%| F|  |TS  3|AC  0|TAMS 0x000000065d700000, 0x000000065d700000|
| 314|0x000000065d800000, 0x000000065d800000, 0x000000065d900000|  0%| F|  |TS  3|AC  0|TAMS 0x000000065d800000, 0x000000065d800000|
| 315|0x000000065d900000, 0x000000065d900000, 0x000000065da00000|  0%| F|  |TS  3|AC  0|TAMS 0x000000065d900000, 0x000000065d900000|
| 316|0x000000065da00000, 0x000000065da00000, 0x000000065db00000|  0%| F|  |TS  3|AC  0|TAMS 0x000000065da00000, 0x000000065da00000|
| 317|0x000000065db00000, 0x000000065db00000, 0x000000065dc00000|  0%| F|  |TS  3|AC  0|TAMS 0x000000065db00000, 0x000000065db00000|
| 318|0x000000065dc00000, 0x000000065dc00000, 0x000000065dd00000|  0%| F|  |TS  3|AC  0|TAMS 0x000000065dc00000, 0x000000065dc00000|
| 319|0x000000065dd00000, 0x000000065dd00000, 0x000000065de00000|  0%| F|  |TS  3|AC  0|TAMS 0x000000065dd00000, 0x000000065dd00000|
| 320|0x000000065de00000, 0x000000065de00000, 0x000000065df00000|  0%| F|  |TS  3|AC  0|TAMS 0x000000065de00000, 0x000000065de00000|
| 321|0x000000065df00000, 0x000000065df00000, 0x000000065e000000|  0%| F|  |TS  3|AC  0|TAMS 0x000000065df00000, 0x000000065df00000|
| 322|0x000000065e000000, 0x000000065e000000, 0x000000065e100000|  0%| F|  |TS  3|AC  0|TAMS 0x000000065e000000, 0x000000065e000000|
| 323|0x000000065e100000, 0x000000065e100000, 0x000000065e200000|  0%| F|  |TS  3|AC  0|TAMS 0x000000065e100000, 0x000000065e100000|
| 324|0x000000065e200000, 0x000000065e200000, 0x000000065e300000|  0%| F|  |TS  3|AC  0|TAMS 0x000000065e200000, 0x000000065e200000|
| 325|0x000000065e300000, 0x000000065e300000, 0x000000065e400000|  0%| F|  |TS  3|AC  0|TAMS 0x000000065e300000, 0x000000065e300000|
| 326|0x000000065e400000, 0x000000065e400000, 0x000000065e500000|  0%| F|  |TS  3|AC  0|TAMS 0x000000065e400000, 0x000000065e400000|
| 327|0x000000065e500000, 0x000000065e500000, 0x000000065e600000|  0%| F|  |TS  3|AC  0|TAMS 0x000000065e500000, 0x000000065e500000|
| 328|0x000000065e600000, 0x000000065e600000, 0x000000065e700000|  0%| F|  |TS  3|AC  0|TAMS 0x000000065e600000, 0x000000065e600000|
| 329|0x000000065e700000, 0x000000065e700000, 0x000000065e800000|  0%| F|  |TS  3|AC  0|TAMS 0x000000065e700000, 0x000000065e700000|
| 330|0x000000065e800000, 0x000000065e800000, 0x000000065e900000|  0%| F|  |TS  3|AC  0|TAMS 0x000000065e800000, 0x000000065e800000|
| 331|0x000000065e900000, 0x000000065e900000, 0x000000065ea00000|  0%| F|  |TS  3|AC  0|TAMS 0x000000065e900000, 0x000000065e900000|
| 332|0x000000065ea00000, 0x000000065ea00000, 0x000000065eb00000|  0%| F|  |TS  3|AC  0|TAMS 0x000000065ea00000, 0x000000065ea00000|
| 333|0x000000065eb00000, 0x000000065eb00000, 0x000000065ec00000|  0%| F|  |TS  3|AC  0|TAMS 0x000000065eb00000, 0x000000065eb00000|
| 334|0x000000065ec00000, 0x000000065ec00000, 0x000000065ed00000|  0%| F|  |TS  3|AC  0|TAMS 0x000000065ec00000, 0x000000065ec00000|
| 335|0x000000065ed00000, 0x000000065ed00000, 0x000000065ee00000|  0%| F|  |TS  3|AC  0|TAMS 0x000000065ed00000, 0x000000065ed00000|
| 336|0x000000065ee00000, 0x000000065ee00000, 0x000000065ef00000|  0%| F|  |TS  3|AC  0|TAMS 0x000000065ee00000, 0x000000065ee00000|
| 337|0x000000065ef00000, 0x000000065ef00000, 0x000000065f000000|  0%| F|  |TS  3|AC  0|TAMS 0x000000065ef00000, 0x000000065ef00000|
| 338|0x000000065f000000, 0x000000065f000000, 0x000000065f100000|  0%| F|  |TS  3|AC  0|TAMS 0x000000065f000000, 0x000000065f000000|
| 339|0x000000065f100000, 0x000000065f100000, 0x000000065f200000|  0%| F|  |TS  3|AC  0|TAMS 0x000000065f100000, 0x000000065f100000|
| 340|0x000000065f200000, 0x000000065f200000, 0x000000065f300000|  0%| F|  |TS  3|AC  0|TAMS 0x000000065f200000, 0x000000065f200000|
| 341|0x000000065f300000, 0x000000065f300000, 0x000000065f400000|  0%| F|  |TS  3|AC  0|TAMS 0x000000065f300000, 0x000000065f300000|
| 342|0x000000065f400000, 0x000000065f400000, 0x000000065f500000|  0%| F|  |TS  3|AC  0|TAMS 0x000000065f400000, 0x000000065f400000|
| 343|0x000000065f500000, 0x000000065f500000, 0x000000065f600000|  0%| F|  |TS  3|AC  0|TAMS 0x000000065f500000, 0x000000065f500000|
| 344|0x000000065f600000, 0x000000065f600000, 0x000000065f700000|  0%| F|  |TS  3|AC  0|TAMS 0x000000065f600000, 0x000000065f600000|
| 345|0x000000065f700000, 0x000000065f700000, 0x000000065f800000|  0%| F|  |TS  3|AC  0|TAMS 0x000000065f700000, 0x000000065f700000|
| 346|0x000000065f800000, 0x000000065f800000, 0x000000065f900000|  0%| F|  |TS  3|AC  0|TAMS 0x000000065f800000, 0x000000065f800000|
| 347|0x000000065f900000, 0x000000065f900000, 0x000000065fa00000|  0%| F|  |TS  3|AC  0|TAMS 0x000000065f900000, 0x000000065f900000|
| 348|0x000000065fa00000, 0x000000065fa00000, 0x000000065fb00000|  0%| F|  |TS  3|AC  0|TAMS 0x000000065fa00000, 0x000000065fa00000|
| 349|0x000000065fb00000, 0x000000065fb00000, 0x000000065fc00000|  0%| F|  |TS  3|AC  0|TAMS 0x000000065fb00000, 0x000000065fb00000|
| 350|0x000000065fc00000, 0x000000065fc00000, 0x000000065fd00000|  0%| F|  |TS  3|AC  0|TAMS 0x000000065fc00000, 0x000000065fc00000|
| 351|0x000000065fd00000, 0x000000065fd00000, 0x000000065fe00000|  0%| F|  |TS  3|AC  0|TAMS 0x000000065fd00000, 0x000000065fd00000|
| 352|0x000000065fe00000, 0x000000065fe00000, 0x000000065ff00000|  0%| F|  |TS  3|AC  0|TAMS 0x000000065fe00000, 0x000000065fe00000|
| 353|0x000000065ff00000, 0x000000065ff00000, 0x0000000660000000|  0%| F|  |TS  3|AC  0|TAMS 0x000000065ff00000, 0x000000065ff00000|
| 354|0x0000000660000000, 0x0000000660000000, 0x0000000660100000|  0%| F|  |TS  3|AC  0|TAMS 0x0000000660000000, 0x0000000660000000|
| 355|0x0000000660100000, 0x0000000660100000, 0x0000000660200000|  0%| F|  |TS  3|AC  0|TAMS 0x0000000660100000, 0x0000000660100000|
| 356|0x0000000660200000, 0x0000000660200000, 0x0000000660300000|  0%| F|  |TS  3|AC  0|TAMS 0x0000000660200000, 0x0000000660200000|
| 357|0x0000000660300000, 0x0000000660300000, 0x0000000660400000|  0%| F|  |TS  3|AC  0|TAMS 0x0000000660300000, 0x0000000660300000|
| 358|0x0000000660400000, 0x0000000660400000, 0x0000000660500000|  0%| F|  |TS  3|AC  0|TAMS 0x0000000660400000, 0x0000000660400000|
| 359|0x0000000660500000, 0x0000000660500000, 0x0000000660600000|  0%| F|  |TS  3|AC  0|TAMS 0x0000000660500000, 0x0000000660500000|
| 360|0x0000000660600000, 0x0000000660600000, 0x0000000660700000|  0%| F|  |TS  3|AC  0|TAMS 0x0000000660600000, 0x0000000660600000|
| 361|0x0000000660700000, 0x0000000660700000, 0x0000000660800000|  0%| F|  |TS  3|AC  0|TAMS 0x0000000660700000, 0x0000000660700000|
| 362|0x0000000660800000, 0x0000000660800000, 0x0000000660900000|  0%| F|  |TS  3|AC  0|TAMS 0x0000000660800000, 0x0000000660800000|
| 363|0x0000000660900000, 0x0000000660900000, 0x0000000660a00000|  0%| F|  |TS  3|AC  0|TAMS 0x0000000660900000, 0x0000000660900000|
| 364|0x0000000660a00000, 0x0000000660a00000, 0x0000000660b00000|  0%| F|  |TS  3|AC  0|TAMS 0x0000000660a00000, 0x0000000660a00000|
| 365|0x0000000660b00000, 0x0000000660b00000, 0x0000000660c00000|  0%| F|  |TS  3|AC  0|TAMS 0x0000000660b00000, 0x0000000660b00000|
| 366|0x0000000660c00000, 0x0000000660c00000, 0x0000000660d00000|  0%| F|  |TS  3|AC  0|TAMS 0x0000000660c00000, 0x0000000660c00000|
| 367|0x0000000660d00000, 0x0000000660d00000, 0x0000000660e00000|  0%| F|  |TS  3|AC  0|TAMS 0x0000000660d00000, 0x0000000660d00000|
| 368|0x0000000660e00000, 0x0000000660e00000, 0x0000000660f00000|  0%| F|  |TS  3|AC  0|TAMS 0x0000000660e00000, 0x0000000660e00000|
| 369|0x0000000660f00000, 0x0000000660f00000, 0x0000000661000000|  0%| F|  |TS  3|AC  0|TAMS 0x0000000660f00000, 0x0000000660f00000|
| 370|0x0000000661000000, 0x0000000661000000, 0x0000000661100000|  0%| F|  |TS  3|AC  0|TAMS 0x0000000661000000, 0x0000000661000000|
| 371|0x0000000661100000, 0x0000000661100000, 0x0000000661200000|  0%| F|  |TS  3|AC  0|TAMS 0x0000000661100000, 0x0000000661100000|
| 372|0x0000000661200000, 0x0000000661200000, 0x0000000661300000|  0%| F|  |TS  3|AC  0|TAMS 0x0000000661200000, 0x0000000661200000|
| 373|0x0000000661300000, 0x0000000661300000, 0x0000000661400000|  0%| F|  |TS  3|AC  0|TAMS 0x0000000661300000, 0x0000000661300000|
| 374|0x0000000661400000, 0x0000000661400000, 0x0000000661500000|  0%| F|  |TS  3|AC  0|TAMS 0x0000000661400000, 0x0000000661400000|
| 375|0x0000000661500000, 0x0000000661500000, 0x0000000661600000|  0%| F|  |TS  3|AC  0|TAMS 0x0000000661500000, 0x0000000661500000|

Card table byte_map: [0x00007f1f5689e000,0x00007f1f5744f000] byte_map_base: 0x00007f1f5364f000

Marking Bits (Prev, Next): (CMBitMap*) 0x00007f1fb80b1728, (CMBitMap*) 0x00007f1fb80b16f0
 Prev Bits: [0x00007f1f4a1dd000, 0x00007f1f4ff65000)
 Next Bits: [0x00007f1f4ff65000, 0x00007f1f55ced000)

Polling page: 0x00007f1fc1014000

CodeHeap 'non-profiled nmethods': size=238384Kb used=5204Kb max_used=5204Kb free=233179Kb
 bounds [0x00007f1f9e277000, 0x00007f1f9e797000, 0x00007f1facb43000]
CodeHeap 'non-nmethods': size=7376Kb used=2969Kb max_used=2969Kb free=4406Kb
 bounds [0x00007f1f9db43000, 0x00007f1f9de33000, 0x00007f1f9e277000]
 total_blobs=3701 nmethods=3203 adapters=405
 compilation: enabled

Compilation events (10 events):
Event: 2,808 Thread 0x00007f1fb82e1000 3199       1       java.lang.reflect.Method::setMethodAccessor (21 bytes)
Event: 2,808 Thread 0x00007f1fb82e1000 nmethod 3199 0x00007f1f9e78af10 code [0x00007f1f9e78b0c0, 0x00007f1f9e78b308]
Event: 2,808 Thread 0x00007f1fb82e1000 3198       1       jdk.internal.reflect.NativeMethodAccessorImpl::setParent (6 bytes)
Event: 2,809 Thread 0x00007f1fb82e1000 nmethod 3198 0x00007f1f9e78b410 code [0x00007f1f9e78b5c0, 0x00007f1f9e78b730]
Event: 2,809 Thread 0x00007f1fb82e1000 3200       1       java.lang.reflect.Method::getMethodAccessor (5 bytes)
Event: 2,809 Thread 0x00007f1fb82e1000 nmethod 3200 0x00007f1f9e78b790 code [0x00007f1f9e78b940, 0x00007f1f9e78ba50]
Event: 2,812 Thread 0x00007f1fb82e3000 3202       1       org.springframework.core.annotation.AnnotationUtils::access$000 (4 bytes)
Event: 2,812 Thread 0x00007f1fb82e3000 nmethod 3202 0x00007f1f9e78ba90 code [0x00007f1f9e78bc40, 0x00007f1f9e78bd30]
Event: 2,816 Thread 0x00007f1fb82e7000 3203  s    1       java.lang.StringBuffer::length (5 bytes)
Event: 2,816 Thread 0x00007f1fb82e7000 nmethod 3203 0x00007f1f9e78bd90 code [0x00007f1f9e78bf40, 0x00007f1f9e78c1b0]

GC Heap History (7 events):
Event: 0,796 GC heap before
{Heap before GC invocations=0 (full 0):
 garbage-first heap   total 385024K, used 25600K [0x0000000649e00000, 0x0000000649f00bc0, 0x00000007c0000000)
  region size 1024K, 24 young (24576K), 0 survivors (0K)
 Metaspace       used 11863K, capacity 12366K, committed 12672K, reserved 1060864K
  class space    used 1250K, capacity 1351K, committed 1408K, reserved 1048576K
}
Event: 0,821 GC heap after
{Heap after GC invocations=1 (full 0):
 garbage-first heap   total 385024K, used 7919K [0x0000000649e00000, 0x0000000649f00bc0, 0x00000007c0000000)
  region size 1024K, 3 young (3072K), 3 survivors (3072K)
 Metaspace       used 11863K, capacity 12366K, committed 12672K, reserved 1060864K
  class space    used 1250K, capacity 1351K, committed 1408K, reserved 1048576K
}
Event: 1,478 GC heap before
{Heap before GC invocations=1 (full 0):
 garbage-first heap   total 385024K, used 91887K [0x0000000649e00000, 0x0000000649f00bc0, 0x00000007c0000000)
  region size 1024K, 86 young (88064K), 3 survivors (3072K)
 Metaspace       used 20212K, capacity 21259K, committed 21296K, reserved 1069056K
  class space    used 2394K, capacity 2595K, committed 2608K, reserved 1048576K
}
Event: 1,522 GC heap after
{Heap after GC invocations=2 (full 0):
 garbage-first heap   total 385024K, used 15851K [0x0000000649e00000, 0x0000000649f00bc0, 0x00000007c0000000)
  region size 1024K, 11 young (11264K), 11 survivors (11264K)
 Metaspace       used 20212K, capacity 21259K, committed 21296K, reserved 1069056K
  class space    used 2394K, capacity 2595K, committed 2608K, reserved 1048576K
}
Event: 2,237 GC heap before
{Heap before GC invocations=3 (full 0):
 garbage-first heap   total 385024K, used 100843K [0x0000000649e00000, 0x0000000649f00bc0, 0x00000007c0000000)
  region size 1024K, 94 young (96256K), 11 survivors (11264K)
 Metaspace       used 27119K, capacity 28733K, committed 28976K, reserved 1075200K
  class space    used 3303K, capacity 3594K, committed 3632K, reserved 1048576K
}
Event: 2,306 GC heap after
{Heap after GC invocations=4 (full 0):
 garbage-first heap   total 385024K, used 19694K [0x0000000649e00000, 0x0000000649f00bc0, 0x00000007c0000000)
  region size 1024K, 9 young (9216K), 9 survivors (9216K)
 Metaspace       used 27119K, capacity 28733K, committed 28976K, reserved 1075200K
  class space    used 3303K, capacity 3594K, committed 3632K, reserved 1048576K
}
Event: 2,822 GC heap before
{Heap before GC invocations=4 (full 0):
 garbage-first heap   total 385024K, used 104686K [0x0000000649e00000, 0x0000000649f00bc0, 0x00000007c0000000)
  region size 1024K, 92 young (94208K), 9 survivors (9216K)
 Metaspace       used 29108K, capacity 30911K, committed 31152K, reserved 1077248K
  class space    used 3596K, capacity 3941K, committed 4016K, reserved 1048576K
}

Deoptimization events (0 events):
No events

Classes redefined (0 events):
No events

Internal exceptions (10 events):
Event: 2,389 Thread 0x00007f1fb8017800 Exception <a 'java/security/PrivilegedActionException'{0x0000000660b02c48}> (0x0000000660b02c48) thrown at [/scratch/opt/mach5/mesos/work_dir/slaves/5af44a71-976a-41b7-81de-5773b84ec572-S39643/frameworks/1735e8a2-a1db-478c-8104-60c8b0af87dd-0196/executors
Event: 2,389 Thread 0x00007f1fb8017800 Exception <a 'java/security/PrivilegedActionException'{0x0000000660b040c0}> (0x0000000660b040c0) thrown at [/scratch/opt/mach5/mesos/work_dir/slaves/5af44a71-976a-41b7-81de-5773b84ec572-S39643/frameworks/1735e8a2-a1db-478c-8104-60c8b0af87dd-0196/executors
Event: 2,389 Thread 0x00007f1fb8017800 Exception <a 'java/security/PrivilegedActionException'{0x0000000660b044b8}> (0x0000000660b044b8) thrown at [/scratch/opt/mach5/mesos/work_dir/slaves/5af44a71-976a-41b7-81de-5773b84ec572-S39643/frameworks/1735e8a2-a1db-478c-8104-60c8b0af87dd-0196/executors
Event: 2,389 Thread 0x00007f1fb8017800 Exception <a 'java/security/PrivilegedActionException'{0x0000000660b05958}> (0x0000000660b05958) thrown at [/scratch/opt/mach5/mesos/work_dir/slaves/5af44a71-976a-41b7-81de-5773b84ec572-S39643/frameworks/1735e8a2-a1db-478c-8104-60c8b0af87dd-0196/executors
Event: 2,389 Thread 0x00007f1fb8017800 Exception <a 'java/security/PrivilegedActionException'{0x0000000660b05d50}> (0x0000000660b05d50) thrown at [/scratch/opt/mach5/mesos/work_dir/slaves/5af44a71-976a-41b7-81de-5773b84ec572-S39643/frameworks/1735e8a2-a1db-478c-8104-60c8b0af87dd-0196/executors
Event: 2,389 Thread 0x00007f1fb8017800 Exception <a 'java/security/PrivilegedActionException'{0x0000000660b07168}> (0x0000000660b07168) thrown at [/scratch/opt/mach5/mesos/work_dir/slaves/5af44a71-976a-41b7-81de-5773b84ec572-S39643/frameworks/1735e8a2-a1db-478c-8104-60c8b0af87dd-0196/executors
Event: 2,389 Thread 0x00007f1fb8017800 Exception <a 'java/security/PrivilegedActionException'{0x0000000660b07560}> (0x0000000660b07560) thrown at [/scratch/opt/mach5/mesos/work_dir/slaves/5af44a71-976a-41b7-81de-5773b84ec572-S39643/frameworks/1735e8a2-a1db-478c-8104-60c8b0af87dd-0196/executors
Event: 2,584 Thread 0x00007f1fb8017800 Exception <a 'java/lang/NoSuchMethodError'{0x000000065d4ce2a8}: java.lang.invoke.DirectMethodHandle$Holder.invokeInterface(Ljava/lang/Object;Ljava/lang/Object;Ljava/lang/Object;Ljava/lang/Object;)V> (0x000000065d4ce2a8) thrown at [/scratch/opt/mach5/mesos
Event: 2,622 Thread 0x00007f1fb8017800 Exception <a 'java/lang/NoSuchMethodError'{0x000000065d1d8528}: method resolution failed> (0x000000065d1d8528) thrown at [/scratch/opt/mach5/mesos/work_dir/slaves/5af44a71-976a-41b7-81de-5773b84ec572-S39643/frameworks/1735e8a2-a1db-478c-8104-60c8b0af87dd-
Event: 2,642 Thread 0x00007f1f08001000 Exception <a 'java/lang/reflect/InvocationTargetException'{0x000000065d089700}> (0x000000065d089700) thrown at [/scratch/opt/mach5/mesos/work_dir/slaves/5af44a71-976a-41b7-81de-5773b84ec572-S39643/frameworks/1735e8a2-a1db-478c-8104-60c8b0af87dd-0196/execu

Events (10 events):
Event: 2,820 loading class org/springframework/data/repository/config/RepositoryConfigurationSource done
Event: 2,820 loading class org/springframework/data/jpa/repository/support/JpaEvaluationContextExtension
Event: 2,820 loading class org/springframework/data/jpa/repository/support/JpaEvaluationContextExtension done
Event: 2,820 loading class org/springframework/data/spel/spi/EvaluationContextExtension
Event: 2,820 loading class org/springframework/data/spel/spi/EvaluationContextExtension done
Event: 2,821 loading class org/springframework/data/repository/config/RepositoryBeanDefinitionBuilder
Event: 2,821 loading class org/springframework/data/repository/config/RepositoryBeanDefinitionBuilder done
Event: 2,822 loading class org/springframework/data/repository/config/FragmentMetadata
Event: 2,822 loading class org/springframework/data/repository/config/FragmentMetadata done
Event: 2,822 Executing VM operation: G1IncCollectionPause


Dynamic libraries:
00400000-00401000 r-xp 00000000 08:11 3032295                            /usr/lib/jvm/java-9-oracle/bin/java
00600000-00601000 rw-p 00000000 08:11 3032295                            /usr/lib/jvm/java-9-oracle/bin/java
00a45000-00a66000 rw-p 00000000 00:00 0                                  [heap]
649e00000-661600000 rw-p 00000000 00:00 0 
690600000-7c0000000 ---p 00000000 00:00 0 
7c0000000-7c03ec000 rw-p 00000000 00:00 0 
7c03ec000-800000000 ---p 00000000 00:00 0 
7f1eec000000-7f1eec021000 rw-p 00000000 00:00 0 
7f1eec021000-7f1ef0000000 ---p 00000000 00:00 0 
7f1ef0000000-7f1ef0024000 rw-p 00000000 00:00 0 
7f1ef0024000-7f1ef4000000 ---p 00000000 00:00 0 
7f1ef4000000-7f1ef4021000 rw-p 00000000 00:00 0 
7f1ef4021000-7f1ef8000000 ---p 00000000 00:00 0 
7f1ef8000000-7f1ef803b000 rw-p 00000000 00:00 0 
7f1ef803b000-7f1efc000000 ---p 00000000 00:00 0 
7f1efc000000-7f1efc021000 rw-p 00000000 00:00 0 
7f1efc021000-7f1f00000000 ---p 00000000 00:00 0 
7f1f00000000-7f1f00531000 rw-p 00000000 00:00 0 
7f1f00531000-7f1f04000000 ---p 00000000 00:00 0 
7f1f04000000-7f1f04021000 rw-p 00000000 00:00 0 
7f1f04021000-7f1f08000000 ---p 00000000 00:00 0 
7f1f08000000-7f1f08021000 rw-p 00000000 00:00 0 
7f1f08021000-7f1f0c000000 ---p 00000000 00:00 0 
7f1f0c000000-7f1f0c021000 rw-p 00000000 00:00 0 
7f1f0c021000-7f1f10000000 ---p 00000000 00:00 0 
7f1f10000000-7f1f10021000 rw-p 00000000 00:00 0 
7f1f10021000-7f1f14000000 ---p 00000000 00:00 0 
7f1f14000000-7f1f141d2000 rw-p 00000000 00:00 0 
7f1f141d2000-7f1f18000000 ---p 00000000 00:00 0 
7f1f18000000-7f1f18021000 rw-p 00000000 00:00 0 
7f1f18021000-7f1f1c000000 ---p 00000000 00:00 0 
7f1f1c000000-7f1f1c27b000 rw-p 00000000 00:00 0 
7f1f1c27b000-7f1f20000000 ---p 00000000 00:00 0 
7f1f20000000-7f1f20162000 rw-p 00000000 00:00 0 
7f1f20162000-7f1f24000000 ---p 00000000 00:00 0 
7f1f24000000-7f1f24021000 rw-p 00000000 00:00 0 
7f1f24021000-7f1f28000000 ---p 00000000 00:00 0 
7f1f28000000-7f1f28257000 rw-p 00000000 00:00 0 
7f1f28257000-7f1f2c000000 ---p 00000000 00:00 0 
7f1f2c000000-7f1f2c021000 rw-p 00000000 00:00 0 
7f1f2c021000-7f1f30000000 ---p 00000000 00:00 0 
7f1f30000000-7f1f30021000 rw-p 00000000 00:00 0 
7f1f30021000-7f1f34000000 ---p 00000000 00:00 0 
7f1f34000000-7f1f3433b000 rw-p 00000000 00:00 0 
7f1f3433b000-7f1f38000000 ---p 00000000 00:00 0 
7f1f383b2000-7f1f38432000 rw-p 00000000 00:00 0 
7f1f38432000-7f1f385b6000 ---p 00000000 00:00 0 
7f1f385b6000-7f1f388b3000 rw-p 00000000 00:00 0 
7f1f388b3000-7f1f388b7000 ---p 00000000 00:00 0 
7f1f388b7000-7f1f389b4000 rw-p 00000000 00:00 0 
7f1f389b4000-7f1f389b8000 ---p 00000000 00:00 0 
7f1f389b8000-7f1f38cb5000 rw-p 00000000 00:00 0 
7f1f38cb5000-7f1f38cb9000 ---p 00000000 00:00 0 
7f1f38cb9000-7f1f38fb6000 rw-p 00000000 00:00 0 
7f1f38fb6000-7f1f391b6000 rw-p 00000000 00:00 0 
7f1f391b6000-7f1f393b6000 rw-p 00000000 00:00 0 
7f1f393b6000-7f1f395b6000 rw-p 00000000 00:00 0 
7f1f395b6000-7f1f395ba000 ---p 00000000 00:00 0 
7f1f395ba000-7f1f398b7000 rw-p 00000000 00:00 0 
7f1f398b7000-7f1f39ab7000 rw-p 00000000 00:00 0 
7f1f39ab7000-7f1f39ab8000 ---p 00000000 00:00 0 
7f1f39ab8000-7f1f39bb8000 rw-p 00000000 00:00 0 
7f1f39bb8000-7f1f39bbc000 ---p 00000000 00:00 0 
7f1f39bbc000-7f1f39eb9000 rw-p 00000000 00:00 0 
7f1f39eb9000-7f1f39ebe000 r-xp 00000000 08:11 3032863                    /usr/lib/jvm/java-9-oracle/lib/libmanagement_ext.so
7f1f39ebe000-7f1f3a0bd000 ---p 00005000 08:11 3032863                    /usr/lib/jvm/java-9-oracle/lib/libmanagement_ext.so
7f1f3a0bd000-7f1f3a0be000 rw-p 00004000 08:11 3032863                    /usr/lib/jvm/java-9-oracle/lib/libmanagement_ext.so
7f1f3a0be000-7f1f3a0c2000 r-xp 00000000 08:11 3032865                    /usr/lib/jvm/java-9-oracle/lib/libmanagement.so
7f1f3a0c2000-7f1f3a2c1000 ---p 00004000 08:11 3032865                    /usr/lib/jvm/java-9-oracle/lib/libmanagement.so
7f1f3a2c1000-7f1f3a2c2000 rw-p 00003000 08:11 3032865                    /usr/lib/jvm/java-9-oracle/lib/libmanagement.so
7f1f3a2c2000-7f1f3a2c6000 ---p 00000000 00:00 0 
7f1f3a2c6000-7f1f3a3c3000 rw-p 00000000 00:00 0 
7f1f3a3c3000-7f1f3a3c7000 ---p 00000000 00:00 0 
7f1f3a3c7000-7f1f3a4c4000 rw-p 00000000 00:00 0 
7f1f3a4c4000-7f1f3a4c8000 ---p 00000000 00:00 0 
7f1f3a4c8000-7f1f3a5c5000 rw-p 00000000 00:00 0 
7f1f3a5c5000-7f1f3a5db000 r-xp 00000000 08:11 3032824                    /usr/lib/jvm/java-9-oracle/lib/libnet.so
7f1f3a5db000-7f1f3a7db000 ---p 00016000 08:11 3032824                    /usr/lib/jvm/java-9-oracle/lib/libnet.so
7f1f3a7db000-7f1f3a7dc000 rw-p 00016000 08:11 3032824                    /usr/lib/jvm/java-9-oracle/lib/libnet.so
7f1f3a7dc000-7f1f3a7ec000 r-xp 00000000 08:11 3032870                    /usr/lib/jvm/java-9-oracle/lib/libnio.so
7f1f3a7ec000-7f1f3a9ec000 ---p 00010000 08:11 3032870                    /usr/lib/jvm/java-9-oracle/lib/libnio.so
7f1f3a9ec000-7f1f3a9ed000 rw-p 00010000 08:11 3032870                    /usr/lib/jvm/java-9-oracle/lib/libnio.so
7f1f3a9ed000-7f1f3a9f1000 ---p 00000000 00:00 0 
7f1f3a9f1000-7f1f3aaee000 rw-p 00000000 00:00 0 
7f1f3aaee000-7f1f3aaf2000 ---p 00000000 00:00 0 
7f1f3aaf2000-7f1f3abef000 rw-p 00000000 00:00 0 
7f1f3abef000-7f1f3abf3000 ---p 00000000 00:00 0 
7f1f3abf3000-7f1f3acf0000 rw-p 00000000 00:00 0 
7f1f3acf0000-7f1f3acf4000 ---p 00000000 00:00 0 
7f1f3acf4000-7f1f3adf1000 rw-p 00000000 00:00 0 
7f1f3adf1000-7f1f3adf5000 ---p 00000000 00:00 0 
7f1f3adf5000-7f1f3aef2000 rw-p 00000000 00:00 0 
7f1f3aef2000-7f1f3aef6000 ---p 00000000 00:00 0 
7f1f3aef6000-7f1f3aff3000 rw-p 00000000 00:00 0 
7f1f3aff3000-7f1f3b3fc000 r--p 00000000 08:11 3014886                    /usr/lib/locale/locale-archive
7f1f3b3fc000-7f1f3b400000 ---p 00000000 00:00 0 
7f1f3b400000-7f1f3b4fd000 rw-p 00000000 00:00 0 
7f1f3b4fd000-7f1f3b501000 ---p 00000000 00:00 0 
7f1f3b501000-7f1f3b5fe000 rw-p 00000000 00:00 0 
7f1f3b5fe000-7f1f3b5ff000 ---p 00000000 00:00 0 
7f1f3b5ff000-7f1f3beff000 rw-p 00000000 00:00 0 
7f1f3beff000-7f1f3c000000 rw-p 00000000 00:00 0 
7f1f3c000000-7f1f3c021000 rw-p 00000000 00:00 0 
7f1f3c021000-7f1f40000000 ---p 00000000 00:00 0 
7f1f40000000-7f1f40021000 rw-p 00000000 00:00 0 
7f1f40021000-7f1f44000000 ---p 00000000 00:00 0 
7f1f44000000-7f1f44021000 rw-p 00000000 00:00 0 
7f1f44021000-7f1f48000000 ---p 00000000 00:00 0 
7f1f48066000-7f1f481dd000 rw-p 00000000 00:00 0 
7f1f481dd000-7f1f4a1dd000 rwxp 00000000 00:00 0 
7f1f4a1dd000-7f1f4a7bd000 rw-p 00000000 00:00 0 
7f1f4a7bd000-7f1f4ff65000 ---p 00000000 00:00 0 
7f1f4ff65000-7f1f50545000 rw-p 00000000 00:00 0 
7f1f50545000-7f1f55ced000 ---p 00000000 00:00 0 
7f1f55ced000-7f1f55da9000 rw-p 00000000 00:00 0 
7f1f55da9000-7f1f5689e000 ---p 00000000 00:00 0 
7f1f5689e000-7f1f5695a000 rw-p 00000000 00:00 0 
7f1f5695a000-7f1f58000000 ---p 00000000 00:00 0 
7f1f58000000-7f1f58021000 rw-p 00000000 00:00 0 
7f1f58021000-7f1f5c000000 ---p 00000000 00:00 0 
7f1f5c000000-7f1f5c021000 rw-p 00000000 00:00 0 
7f1f5c021000-7f1f60000000 ---p 00000000 00:00 0 
7f1f60000000-7f1f60021000 rw-p 00000000 00:00 0 
7f1f60021000-7f1f64000000 ---p 00000000 00:00 0 
7f1f64000000-7f1f64021000 rw-p 00000000 00:00 0 
7f1f64021000-7f1f68000000 ---p 00000000 00:00 0 
7f1f68000000-7f1f68021000 rw-p 00000000 00:00 0 
7f1f68021000-7f1f6c000000 ---p 00000000 00:00 0 
7f1f6c000000-7f1f6c021000 rw-p 00000000 00:00 0 
7f1f6c021000-7f1f70000000 ---p 00000000 00:00 0 
7f1f70000000-7f1f70021000 rw-p 00000000 00:00 0 
7f1f70021000-7f1f74000000 ---p 00000000 00:00 0 
7f1f74000000-7f1f74021000 rw-p 00000000 00:00 0 
7f1f74021000-7f1f78000000 ---p 00000000 00:00 0 
7f1f78000000-7f1f78021000 rw-p 00000000 00:00 0 
7f1f78021000-7f1f7c000000 ---p 00000000 00:00 0 
7f1f7c000000-7f1f7c021000 rw-p 00000000 00:00 0 
7f1f7c021000-7f1f80000000 ---p 00000000 00:00 0 
7f1f80000000-7f1f80021000 rw-p 00000000 00:00 0 
7f1f80021000-7f1f84000000 ---p 00000000 00:00 0 
7f1f84000000-7f1f84021000 rw-p 00000000 00:00 0 
7f1f84021000-7f1f88000000 ---p 00000000 00:00 0 
7f1f88000000-7f1f88021000 rw-p 00000000 00:00 0 
7f1f88021000-7f1f8c000000 ---p 00000000 00:00 0 
7f1f8c000000-7f1f8c021000 rw-p 00000000 00:00 0 
7f1f8c021000-7f1f90000000 ---p 00000000 00:00 0 
7f1f90000000-7f1f90021000 rw-p 00000000 00:00 0 
7f1f90021000-7f1f94000000 ---p 00000000 00:00 0 
7f1f94000000-7f1f94021000 rw-p 00000000 00:00 0 
7f1f94021000-7f1f98000000 ---p 00000000 00:00 0 
7f1f98000000-7f1f98021000 rw-p 00000000 00:00 0 
7f1f98021000-7f1f9c000000 ---p 00000000 00:00 0 
7f1f9c00d000-7f1f9c613000 rw-p 00000000 00:00 0 
7f1f9c613000-7f1f9c614000 ---p 00000000 00:00 0 
7f1f9c614000-7f1f9c714000 rw-p 00000000 00:00 0 
7f1f9c714000-7f1f9c715000 ---p 00000000 00:00 0 
7f1f9c715000-7f1f9c815000 rw-p 00000000 00:00 0 
7f1f9c815000-7f1f9c816000 ---p 00000000 00:00 0 
7f1f9c816000-7f1f9cb49000 rw-p 00000000 00:00 0 
7f1f9cb49000-7f1f9d63e000 ---p 00000000 00:00 0 
7f1f9d63e000-7f1f9d63f000 ---p 00000000 00:00 0 
7f1f9d63f000-7f1f9d73f000 rw-p 00000000 00:00 0 
7f1f9d73f000-7f1f9d740000 ---p 00000000 00:00 0 
7f1f9d740000-7f1f9d840000 rw-p 00000000 00:00 0 
7f1f9d840000-7f1f9d841000 ---p 00000000 00:00 0 
7f1f9d841000-7f1f9d941000 rw-p 00000000 00:00 0 
7f1f9d941000-7f1f9d942000 ---p 00000000 00:00 0 
7f1f9d942000-7f1f9da42000 rw-p 00000000 00:00 0 
7f1f9da42000-7f1f9da43000 ---p 00000000 00:00 0 
7f1f9da43000-7f1f9db43000 rw-p 00000000 00:00 0 
7f1f9db43000-7f1f9de33000 rwxp 00000000 00:00 0 
7f1f9de33000-7f1f9e277000 ---p 00000000 00:00 0 
7f1f9e277000-7f1f9e797000 rwxp 00000000 00:00 0 
7f1f9e797000-7f1facb43000 ---p 00000000 00:00 0 
7f1facb43000-7f1fb8000000 r--s 00000000 08:11 3032851                    /usr/lib/jvm/java-9-oracle/lib/modules
7f1fb8000000-7f1fb8d38000 rw-p 00000000 00:00 0 
7f1fb8d38000-7f1fbc000000 ---p 00000000 00:00 0 
7f1fbc028000-7f1fbc04d000 r--p 00000000 08:11 3677235                    /usr/share/locale-langpack/pl/LC_MESSAGES/libc.mo
7f1fbc04d000-7f1fbc0a8000 rw-p 00000000 00:00 0 
7f1fbc0a8000-7f1fbc0a9000 ---p 00000000 00:00 0 
7f1fbc0a9000-7f1fbc1a9000 rw-p 00000000 00:00 0 
7f1fbc1a9000-7f1fbc1aa000 ---p 00000000 00:00 0 
7f1fbc1aa000-7f1fbc2aa000 rw-p 00000000 00:00 0 
7f1fbc2aa000-7f1fbc2ab000 ---p 00000000 00:00 0 
7f1fbc2ab000-7f1fbc3ab000 rw-p 00000000 00:00 0 
7f1fbc3ab000-7f1fbc3ac000 ---p 00000000 00:00 0 
7f1fbc3ac000-7f1fbccb4000 rw-p 00000000 00:00 0 
7f1fbccb4000-7f1fbccb5000 ---p 00000000 00:00 0 
7f1fbccb5000-7f1fbcdb5000 rw-p 00000000 00:00 0 
7f1fbcdb5000-7f1fbcdb6000 ---p 00000000 00:00 0 
7f1fbcdb6000-7f1fbceb6000 rw-p 00000000 00:00 0 
7f1fbceb6000-7f1fbceb7000 ---p 00000000 00:00 0 
7f1fbceb7000-7f1fbcfb7000 rw-p 00000000 00:00 0 
7f1fbcfb7000-7f1fbcfb8000 ---p 00000000 00:00 0 
7f1fbcfb8000-7f1fbd0b8000 rw-p 00000000 00:00 0 
7f1fbd0b8000-7f1fbd0b9000 ---p 00000000 00:00 0 
7f1fbd0b9000-7f1fbd1b9000 rw-p 00000000 00:00 0 
7f1fbd1b9000-7f1fbd1ba000 ---p 00000000 00:00 0 
7f1fbd1ba000-7f1fbd2ba000 rw-p 00000000 00:00 0 
7f1fbd2ba000-7f1fbd2bb000 ---p 00000000 00:00 0 
7f1fbd2bb000-7f1fbd3bb000 rw-p 00000000 00:00 0 
7f1fbd3bb000-7f1fbd3bc000 ---p 00000000 00:00 0 
7f1fbd3bc000-7f1fbd4c7000 rw-p 00000000 00:00 0 
7f1fbd4c7000-7f1fbd68e000 ---p 00000000 00:00 0 
7f1fbd68e000-7f1fbd6a8000 r-xp 00000000 08:11 3032800                    /usr/lib/jvm/java-9-oracle/lib/libjimage.so
7f1fbd6a8000-7f1fbd8a7000 ---p 0001a000 08:11 3032800                    /usr/lib/jvm/java-9-oracle/lib/libjimage.so
7f1fbd8a7000-7f1fbd8a9000 rw-p 00019000 08:11 3032800                    /usr/lib/jvm/java-9-oracle/lib/libjimage.so
7f1fbd8a9000-7f1fbd8bb000 rw-p 00000000 00:00 0 
7f1fbd8bb000-7f1fbd8c2000 r-xp 00000000 08:11 3032878                    /usr/lib/jvm/java-9-oracle/lib/libzip.so
7f1fbd8c2000-7f1fbdac1000 ---p 00007000 08:11 3032878                    /usr/lib/jvm/java-9-oracle/lib/libzip.so
7f1fbdac1000-7f1fbdac2000 rw-p 00006000 08:11 3032878                    /usr/lib/jvm/java-9-oracle/lib/libzip.so
7f1fbdac2000-7f1fbdacd000 r-xp 00000000 08:11 1053176                    /lib/x86_64-linux-gnu/libnss_files-2.23.so
7f1fbdacd000-7f1fbdccc000 ---p 0000b000 08:11 1053176                    /lib/x86_64-linux-gnu/libnss_files-2.23.so
7f1fbdccc000-7f1fbdccd000 r--p 0000a000 08:11 1053176                    /lib/x86_64-linux-gnu/libnss_files-2.23.so
7f1fbdccd000-7f1fbdcce000 rw-p 0000b000 08:11 1053176                    /lib/x86_64-linux-gnu/libnss_files-2.23.so
7f1fbdcce000-7f1fbdcd4000 rw-p 00000000 00:00 0 
7f1fbdcd4000-7f1fbdcdf000 r-xp 00000000 08:11 1048883                    /lib/x86_64-linux-gnu/libnss_nis-2.23.so
7f1fbdcdf000-7f1fbdede000 ---p 0000b000 08:11 1048883                    /lib/x86_64-linux-gnu/libnss_nis-2.23.so
7f1fbdede000-7f1fbdedf000 r--p 0000a000 08:11 1048883                    /lib/x86_64-linux-gnu/libnss_nis-2.23.so
7f1fbdedf000-7f1fbdee0000 rw-p 0000b000 08:11 1048883                    /lib/x86_64-linux-gnu/libnss_nis-2.23.so
7f1fbdee0000-7f1fbdef6000 r-xp 00000000 08:11 1048888                    /lib/x86_64-linux-gnu/libnsl-2.23.so
7f1fbdef6000-7f1fbe0f5000 ---p 00016000 08:11 1048888                    /lib/x86_64-linux-gnu/libnsl-2.23.so
7f1fbe0f5000-7f1fbe0f6000 r--p 00015000 08:11 1048888                    /lib/x86_64-linux-gnu/libnsl-2.23.so
7f1fbe0f6000-7f1fbe0f7000 rw-p 00016000 08:11 1048888                    /lib/x86_64-linux-gnu/libnsl-2.23.so
7f1fbe0f7000-7f1fbe0f9000 rw-p 00000000 00:00 0 
7f1fbe0f9000-7f1fbe101000 r-xp 00000000 08:11 1053428                    /lib/x86_64-linux-gnu/libnss_compat-2.23.so
7f1fbe101000-7f1fbe300000 ---p 00008000 08:11 1053428                    /lib/x86_64-linux-gnu/libnss_compat-2.23.so
7f1fbe300000-7f1fbe301000 r--p 00007000 08:11 1053428                    /lib/x86_64-linux-gnu/libnss_compat-2.23.so
7f1fbe301000-7f1fbe302000 rw-p 00008000 08:11 1053428                    /lib/x86_64-linux-gnu/libnss_compat-2.23.so
7f1fbe302000-7f1fbe30c000 r-xp 00000000 08:11 3032815                    /usr/lib/jvm/java-9-oracle/lib/libinstrument.so
7f1fbe30c000-7f1fbe50b000 ---p 0000a000 08:11 3032815                    /usr/lib/jvm/java-9-oracle/lib/libinstrument.so
7f1fbe50b000-7f1fbe50c000 rw-p 00009000 08:11 3032815                    /usr/lib/jvm/java-9-oracle/lib/libinstrument.so
7f1fbe50c000-7f1fbe537000 r-xp 00000000 08:11 3032817                    /usr/lib/jvm/java-9-oracle/lib/libjava.so
7f1fbe537000-7f1fbe736000 ---p 0002b000 08:11 3032817                    /usr/lib/jvm/java-9-oracle/lib/libjava.so
7f1fbe736000-7f1fbe738000 rw-p 0002a000 08:11 3032817                    /usr/lib/jvm/java-9-oracle/lib/libjava.so
7f1fbe738000-7f1fbe745000 r-xp 00000000 08:11 3032836                    /usr/lib/jvm/java-9-oracle/lib/libverify.so
7f1fbe745000-7f1fbe944000 ---p 0000d000 08:11 3032836                    /usr/lib/jvm/java-9-oracle/lib/libverify.so
7f1fbe944000-7f1fbe946000 rw-p 0000c000 08:11 3032836                    /usr/lib/jvm/java-9-oracle/lib/libverify.so
7f1fbe946000-7f1fbe94d000 r-xp 00000000 08:11 1048869                    /lib/x86_64-linux-gnu/librt-2.23.so
7f1fbe94d000-7f1fbeb4c000 ---p 00007000 08:11 1048869                    /lib/x86_64-linux-gnu/librt-2.23.so
7f1fbeb4c000-7f1fbeb4d000 r--p 00006000 08:11 1048869                    /lib/x86_64-linux-gnu/librt-2.23.so
7f1fbeb4d000-7f1fbeb4e000 rw-p 00007000 08:11 1048869                    /lib/x86_64-linux-gnu/librt-2.23.so
7f1fbeb4e000-7f1fbec56000 r-xp 00000000 08:11 1053460                    /lib/x86_64-linux-gnu/libm-2.23.so
7f1fbec56000-7f1fbee55000 ---p 00108000 08:11 1053460                    /lib/x86_64-linux-gnu/libm-2.23.so
7f1fbee55000-7f1fbee56000 r--p 00107000 08:11 1053460                    /lib/x86_64-linux-gnu/libm-2.23.so
7f1fbee56000-7f1fbee57000 rw-p 00108000 08:11 1053460                    /lib/x86_64-linux-gnu/libm-2.23.so
7f1fbee57000-7f1fbfe6c000 r-xp 00000000 08:11 3034524                    /usr/lib/jvm/java-9-oracle/lib/server/libjvm.so
7f1fbfe6c000-7f1fc006b000 ---p 01015000 08:11 3034524                    /usr/lib/jvm/java-9-oracle/lib/server/libjvm.so
7f1fc006b000-7f1fc013c000 r--p 01014000 08:11 3034524                    /usr/lib/jvm/java-9-oracle/lib/server/libjvm.so
7f1fc013c000-7f1fc0173000 rw-p 010e5000 08:11 3034524                    /usr/lib/jvm/java-9-oracle/lib/server/libjvm.so
7f1fc0173000-7f1fc01dc000 rw-p 00000000 00:00 0 
7f1fc01dc000-7f1fc039c000 r-xp 00000000 08:11 1053424                    /lib/x86_64-linux-gnu/libc-2.23.so
7f1fc039c000-7f1fc059c000 ---p 001c0000 08:11 1053424                    /lib/x86_64-linux-gnu/libc-2.23.so
7f1fc059c000-7f1fc05a0000 r--p 001c0000 08:11 1053424                    /lib/x86_64-linux-gnu/libc-2.23.so
7f1fc05a0000-7f1fc05a2000 rw-p 001c4000 08:11 1053424                    /lib/x86_64-linux-gnu/libc-2.23.so
7f1fc05a2000-7f1fc05a6000 rw-p 00000000 00:00 0 
7f1fc05a6000-7f1fc05a9000 r-xp 00000000 08:11 1048873                    /lib/x86_64-linux-gnu/libdl-2.23.so
7f1fc05a9000-7f1fc07a8000 ---p 00003000 08:11 1048873                    /lib/x86_64-linux-gnu/libdl-2.23.so
7f1fc07a8000-7f1fc07a9000 r--p 00002000 08:11 1048873                    /lib/x86_64-linux-gnu/libdl-2.23.so
7f1fc07a9000-7f1fc07aa000 rw-p 00003000 08:11 1048873                    /lib/x86_64-linux-gnu/libdl-2.23.so
7f1fc07aa000-7f1fc07b8000 r-xp 00000000 08:11 3034525                    /usr/lib/jvm/java-9-oracle/lib/jli/libjli.so
7f1fc07b8000-7f1fc09b8000 ---p 0000e000 08:11 3034525                    /usr/lib/jvm/java-9-oracle/lib/jli/libjli.so
7f1fc09b8000-7f1fc09b9000 rw-p 0000e000 08:11 3034525                    /usr/lib/jvm/java-9-oracle/lib/jli/libjli.so
7f1fc09b9000-7f1fc09d1000 r-xp 00000000 08:11 1048877                    /lib/x86_64-linux-gnu/libpthread-2.23.so
7f1fc09d1000-7f1fc0bd0000 ---p 00018000 08:11 1048877                    /lib/x86_64-linux-gnu/libpthread-2.23.so
7f1fc0bd0000-7f1fc0bd1000 r--p 00017000 08:11 1048877                    /lib/x86_64-linux-gnu/libpthread-2.23.so
7f1fc0bd1000-7f1fc0bd2000 rw-p 00018000 08:11 1048877                    /lib/x86_64-linux-gnu/libpthread-2.23.so
7f1fc0bd2000-7f1fc0bd6000 rw-p 00000000 00:00 0 
7f1fc0bd6000-7f1fc0bef000 r-xp 00000000 08:11 1053271                    /lib/x86_64-linux-gnu/libz.so.1.2.8
7f1fc0bef000-7f1fc0dee000 ---p 00019000 08:11 1053271                    /lib/x86_64-linux-gnu/libz.so.1.2.8
7f1fc0dee000-7f1fc0def000 r--p 00018000 08:11 1053271                    /lib/x86_64-linux-gnu/libz.so.1.2.8
7f1fc0def000-7f1fc0df0000 rw-p 00019000 08:11 1053271                    /lib/x86_64-linux-gnu/libz.so.1.2.8
7f1fc0df0000-7f1fc0e16000 r-xp 00000000 08:11 1048875                    /lib/x86_64-linux-gnu/ld-2.23.so
7f1fc0e21000-7f1fc0ee8000 rw-p 00000000 00:00 0 
7f1fc0ee8000-7f1fc0eed000 ---p 00000000 00:00 0 
7f1fc0eed000-7f1fc0fee000 rw-p 00000000 00:00 0 
7f1fc0ff4000-7f1fc0ffb000 r--s 00000000 08:11 3416362                    /usr/lib/x86_64-linux-gnu/gconv/gconv-modules.cache
7f1fc0ffb000-7f1fc1002000 rw-p 00000000 00:00 0 
7f1fc1002000-7f1fc100b000 ---p 00000000 00:00 0 
7f1fc100b000-7f1fc1013000 rw-s 00000000 08:11 2491204                    /tmp/hsperfdata_filip/10979
7f1fc1013000-7f1fc1014000 rw-p 00000000 00:00 0 
7f1fc1014000-7f1fc1015000 ---p 00000000 00:00 0 
7f1fc1015000-7f1fc1016000 r--p 00025000 08:11 1048875                    /lib/x86_64-linux-gnu/ld-2.23.so
7f1fc1016000-7f1fc1017000 rw-p 00026000 08:11 1048875                    /lib/x86_64-linux-gnu/ld-2.23.so
7f1fc1017000-7f1fc1018000 rw-p 00000000 00:00 0 
7ffc07865000-7ffc0788a000 rw-p 00000000 00:00 0                          [stack]
7ffc07952000-7ffc07954000 r--p 00000000 00:00 0                          [vvar]
7ffc07954000-7ffc07956000 r-xp 00000000 00:00 0                          [vdso]
ffffffffff600000-ffffffffff601000 r-xp 00000000 00:00 0                  [vsyscall]

VM Arguments:
jvm_args: -XX:TieredStopAtLevel=1 -Xverify:none -Dspring.output.ansi.enabled=always -Dcom.sun.management.jmxremote -Dspring.liveBeansView.mbeanDomain -Dspring.application.admin.enabled=true -javaagent:/opt/idea-IU-183.6156.11/lib/idea_rt.jar=46099:/opt/idea-IU-183.6156.11/bin -Dfile.encoding=UTF-8 
java_command: com.filip.machaj.demo.AbonamentyApplicationKt
java_class_path (initial): /home/filip/Pulpit/INYNIERKA/IMPLEMENTACJA/kot 19/abonamenty/out/production/classes:/home/filip/Pulpit/INYNIERKA/IMPLEMENTACJA/kot 19/abonamenty/out/production/resources:/home/filip/.gradle/caches/modules-2/files-2.1/org.jetbrains.kotlin/kotlin-reflect/1.3.10/dd02865be0351707554b16a896b766b2396cdafa/kotlin-reflect-1.3.10.jar:/home/filip/.gradle/caches/modules-2/files-2.1/com.github.mvysny.karibudsl/karibu-dsl-v8/0.7.0/1fa1de39c64891e9efea412a0482fd6cedbefa5d/karibu-dsl-v8-0.7.0.jar:/home/filip/.gradle/caches/modules-2/files-2.1/org.jetbrains.kotlin/kotlin-stdlib-jdk8/1.3.10/71d0fa967493eb76648b575edf1762cb2d0c7f10/kotlin-stdlib-jdk8-1.3.10.jar:/home/filip/.gradle/caches/modules-2/files-2.1/org.jetbrains.kotlin/kotlin-stdlib-jdk7/1.3.10/4d147bf43060dc43d61b096e24da1e67dfe0c032/kotlin-stdlib-jdk7-1.3.10.jar:/home/filip/.gradle/caches/modules-2/files-2.1/org.jetbrains.kotlin/kotlin-stdlib/1.3.10/b178c1501609c6e4ee8be635513cb023a466457d/kotlin-stdlib-1.3.10.jar:/home/filip/.gradle/caches/modules-2/files-2.1/org.springframework.boot/spring-boot-starter-web/2.1.0.RELEASE/5bb07547b965e84edd8abb49c1431d17926e2c6b/spring-boot-starter-web-2.1.0.RELEASE.jar:/home/filip/.gradle/caches/modules-2/files-2.1/org.springframework.boot/spring-boot-starter-data-jpa/2.1.5.RELEASE/f33f69b3744d07f832db6ab48eab227ccde9e922/spring-boot-starter-data-jpa-2.1.5.RELEASE.jar:/home/filip/.gradle/caches/modules-2/files-2.1/org.hibernate/hibernate-core/5.3.7.Final/f87c5c1bbfc638309824140e68dfaaeb1bb479f3/hibernate-core-5.3.7.Final.jar:/home/filip/.gradle/caches/modules-2/files-2.1/javax.persistence/javax.persistence-api/2.2/25665ac8c0b62f50e6488173233239120fc52c96/javax.persistence-api-2.2.jar:/home/filip/.gradle/caches/modules-2/files-2.1/org.springframework.data/spring-data-jpa/2.1.8.RELEASE/385ab53309b4f0dfb317c4753fe853821ff15c08/spring-data-jpa-2.1.8.RELEASE.jar:/home/filip/.gradle/caches/modules-2/files-2.1/org.hsqldb/hsqldb/2.3.4/5564c057c826418f8e32de5815a14
Launcher Type: SUN_STANDARD

Logging:
Log output configuration:
#0: stdout all=warning uptime,level,tags
#1: stderr all=off uptime,level,tags

Environment Variables:
JAVA_HOME=/usr/lib/jvm/java-9-oracle
PATH=/home/filip/bin:/home/filip/.local/bin:/usr/local/sbin:/usr/local/bin:/usr/sbin:/usr/bin:/sbin:/bin:/usr/games:/usr/local/games:/snap/bin:/usr/lib/jvm/java-9-oracle/bin:/usr/lib/jvm/java-9-oracle/db/bin
USERNAME=filip
SHELL=/bin/bash
DISPLAY=:0

Signal Handlers:
SIGSEGV: [libjvm.so+0xd4d370], sa_mask[0]=11111111011111111101111111111110, sa_flags=SA_RESTART|SA_SIGINFO
SIGBUS: [libjvm.so+0xd4d370], sa_mask[0]=11111111011111111101111111111110, sa_flags=SA_RESTART|SA_SIGINFO
SIGFPE: [libjvm.so+0xd4d370], sa_mask[0]=11111111011111111101111111111110, sa_flags=SA_RESTART|SA_SIGINFO
SIGPIPE: [libjvm.so+0xb64780], sa_mask[0]=11111111011111111101111111111110, sa_flags=SA_RESTART|SA_SIGINFO
SIGXFSZ: [libjvm.so+0xb64780], sa_mask[0]=11111111011111111101111111111110, sa_flags=SA_RESTART|SA_SIGINFO
SIGILL: [libjvm.so+0xd4d370], sa_mask[0]=11111111011111111101111111111110, sa_flags=SA_RESTART|SA_SIGINFO
SIGUSR2: [libjvm.so+0xb64640], sa_mask[0]=00100000000000000000000000000000, sa_flags=SA_RESTART|SA_SIGINFO
SIGHUP: [libjvm.so+0xb64850], sa_mask[0]=11111111011111111101111111111110, sa_flags=SA_RESTART|SA_SIGINFO
SIGINT: [libjvm.so+0xb64850], sa_mask[0]=11111111011111111101111111111110, sa_flags=SA_RESTART|SA_SIGINFO
SIGTERM: [libjvm.so+0xb64850], sa_mask[0]=11111111011111111101111111111110, sa_flags=SA_RESTART|SA_SIGINFO
SIGQUIT: [libjvm.so+0xb64850], sa_mask[0]=11111111011111111101111111111110, sa_flags=SA_RESTART|SA_SIGINFO


---------------  S Y S T E M  ---------------

OS:DISTRIB_ID=LinuxMint
DISTRIB_RELEASE=18.1
DISTRIB_CODENAME=serena
DISTRIB_DESCRIPTION="Linux Mint 18.1 Serena"
uname:Linux 4.4.0-53-generic #74-Ubuntu SMP Fri Dec 2 15:59:10 UTC 2016 x86_64
libc:glibc 2.23 NPTL 2.23 
rlimit: STACK 8192k, CORE 0k, NPROC 95585, NOFILE 1048576, AS infinity
load average:8,58 3,27 1,92

/proc/meminfo:
MemTotal:       24512108 kB
MemFree:          254764 kB
MemAvailable:     501960 kB
Buffers:           34996 kB
Cached:          2188820 kB
SwapCached:            0 kB
Active:         21729848 kB
Inactive:        1819528 kB
Active(anon):   21483936 kB
Inactive(anon):  1580628 kB
Active(file):     245912 kB
Inactive(file):   238900 kB
Unevictable:         908 kB
Mlocked:             908 kB
SwapTotal:             0 kB
SwapFree:              0 kB
Dirty:             34328 kB
Writeback:             0 kB
AnonPages:      21325536 kB
Mapped:          1208716 kB
Shmem:           1739836 kB
Slab:             204828 kB
SReclaimable:      95000 kB
SUnreclaim:       109828 kB
KernelStack:       40704 kB
PageTables:       238220 kB
NFS_Unstable:          0 kB
Bounce:                0 kB
WritebackTmp:          0 kB
CommitLimit:    12256052 kB
Committed_AS:   39653828 kB
VmallocTotal:   34359738367 kB
VmallocUsed:           0 kB
VmallocChunk:          0 kB
HardwareCorrupted:     0 kB
AnonHugePages:   5076992 kB
CmaTotal:              0 kB
CmaFree:               0 kB
HugePages_Total:       0
HugePages_Free:        0
HugePages_Rsvd:        0
HugePages_Surp:        0
Hugepagesize:       2048 kB
DirectMap4k:      522820 kB
DirectMap2M:    22366208 kB
DirectMap1G:     2097152 kB


CPU:total 8 (initial active 8) (4 cores per cpu, 2 threads per core) family 6 model 60 stepping 3, cmov, cx8, fxsr, mmx, sse, sse2, sse3, ssse3, sse4.1, sse4.2, popcnt, avx, avx2, aes, clmul, erms, lzcnt, ht, tsc, tscinvbit, bmi1, bmi2, fma
CPU Model and flags from /proc/cpuinfo:
model name	: Intel(R) Core(TM) i7-4710MQ CPU @ 2.50GHz
flags		: fpu vme de pse tsc msr pae mce cx8 apic sep mtrr pge mca cmov pat pse36 clflush dts acpi mmx fxsr sse sse2 ss ht tm pbe syscall nx pdpe1gb rdtscp lm constant_tsc arch_perfmon pebs bts rep_good nopl xtopology nonstop_tsc aperfmperf eagerfpu pni pclmulqdq dtes64 monitor ds_cpl vmx est tm2 ssse3 sdbg fma cx16 xtpr pdcm pcid sse4_1 sse4_2 movbe popcnt tsc_deadline_timer aes xsave avx f16c rdrand lahf_lm abm epb tpr_shadow vnmi flexpriority ept vpid fsgsbase tsc_adjust bmi1 avx2 smep bmi2 erms invpcid xsaveopt dtherm ida arat pln pts

Memory: 4k page, physical 24512108k(254764k free), swap 0k(0k free)

vm_info: Java HotSpot(TM) 64-Bit Server VM (9.0.4+11) for linux-amd64 JRE (9.0.4+11), built on Dec 19 2017 18:12:19 by "mach5one" with gcc 4.9.2

END.
