#
# There is insufficient memory for the Java Runtime Environment to continue.
# Native memory allocation (mmap) failed to map 263192576 bytes for committing reserved memory.
# Possible reasons:
#   The system is out of physical RAM or swap space
#   In 32 bit mode, the process size limit was hit
# Possible solutions:
#   Reduce memory load on the system
#   Increase physical memory or swap space
#   Check if swap backing store is full
#   Use 64 bit Java on a 64 bit OS
#   Decrease Java heap size (-Xmx/-Xms)
#   Decrease number of Java threads
#   Decrease Java thread stack sizes (-Xss)
#   Set larger code cache with -XX:ReservedCodeCacheSize=
# This output file may be truncated or incomplete.
#
#  Out of Memory Error (os_linux.cpp:2746), pid=13743, tid=0x00007fbfa4690700
#
# JRE version:  (8.0_191-b12) (build )
# Java VM: OpenJDK 64-Bit Server VM (25.191-b12 mixed mode linux-amd64 compressed oops)
# Failed to write core dump. Core dumps have been disabled. To enable core dumping, try "ulimit -c unlimited" before starting Java again
#

---------------  T H R E A D  ---------------

Current thread (0x00007fbf9c00a800):  JavaThread "Unknown thread" [_thread_in_vm, id=13744, stack(0x00007fbfa4590000,0x00007fbfa4691000)]

Stack: [0x00007fbfa4590000,0x00007fbfa4691000],  sp=0x00007fbfa468f630,  free space=1021k
Native frames: (J=compiled Java code, j=interpreted, Vv=VM code, C=native code)
V  [libjvm.so+0xa7414b]
V  [libjvm.so+0x4c8ebc]
V  [libjvm.so+0x8c0c98]
V  [libjvm.so+0x8b82ce]
V  [libjvm.so+0x936566]
V  [libjvm.so+0x927073]
V  [libjvm.so+0x2b09a1]
V  [libjvm.so+0x8e65b9]
V  [libjvm.so+0xa376b9]
V  [libjvm.so+0xa37902]
V  [libjvm.so+0x6143ff]
V  [libjvm.so+0xa1ccaa]
V  [libjvm.so+0x68dff2]  JNI_CreateJavaVM+0x62
C  [libjli.so+0x2f2e]
C  [libjli.so+0x74ed]
C  [libpthread.so.0+0x76ba]  start_thread+0xca


---------------  P R O C E S S  ---------------

Java Threads: ( => current thread )

Other Threads:

=>0x00007fbf9c00a800 (exited) JavaThread "Unknown thread" [_thread_in_vm, id=13744, stack(0x00007fbfa4590000,0x00007fbfa4691000)]

VM state:not at safepoint (not fully initialized)

VM Mutex/Monitor currently owned by a thread: None

GC Heap History (0 events):
No events

Deoptimization events (0 events):
No events

Classes redefined (0 events):
No events

Internal exceptions (0 events):
No events

Events (0 events):
No events


Dynamic libraries:
00400000-00401000 r-xp 00000000 08:11 3061657                            /usr/lib/jvm/java-8-openjdk-amd64/jre/bin/java
00600000-00601000 r--p 00000000 08:11 3061657                            /usr/lib/jvm/java-8-openjdk-amd64/jre/bin/java
00601000-00602000 rw-p 00001000 08:11 3061657                            /usr/lib/jvm/java-8-openjdk-amd64/jre/bin/java
02045000-02066000 rw-p 00000000 00:00 0                                  [heap]
659900000-743500000 ---p 00000000 00:00 0 
743500000-74b200000 rw-p 00000000 00:00 0 
74b200000-7c0000000 ---p 00000000 00:00 0 
7fbf8d000000-7fbf8d270000 rwxp 00000000 00:00 0 
7fbf8d270000-7fbf9c000000 ---p 00000000 00:00 0 
7fbf9c000000-7fbf9c032000 rw-p 00000000 00:00 0 
7fbf9c032000-7fbfa0000000 ---p 00000000 00:00 0 
7fbfa0098000-7fbfa0863000 ---p 00000000 00:00 0 
7fbfa0863000-7fbfa08a2000 rw-p 00000000 00:00 0 
7fbfa08a2000-7fbfa0c49000 ---p 00000000 00:00 0 
7fbfa0c49000-7fbfa0c54000 rw-p 00000000 00:00 0 
7fbfa0c54000-7fbfa100a000 ---p 00000000 00:00 0 
7fbfa100a000-7fbfa1012000 r-xp 00000000 08:11 3061629                    /usr/lib/jvm/java-8-openjdk-amd64/jre/lib/amd64/libzip.so
7fbfa1012000-7fbfa1211000 ---p 00008000 08:11 3061629                    /usr/lib/jvm/java-8-openjdk-amd64/jre/lib/amd64/libzip.so
7fbfa1211000-7fbfa1212000 r--p 00007000 08:11 3061629                    /usr/lib/jvm/java-8-openjdk-amd64/jre/lib/amd64/libzip.so
7fbfa1212000-7fbfa1213000 rw-p 00008000 08:11 3061629                    /usr/lib/jvm/java-8-openjdk-amd64/jre/lib/amd64/libzip.so
7fbfa1213000-7fbfa121e000 r-xp 00000000 08:11 1048830                    /lib/x86_64-linux-gnu/libnss_files-2.23.so
7fbfa121e000-7fbfa141d000 ---p 0000b000 08:11 1048830                    /lib/x86_64-linux-gnu/libnss_files-2.23.so
7fbfa141d000-7fbfa141e000 r--p 0000a000 08:11 1048830                    /lib/x86_64-linux-gnu/libnss_files-2.23.so
7fbfa141e000-7fbfa141f000 rw-p 0000b000 08:11 1048830                    /lib/x86_64-linux-gnu/libnss_files-2.23.so
7fbfa141f000-7fbfa1425000 rw-p 00000000 00:00 0 
7fbfa1425000-7fbfa1430000 r-xp 00000000 08:11 1048838                    /lib/x86_64-linux-gnu/libnss_nis-2.23.so
7fbfa1430000-7fbfa162f000 ---p 0000b000 08:11 1048838                    /lib/x86_64-linux-gnu/libnss_nis-2.23.so
7fbfa162f000-7fbfa1630000 r--p 0000a000 08:11 1048838                    /lib/x86_64-linux-gnu/libnss_nis-2.23.so
7fbfa1630000-7fbfa1631000 rw-p 0000b000 08:11 1048838                    /lib/x86_64-linux-gnu/libnss_nis-2.23.so
7fbfa1631000-7fbfa1647000 r-xp 00000000 08:11 1048602                    /lib/x86_64-linux-gnu/libnsl-2.23.so
7fbfa1647000-7fbfa1846000 ---p 00016000 08:11 1048602                    /lib/x86_64-linux-gnu/libnsl-2.23.so
7fbfa1846000-7fbfa1847000 r--p 00015000 08:11 1048602                    /lib/x86_64-linux-gnu/libnsl-2.23.so
7fbfa1847000-7fbfa1848000 rw-p 00016000 08:11 1048602                    /lib/x86_64-linux-gnu/libnsl-2.23.so
7fbfa1848000-7fbfa184a000 rw-p 00000000 00:00 0 
7fbfa184a000-7fbfa1852000 r-xp 00000000 08:11 1048820                    /lib/x86_64-linux-gnu/libnss_compat-2.23.so
7fbfa1852000-7fbfa1a51000 ---p 00008000 08:11 1048820                    /lib/x86_64-linux-gnu/libnss_compat-2.23.so
7fbfa1a51000-7fbfa1a52000 r--p 00007000 08:11 1048820                    /lib/x86_64-linux-gnu/libnss_compat-2.23.so
7fbfa1a52000-7fbfa1a53000 rw-p 00008000 08:11 1048820                    /lib/x86_64-linux-gnu/libnss_compat-2.23.so
7fbfa1a53000-7fbfa1a80000 r-xp 00000000 08:11 3061633                    /usr/lib/jvm/java-8-openjdk-amd64/jre/lib/amd64/libjava.so
7fbfa1a80000-7fbfa1c7f000 ---p 0002d000 08:11 3061633                    /usr/lib/jvm/java-8-openjdk-amd64/jre/lib/amd64/libjava.so
7fbfa1c7f000-7fbfa1c80000 r--p 0002c000 08:11 3061633                    /usr/lib/jvm/java-8-openjdk-amd64/jre/lib/amd64/libjava.so
7fbfa1c80000-7fbfa1c82000 rw-p 0002d000 08:11 3061633                    /usr/lib/jvm/java-8-openjdk-amd64/jre/lib/amd64/libjava.so
7fbfa1c82000-7fbfa1c91000 r-xp 00000000 08:11 3061637                    /usr/lib/jvm/java-8-openjdk-amd64/jre/lib/amd64/libverify.so
7fbfa1c91000-7fbfa1e90000 ---p 0000f000 08:11 3061637                    /usr/lib/jvm/java-8-openjdk-amd64/jre/lib/amd64/libverify.so
7fbfa1e90000-7fbfa1e92000 r--p 0000e000 08:11 3061637                    /usr/lib/jvm/java-8-openjdk-amd64/jre/lib/amd64/libverify.so
7fbfa1e92000-7fbfa1e93000 rw-p 00010000 08:11 3061637                    /usr/lib/jvm/java-8-openjdk-amd64/jre/lib/amd64/libverify.so
7fbfa1e93000-7fbfa1e9a000 r-xp 00000000 08:11 1048840                    /lib/x86_64-linux-gnu/librt-2.23.so
7fbfa1e9a000-7fbfa2099000 ---p 00007000 08:11 1048840                    /lib/x86_64-linux-gnu/librt-2.23.so
7fbfa2099000-7fbfa209a000 r--p 00006000 08:11 1048840                    /lib/x86_64-linux-gnu/librt-2.23.so
7fbfa209a000-7fbfa209b000 rw-p 00007000 08:11 1048840                    /lib/x86_64-linux-gnu/librt-2.23.so
7fbfa209b000-7fbfa20b1000 r-xp 00000000 08:11 1053336                    /lib/x86_64-linux-gnu/libgcc_s.so.1
7fbfa20b1000-7fbfa22b0000 ---p 00016000 08:11 1053336                    /lib/x86_64-linux-gnu/libgcc_s.so.1
7fbfa22b0000-7fbfa22b1000 rw-p 00015000 08:11 1053336                    /lib/x86_64-linux-gnu/libgcc_s.so.1
7fbfa22b1000-7fbfa23b9000 r-xp 00000000 08:11 1048591                    /lib/x86_64-linux-gnu/libm-2.23.so
7fbfa23b9000-7fbfa25b8000 ---p 00108000 08:11 1048591                    /lib/x86_64-linux-gnu/libm-2.23.so
7fbfa25b8000-7fbfa25b9000 r--p 00107000 08:11 1048591                    /lib/x86_64-linux-gnu/libm-2.23.so
7fbfa25b9000-7fbfa25ba000 rw-p 00108000 08:11 1048591                    /lib/x86_64-linux-gnu/libm-2.23.so
7fbfa25ba000-7fbfa272c000 r-xp 00000000 08:11 3016419                    /usr/lib/x86_64-linux-gnu/libstdc++.so.6.0.21
7fbfa272c000-7fbfa292c000 ---p 00172000 08:11 3016419                    /usr/lib/x86_64-linux-gnu/libstdc++.so.6.0.21
7fbfa292c000-7fbfa2936000 r--p 00172000 08:11 3016419                    /usr/lib/x86_64-linux-gnu/libstdc++.so.6.0.21
7fbfa2936000-7fbfa2938000 rw-p 0017c000 08:11 3016419                    /usr/lib/x86_64-linux-gnu/libstdc++.so.6.0.21
7fbfa2938000-7fbfa293c000 rw-p 00000000 00:00 0 
7fbfa293c000-7fbfa359d000 r-xp 00000000 08:11 3061642                    /usr/lib/jvm/java-8-openjdk-amd64/jre/lib/amd64/server/libjvm.so
7fbfa359d000-7fbfa379d000 ---p 00c61000 08:11 3061642                    /usr/lib/jvm/java-8-openjdk-amd64/jre/lib/amd64/server/libjvm.so
7fbfa379d000-7fbfa3831000 r--p 00c61000 08:11 3061642                    /usr/lib/jvm/java-8-openjdk-amd64/jre/lib/amd64/server/libjvm.so
7fbfa3831000-7fbfa385a000 rw-p 00cf5000 08:11 3061642                    /usr/lib/jvm/java-8-openjdk-amd64/jre/lib/amd64/server/libjvm.so
7fbfa385a000-7fbfa388a000 rw-p 00000000 00:00 0 
7fbfa388a000-7fbfa38a2000 r-xp 00000000 08:11 1048802                    /lib/x86_64-linux-gnu/libpthread-2.23.so
7fbfa38a2000-7fbfa3aa1000 ---p 00018000 08:11 1048802                    /lib/x86_64-linux-gnu/libpthread-2.23.so
7fbfa3aa1000-7fbfa3aa2000 r--p 00017000 08:11 1048802                    /lib/x86_64-linux-gnu/libpthread-2.23.so
7fbfa3aa2000-7fbfa3aa3000 rw-p 00018000 08:11 1048802                    /lib/x86_64-linux-gnu/libpthread-2.23.so
7fbfa3aa3000-7fbfa3aa7000 rw-p 00000000 00:00 0 
7fbfa3aa7000-7fbfa3aaa000 r-xp 00000000 08:11 1048808                    /lib/x86_64-linux-gnu/libdl-2.23.so
7fbfa3aaa000-7fbfa3ca9000 ---p 00003000 08:11 1048808                    /lib/x86_64-linux-gnu/libdl-2.23.so
7fbfa3ca9000-7fbfa3caa000 r--p 00002000 08:11 1048808                    /lib/x86_64-linux-gnu/libdl-2.23.so
7fbfa3caa000-7fbfa3cab000 rw-p 00003000 08:11 1048808                    /lib/x86_64-linux-gnu/libdl-2.23.so
7fbfa3cab000-7fbfa3cc4000 r-xp 00000000 08:11 1053271                    /lib/x86_64-linux-gnu/libz.so.1.2.8
7fbfa3cc4000-7fbfa3ec3000 ---p 00019000 08:11 1053271                    /lib/x86_64-linux-gnu/libz.so.1.2.8
7fbfa3ec3000-7fbfa3ec4000 r--p 00018000 08:11 1053271                    /lib/x86_64-linux-gnu/libz.so.1.2.8
7fbfa3ec4000-7fbfa3ec5000 rw-p 00019000 08:11 1053271                    /lib/x86_64-linux-gnu/libz.so.1.2.8
7fbfa3ec5000-7fbfa4085000 r-xp 00000000 08:11 1048804                    /lib/x86_64-linux-gnu/libc-2.23.so
7fbfa4085000-7fbfa4285000 ---p 001c0000 08:11 1048804                    /lib/x86_64-linux-gnu/libc-2.23.so
7fbfa4285000-7fbfa4289000 r--p 001c0000 08:11 1048804                    /lib/x86_64-linux-gnu/libc-2.23.so
7fbfa4289000-7fbfa428b000 rw-p 001c4000 08:11 1048804                    /lib/x86_64-linux-gnu/libc-2.23.so
7fbfa428b000-7fbfa428f000 rw-p 00000000 00:00 0 
7fbfa428f000-7fbfa429c000 r-xp 00000000 08:11 3061634                    /usr/lib/jvm/java-8-openjdk-amd64/jre/lib/amd64/jli/libjli.so
7fbfa429c000-7fbfa449c000 ---p 0000d000 08:11 3061634                    /usr/lib/jvm/java-8-openjdk-amd64/jre/lib/amd64/jli/libjli.so
7fbfa449c000-7fbfa449d000 r--p 0000d000 08:11 3061634                    /usr/lib/jvm/java-8-openjdk-amd64/jre/lib/amd64/jli/libjli.so
7fbfa449d000-7fbfa449e000 rw-p 0000e000 08:11 3061634                    /usr/lib/jvm/java-8-openjdk-amd64/jre/lib/amd64/jli/libjli.so
7fbfa449e000-7fbfa44c4000 r-xp 00000000 08:11 1048800                    /lib/x86_64-linux-gnu/ld-2.23.so
7fbfa4590000-7fbfa4593000 ---p 00000000 00:00 0 
7fbfa4593000-7fbfa4695000 rw-p 00000000 00:00 0 
7fbfa46b8000-7fbfa46c0000 rw-s 00000000 08:11 2491582                    /tmp/hsperfdata_filip/13743
7fbfa46c0000-7fbfa46c1000 rw-p 00000000 00:00 0 
7fbfa46c1000-7fbfa46c2000 r--p 00000000 00:00 0 
7fbfa46c2000-7fbfa46c3000 rw-p 00000000 00:00 0 
7fbfa46c3000-7fbfa46c4000 r--p 00025000 08:11 1048800                    /lib/x86_64-linux-gnu/ld-2.23.so
7fbfa46c4000-7fbfa46c5000 rw-p 00026000 08:11 1048800                    /lib/x86_64-linux-gnu/ld-2.23.so
7fbfa46c5000-7fbfa46c6000 rw-p 00000000 00:00 0 
7fff80723000-7fff80745000 rw-p 00000000 00:00 0                          [stack]
7fff80794000-7fff80796000 r--p 00000000 00:00 0                          [vvar]
7fff80796000-7fff80798000 r-xp 00000000 00:00 0                          [vdso]
ffffffffff600000-ffffffffff601000 r-xp 00000000 00:00 0                  [vsyscall]

VM Arguments:
java_command: org.hsqldb.util.DatabaseManagerSwing --url jdbc:hsqldb:hsql://localhost/workdb
java_class_path (initial): scripts/hsqldb.jar
Launcher Type: SUN_STANDARD

Environment Variables:
JAVA_HOME=/usr/lib/jvm/java-9-oracle
PATH=/home/filip/.sdkman/candidates/springboot/current/bin:/home/filip/.sdkman/candidates/gradle/current/bin:/home/filip/bin:/home/filip/.local/bin:/usr/local/sbin:/usr/local/bin:/usr/sbin:/usr/bin:/sbin:/bin:/usr/games:/usr/local/games:/snap/bin:/usr/lib/jvm/java-9-oracle/bin:/usr/lib/jvm/java-9-oracle/db/bin
USERNAME=filip
SHELL=/bin/bash
DISPLAY=:0

Signal Handlers:
SIGSEGV: [libjvm.so+0xa74ca0], sa_mask[0]=11111111011111111101111111111110, sa_flags=SA_RESTART|SA_SIGINFO
SIGBUS: [libjvm.so+0xa74ca0], sa_mask[0]=11111111011111111101111111111110, sa_flags=SA_RESTART|SA_SIGINFO
SIGFPE: [libjvm.so+0x8bbcf0], sa_mask[0]=11111111011111111101111111111110, sa_flags=SA_RESTART|SA_SIGINFO
SIGPIPE: [libjvm.so+0x8bbcf0], sa_mask[0]=11111111011111111101111111111110, sa_flags=SA_RESTART|SA_SIGINFO
SIGXFSZ: [libjvm.so+0x8bbcf0], sa_mask[0]=11111111011111111101111111111110, sa_flags=SA_RESTART|SA_SIGINFO
SIGILL: [libjvm.so+0x8bbcf0], sa_mask[0]=11111111011111111101111111111110, sa_flags=SA_RESTART|SA_SIGINFO
SIGUSR1: SIG_DFL, sa_mask[0]=00000000000000000000000000000000, sa_flags=none
SIGUSR2: [libjvm.so+0x8bbba0], sa_mask[0]=00000000000000000000000000000000, sa_flags=SA_RESTART|SA_SIGINFO
SIGHUP: SIG_DFL, sa_mask[0]=00000000000000000000000000000000, sa_flags=none
SIGINT: SIG_DFL, sa_mask[0]=00000000000000000000000000000000, sa_flags=none
SIGTERM: SIG_DFL, sa_mask[0]=00000000000000000000000000000000, sa_flags=none
SIGQUIT: SIG_DFL, sa_mask[0]=00000000000000000000000000000000, sa_flags=none


---------------  S Y S T E M  ---------------

OS:DISTRIB_ID=LinuxMint
DISTRIB_RELEASE=18.1
DISTRIB_CODENAME=serena
DISTRIB_DESCRIPTION="Linux Mint 18.1 Serena"

uname:Linux 4.4.0-53-generic #74-Ubuntu SMP Fri Dec 2 15:59:10 UTC 2016 x86_64
libc:glibc 2.23 NPTL 2.23 
rlimit: STACK 8192k, CORE 0k, NPROC 95585, NOFILE 1048576, AS infinity
load average:0.55 0.77 1.06

/proc/meminfo:
MemTotal:       24512108 kB
MemFree:          188308 kB
MemAvailable:      73604 kB
Buffers:            2608 kB
Cached:          1643604 kB
SwapCached:            0 kB
Active:         22312496 kB
Inactive:        1321380 kB
Active(anon):   22253868 kB
Inactive(anon):  1277592 kB
Active(file):      58628 kB
Inactive(file):    43788 kB
Unevictable:         624 kB
Mlocked:             624 kB
SwapTotal:             0 kB
SwapFree:              0 kB
Dirty:               264 kB
Writeback:             0 kB
AnonPages:      21990752 kB
Mapped:           915196 kB
Shmem:           1541336 kB
Slab:             184136 kB
SReclaimable:      69480 kB
SUnreclaim:       114656 kB
KernelStack:       36384 kB
PageTables:       239932 kB
NFS_Unstable:          0 kB
Bounce:                0 kB
WritebackTmp:          0 kB
CommitLimit:    12256052 kB
Committed_AS:   38350212 kB
VmallocTotal:   34359738367 kB
VmallocUsed:           0 kB
VmallocChunk:          0 kB
HardwareCorrupted:     0 kB
AnonHugePages:   5457920 kB
CmaTotal:              0 kB
CmaFree:               0 kB
HugePages_Total:       0
HugePages_Free:        0
HugePages_Rsvd:        0
HugePages_Surp:        0
Hugepagesize:       2048 kB
DirectMap4k:      502340 kB
DirectMap2M:    22386688 kB
DirectMap1G:     2097152 kB

container (cgroup) information:
container_type: cgroupv1
cpu_cpuset_cpus: 0-7
cpu_memory_nodes: 0
active_processor_count: 8
cpu_quota: -1
cpu_period: 100000
cpu_shares: -1
memory_limit_in_bytes: -1
memory_and_swap_limit_in_bytes: -2
memory_soft_limit_in_bytes: -1
memory_usage_in_bytes: 24205516800
memory_max_usage_in_bytes: 0


CPU:total 8 (initial active 8) (4 cores per cpu, 2 threads per core) family 6 model 60 stepping 3, cmov, cx8, fxsr, mmx, sse, sse2, sse3, ssse3, sse4.1, sse4.2, popcnt, avx, avx2, aes, clmul, erms, lzcnt, ht, tsc, tscinvbit, bmi1, bmi2

/proc/cpuinfo:
processor	: 0
vendor_id	: GenuineIntel
cpu family	: 6
model		: 60
model name	: Intel(R) Core(TM) i7-4710MQ CPU @ 2.50GHz
stepping	: 3
microcode	: 0x17
cpu MHz		: 3331.933
cache size	: 6144 KB
physical id	: 0
siblings	: 8
core id		: 0
cpu cores	: 4
apicid		: 0
initial apicid	: 0
fpu		: yes
fpu_exception	: yes
cpuid level	: 13
wp		: yes
flags		: fpu vme de pse tsc msr pae mce cx8 apic sep mtrr pge mca cmov pat pse36 clflush dts acpi mmx fxsr sse sse2 ss ht tm pbe syscall nx pdpe1gb rdtscp lm constant_tsc arch_perfmon pebs bts rep_good nopl xtopology nonstop_tsc aperfmperf eagerfpu pni pclmulqdq dtes64 monitor ds_cpl vmx est tm2 ssse3 sdbg fma cx16 xtpr pdcm pcid sse4_1 sse4_2 movbe popcnt tsc_deadline_timer aes xsave avx f16c rdrand lahf_lm abm epb tpr_shadow vnmi flexpriority ept vpid fsgsbase tsc_adjust bmi1 avx2 smep bmi2 erms invpcid xsaveopt dtherm ida arat pln pts
bugs		:
bogomips	: 4988.54
clflush size	: 64
cache_alignment	: 64
address sizes	: 39 bits physical, 48 bits virtual
power management:

processor	: 1
vendor_id	: GenuineIntel
cpu family	: 6
model		: 60
model name	: Intel(R) Core(TM) i7-4710MQ CPU @ 2.50GHz
stepping	: 3
microcode	: 0x17
cpu MHz		: 3304.492
cache size	: 6144 KB
physical id	: 0
siblings	: 8
core id		: 1
cpu cores	: 4
apicid		: 2
initial apicid	: 2
fpu		: yes
fpu_exception	: yes
cpuid level	: 13
wp		: yes
flags		: fpu vme de pse tsc msr pae mce cx8 apic sep mtrr pge mca cmov pat pse36 clflush dts acpi mmx fxsr sse sse2 ss ht tm pbe syscall nx pdpe1gb rdtscp lm constant_tsc arch_perfmon pebs bts rep_good nopl xtopology nonstop_tsc aperfmperf eagerfpu pni pclmulqdq dtes64 monitor ds_cpl vmx est tm2 ssse3 sdbg fma cx16 xtpr pdcm pcid sse4_1 sse4_2 movbe popcnt tsc_deadline_timer aes xsave avx f16c rdrand lahf_lm abm epb tpr_shadow vnmi flexpriority ept vpid fsgsbase tsc_adjust bmi1 avx2 smep bmi2 erms invpcid xsaveopt dtherm ida arat pln pts
bugs		:
bogomips	: 4988.54
clflush size	: 64
cache_alignment	: 64
address sizes	: 39 bits physical, 48 bits virtual
power management:

processor	: 2
vendor_id	: GenuineIntel
cpu family	: 6
model		: 60
model name	: Intel(R) Core(TM) i7-4710MQ CPU @ 2.50GHz
stepping	: 3
microcode	: 0x17
cpu MHz		: 3342.382
cache size	: 6144 KB
physical id	: 0
siblings	: 8
core id		: 2
cpu cores	: 4
apicid		: 4
initial apicid	: 4
fpu		: yes
fpu_exception	: yes
cpuid level	: 13
wp		: yes
flags		: fpu vme de pse tsc msr pae mce cx8 apic sep mtrr pge mca cmov pat pse36 clflush dts acpi mmx fxsr sse sse2 ss ht tm pbe syscall nx pdpe1gb rdtscp lm constant_tsc arch_perfmon pebs bts rep_good nopl xtopology nonstop_tsc aperfmperf eagerfpu pni pclmulqdq dtes64 monitor ds_cpl vmx est tm2 ssse3 sdbg fma cx16 xtpr pdcm pcid sse4_1 sse4_2 movbe popcnt tsc_deadline_timer aes xsave avx f16c rdrand lahf_lm abm epb tpr_shadow vnmi flexpriority ept vpid fsgsbase tsc_adjust bmi1 avx2 smep bmi2 erms invpcid xsaveopt dtherm ida arat pln pts
bugs		:
bogomips	: 4988.54
clflush size	: 64
cache_alignment	: 64
address sizes	: 39 bits physical, 48 bits virtual
power management:

processor	: 3
vendor_id	: GenuineIntel
cpu family	: 6
model		: 60
model name	: Intel(R) Core(TM) i7-4710MQ CPU @ 2.50GHz
stepping	: 3
microcode	: 0x17
cpu MHz		: 2780.468
cache size	: 6144 KB
physical id	: 0
siblings	: 8
core id		: 3
cpu cores	: 4
apicid		: 6
initial apicid	: 6
fpu		: yes
fpu_exception	: yes
cpuid level	: 13
wp		: yes
flags		: fpu vme de pse tsc msr pae mce cx8 apic sep mtrr pge mca cmov pat pse36 clflush dts acpi mmx fxsr sse sse2 ss ht tm pbe syscall nx pdpe1gb rdtscp lm constant_tsc arch_perfmon pebs bts rep_good nopl xtopology nonstop_tsc aperfmperf eagerfpu pni pclmulqdq dtes64 monitor ds_cpl vmx est tm2 ssse3 sdbg fma cx16 xtpr pdcm pcid sse4_1 sse4_2 movbe popcnt tsc_deadline_timer aes xsave avx f16c rdrand lahf_lm abm epb tpr_shadow vnmi flexpriority ept vpid fsgsbase tsc_adjust bmi1 avx2 smep bmi2 erms invpcid xsaveopt dtherm ida arat pln pts
bugs		:
bogomips	: 4988.54
clflush size	: 64
cache_alignment	: 64
address sizes	: 39 bits physical, 48 bits virtual
power management:

processor	: 4
vendor_id	: GenuineIntel
cpu family	: 6
model		: 60
model name	: Intel(R) Core(TM) i7-4710MQ CPU @ 2.50GHz
stepping	: 3
microcode	: 0x17
cpu MHz		: 3347.656
cache size	: 6144 KB
physical id	: 0
siblings	: 8
core id		: 0
cpu cores	: 4
apicid		: 1
initial apicid	: 1
fpu		: yes
fpu_exception	: yes
cpuid level	: 13
wp		: yes
flags		: fpu vme de pse tsc msr pae mce cx8 apic sep mtrr pge mca cmov pat pse36 clflush dts acpi mmx fxsr sse sse2 ss ht tm pbe syscall nx pdpe1gb rdtscp lm constant_tsc arch_perfmon pebs bts rep_good nopl xtopology nonstop_tsc aperfmperf eagerfpu pni pclmulqdq dtes64 monitor ds_cpl vmx est tm2 ssse3 sdbg fma cx16 xtpr pdcm pcid sse4_1 sse4_2 movbe popcnt tsc_deadline_timer aes xsave avx f16c rdrand lahf_lm abm epb tpr_shadow vnmi flexpriority ept vpid fsgsbase tsc_adjust bmi1 avx2 smep bmi2 erms invpcid xsaveopt dtherm ida arat pln pts
bugs		:
bogomips	: 4988.54
clflush size	: 64
cache_alignment	: 64
address sizes	: 39 bits physical, 48 bits virtual
power management:

processor	: 5
vendor_id	: GenuineIntel
cpu family	: 6
model		: 60
model name	: Intel(R) Core(TM) i7-4710MQ CPU @ 2.50GHz
stepping	: 3
microcode	: 0x17
cpu MHz		: 3354.199
cache size	: 6144 KB
physical id	: 0
siblings	: 8
core id		: 1
cpu cores	: 4
apicid		: 3
initial apicid	: 3
fpu		: yes
fpu_exception	: yes
cpuid level	: 13
wp		: yes
flags		: fpu vme de pse tsc msr pae mce cx8 apic sep mtrr pge mca cmov pat pse36 clflush dts acpi mmx fxsr sse sse2 ss ht tm pbe syscall nx pdpe1gb rdtscp lm constant_tsc arch_perfmon pebs bts rep_good nopl xtopology nonstop_tsc aperfmperf eagerfpu pni pclmulqdq dtes64 monitor ds_cpl vmx est tm2 ssse3 sdbg fma cx16 xtpr pdcm pcid sse4_1 sse4_2 movbe popcnt tsc_deadline_timer aes xsave avx f16c rdrand lahf_lm abm epb tpr_shadow vnmi flexpriority ept vpid fsgsbase tsc_adjust bmi1 avx2 smep bmi2 erms invpcid xsaveopt dtherm ida arat pln pts
bugs		:
bogomips	: 4988.54
clflush size	: 64
cache_alignment	: 64
address sizes	: 39 bits physical, 48 bits virtual
power management:

processor	: 6
vendor_id	: GenuineIntel
cpu family	: 6
model		: 60
model name	: Intel(R) Core(TM) i7-4710MQ CPU @ 2.50GHz
stepping	: 3
microcode	: 0x17
cpu MHz		: 2500.195
cache size	: 6144 KB
physical id	: 0
siblings	: 8
core id		: 2
cpu cores	: 4
apicid		: 5
initial apicid	: 5
fpu		: yes
fpu_exception	: yes
cpuid level	: 13
wp		: yes
flags		: fpu vme de pse tsc msr pae mce cx8 apic sep mtrr pge mca cmov pat pse36 clflush dts acpi mmx fxsr sse sse2 ss ht tm pbe syscall nx pdpe1gb rdtscp lm constant_tsc arch_perfmon pebs bts rep_good nopl xtopology nonstop_tsc aperfmperf eagerfpu pni pclmulqdq dtes64 monitor ds_cpl vmx est tm2 ssse3 sdbg fma cx16 xtpr pdcm pcid sse4_1 sse4_2 movbe popcnt tsc_deadline_timer aes xsave avx f16c rdrand lahf_lm abm epb tpr_shadow vnmi flexpriority ept vpid fsgsbase tsc_adjust bmi1 avx2 smep bmi2 erms invpcid xsaveopt dtherm ida arat pln pts
bugs		:
bogomips	: 4988.54
clflush size	: 64
cache_alignment	: 64
address sizes	: 39 bits physical, 48 bits virtual
power management:

processor	: 7
vendor_id	: GenuineIntel
cpu family	: 6
model		: 60
model name	: Intel(R) Core(TM) i7-4710MQ CPU @ 2.50GHz
stepping	: 3
microcode	: 0x17
cpu MHz		: 3300.488
cache size	: 6144 KB
physical id	: 0
siblings	: 8
core id		: 3
cpu cores	: 4
apicid		: 7
initial apicid	: 7
fpu		: yes
fpu_exception	: yes
cpuid level	: 13
wp		: yes
flags		: fpu vme de pse tsc msr pae mce cx8 apic sep mtrr pge mca cmov pat pse36 clflush dts acpi mmx fxsr sse sse2 ss ht tm pbe syscall nx pdpe1gb rdtscp lm constant_tsc arch_perfmon pebs bts rep_good nopl xtopology nonstop_tsc aperfmperf eagerfpu pni pclmulqdq dtes64 monitor ds_cpl vmx est tm2 ssse3 sdbg fma cx16 xtpr pdcm pcid sse4_1 sse4_2 movbe popcnt tsc_deadline_timer aes xsave avx f16c rdrand lahf_lm abm epb tpr_shadow vnmi flexpriority ept vpid fsgsbase tsc_adjust bmi1 avx2 smep bmi2 erms invpcid xsaveopt dtherm ida arat pln pts
bugs		:
bogomips	: 4988.54
clflush size	: 64
cache_alignment	: 64
address sizes	: 39 bits physical, 48 bits virtual
power management:



Memory: 4k page, physical 24512108k(188600k free), swap 0k(0k free)

vm_info: OpenJDK 64-Bit Server VM (25.191-b12) for linux-amd64 JRE (1.8.0_191-8u191-b12-2ubuntu0.16.04.1-b12), built on Jan 14 2019 21:59:52 by "buildd" with gcc 5.4.0 20160609

time: Thu May 23 20:33:56 2019
elapsed time: 0 seconds (0d 0h 0m 0s)

