#
# There is insufficient memory for the Java Runtime Environment to continue.
# Native memory allocation (mmap) failed to map 788529152 bytes for committing reserved memory.
# Possible reasons:
#   The system is out of physical RAM or swap space
#   The process is running with CompressedOops enabled, and the Java Heap may be blocking the growth of the native heap
# Possible solutions:
#   Reduce memory load on the system
#   Increase physical memory or swap space
#   Check if swap backing store is full
#   Decrease Java heap size (-Xmx/-Xms)
#   Decrease number of Java threads
#   Decrease Java thread stack sizes (-Xss)
#   Set larger code cache with -XX:ReservedCodeCacheSize=
#   JVM is running with Zero Based Compressed Oops mode in which the Java heap is
#     placed in the first 32GB address space. The Java Heap base address is the
#     maximum limit for the native heap growth. Please use -XX:HeapBaseMinAddress
#     to set the Java Heap base and to place the Java Heap above 32GB virtual address.
# This output file may be truncated or incomplete.
#
#  Out of Memory Error (os_linux.cpp:2647), pid=5880, tid=5904
#
# JRE version: Java(TM) SE Runtime Environment (9.0+11) (build 9.0.4+11)
# Java VM: Java HotSpot(TM) 64-Bit Server VM (9.0.4+11, mixed mode, tiered, compressed oops, g1 gc, linux-amd64)
# No core dump will be written. Core dumps have been disabled. To enable core dumping, try "ulimit -c unlimited" before starting Java again
#

---------------  S U M M A R Y ------------

Command Line: -XX:TieredStopAtLevel=1 -Xverify:none -Dspring.output.ansi.enabled=always -Dcom.sun.management.jmxremote -Dspring.liveBeansView.mbeanDomain -Dspring.application.admin.enabled=true -javaagent:/opt/idea-IU-183.6156.11/lib/idea_rt.jar=40968:/opt/idea-IU-183.6156.11/bin -Dfile.encoding=UTF-8 com.filip.machaj.demo.AbonamentyApplicationKt

Host: Intel(R) Core(TM) i7-4710MQ CPU @ 2.50GHz, 8 cores, 23G, Linux Mint 18.1 Serena
Time: Thu Jul 25 17:31:39 2019 CEST elapsed time: 3 seconds (0d 0h 0m 3s)

---------------  T H R E A D  ---------------

Current thread (0x00007fee5c2b0800):  VMThread "VM Thread" [stack: 0x00007fedec7b1000,0x00007fedec8b1000] [id=5904]

Stack: [0x00007fedec7b1000,0x00007fedec8b1000],  sp=0x00007fedec8af010,  free space=1016k
Native frames: (J=compiled Java code, A=aot compiled Java code, j=interpreted, Vv=VM code, C=native code)
V  [libjvm.so+0xd4c6c2]  VMError::report_and_die(int, char const*, char const*, __va_list_tag*, Thread*, unsigned char*, void*, void*, char const*, int, unsigned long)+0x162
V  [libjvm.so+0xd4d32b]  VMError::report_and_die(Thread*, char const*, int, unsigned long, VMErrorType, char const*, __va_list_tag*)+0x2b
V  [libjvm.so+0x654ac8]  report_vm_out_of_memory(char const*, int, unsigned long, VMErrorType, char const*, ...)+0xd8
V  [libjvm.so+0xb68241]  os::pd_commit_memory_or_exit(char*, unsigned long, unsigned long, bool, char const*)+0x101
V  [libjvm.so+0xb628cd]  os::commit_memory_or_exit(char*, unsigned long, unsigned long, bool, char const*)+0x1d
V  [libjvm.so+0x763492]  G1PageBasedVirtualSpace::commit_preferred_pages(unsigned long, unsigned long)+0x62
V  [libjvm.so+0x7637ae]  G1PageBasedVirtualSpace::commit(unsigned long, unsigned long)+0x11e
V  [libjvm.so+0x766713]  G1RegionsLargerThanCommitSizeMapper::commit_regions(unsigned int, unsigned long, WorkGang*)+0x43
V  [libjvm.so+0x7f760c]  HeapRegionManager::commit_regions(unsigned int, unsigned long, WorkGang*)+0x7c
V  [libjvm.so+0x7f81d4]  HeapRegionManager::make_regions_available(unsigned int, unsigned int, WorkGang*)+0x34
V  [libjvm.so+0x7f86f1]  HeapRegionManager::expand_by(unsigned int, WorkGang*)+0x71
V  [libjvm.so+0x729a87]  G1CollectedHeap::expand(unsigned long, WorkGang*, double*)+0xd7
V  [libjvm.so+0x7309ca]  G1CollectedHeap::do_collection_pause_at_safepoint(double)+0x104a
V  [libjvm.so+0xd4db96]  VM_CollectForMetadataAllocation::initiate_concurrent_GC()+0x156
V  [libjvm.so+0xd4dee8]  VM_CollectForMetadataAllocation::doit()+0xf8
V  [libjvm.so+0xd5d4f9]  VM_Operation::evaluate()+0x59
V  [libjvm.so+0xd5b243]  VMThread::evaluate_operation(VM_Operation*)+0xc3
V  [libjvm.so+0xd5b7b0]  VMThread::loop()+0x210
V  [libjvm.so+0xd5bcc2]  VMThread::run()+0x72
V  [libjvm.so+0xb6e132]  thread_native_entry(Thread*)+0xf2

VM_Operation (0x00007fee6414e9b0): CollectForMetadataAllocation, mode: safepoint, requested by thread 0x00007fee5c016000


---------------  P R O C E S S  ---------------

Java Threads: ( => current thread )
  0x00007fed94019000 JavaThread "RMI Scheduler(0)" daemon [_thread_blocked, id=5957, stack(0x00007fed9faff000,0x00007fed9fc00000)]
  0x00007fedac001000 JavaThread "RMI TCP Connection(1)-127.0.0.1" daemon [_thread_in_native, id=5956, stack(0x00007feddc0c2000,0x00007feddc1c3000)]
  0x00007fedc8001000 JavaThread "Attach Listener" daemon [_thread_blocked, id=5954, stack(0x00007feddc1c3000,0x00007feddc2c4000)]
  0x00007fee5c732000 JavaThread "RMI TCP Accept-0" daemon [_thread_in_native, id=5948, stack(0x00007feddccc6000,0x00007feddcdc7000)]
  0x00007fee5c661000 JavaThread "Service Thread" daemon [_thread_blocked, id=5947, stack(0x00007feddd3d0000,0x00007feddd4d1000)]
  0x00007fee5c65f800 JavaThread "Monitor Ctrl-Break" daemon [_thread_in_native, id=5946, stack(0x00007feddd4d1000,0x00007feddd5d2000)]
  0x00007fee5c334000 JavaThread "Common-Cleaner" daemon [_thread_blocked, id=5935, stack(0x00007feddd5d2000,0x00007feddd6d3000)]
  0x00007fee5c2e7800 JavaThread "Sweeper thread" daemon [_thread_blocked, id=5932, stack(0x00007fedddafb000,0x00007fedddbfc000)]
  0x00007fee5c2e5800 JavaThread "C1 CompilerThread3" daemon [_thread_blocked, id=5931, stack(0x00007fedddbfc000,0x00007fedddcfd000)]
  0x00007fee5c2e3800 JavaThread "C1 CompilerThread2" daemon [_thread_blocked, id=5930, stack(0x00007fedddcfd000,0x00007feddddfe000)]
  0x00007fee5c2e1800 JavaThread "C1 CompilerThread1" daemon [_thread_blocked, id=5929, stack(0x00007feddddfe000,0x00007fedddeff000)]
  0x00007fee5c2df800 JavaThread "C1 CompilerThread0" daemon [_thread_blocked, id=5928, stack(0x00007fedddeff000,0x00007fedde000000)]
  0x00007fee5c2dd800 JavaThread "Signal Dispatcher" daemon [_thread_blocked, id=5927, stack(0x00007fedec0a4000,0x00007fedec1a5000)]
  0x00007fee5c2c2800 JavaThread "Finalizer" daemon [_thread_blocked, id=5906, stack(0x00007fedec5ae000,0x00007fedec6af000)]
  0x00007fee5c2ba800 JavaThread "Reference Handler" daemon [_thread_blocked, id=5905, stack(0x00007fedec6af000,0x00007fedec7b0000)]
  0x00007fee5c016000 JavaThread "main" [_thread_blocked, id=5881, stack(0x00007fee64052000,0x00007fee64152000)]

Other Threads:
=>0x00007fee5c2b0800 VMThread "VM Thread" [stack: 0x00007fedec7b1000,0x00007fedec8b1000] [id=5904]
  0x00007fee5c73d800 WatcherThread [stack: 0x00007feddcbc6000,0x00007feddccc6000] [id=5949]
  0x00007fee5c02d800 GCTaskThread "GC Thread#0" [stack: 0x00007fee6052b000,0x00007fee6062b000] [id=5882]
  0x00007fee5c02f000 GCTaskThread "GC Thread#1" [stack: 0x00007fee6042a000,0x00007fee6052a000] [id=5883]
  0x00007fee5c030800 GCTaskThread "GC Thread#2" [stack: 0x00007fee60329000,0x00007fee60429000] [id=5884]
  0x00007fee5c032800 GCTaskThread "GC Thread#3" [stack: 0x00007fee60228000,0x00007fee60328000] [id=5885]
  0x00007fee5c034000 GCTaskThread "GC Thread#4" [stack: 0x00007fee60127000,0x00007fee60227000] [id=5886]
  0x00007fee5c036000 GCTaskThread "GC Thread#5" [stack: 0x00007fee60026000,0x00007fee60126000] [id=5887]
  0x00007fee5c037800 GCTaskThread "GC Thread#6" [stack: 0x00007fee41a43000,0x00007fee41b43000] [id=5888]
  0x00007fee5c039800 GCTaskThread "GC Thread#7" [stack: 0x00007fee41942000,0x00007fee41a42000] [id=5889]
  0x00007fee5c0b1000 ConcurrentGCThread "G1 Main Marker" [stack: 0x00007fee405b9000,0x00007fee406b9000] [id=5899]
  0x00007fee5c0b2800 ConcurrentGCThread "G1 Marker#0" [stack: 0x00007fee404b8000,0x00007fee405b8000] [id=5900]
  0x00007fee5c0b4800 ConcurrentGCThread "G1 Marker#1" [stack: 0x00007fee403b7000,0x00007fee404b7000] [id=5901]
  0x00007fee5c048000 ConcurrentGCThread "G1 Refine#0" [stack: 0x00007fee40932000,0x00007fee40a32000] [id=5897]
  0x00007fee5c046000 ConcurrentGCThread "G1 Refine#1" [stack: 0x00007fee40a33000,0x00007fee40b33000] [id=5896]
  0x00007fee5c044800 ConcurrentGCThread "G1 Refine#2" [stack: 0x00007fee40b34000,0x00007fee40c34000] [id=5895]
  0x00007fee5c042800 ConcurrentGCThread "G1 Refine#3" [stack: 0x00007fee40c35000,0x00007fee40d35000] [id=5894]
  0x00007fee5c041000 ConcurrentGCThread "G1 Refine#4" [stack: 0x00007fee40d36000,0x00007fee40e36000] [id=5893]
  0x00007fee5c03f000 ConcurrentGCThread "G1 Refine#5" [stack: 0x00007fee40e37000,0x00007fee40f37000] [id=5892]
  0x00007fee5c03d800 ConcurrentGCThread "G1 Refine#6" [stack: 0x00007fee40f38000,0x00007fee41038000] [id=5891]
  0x00007fee5c03b800 ConcurrentGCThread "G1 Refine#7" [stack: 0x00007fee41039000,0x00007fee41139000] [id=5890]
  0x00007fee5c049800 ConcurrentGCThread "G1 Young RemSet Sampling" [stack: 0x00007fee40831000,0x00007fee40931000] [id=5898]

Threads with active compile tasks:

VM state:at safepoint (normal execution)

VM Mutex/Monitor currently owned by a thread:  ([mutex/lock_event])
[0x00007fee5c012590] Threads_lock - owner thread: 0x00007fee5c2b0800
[0x00007fee5c012b30] Heap_lock - owner thread: 0x00007fee5c016000

Heap address: 0x0000000649e00000, size: 5986 MB, Compressed Oops mode: Zero based, Oop shift amount: 3
Narrow klass base: 0x0000000000000000, Narrow klass shift: 3
Compressed class space size: 1073741824 Address: 0x00000007c0000000

Heap:
 garbage-first heap   total 1155072K, used 22860K [0x0000000649e00000, 0x0000000649f02340, 0x00000007c0000000)
  region size 1024K, 14 young (14336K), 14 survivors (14336K)
 Metaspace       used 33253K, capacity 35734K, committed 35888K, reserved 1081344K
  class space    used 4178K, capacity 4589K, committed 4656K, reserved 1048576K
Heap Regions: E=young(eden), S=young(survivor), O=old, HS=humongous(starts), HC=humongous(continues), CS=collection set, F=free, A=archive, TS=gc time stamp, AC=allocation context, TAMS=top-at-mark-start (previous, next)
|   0|0x0000000649e00000, 0x0000000649f00000, 0x0000000649f00000|100%|HS|  |TS  0|AC  0|TAMS 0x0000000649f00000, 0x0000000649f00000|
|   1|0x0000000649f00000, 0x000000064a000000, 0x000000064a000000|100%| O|  |TS  0|AC  0|TAMS 0x000000064a000000, 0x000000064a000000|
|   2|0x000000064a000000, 0x000000064a100000, 0x000000064a100000|100%| O|  |TS  0|AC  0|TAMS 0x000000064a100000, 0x000000064a100000|
|   3|0x000000064a100000, 0x000000064a200000, 0x000000064a200000|100%| O|  |TS  1|AC  0|TAMS 0x000000064a1c2200, 0x000000064a200000|
|   4|0x000000064a200000, 0x000000064a300000, 0x000000064a300000|100%| O|  |TS  1|AC  0|TAMS 0x000000064a200000, 0x000000064a300000|
|   5|0x000000064a300000, 0x000000064a400000, 0x000000064a400000|100%| O|  |TS  1|AC  0|TAMS 0x000000064a300000, 0x000000064a400000|
|   6|0x000000064a400000, 0x000000064a500000, 0x000000064a500000|100%| O|  |TS  1|AC  0|TAMS 0x000000064a400000, 0x000000064a500000|
|   7|0x000000064a500000, 0x000000064a600000, 0x000000064a600000|100%| O|  |TS  1|AC  0|TAMS 0x000000064a500000, 0x000000064a600000|
|   8|0x000000064a600000, 0x000000064a700000, 0x000000064a700000|100%| O|  |TS  1|AC  0|TAMS 0x000000064a600000, 0x000000064a700000|
|   9|0x000000064a700000, 0x000000064a724e00, 0x000000064a800000| 14%| O|  |TS  3|AC  0|TAMS 0x000000064a700000, 0x000000064a724e00|
|  10|0x000000064a800000, 0x000000064a800000, 0x000000064a900000|  0%| F|  |TS  0|AC  0|TAMS 0x000000064a800000, 0x000000064a800000|
|  11|0x000000064a900000, 0x000000064a900000, 0x000000064aa00000|  0%| F|  |TS  0|AC  0|TAMS 0x000000064a900000, 0x000000064a900000|
|  12|0x000000064aa00000, 0x000000064aa00000, 0x000000064ab00000|  0%| F|  |TS  0|AC  0|TAMS 0x000000064aa00000, 0x000000064aa00000|
|  13|0x000000064ab00000, 0x000000064ab00000, 0x000000064ac00000|  0%| F|  |TS  0|AC  0|TAMS 0x000000064ab00000, 0x000000064ab00000|
|  14|0x000000064ac00000, 0x000000064ac00000, 0x000000064ad00000|  0%| F|  |TS  0|AC  0|TAMS 0x000000064ac00000, 0x000000064ac00000|
|  15|0x000000064ad00000, 0x000000064ad00000, 0x000000064ae00000|  0%| F|  |TS  0|AC  0|TAMS 0x000000064ad00000, 0x000000064ad00000|
|  16|0x000000064ae00000, 0x000000064ae00000, 0x000000064af00000|  0%| F|  |TS  0|AC  0|TAMS 0x000000064ae00000, 0x000000064ae00000|
|  17|0x000000064af00000, 0x000000064af00000, 0x000000064b000000|  0%| F|  |TS  0|AC  0|TAMS 0x000000064af00000, 0x000000064af00000|
|  18|0x000000064b000000, 0x000000064b000000, 0x000000064b100000|  0%| F|  |TS  0|AC  0|TAMS 0x000000064b000000, 0x000000064b000000|
|  19|0x000000064b100000, 0x000000064b100000, 0x000000064b200000|  0%| F|  |TS  0|AC  0|TAMS 0x000000064b100000, 0x000000064b100000|
|  20|0x000000064b200000, 0x000000064b200000, 0x000000064b300000|  0%| F|  |TS  0|AC  0|TAMS 0x000000064b200000, 0x000000064b200000|
|  21|0x000000064b300000, 0x000000064b300000, 0x000000064b400000|  0%| F|  |TS  0|AC  0|TAMS 0x000000064b300000, 0x000000064b300000|
|  22|0x000000064b400000, 0x000000064b400000, 0x000000064b500000|  0%| F|  |TS  0|AC  0|TAMS 0x000000064b400000, 0x000000064b400000|
|  23|0x000000064b500000, 0x000000064b500000, 0x000000064b600000|  0%| F|  |TS  0|AC  0|TAMS 0x000000064b500000, 0x000000064b500000|
|  24|0x000000064b600000, 0x000000064b600000, 0x000000064b700000|  0%| F|  |TS  0|AC  0|TAMS 0x000000064b600000, 0x000000064b600000|
|  25|0x000000064b700000, 0x000000064b700000, 0x000000064b800000|  0%| F|  |TS  0|AC  0|TAMS 0x000000064b700000, 0x000000064b700000|
|  26|0x000000064b800000, 0x000000064b800000, 0x000000064b900000|  0%| F|  |TS  0|AC  0|TAMS 0x000000064b800000, 0x000000064b800000|
|  27|0x000000064b900000, 0x000000064b900000, 0x000000064ba00000|  0%| F|  |TS  0|AC  0|TAMS 0x000000064b900000, 0x000000064b900000|
|  28|0x000000064ba00000, 0x000000064ba00000, 0x000000064bb00000|  0%| F|  |TS  0|AC  0|TAMS 0x000000064ba00000, 0x000000064ba00000|
|  29|0x000000064bb00000, 0x000000064bb00000, 0x000000064bc00000|  0%| F|  |TS  0|AC  0|TAMS 0x000000064bb00000, 0x000000064bb00000|
|  30|0x000000064bc00000, 0x000000064bc00000, 0x000000064bd00000|  0%| F|  |TS  0|AC  0|TAMS 0x000000064bc00000, 0x000000064bc00000|
|  31|0x000000064bd00000, 0x000000064bd00000, 0x000000064be00000|  0%| F|  |TS  0|AC  0|TAMS 0x000000064bd00000, 0x000000064bd00000|
|  32|0x000000064be00000, 0x000000064be00000, 0x000000064bf00000|  0%| F|  |TS  0|AC  0|TAMS 0x000000064be00000, 0x000000064be00000|
|  33|0x000000064bf00000, 0x000000064bf00000, 0x000000064c000000|  0%| F|  |TS  0|AC  0|TAMS 0x000000064bf00000, 0x000000064bf00000|
|  34|0x000000064c000000, 0x000000064c000000, 0x000000064c100000|  0%| F|  |TS  0|AC  0|TAMS 0x000000064c000000, 0x000000064c000000|
|  35|0x000000064c100000, 0x000000064c100000, 0x000000064c200000|  0%| F|  |TS  0|AC  0|TAMS 0x000000064c100000, 0x000000064c100000|
|  36|0x000000064c200000, 0x000000064c200000, 0x000000064c300000|  0%| F|  |TS  0|AC  0|TAMS 0x000000064c200000, 0x000000064c200000|
|  37|0x000000064c300000, 0x000000064c300000, 0x000000064c400000|  0%| F|  |TS  0|AC  0|TAMS 0x000000064c300000, 0x000000064c300000|
|  38|0x000000064c400000, 0x000000064c400000, 0x000000064c500000|  0%| F|  |TS  0|AC  0|TAMS 0x000000064c400000, 0x000000064c400000|
|  39|0x000000064c500000, 0x000000064c500000, 0x000000064c600000|  0%| F|  |TS  0|AC  0|TAMS 0x000000064c500000, 0x000000064c500000|
|  40|0x000000064c600000, 0x000000064c600000, 0x000000064c700000|  0%| F|  |TS  0|AC  0|TAMS 0x000000064c600000, 0x000000064c600000|
|  41|0x000000064c700000, 0x000000064c700000, 0x000000064c800000|  0%| F|  |TS  0|AC  0|TAMS 0x000000064c700000, 0x000000064c700000|
|  42|0x000000064c800000, 0x000000064c800000, 0x000000064c900000|  0%| F|  |TS  0|AC  0|TAMS 0x000000064c800000, 0x000000064c800000|
|  43|0x000000064c900000, 0x000000064c900000, 0x000000064ca00000|  0%| F|  |TS  0|AC  0|TAMS 0x000000064c900000, 0x000000064c900000|
|  44|0x000000064ca00000, 0x000000064ca00000, 0x000000064cb00000|  0%| F|  |TS  0|AC  0|TAMS 0x000000064ca00000, 0x000000064ca00000|
|  45|0x000000064cb00000, 0x000000064cb00000, 0x000000064cc00000|  0%| F|  |TS  0|AC  0|TAMS 0x000000064cb00000, 0x000000064cb00000|
|  46|0x000000064cc00000, 0x000000064cc00000, 0x000000064cd00000|  0%| F|  |TS  0|AC  0|TAMS 0x000000064cc00000, 0x000000064cc00000|
|  47|0x000000064cd00000, 0x000000064cd00000, 0x000000064ce00000|  0%| F|  |TS  0|AC  0|TAMS 0x000000064cd00000, 0x000000064cd00000|
|  48|0x000000064ce00000, 0x000000064ce00000, 0x000000064cf00000|  0%| F|  |TS  0|AC  0|TAMS 0x000000064ce00000, 0x000000064ce00000|
|  49|0x000000064cf00000, 0x000000064cf00000, 0x000000064d000000|  0%| F|  |TS  0|AC  0|TAMS 0x000000064cf00000, 0x000000064cf00000|
|  50|0x000000064d000000, 0x000000064d000000, 0x000000064d100000|  0%| F|  |TS  0|AC  0|TAMS 0x000000064d000000, 0x000000064d000000|
|  51|0x000000064d100000, 0x000000064d100000, 0x000000064d200000|  0%| F|  |TS  0|AC  0|TAMS 0x000000064d100000, 0x000000064d100000|
|  52|0x000000064d200000, 0x000000064d200000, 0x000000064d300000|  0%| F|  |TS  0|AC  0|TAMS 0x000000064d200000, 0x000000064d200000|
|  53|0x000000064d300000, 0x000000064d300000, 0x000000064d400000|  0%| F|  |TS  0|AC  0|TAMS 0x000000064d300000, 0x000000064d300000|
|  54|0x000000064d400000, 0x000000064d400000, 0x000000064d500000|  0%| F|  |TS  0|AC  0|TAMS 0x000000064d400000, 0x000000064d400000|
|  55|0x000000064d500000, 0x000000064d500000, 0x000000064d600000|  0%| F|  |TS  0|AC  0|TAMS 0x000000064d500000, 0x000000064d500000|
|  56|0x000000064d600000, 0x000000064d600000, 0x000000064d700000|  0%| F|  |TS  0|AC  0|TAMS 0x000000064d600000, 0x000000064d600000|
|  57|0x000000064d700000, 0x000000064d700000, 0x000000064d800000|  0%| F|  |TS  0|AC  0|TAMS 0x000000064d700000, 0x000000064d700000|
|  58|0x000000064d800000, 0x000000064d800000, 0x000000064d900000|  0%| F|  |TS  0|AC  0|TAMS 0x000000064d800000, 0x000000064d800000|
|  59|0x000000064d900000, 0x000000064d900000, 0x000000064da00000|  0%| F|  |TS  0|AC  0|TAMS 0x000000064d900000, 0x000000064d900000|
|  60|0x000000064da00000, 0x000000064da00000, 0x000000064db00000|  0%| F|  |TS  0|AC  0|TAMS 0x000000064da00000, 0x000000064da00000|
|  61|0x000000064db00000, 0x000000064db00000, 0x000000064dc00000|  0%| F|  |TS  0|AC  0|TAMS 0x000000064db00000, 0x000000064db00000|
|  62|0x000000064dc00000, 0x000000064dc00000, 0x000000064dd00000|  0%| F|  |TS  0|AC  0|TAMS 0x000000064dc00000, 0x000000064dc00000|
|  63|0x000000064dd00000, 0x000000064dd00000, 0x000000064de00000|  0%| F|  |TS  0|AC  0|TAMS 0x000000064dd00000, 0x000000064dd00000|
|  64|0x000000064de00000, 0x000000064de00000, 0x000000064df00000|  0%| F|  |TS  0|AC  0|TAMS 0x000000064de00000, 0x000000064de00000|
|  65|0x000000064df00000, 0x000000064df00000, 0x000000064e000000|  0%| F|  |TS  0|AC  0|TAMS 0x000000064df00000, 0x000000064df00000|
|  66|0x000000064e000000, 0x000000064e000000, 0x000000064e100000|  0%| F|  |TS  0|AC  0|TAMS 0x000000064e000000, 0x000000064e000000|
|  67|0x000000064e100000, 0x000000064e100000, 0x000000064e200000|  0%| F|  |TS  0|AC  0|TAMS 0x000000064e100000, 0x000000064e100000|
|  68|0x000000064e200000, 0x000000064e200000, 0x000000064e300000|  0%| F|  |TS  0|AC  0|TAMS 0x000000064e200000, 0x000000064e200000|
|  69|0x000000064e300000, 0x000000064e300000, 0x000000064e400000|  0%| F|  |TS  0|AC  0|TAMS 0x000000064e300000, 0x000000064e300000|
|  70|0x000000064e400000, 0x000000064e400000, 0x000000064e500000|  0%| F|  |TS  0|AC  0|TAMS 0x000000064e400000, 0x000000064e400000|
|  71|0x000000064e500000, 0x000000064e500000, 0x000000064e600000|  0%| F|  |TS  0|AC  0|TAMS 0x000000064e500000, 0x000000064e500000|
|  72|0x000000064e600000, 0x000000064e600000, 0x000000064e700000|  0%| F|  |TS  0|AC  0|TAMS 0x000000064e600000, 0x000000064e600000|
|  73|0x000000064e700000, 0x000000064e700000, 0x000000064e800000|  0%| F|  |TS  0|AC  0|TAMS 0x000000064e700000, 0x000000064e700000|
|  74|0x000000064e800000, 0x000000064e800000, 0x000000064e900000|  0%| F|  |TS  0|AC  0|TAMS 0x000000064e800000, 0x000000064e800000|
|  75|0x000000064e900000, 0x000000064e900000, 0x000000064ea00000|  0%| F|  |TS  0|AC  0|TAMS 0x000000064e900000, 0x000000064e900000|
|  76|0x000000064ea00000, 0x000000064ea00000, 0x000000064eb00000|  0%| F|  |TS  0|AC  0|TAMS 0x000000064ea00000, 0x000000064ea00000|
|  77|0x000000064eb00000, 0x000000064eb00000, 0x000000064ec00000|  0%| F|  |TS  0|AC  0|TAMS 0x000000064eb00000, 0x000000064eb00000|
|  78|0x000000064ec00000, 0x000000064ec00000, 0x000000064ed00000|  0%| F|  |TS  0|AC  0|TAMS 0x000000064ec00000, 0x000000064ec00000|
|  79|0x000000064ed00000, 0x000000064ed00000, 0x000000064ee00000|  0%| F|  |TS  0|AC  0|TAMS 0x000000064ed00000, 0x000000064ed00000|
|  80|0x000000064ee00000, 0x000000064ee00000, 0x000000064ef00000|  0%| F|  |TS  0|AC  0|TAMS 0x000000064ee00000, 0x000000064ee00000|
|  81|0x000000064ef00000, 0x000000064ef00000, 0x000000064f000000|  0%| F|  |TS  0|AC  0|TAMS 0x000000064ef00000, 0x000000064ef00000|
|  82|0x000000064f000000, 0x000000064f000000, 0x000000064f100000|  0%| F|  |TS  0|AC  0|TAMS 0x000000064f000000, 0x000000064f000000|
|  83|0x000000064f100000, 0x000000064f100000, 0x000000064f200000|  0%| F|  |TS  0|AC  0|TAMS 0x000000064f100000, 0x000000064f100000|
|  84|0x000000064f200000, 0x000000064f200000, 0x000000064f300000|  0%| F|  |TS  0|AC  0|TAMS 0x000000064f200000, 0x000000064f200000|
|  85|0x000000064f300000, 0x000000064f300000, 0x000000064f400000|  0%| F|  |TS  0|AC  0|TAMS 0x000000064f300000, 0x000000064f300000|
|  86|0x000000064f400000, 0x000000064f400000, 0x000000064f500000|  0%| F|  |TS  0|AC  0|TAMS 0x000000064f400000, 0x000000064f400000|
|  87|0x000000064f500000, 0x000000064f500000, 0x000000064f600000|  0%| F|  |TS  0|AC  0|TAMS 0x000000064f500000, 0x000000064f500000|
|  88|0x000000064f600000, 0x000000064f600000, 0x000000064f700000|  0%| F|  |TS  0|AC  0|TAMS 0x000000064f600000, 0x000000064f600000|
|  89|0x000000064f700000, 0x000000064f700000, 0x000000064f800000|  0%| F|  |TS  0|AC  0|TAMS 0x000000064f700000, 0x000000064f700000|
|  90|0x000000064f800000, 0x000000064f800000, 0x000000064f900000|  0%| F|  |TS  0|AC  0|TAMS 0x000000064f800000, 0x000000064f800000|
|  91|0x000000064f900000, 0x000000064f900000, 0x000000064fa00000|  0%| F|  |TS  0|AC  0|TAMS 0x000000064f900000, 0x000000064f900000|
|  92|0x000000064fa00000, 0x000000064fa00000, 0x000000064fb00000|  0%| F|  |TS  0|AC  0|TAMS 0x000000064fa00000, 0x000000064fa00000|
|  93|0x000000064fb00000, 0x000000064fb00000, 0x000000064fc00000|  0%| F|  |TS  0|AC  0|TAMS 0x000000064fb00000, 0x000000064fb00000|
|  94|0x000000064fc00000, 0x000000064fc00000, 0x000000064fd00000|  0%| F|  |TS  0|AC  0|TAMS 0x000000064fc00000, 0x000000064fc00000|
|  95|0x000000064fd00000, 0x000000064fd00000, 0x000000064fe00000|  0%| F|  |TS  0|AC  0|TAMS 0x000000064fd00000, 0x000000064fd00000|
|  96|0x000000064fe00000, 0x000000064fe00000, 0x000000064ff00000|  0%| F|  |TS  0|AC  0|TAMS 0x000000064fe00000, 0x000000064fe00000|
|  97|0x000000064ff00000, 0x000000064ff00000, 0x0000000650000000|  0%| F|  |TS  0|AC  0|TAMS 0x000000064ff00000, 0x000000064ff00000|
|  98|0x0000000650000000, 0x0000000650000000, 0x0000000650100000|  0%| F|  |TS  0|AC  0|TAMS 0x0000000650000000, 0x0000000650000000|
|  99|0x0000000650100000, 0x0000000650100000, 0x0000000650200000|  0%| F|  |TS  0|AC  0|TAMS 0x0000000650100000, 0x0000000650100000|
| 100|0x0000000650200000, 0x0000000650200000, 0x0000000650300000|  0%| F|  |TS  0|AC  0|TAMS 0x0000000650200000, 0x0000000650200000|
| 101|0x0000000650300000, 0x0000000650300000, 0x0000000650400000|  0%| F|  |TS  0|AC  0|TAMS 0x0000000650300000, 0x0000000650300000|
| 102|0x0000000650400000, 0x0000000650400000, 0x0000000650500000|  0%| F|  |TS  0|AC  0|TAMS 0x0000000650400000, 0x0000000650400000|
| 103|0x0000000650500000, 0x0000000650500000, 0x0000000650600000|  0%| F|  |TS  0|AC  0|TAMS 0x0000000650500000, 0x0000000650500000|
| 104|0x0000000650600000, 0x0000000650600000, 0x0000000650700000|  0%| F|  |TS  0|AC  0|TAMS 0x0000000650600000, 0x0000000650600000|
| 105|0x0000000650700000, 0x0000000650700000, 0x0000000650800000|  0%| F|  |TS  0|AC  0|TAMS 0x0000000650700000, 0x0000000650700000|
| 106|0x0000000650800000, 0x0000000650800000, 0x0000000650900000|  0%| F|  |TS  0|AC  0|TAMS 0x0000000650800000, 0x0000000650800000|
| 107|0x0000000650900000, 0x0000000650900000, 0x0000000650a00000|  0%| F|  |TS  0|AC  0|TAMS 0x0000000650900000, 0x0000000650900000|
| 108|0x0000000650a00000, 0x0000000650a00000, 0x0000000650b00000|  0%| F|  |TS  0|AC  0|TAMS 0x0000000650a00000, 0x0000000650a00000|
| 109|0x0000000650b00000, 0x0000000650b00000, 0x0000000650c00000|  0%| F|  |TS  0|AC  0|TAMS 0x0000000650b00000, 0x0000000650b00000|
| 110|0x0000000650c00000, 0x0000000650c00000, 0x0000000650d00000|  0%| F|  |TS  0|AC  0|TAMS 0x0000000650c00000, 0x0000000650c00000|
| 111|0x0000000650d00000, 0x0000000650d00000, 0x0000000650e00000|  0%| F|  |TS  0|AC  0|TAMS 0x0000000650d00000, 0x0000000650d00000|
| 112|0x0000000650e00000, 0x0000000650e00000, 0x0000000650f00000|  0%| F|  |TS  0|AC  0|TAMS 0x0000000650e00000, 0x0000000650e00000|
| 113|0x0000000650f00000, 0x0000000650f00000, 0x0000000651000000|  0%| F|  |TS  0|AC  0|TAMS 0x0000000650f00000, 0x0000000650f00000|
| 114|0x0000000651000000, 0x0000000651000000, 0x0000000651100000|  0%| F|  |TS  0|AC  0|TAMS 0x0000000651000000, 0x0000000651000000|
| 115|0x0000000651100000, 0x0000000651100000, 0x0000000651200000|  0%| F|  |TS  0|AC  0|TAMS 0x0000000651100000, 0x0000000651100000|
| 116|0x0000000651200000, 0x0000000651200000, 0x0000000651300000|  0%| F|  |TS  0|AC  0|TAMS 0x0000000651200000, 0x0000000651200000|
| 117|0x0000000651300000, 0x0000000651300000, 0x0000000651400000|  0%| F|  |TS  0|AC  0|TAMS 0x0000000651300000, 0x0000000651300000|
| 118|0x0000000651400000, 0x0000000651400000, 0x0000000651500000|  0%| F|  |TS  0|AC  0|TAMS 0x0000000651400000, 0x0000000651400000|
| 119|0x0000000651500000, 0x0000000651500000, 0x0000000651600000|  0%| F|  |TS  0|AC  0|TAMS 0x0000000651500000, 0x0000000651500000|
| 120|0x0000000651600000, 0x0000000651600000, 0x0000000651700000|  0%| F|  |TS  0|AC  0|TAMS 0x0000000651600000, 0x0000000651600000|
| 121|0x0000000651700000, 0x0000000651700000, 0x0000000651800000|  0%| F|  |TS  0|AC  0|TAMS 0x0000000651700000, 0x0000000651700000|
| 122|0x0000000651800000, 0x0000000651800000, 0x0000000651900000|  0%| F|  |TS  0|AC  0|TAMS 0x0000000651800000, 0x0000000651800000|
| 123|0x0000000651900000, 0x0000000651900000, 0x0000000651a00000|  0%| F|  |TS  0|AC  0|TAMS 0x0000000651900000, 0x0000000651900000|
| 124|0x0000000651a00000, 0x0000000651a00000, 0x0000000651b00000|  0%| F|  |TS  0|AC  0|TAMS 0x0000000651a00000, 0x0000000651a00000|
| 125|0x0000000651b00000, 0x0000000651b00000, 0x0000000651c00000|  0%| F|  |TS  0|AC  0|TAMS 0x0000000651b00000, 0x0000000651b00000|
| 126|0x0000000651c00000, 0x0000000651c00000, 0x0000000651d00000|  0%| F|  |TS  0|AC  0|TAMS 0x0000000651c00000, 0x0000000651c00000|
| 127|0x0000000651d00000, 0x0000000651d00000, 0x0000000651e00000|  0%| F|  |TS  0|AC  0|TAMS 0x0000000651d00000, 0x0000000651d00000|
| 128|0x0000000651e00000, 0x0000000651e00000, 0x0000000651f00000|  0%| F|  |TS  0|AC  0|TAMS 0x0000000651e00000, 0x0000000651e00000|
| 129|0x0000000651f00000, 0x0000000651f00000, 0x0000000652000000|  0%| F|  |TS  0|AC  0|TAMS 0x0000000651f00000, 0x0000000651f00000|
| 130|0x0000000652000000, 0x0000000652000000, 0x0000000652100000|  0%| F|  |TS  0|AC  0|TAMS 0x0000000652000000, 0x0000000652000000|
| 131|0x0000000652100000, 0x0000000652100000, 0x0000000652200000|  0%| F|  |TS  0|AC  0|TAMS 0x0000000652100000, 0x0000000652100000|
| 132|0x0000000652200000, 0x0000000652200000, 0x0000000652300000|  0%| F|  |TS  0|AC  0|TAMS 0x0000000652200000, 0x0000000652200000|
| 133|0x0000000652300000, 0x0000000652300000, 0x0000000652400000|  0%| F|  |TS  0|AC  0|TAMS 0x0000000652300000, 0x0000000652300000|
| 134|0x0000000652400000, 0x0000000652400000, 0x0000000652500000|  0%| F|  |TS  0|AC  0|TAMS 0x0000000652400000, 0x0000000652400000|
| 135|0x0000000652500000, 0x0000000652500000, 0x0000000652600000|  0%| F|  |TS  0|AC  0|TAMS 0x0000000652500000, 0x0000000652500000|
| 136|0x0000000652600000, 0x0000000652600000, 0x0000000652700000|  0%| F|  |TS  0|AC  0|TAMS 0x0000000652600000, 0x0000000652600000|
| 137|0x0000000652700000, 0x0000000652700000, 0x0000000652800000|  0%| F|  |TS  0|AC  0|TAMS 0x0000000652700000, 0x0000000652700000|
| 138|0x0000000652800000, 0x0000000652800000, 0x0000000652900000|  0%| F|  |TS  0|AC  0|TAMS 0x0000000652800000, 0x0000000652800000|
| 139|0x0000000652900000, 0x0000000652900000, 0x0000000652a00000|  0%| F|  |TS  0|AC  0|TAMS 0x0000000652900000, 0x0000000652900000|
| 140|0x0000000652a00000, 0x0000000652a00000, 0x0000000652b00000|  0%| F|  |TS  0|AC  0|TAMS 0x0000000652a00000, 0x0000000652a00000|
| 141|0x0000000652b00000, 0x0000000652b00000, 0x0000000652c00000|  0%| F|  |TS  0|AC  0|TAMS 0x0000000652b00000, 0x0000000652b00000|
| 142|0x0000000652c00000, 0x0000000652c00000, 0x0000000652d00000|  0%| F|  |TS  0|AC  0|TAMS 0x0000000652c00000, 0x0000000652c00000|
| 143|0x0000000652d00000, 0x0000000652d00000, 0x0000000652e00000|  0%| F|  |TS  0|AC  0|TAMS 0x0000000652d00000, 0x0000000652d00000|
| 144|0x0000000652e00000, 0x0000000652e00000, 0x0000000652f00000|  0%| F|  |TS  0|AC  0|TAMS 0x0000000652e00000, 0x0000000652e00000|
| 145|0x0000000652f00000, 0x0000000652f00000, 0x0000000653000000|  0%| F|  |TS  0|AC  0|TAMS 0x0000000652f00000, 0x0000000652f00000|
| 146|0x0000000653000000, 0x0000000653000000, 0x0000000653100000|  0%| F|  |TS  0|AC  0|TAMS 0x0000000653000000, 0x0000000653000000|
| 147|0x0000000653100000, 0x0000000653100000, 0x0000000653200000|  0%| F|  |TS  0|AC  0|TAMS 0x0000000653100000, 0x0000000653100000|
| 148|0x0000000653200000, 0x0000000653200000, 0x0000000653300000|  0%| F|  |TS  0|AC  0|TAMS 0x0000000653200000, 0x0000000653200000|
| 149|0x0000000653300000, 0x0000000653300000, 0x0000000653400000|  0%| F|  |TS  0|AC  0|TAMS 0x0000000653300000, 0x0000000653300000|
| 150|0x0000000653400000, 0x0000000653400000, 0x0000000653500000|  0%| F|  |TS  0|AC  0|TAMS 0x0000000653400000, 0x0000000653400000|
| 151|0x0000000653500000, 0x0000000653500000, 0x0000000653600000|  0%| F|  |TS  0|AC  0|TAMS 0x0000000653500000, 0x0000000653500000|
| 152|0x0000000653600000, 0x0000000653600000, 0x0000000653700000|  0%| F|  |TS  0|AC  0|TAMS 0x0000000653600000, 0x0000000653600000|
| 153|0x0000000653700000, 0x0000000653700000, 0x0000000653800000|  0%| F|  |TS  0|AC  0|TAMS 0x0000000653700000, 0x0000000653700000|
| 154|0x0000000653800000, 0x0000000653800000, 0x0000000653900000|  0%| F|  |TS  0|AC  0|TAMS 0x0000000653800000, 0x0000000653800000|
| 155|0x0000000653900000, 0x0000000653900000, 0x0000000653a00000|  0%| F|  |TS  0|AC  0|TAMS 0x0000000653900000, 0x0000000653900000|
| 156|0x0000000653a00000, 0x0000000653a00000, 0x0000000653b00000|  0%| F|  |TS  0|AC  0|TAMS 0x0000000653a00000, 0x0000000653a00000|
| 157|0x0000000653b00000, 0x0000000653b00000, 0x0000000653c00000|  0%| F|  |TS  0|AC  0|TAMS 0x0000000653b00000, 0x0000000653b00000|
| 158|0x0000000653c00000, 0x0000000653c00000, 0x0000000653d00000|  0%| F|  |TS  0|AC  0|TAMS 0x0000000653c00000, 0x0000000653c00000|
| 159|0x0000000653d00000, 0x0000000653d00000, 0x0000000653e00000|  0%| F|  |TS  0|AC  0|TAMS 0x0000000653d00000, 0x0000000653d00000|
| 160|0x0000000653e00000, 0x0000000653e00000, 0x0000000653f00000|  0%| F|  |TS  0|AC  0|TAMS 0x0000000653e00000, 0x0000000653e00000|
| 161|0x0000000653f00000, 0x0000000653f00000, 0x0000000654000000|  0%| F|  |TS  0|AC  0|TAMS 0x0000000653f00000, 0x0000000653f00000|
| 162|0x0000000654000000, 0x0000000654000000, 0x0000000654100000|  0%| F|  |TS  0|AC  0|TAMS 0x0000000654000000, 0x0000000654000000|
| 163|0x0000000654100000, 0x0000000654100000, 0x0000000654200000|  0%| F|  |TS  0|AC  0|TAMS 0x0000000654100000, 0x0000000654100000|
| 164|0x0000000654200000, 0x0000000654200000, 0x0000000654300000|  0%| F|  |TS  0|AC  0|TAMS 0x0000000654200000, 0x0000000654200000|
| 165|0x0000000654300000, 0x0000000654300000, 0x0000000654400000|  0%| F|  |TS  0|AC  0|TAMS 0x0000000654300000, 0x0000000654300000|
| 166|0x0000000654400000, 0x0000000654400000, 0x0000000654500000|  0%| F|  |TS  0|AC  0|TAMS 0x0000000654400000, 0x0000000654400000|
| 167|0x0000000654500000, 0x0000000654500000, 0x0000000654600000|  0%| F|  |TS  0|AC  0|TAMS 0x0000000654500000, 0x0000000654500000|
| 168|0x0000000654600000, 0x0000000654600000, 0x0000000654700000|  0%| F|  |TS  0|AC  0|TAMS 0x0000000654600000, 0x0000000654600000|
| 169|0x0000000654700000, 0x0000000654700000, 0x0000000654800000|  0%| F|  |TS  0|AC  0|TAMS 0x0000000654700000, 0x0000000654700000|
| 170|0x0000000654800000, 0x0000000654800000, 0x0000000654900000|  0%| F|  |TS  0|AC  0|TAMS 0x0000000654800000, 0x0000000654800000|
| 171|0x0000000654900000, 0x0000000654900000, 0x0000000654a00000|  0%| F|  |TS  0|AC  0|TAMS 0x0000000654900000, 0x0000000654900000|
| 172|0x0000000654a00000, 0x0000000654a00000, 0x0000000654b00000|  0%| F|  |TS  0|AC  0|TAMS 0x0000000654a00000, 0x0000000654a00000|
| 173|0x0000000654b00000, 0x0000000654b00000, 0x0000000654c00000|  0%| F|  |TS  0|AC  0|TAMS 0x0000000654b00000, 0x0000000654b00000|
| 174|0x0000000654c00000, 0x0000000654c00000, 0x0000000654d00000|  0%| F|  |TS  0|AC  0|TAMS 0x0000000654c00000, 0x0000000654c00000|
| 175|0x0000000654d00000, 0x0000000654d00000, 0x0000000654e00000|  0%| F|  |TS  0|AC  0|TAMS 0x0000000654d00000, 0x0000000654d00000|
| 176|0x0000000654e00000, 0x0000000654e00000, 0x0000000654f00000|  0%| F|  |TS  0|AC  0|TAMS 0x0000000654e00000, 0x0000000654e00000|
| 177|0x0000000654f00000, 0x0000000654f00000, 0x0000000655000000|  0%| F|  |TS  0|AC  0|TAMS 0x0000000654f00000, 0x0000000654f00000|
| 178|0x0000000655000000, 0x0000000655000000, 0x0000000655100000|  0%| F|  |TS  0|AC  0|TAMS 0x0000000655000000, 0x0000000655000000|
| 179|0x0000000655100000, 0x0000000655100000, 0x0000000655200000|  0%| F|  |TS  0|AC  0|TAMS 0x0000000655100000, 0x0000000655100000|
| 180|0x0000000655200000, 0x0000000655200000, 0x0000000655300000|  0%| F|  |TS  0|AC  0|TAMS 0x0000000655200000, 0x0000000655200000|
| 181|0x0000000655300000, 0x0000000655300000, 0x0000000655400000|  0%| F|  |TS  0|AC  0|TAMS 0x0000000655300000, 0x0000000655300000|
| 182|0x0000000655400000, 0x0000000655400000, 0x0000000655500000|  0%| F|  |TS  0|AC  0|TAMS 0x0000000655400000, 0x0000000655400000|
| 183|0x0000000655500000, 0x0000000655500000, 0x0000000655600000|  0%| F|  |TS  0|AC  0|TAMS 0x0000000655500000, 0x0000000655500000|
| 184|0x0000000655600000, 0x0000000655600000, 0x0000000655700000|  0%| F|  |TS  0|AC  0|TAMS 0x0000000655600000, 0x0000000655600000|
| 185|0x0000000655700000, 0x0000000655700000, 0x0000000655800000|  0%| F|  |TS  0|AC  0|TAMS 0x0000000655700000, 0x0000000655700000|
| 186|0x0000000655800000, 0x0000000655800000, 0x0000000655900000|  0%| F|  |TS  0|AC  0|TAMS 0x0000000655800000, 0x0000000655800000|
| 187|0x0000000655900000, 0x0000000655900000, 0x0000000655a00000|  0%| F|  |TS  0|AC  0|TAMS 0x0000000655900000, 0x0000000655900000|
| 188|0x0000000655a00000, 0x0000000655a00000, 0x0000000655b00000|  0%| F|  |TS  0|AC  0|TAMS 0x0000000655a00000, 0x0000000655a00000|
| 189|0x0000000655b00000, 0x0000000655b00000, 0x0000000655c00000|  0%| F|  |TS  0|AC  0|TAMS 0x0000000655b00000, 0x0000000655b00000|
| 190|0x0000000655c00000, 0x0000000655c00000, 0x0000000655d00000|  0%| F|  |TS  0|AC  0|TAMS 0x0000000655c00000, 0x0000000655c00000|
| 191|0x0000000655d00000, 0x0000000655d00000, 0x0000000655e00000|  0%| F|  |TS  0|AC  0|TAMS 0x0000000655d00000, 0x0000000655d00000|
| 192|0x0000000655e00000, 0x0000000655e00000, 0x0000000655f00000|  0%| F|  |TS  0|AC  0|TAMS 0x0000000655e00000, 0x0000000655e00000|
| 193|0x0000000655f00000, 0x0000000655f00000, 0x0000000656000000|  0%| F|  |TS  0|AC  0|TAMS 0x0000000655f00000, 0x0000000655f00000|
| 194|0x0000000656000000, 0x0000000656000000, 0x0000000656100000|  0%| F|  |TS  0|AC  0|TAMS 0x0000000656000000, 0x0000000656000000|
| 195|0x0000000656100000, 0x0000000656100000, 0x0000000656200000|  0%| F|  |TS  0|AC  0|TAMS 0x0000000656100000, 0x0000000656100000|
| 196|0x0000000656200000, 0x0000000656200000, 0x0000000656300000|  0%| F|  |TS  0|AC  0|TAMS 0x0000000656200000, 0x0000000656200000|
| 197|0x0000000656300000, 0x0000000656300000, 0x0000000656400000|  0%| F|  |TS  0|AC  0|TAMS 0x0000000656300000, 0x0000000656300000|
| 198|0x0000000656400000, 0x0000000656400000, 0x0000000656500000|  0%| F|  |TS  0|AC  0|TAMS 0x0000000656400000, 0x0000000656400000|
| 199|0x0000000656500000, 0x0000000656500000, 0x0000000656600000|  0%| F|  |TS  0|AC  0|TAMS 0x0000000656500000, 0x0000000656500000|
| 200|0x0000000656600000, 0x0000000656600000, 0x0000000656700000|  0%| F|  |TS  0|AC  0|TAMS 0x0000000656600000, 0x0000000656600000|
| 201|0x0000000656700000, 0x0000000656700000, 0x0000000656800000|  0%| F|  |TS  0|AC  0|TAMS 0x0000000656700000, 0x0000000656700000|
| 202|0x0000000656800000, 0x0000000656800000, 0x0000000656900000|  0%| F|  |TS  0|AC  0|TAMS 0x0000000656800000, 0x0000000656800000|
| 203|0x0000000656900000, 0x0000000656900000, 0x0000000656a00000|  0%| F|  |TS  0|AC  0|TAMS 0x0000000656900000, 0x0000000656900000|
| 204|0x0000000656a00000, 0x0000000656a00000, 0x0000000656b00000|  0%| F|  |TS  0|AC  0|TAMS 0x0000000656a00000, 0x0000000656a00000|
| 205|0x0000000656b00000, 0x0000000656b00000, 0x0000000656c00000|  0%| F|  |TS  0|AC  0|TAMS 0x0000000656b00000, 0x0000000656b00000|
| 206|0x0000000656c00000, 0x0000000656c00000, 0x0000000656d00000|  0%| F|  |TS  0|AC  0|TAMS 0x0000000656c00000, 0x0000000656c00000|
| 207|0x0000000656d00000, 0x0000000656d00000, 0x0000000656e00000|  0%| F|  |TS  0|AC  0|TAMS 0x0000000656d00000, 0x0000000656d00000|
| 208|0x0000000656e00000, 0x0000000656e00000, 0x0000000656f00000|  0%| F|  |TS  0|AC  0|TAMS 0x0000000656e00000, 0x0000000656e00000|
| 209|0x0000000656f00000, 0x0000000656f00000, 0x0000000657000000|  0%| F|  |TS  0|AC  0|TAMS 0x0000000656f00000, 0x0000000656f00000|
| 210|0x0000000657000000, 0x0000000657000000, 0x0000000657100000|  0%| F|  |TS  0|AC  0|TAMS 0x0000000657000000, 0x0000000657000000|
| 211|0x0000000657100000, 0x0000000657100000, 0x0000000657200000|  0%| F|  |TS  0|AC  0|TAMS 0x0000000657100000, 0x0000000657100000|
| 212|0x0000000657200000, 0x0000000657200000, 0x0000000657300000|  0%| F|  |TS  0|AC  0|TAMS 0x0000000657200000, 0x0000000657200000|
| 213|0x0000000657300000, 0x0000000657300000, 0x0000000657400000|  0%| F|  |TS  0|AC  0|TAMS 0x0000000657300000, 0x0000000657300000|
| 214|0x0000000657400000, 0x0000000657400000, 0x0000000657500000|  0%| F|  |TS  0|AC  0|TAMS 0x0000000657400000, 0x0000000657400000|
| 215|0x0000000657500000, 0x0000000657500000, 0x0000000657600000|  0%| F|  |TS  0|AC  0|TAMS 0x0000000657500000, 0x0000000657500000|
| 216|0x0000000657600000, 0x0000000657600000, 0x0000000657700000|  0%| F|  |TS  0|AC  0|TAMS 0x0000000657600000, 0x0000000657600000|
| 217|0x0000000657700000, 0x0000000657700000, 0x0000000657800000|  0%| F|  |TS  0|AC  0|TAMS 0x0000000657700000, 0x0000000657700000|
| 218|0x0000000657800000, 0x0000000657800000, 0x0000000657900000|  0%| F|  |TS  0|AC  0|TAMS 0x0000000657800000, 0x0000000657800000|
| 219|0x0000000657900000, 0x0000000657900000, 0x0000000657a00000|  0%| F|  |TS  0|AC  0|TAMS 0x0000000657900000, 0x0000000657900000|
| 220|0x0000000657a00000, 0x0000000657a00000, 0x0000000657b00000|  0%| F|  |TS  0|AC  0|TAMS 0x0000000657a00000, 0x0000000657a00000|
| 221|0x0000000657b00000, 0x0000000657b2e568, 0x0000000657c00000| 18%| S|CS|TS  3|AC  0|TAMS 0x0000000657b00000, 0x0000000657b00000|
| 222|0x0000000657c00000, 0x0000000657d00000, 0x0000000657d00000|100%| S|CS|TS  3|AC  0|TAMS 0x0000000657c00000, 0x0000000657c00000|
| 223|0x0000000657d00000, 0x0000000657e00000, 0x0000000657e00000|100%| S|CS|TS  3|AC  0|TAMS 0x0000000657d00000, 0x0000000657d00000|
| 224|0x0000000657e00000, 0x0000000657f00000, 0x0000000657f00000|100%| S|CS|TS  3|AC  0|TAMS 0x0000000657e00000, 0x0000000657e00000|
| 225|0x0000000657f00000, 0x0000000658000000, 0x0000000658000000|100%| S|CS|TS  3|AC  0|TAMS 0x0000000657f00000, 0x0000000657f00000|
| 226|0x0000000658000000, 0x0000000658100000, 0x0000000658100000|100%| S|CS|TS  3|AC  0|TAMS 0x0000000658000000, 0x0000000658000000|
| 227|0x0000000658100000, 0x0000000658200000, 0x0000000658200000|100%| S|CS|TS  3|AC  0|TAMS 0x0000000658100000, 0x0000000658100000|
| 228|0x0000000658200000, 0x0000000658300000, 0x0000000658300000|100%| S|CS|TS  3|AC  0|TAMS 0x0000000658200000, 0x0000000658200000|
| 229|0x0000000658300000, 0x0000000658400000, 0x0000000658400000|100%| S|CS|TS  3|AC  0|TAMS 0x0000000658300000, 0x0000000658300000|
| 230|0x0000000658400000, 0x0000000658500000, 0x0000000658500000|100%| S|CS|TS  3|AC  0|TAMS 0x0000000658400000, 0x0000000658400000|
| 231|0x0000000658500000, 0x0000000658600000, 0x0000000658600000|100%| S|CS|TS  3|AC  0|TAMS 0x0000000658500000, 0x0000000658500000|
| 232|0x0000000658600000, 0x0000000658700000, 0x0000000658700000|100%| S|CS|TS  3|AC  0|TAMS 0x0000000658600000, 0x0000000658600000|
| 233|0x0000000658700000, 0x0000000658800000, 0x0000000658800000|100%| S|CS|TS  3|AC  0|TAMS 0x0000000658700000, 0x0000000658700000|
| 234|0x0000000658800000, 0x0000000658900000, 0x0000000658900000|100%| S|CS|TS  3|AC  0|TAMS 0x0000000658800000, 0x0000000658800000|
| 235|0x0000000658900000, 0x0000000658900000, 0x0000000658a00000|  0%| F|  |TS  3|AC  0|TAMS 0x0000000658900000, 0x0000000658900000|
| 236|0x0000000658a00000, 0x0000000658a00000, 0x0000000658b00000|  0%| F|  |TS  3|AC  0|TAMS 0x0000000658a00000, 0x0000000658a00000|
| 237|0x0000000658b00000, 0x0000000658b00000, 0x0000000658c00000|  0%| F|  |TS  3|AC  0|TAMS 0x0000000658b00000, 0x0000000658b00000|
| 238|0x0000000658c00000, 0x0000000658c00000, 0x0000000658d00000|  0%| F|  |TS  3|AC  0|TAMS 0x0000000658c00000, 0x0000000658c00000|
| 239|0x0000000658d00000, 0x0000000658d00000, 0x0000000658e00000|  0%| F|  |TS  3|AC  0|TAMS 0x0000000658d00000, 0x0000000658d00000|
| 240|0x0000000658e00000, 0x0000000658e00000, 0x0000000658f00000|  0%| F|  |TS  3|AC  0|TAMS 0x0000000658e00000, 0x0000000658e00000|
| 241|0x0000000658f00000, 0x0000000658f00000, 0x0000000659000000|  0%| F|  |TS  3|AC  0|TAMS 0x0000000658f00000, 0x0000000658f00000|
| 242|0x0000000659000000, 0x0000000659000000, 0x0000000659100000|  0%| F|  |TS  3|AC  0|TAMS 0x0000000659000000, 0x0000000659000000|
| 243|0x0000000659100000, 0x0000000659100000, 0x0000000659200000|  0%| F|  |TS  3|AC  0|TAMS 0x0000000659100000, 0x0000000659100000|
| 244|0x0000000659200000, 0x0000000659200000, 0x0000000659300000|  0%| F|  |TS  3|AC  0|TAMS 0x0000000659200000, 0x0000000659200000|
| 245|0x0000000659300000, 0x0000000659300000, 0x0000000659400000|  0%| F|  |TS  3|AC  0|TAMS 0x0000000659300000, 0x0000000659300000|
| 246|0x0000000659400000, 0x0000000659400000, 0x0000000659500000|  0%| F|  |TS  3|AC  0|TAMS 0x0000000659400000, 0x0000000659400000|
| 247|0x0000000659500000, 0x0000000659500000, 0x0000000659600000|  0%| F|  |TS  3|AC  0|TAMS 0x0000000659500000, 0x0000000659500000|
| 248|0x0000000659600000, 0x0000000659600000, 0x0000000659700000|  0%| F|  |TS  3|AC  0|TAMS 0x0000000659600000, 0x0000000659600000|
| 249|0x0000000659700000, 0x0000000659700000, 0x0000000659800000|  0%| F|  |TS  3|AC  0|TAMS 0x0000000659700000, 0x0000000659700000|
| 250|0x0000000659800000, 0x0000000659800000, 0x0000000659900000|  0%| F|  |TS  3|AC  0|TAMS 0x0000000659800000, 0x0000000659800000|
| 251|0x0000000659900000, 0x0000000659900000, 0x0000000659a00000|  0%| F|  |TS  3|AC  0|TAMS 0x0000000659900000, 0x0000000659900000|
| 252|0x0000000659a00000, 0x0000000659a00000, 0x0000000659b00000|  0%| F|  |TS  3|AC  0|TAMS 0x0000000659a00000, 0x0000000659a00000|
| 253|0x0000000659b00000, 0x0000000659b00000, 0x0000000659c00000|  0%| F|  |TS  3|AC  0|TAMS 0x0000000659b00000, 0x0000000659b00000|
| 254|0x0000000659c00000, 0x0000000659c00000, 0x0000000659d00000|  0%| F|  |TS  3|AC  0|TAMS 0x0000000659c00000, 0x0000000659c00000|
| 255|0x0000000659d00000, 0x0000000659d00000, 0x0000000659e00000|  0%| F|  |TS  3|AC  0|TAMS 0x0000000659d00000, 0x0000000659d00000|
| 256|0x0000000659e00000, 0x0000000659e00000, 0x0000000659f00000|  0%| F|  |TS  3|AC  0|TAMS 0x0000000659e00000, 0x0000000659e00000|
| 257|0x0000000659f00000, 0x0000000659f00000, 0x000000065a000000|  0%| F|  |TS  3|AC  0|TAMS 0x0000000659f00000, 0x0000000659f00000|
| 258|0x000000065a000000, 0x000000065a000000, 0x000000065a100000|  0%| F|  |TS  3|AC  0|TAMS 0x000000065a000000, 0x000000065a000000|
| 259|0x000000065a100000, 0x000000065a100000, 0x000000065a200000|  0%| F|  |TS  3|AC  0|TAMS 0x000000065a100000, 0x000000065a100000|
| 260|0x000000065a200000, 0x000000065a200000, 0x000000065a300000|  0%| F|  |TS  3|AC  0|TAMS 0x000000065a200000, 0x000000065a200000|
| 261|0x000000065a300000, 0x000000065a300000, 0x000000065a400000|  0%| F|  |TS  3|AC  0|TAMS 0x000000065a300000, 0x000000065a300000|
| 262|0x000000065a400000, 0x000000065a400000, 0x000000065a500000|  0%| F|  |TS  3|AC  0|TAMS 0x000000065a400000, 0x000000065a400000|
| 263|0x000000065a500000, 0x000000065a500000, 0x000000065a600000|  0%| F|  |TS  3|AC  0|TAMS 0x000000065a500000, 0x000000065a500000|
| 264|0x000000065a600000, 0x000000065a600000, 0x000000065a700000|  0%| F|  |TS  3|AC  0|TAMS 0x000000065a600000, 0x000000065a600000|
| 265|0x000000065a700000, 0x000000065a700000, 0x000000065a800000|  0%| F|  |TS  3|AC  0|TAMS 0x000000065a700000, 0x000000065a700000|
| 266|0x000000065a800000, 0x000000065a800000, 0x000000065a900000|  0%| F|  |TS  3|AC  0|TAMS 0x000000065a800000, 0x000000065a800000|
| 267|0x000000065a900000, 0x000000065a900000, 0x000000065aa00000|  0%| F|  |TS  3|AC  0|TAMS 0x000000065a900000, 0x000000065a900000|
| 268|0x000000065aa00000, 0x000000065aa00000, 0x000000065ab00000|  0%| F|  |TS  3|AC  0|TAMS 0x000000065aa00000, 0x000000065aa00000|
| 269|0x000000065ab00000, 0x000000065ab00000, 0x000000065ac00000|  0%| F|  |TS  3|AC  0|TAMS 0x000000065ab00000, 0x000000065ab00000|
| 270|0x000000065ac00000, 0x000000065ac00000, 0x000000065ad00000|  0%| F|  |TS  3|AC  0|TAMS 0x000000065ac00000, 0x000000065ac00000|
| 271|0x000000065ad00000, 0x000000065ad00000, 0x000000065ae00000|  0%| F|  |TS  3|AC  0|TAMS 0x000000065ad00000, 0x000000065ad00000|
| 272|0x000000065ae00000, 0x000000065ae00000, 0x000000065af00000|  0%| F|  |TS  3|AC  0|TAMS 0x000000065ae00000, 0x000000065ae00000|
| 273|0x000000065af00000, 0x000000065af00000, 0x000000065b000000|  0%| F|  |TS  3|AC  0|TAMS 0x000000065af00000, 0x000000065af00000|
| 274|0x000000065b000000, 0x000000065b000000, 0x000000065b100000|  0%| F|  |TS  3|AC  0|TAMS 0x000000065b000000, 0x000000065b000000|
| 275|0x000000065b100000, 0x000000065b100000, 0x000000065b200000|  0%| F|  |TS  3|AC  0|TAMS 0x000000065b100000, 0x000000065b100000|
| 276|0x000000065b200000, 0x000000065b200000, 0x000000065b300000|  0%| F|  |TS  3|AC  0|TAMS 0x000000065b200000, 0x000000065b200000|
| 277|0x000000065b300000, 0x000000065b300000, 0x000000065b400000|  0%| F|  |TS  3|AC  0|TAMS 0x000000065b300000, 0x000000065b300000|
| 278|0x000000065b400000, 0x000000065b400000, 0x000000065b500000|  0%| F|  |TS  3|AC  0|TAMS 0x000000065b400000, 0x000000065b400000|
| 279|0x000000065b500000, 0x000000065b500000, 0x000000065b600000|  0%| F|  |TS  3|AC  0|TAMS 0x000000065b500000, 0x000000065b500000|
| 280|0x000000065b600000, 0x000000065b600000, 0x000000065b700000|  0%| F|  |TS  3|AC  0|TAMS 0x000000065b600000, 0x000000065b600000|
| 281|0x000000065b700000, 0x000000065b700000, 0x000000065b800000|  0%| F|  |TS  3|AC  0|TAMS 0x000000065b700000, 0x000000065b700000|
| 282|0x000000065b800000, 0x000000065b800000, 0x000000065b900000|  0%| F|  |TS  3|AC  0|TAMS 0x000000065b800000, 0x000000065b800000|
| 283|0x000000065b900000, 0x000000065b900000, 0x000000065ba00000|  0%| F|  |TS  3|AC  0|TAMS 0x000000065b900000, 0x000000065b900000|
| 284|0x000000065ba00000, 0x000000065ba00000, 0x000000065bb00000|  0%| F|  |TS  3|AC  0|TAMS 0x000000065ba00000, 0x000000065ba00000|
| 285|0x000000065bb00000, 0x000000065bb00000, 0x000000065bc00000|  0%| F|  |TS  3|AC  0|TAMS 0x000000065bb00000, 0x000000065bb00000|
| 286|0x000000065bc00000, 0x000000065bc00000, 0x000000065bd00000|  0%| F|  |TS  3|AC  0|TAMS 0x000000065bc00000, 0x000000065bc00000|
| 287|0x000000065bd00000, 0x000000065bd00000, 0x000000065be00000|  0%| F|  |TS  3|AC  0|TAMS 0x000000065bd00000, 0x000000065bd00000|
| 288|0x000000065be00000, 0x000000065be00000, 0x000000065bf00000|  0%| F|  |TS  3|AC  0|TAMS 0x000000065be00000, 0x000000065be00000|
| 289|0x000000065bf00000, 0x000000065bf00000, 0x000000065c000000|  0%| F|  |TS  3|AC  0|TAMS 0x000000065bf00000, 0x000000065bf00000|
| 290|0x000000065c000000, 0x000000065c000000, 0x000000065c100000|  0%| F|  |TS  3|AC  0|TAMS 0x000000065c000000, 0x000000065c000000|
| 291|0x000000065c100000, 0x000000065c100000, 0x000000065c200000|  0%| F|  |TS  3|AC  0|TAMS 0x000000065c100000, 0x000000065c100000|
| 292|0x000000065c200000, 0x000000065c200000, 0x000000065c300000|  0%| F|  |TS  3|AC  0|TAMS 0x000000065c200000, 0x000000065c200000|
| 293|0x000000065c300000, 0x000000065c300000, 0x000000065c400000|  0%| F|  |TS  3|AC  0|TAMS 0x000000065c300000, 0x000000065c300000|
| 294|0x000000065c400000, 0x000000065c400000, 0x000000065c500000|  0%| F|  |TS  3|AC  0|TAMS 0x000000065c400000, 0x000000065c400000|
| 295|0x000000065c500000, 0x000000065c500000, 0x000000065c600000|  0%| F|  |TS  3|AC  0|TAMS 0x000000065c500000, 0x000000065c500000|
| 296|0x000000065c600000, 0x000000065c600000, 0x000000065c700000|  0%| F|  |TS  3|AC  0|TAMS 0x000000065c600000, 0x000000065c600000|
| 297|0x000000065c700000, 0x000000065c700000, 0x000000065c800000|  0%| F|  |TS  3|AC  0|TAMS 0x000000065c700000, 0x000000065c700000|
| 298|0x000000065c800000, 0x000000065c800000, 0x000000065c900000|  0%| F|  |TS  3|AC  0|TAMS 0x000000065c800000, 0x000000065c800000|
| 299|0x000000065c900000, 0x000000065c900000, 0x000000065ca00000|  0%| F|  |TS  3|AC  0|TAMS 0x000000065c900000, 0x000000065c900000|
| 300|0x000000065ca00000, 0x000000065ca00000, 0x000000065cb00000|  0%| F|  |TS  3|AC  0|TAMS 0x000000065ca00000, 0x000000065ca00000|
| 301|0x000000065cb00000, 0x000000065cb00000, 0x000000065cc00000|  0%| F|  |TS  3|AC  0|TAMS 0x000000065cb00000, 0x000000065cb00000|
| 302|0x000000065cc00000, 0x000000065cc00000, 0x000000065cd00000|  0%| F|  |TS  3|AC  0|TAMS 0x000000065cc00000, 0x000000065cc00000|
| 303|0x000000065cd00000, 0x000000065cd00000, 0x000000065ce00000|  0%| F|  |TS  3|AC  0|TAMS 0x000000065cd00000, 0x000000065cd00000|
| 304|0x000000065ce00000, 0x000000065ce00000, 0x000000065cf00000|  0%| F|  |TS  3|AC  0|TAMS 0x000000065ce00000, 0x000000065ce00000|
| 305|0x000000065cf00000, 0x000000065cf00000, 0x000000065d000000|  0%| F|  |TS  3|AC  0|TAMS 0x000000065cf00000, 0x000000065cf00000|
| 306|0x000000065d000000, 0x000000065d000000, 0x000000065d100000|  0%| F|  |TS  3|AC  0|TAMS 0x000000065d000000, 0x000000065d000000|
| 307|0x000000065d100000, 0x000000065d100000, 0x000000065d200000|  0%| F|  |TS  3|AC  0|TAMS 0x000000065d100000, 0x000000065d100000|
| 308|0x000000065d200000, 0x000000065d200000, 0x000000065d300000|  0%| F|  |TS  3|AC  0|TAMS 0x000000065d200000, 0x000000065d200000|
| 309|0x000000065d300000, 0x000000065d300000, 0x000000065d400000|  0%| F|  |TS  3|AC  0|TAMS 0x000000065d300000, 0x000000065d300000|
| 310|0x000000065d400000, 0x000000065d400000, 0x000000065d500000|  0%| F|  |TS  3|AC  0|TAMS 0x000000065d400000, 0x000000065d400000|
| 311|0x000000065d500000, 0x000000065d500000, 0x000000065d600000|  0%| F|  |TS  3|AC  0|TAMS 0x000000065d500000, 0x000000065d500000|
| 312|0x000000065d600000, 0x000000065d600000, 0x000000065d700000|  0%| F|  |TS  3|AC  0|TAMS 0x000000065d600000, 0x000000065d600000|
| 313|0x000000065d700000, 0x000000065d700000, 0x000000065d800000|  0%| F|  |TS  3|AC  0|TAMS 0x000000065d700000, 0x000000065d700000|
| 314|0x000000065d800000, 0x000000065d800000, 0x000000065d900000|  0%| F|  |TS  3|AC  0|TAMS 0x000000065d800000, 0x000000065d800000|
| 315|0x000000065d900000, 0x000000065d900000, 0x000000065da00000|  0%| F|  |TS  3|AC  0|TAMS 0x000000065d900000, 0x000000065d900000|
| 316|0x000000065da00000, 0x000000065da00000, 0x000000065db00000|  0%| F|  |TS  3|AC  0|TAMS 0x000000065da00000, 0x000000065da00000|
| 317|0x000000065db00000, 0x000000065db00000, 0x000000065dc00000|  0%| F|  |TS  3|AC  0|TAMS 0x000000065db00000, 0x000000065db00000|
| 318|0x000000065dc00000, 0x000000065dc00000, 0x000000065dd00000|  0%| F|  |TS  3|AC  0|TAMS 0x000000065dc00000, 0x000000065dc00000|
| 319|0x000000065dd00000, 0x000000065dd00000, 0x000000065de00000|  0%| F|  |TS  3|AC  0|TAMS 0x000000065dd00000, 0x000000065dd00000|
| 320|0x000000065de00000, 0x000000065de00000, 0x000000065df00000|  0%| F|  |TS  3|AC  0|TAMS 0x000000065de00000, 0x000000065de00000|
| 321|0x000000065df00000, 0x000000065df00000, 0x000000065e000000|  0%| F|  |TS  3|AC  0|TAMS 0x000000065df00000, 0x000000065df00000|
| 322|0x000000065e000000, 0x000000065e000000, 0x000000065e100000|  0%| F|  |TS  3|AC  0|TAMS 0x000000065e000000, 0x000000065e000000|
| 323|0x000000065e100000, 0x000000065e100000, 0x000000065e200000|  0%| F|  |TS  3|AC  0|TAMS 0x000000065e100000, 0x000000065e100000|
| 324|0x000000065e200000, 0x000000065e200000, 0x000000065e300000|  0%| F|  |TS  3|AC  0|TAMS 0x000000065e200000, 0x000000065e200000|
| 325|0x000000065e300000, 0x000000065e300000, 0x000000065e400000|  0%| F|  |TS  3|AC  0|TAMS 0x000000065e300000, 0x000000065e300000|
| 326|0x000000065e400000, 0x000000065e400000, 0x000000065e500000|  0%| F|  |TS  3|AC  0|TAMS 0x000000065e400000, 0x000000065e400000|
| 327|0x000000065e500000, 0x000000065e500000, 0x000000065e600000|  0%| F|  |TS  3|AC  0|TAMS 0x000000065e500000, 0x000000065e500000|
| 328|0x000000065e600000, 0x000000065e600000, 0x000000065e700000|  0%| F|  |TS  3|AC  0|TAMS 0x000000065e600000, 0x000000065e600000|
| 329|0x000000065e700000, 0x000000065e700000, 0x000000065e800000|  0%| F|  |TS  3|AC  0|TAMS 0x000000065e700000, 0x000000065e700000|
| 330|0x000000065e800000, 0x000000065e800000, 0x000000065e900000|  0%| F|  |TS  3|AC  0|TAMS 0x000000065e800000, 0x000000065e800000|
| 331|0x000000065e900000, 0x000000065e900000, 0x000000065ea00000|  0%| F|  |TS  3|AC  0|TAMS 0x000000065e900000, 0x000000065e900000|
| 332|0x000000065ea00000, 0x000000065ea00000, 0x000000065eb00000|  0%| F|  |TS  3|AC  0|TAMS 0x000000065ea00000, 0x000000065ea00000|
| 333|0x000000065eb00000, 0x000000065eb00000, 0x000000065ec00000|  0%| F|  |TS  3|AC  0|TAMS 0x000000065eb00000, 0x000000065eb00000|
| 334|0x000000065ec00000, 0x000000065ec00000, 0x000000065ed00000|  0%| F|  |TS  3|AC  0|TAMS 0x000000065ec00000, 0x000000065ec00000|
| 335|0x000000065ed00000, 0x000000065ed00000, 0x000000065ee00000|  0%| F|  |TS  3|AC  0|TAMS 0x000000065ed00000, 0x000000065ed00000|
| 336|0x000000065ee00000, 0x000000065ee00000, 0x000000065ef00000|  0%| F|  |TS  3|AC  0|TAMS 0x000000065ee00000, 0x000000065ee00000|
| 337|0x000000065ef00000, 0x000000065ef00000, 0x000000065f000000|  0%| F|  |TS  3|AC  0|TAMS 0x000000065ef00000, 0x000000065ef00000|
| 338|0x000000065f000000, 0x000000065f000000, 0x000000065f100000|  0%| F|  |TS  3|AC  0|TAMS 0x000000065f000000, 0x000000065f000000|
| 339|0x000000065f100000, 0x000000065f100000, 0x000000065f200000|  0%| F|  |TS  3|AC  0|TAMS 0x000000065f100000, 0x000000065f100000|
| 340|0x000000065f200000, 0x000000065f200000, 0x000000065f300000|  0%| F|  |TS  3|AC  0|TAMS 0x000000065f200000, 0x000000065f200000|
| 341|0x000000065f300000, 0x000000065f300000, 0x000000065f400000|  0%| F|  |TS  3|AC  0|TAMS 0x000000065f300000, 0x000000065f300000|
| 342|0x000000065f400000, 0x000000065f400000, 0x000000065f500000|  0%| F|  |TS  3|AC  0|TAMS 0x000000065f400000, 0x000000065f400000|
| 343|0x000000065f500000, 0x000000065f500000, 0x000000065f600000|  0%| F|  |TS  3|AC  0|TAMS 0x000000065f500000, 0x000000065f500000|
| 344|0x000000065f600000, 0x000000065f600000, 0x000000065f700000|  0%| F|  |TS  3|AC  0|TAMS 0x000000065f600000, 0x000000065f600000|
| 345|0x000000065f700000, 0x000000065f700000, 0x000000065f800000|  0%| F|  |TS  3|AC  0|TAMS 0x000000065f700000, 0x000000065f700000|
| 346|0x000000065f800000, 0x000000065f800000, 0x000000065f900000|  0%| F|  |TS  3|AC  0|TAMS 0x000000065f800000, 0x000000065f800000|
| 347|0x000000065f900000, 0x000000065f900000, 0x000000065fa00000|  0%| F|  |TS  3|AC  0|TAMS 0x000000065f900000, 0x000000065f900000|
| 348|0x000000065fa00000, 0x000000065fa00000, 0x000000065fb00000|  0%| F|  |TS  3|AC  0|TAMS 0x000000065fa00000, 0x000000065fa00000|
| 349|0x000000065fb00000, 0x000000065fb00000, 0x000000065fc00000|  0%| F|  |TS  3|AC  0|TAMS 0x000000065fb00000, 0x000000065fb00000|
| 350|0x000000065fc00000, 0x000000065fc00000, 0x000000065fd00000|  0%| F|  |TS  3|AC  0|TAMS 0x000000065fc00000, 0x000000065fc00000|
| 351|0x000000065fd00000, 0x000000065fd00000, 0x000000065fe00000|  0%| F|  |TS  3|AC  0|TAMS 0x000000065fd00000, 0x000000065fd00000|
| 352|0x000000065fe00000, 0x000000065fe00000, 0x000000065ff00000|  0%| F|  |TS  3|AC  0|TAMS 0x000000065fe00000, 0x000000065fe00000|
| 353|0x000000065ff00000, 0x000000065ff00000, 0x0000000660000000|  0%| F|  |TS  3|AC  0|TAMS 0x000000065ff00000, 0x000000065ff00000|
| 354|0x0000000660000000, 0x0000000660000000, 0x0000000660100000|  0%| F|  |TS  3|AC  0|TAMS 0x0000000660000000, 0x0000000660000000|
| 355|0x0000000660100000, 0x0000000660100000, 0x0000000660200000|  0%| F|  |TS  3|AC  0|TAMS 0x0000000660100000, 0x0000000660100000|
| 356|0x0000000660200000, 0x0000000660200000, 0x0000000660300000|  0%| F|  |TS  3|AC  0|TAMS 0x0000000660200000, 0x0000000660200000|
| 357|0x0000000660300000, 0x0000000660300000, 0x0000000660400000|  0%| F|  |TS  3|AC  0|TAMS 0x0000000660300000, 0x0000000660300000|
| 358|0x0000000660400000, 0x0000000660400000, 0x0000000660500000|  0%| F|  |TS  3|AC  0|TAMS 0x0000000660400000, 0x0000000660400000|
| 359|0x0000000660500000, 0x0000000660500000, 0x0000000660600000|  0%| F|  |TS  3|AC  0|TAMS 0x0000000660500000, 0x0000000660500000|
| 360|0x0000000660600000, 0x0000000660600000, 0x0000000660700000|  0%| F|  |TS  3|AC  0|TAMS 0x0000000660600000, 0x0000000660600000|
| 361|0x0000000660700000, 0x0000000660700000, 0x0000000660800000|  0%| F|  |TS  3|AC  0|TAMS 0x0000000660700000, 0x0000000660700000|
| 362|0x0000000660800000, 0x0000000660800000, 0x0000000660900000|  0%| F|  |TS  3|AC  0|TAMS 0x0000000660800000, 0x0000000660800000|
| 363|0x0000000660900000, 0x0000000660900000, 0x0000000660a00000|  0%| F|  |TS  3|AC  0|TAMS 0x0000000660900000, 0x0000000660900000|
| 364|0x0000000660a00000, 0x0000000660a00000, 0x0000000660b00000|  0%| F|  |TS  3|AC  0|TAMS 0x0000000660a00000, 0x0000000660a00000|
| 365|0x0000000660b00000, 0x0000000660b00000, 0x0000000660c00000|  0%| F|  |TS  3|AC  0|TAMS 0x0000000660b00000, 0x0000000660b00000|
| 366|0x0000000660c00000, 0x0000000660c00000, 0x0000000660d00000|  0%| F|  |TS  3|AC  0|TAMS 0x0000000660c00000, 0x0000000660c00000|
| 367|0x0000000660d00000, 0x0000000660d00000, 0x0000000660e00000|  0%| F|  |TS  3|AC  0|TAMS 0x0000000660d00000, 0x0000000660d00000|
| 368|0x0000000660e00000, 0x0000000660e00000, 0x0000000660f00000|  0%| F|  |TS  3|AC  0|TAMS 0x0000000660e00000, 0x0000000660e00000|
| 369|0x0000000660f00000, 0x0000000660f00000, 0x0000000661000000|  0%| F|  |TS  3|AC  0|TAMS 0x0000000660f00000, 0x0000000660f00000|
| 370|0x0000000661000000, 0x0000000661000000, 0x0000000661100000|  0%| F|  |TS  3|AC  0|TAMS 0x0000000661000000, 0x0000000661000000|
| 371|0x0000000661100000, 0x0000000661100000, 0x0000000661200000|  0%| F|  |TS  3|AC  0|TAMS 0x0000000661100000, 0x0000000661100000|
| 372|0x0000000661200000, 0x0000000661200000, 0x0000000661300000|  0%| F|  |TS  3|AC  0|TAMS 0x0000000661200000, 0x0000000661200000|
| 373|0x0000000661300000, 0x0000000661300000, 0x0000000661400000|  0%| F|  |TS  3|AC  0|TAMS 0x0000000661300000, 0x0000000661300000|
| 374|0x0000000661400000, 0x0000000661400000, 0x0000000661500000|  0%| F|  |TS  3|AC  0|TAMS 0x0000000661400000, 0x0000000661400000|
| 375|0x0000000661500000, 0x0000000661500000, 0x0000000661600000|  0%| F|  |TS  3|AC  0|TAMS 0x0000000661500000, 0x0000000661500000|

Card table byte_map: [0x00007fedf9ced000,0x00007fedfa89e000] byte_map_base: 0x00007fedf6a9e000

Marking Bits (Prev, Next): (CMBitMap*) 0x00007fee5c0b0008, (CMBitMap*) 0x00007fee5c0affd0
 Prev Bits: [0x00007feded62c000, 0x00007fedf33b4000)
 Next Bits: [0x00007fedf33b4000, 0x00007fedf913c000)

Polling page: 0x00007fee64183000

CodeHeap 'non-profiled nmethods': size=238384Kb used=6431Kb max_used=6431Kb free=231953Kb
 bounds [0x00007fee42277000, 0x00007fee428c7000, 0x00007fee50b43000]
CodeHeap 'non-nmethods': size=7376Kb used=2973Kb max_used=2973Kb free=4402Kb
 bounds [0x00007fee41b43000, 0x00007fee41e33000, 0x00007fee42277000]
 total_blobs=4355 nmethods=3850 adapters=412
 compilation: enabled

Compilation events (10 events):
Event: 3,132 Thread 0x00007fee5c2e3800 3846       1       sun.nio.cs.UTF_8$Decoder::decodeArrayLoop (691 bytes)
Event: 3,136 Thread 0x00007fee5c2e5800 3847       1       java.nio.charset.CoderResult::isOverflow (14 bytes)
Event: 3,136 Thread 0x00007fee5c2e5800 nmethod 3847 0x00007fee428ba390 code [0x00007fee428ba540, 0x00007fee428ba670]
Event: 3,137 Thread 0x00007fee5c2e1800 3848   !   1       java.util.AbstractList$Itr::next (45 bytes)
Event: 3,137 Thread 0x00007fee5c2df800 3849       1       java.util.AbstractList$Itr::checkForComodification (23 bytes)
Event: 3,137 Thread 0x00007fee5c2df800 nmethod 3849 0x00007fee428ba710 code [0x00007fee428ba8c0, 0x00007fee428baa48]
Event: 3,137 Thread 0x00007fee5c2e3800 nmethod 3846 0x00007fee428bab10 code [0x00007fee428bb180, 0x00007fee428bcca8]
Event: 3,137 Thread 0x00007fee5c2e1800 nmethod 3848 0x00007fee428be090 code [0x00007fee428be280, 0x00007fee428be538]
Event: 3,164 Thread 0x00007fee5c2e5800 3850       1       java.util.concurrent.CopyOnWriteArrayList::<init> (24 bytes)
Event: 3,165 Thread 0x00007fee5c2e5800 nmethod 3850 0x00007fee428be710 code [0x00007fee428be8c0, 0x00007fee428beb70]

GC Heap History (7 events):
Event: 0,674 GC heap before
{Heap before GC invocations=0 (full 0):
 garbage-first heap   total 385024K, used 25600K [0x0000000649e00000, 0x0000000649f00bc0, 0x00000007c0000000)
  region size 1024K, 24 young (24576K), 0 survivors (0K)
 Metaspace       used 12054K, capacity 12590K, committed 12672K, reserved 1060864K
  class space    used 1274K, capacity 1383K, committed 1408K, reserved 1048576K
}
Event: 0,679 GC heap after
{Heap after GC invocations=1 (full 0):
 garbage-first heap   total 385024K, used 6920K [0x0000000649e00000, 0x0000000649f00bc0, 0x00000007c0000000)
  region size 1024K, 3 young (3072K), 3 survivors (3072K)
 Metaspace       used 12054K, capacity 12590K, committed 12672K, reserved 1060864K
  class space    used 1274K, capacity 1383K, committed 1408K, reserved 1048576K
}
Event: 1,088 GC heap before
{Heap before GC invocations=1 (full 0):
 garbage-first heap   total 385024K, used 78600K [0x0000000649e00000, 0x0000000649f00bc0, 0x00000007c0000000)
  region size 1024K, 74 young (75776K), 3 survivors (3072K)
 Metaspace       used 20165K, capacity 21194K, committed 21296K, reserved 1069056K
  class space    used 2401K, capacity 2597K, committed 2608K, reserved 1048576K
}
Event: 1,100 GC heap after
{Heap after GC invocations=2 (full 0):
 garbage-first heap   total 385024K, used 14326K [0x0000000649e00000, 0x0000000649f00bc0, 0x00000007c0000000)
  region size 1024K, 11 young (11264K), 11 survivors (11264K)
 Metaspace       used 20165K, capacity 21194K, committed 21296K, reserved 1069056K
  class space    used 2401K, capacity 2597K, committed 2608K, reserved 1048576K
}
Event: 1,557 GC heap before
{Heap before GC invocations=3 (full 0):
 garbage-first heap   total 385024K, used 90102K [0x0000000649e00000, 0x0000000649f00bc0, 0x00000007c0000000)
  region size 1024K, 85 young (87040K), 11 survivors (11264K)
 Metaspace       used 27330K, capacity 29000K, committed 29104K, reserved 1075200K
  class space    used 3328K, capacity 3660K, committed 3760K, reserved 1048576K
}
Event: 1,583 GC heap after
{Heap after GC invocations=4 (full 0):
 garbage-first heap   total 385024K, used 18362K [0x0000000649e00000, 0x0000000649f00bc0, 0x00000007c0000000)
  region size 1024K, 9 young (9216K), 9 survivors (9216K)
 Metaspace       used 27330K, capacity 29000K, committed 29104K, reserved 1075200K
  class space    used 3328K, capacity 3660K, committed 3760K, reserved 1048576K
}
Event: 3,174 GC heap before
{Heap before GC invocations=4 (full 0):
 garbage-first heap   total 385024K, used 152506K [0x0000000649e00000, 0x0000000649f00bc0, 0x00000007c0000000)
  region size 1024K, 141 young (144384K), 9 survivors (9216K)
 Metaspace       used 33253K, capacity 35734K, committed 35888K, reserved 1081344K
  class space    used 4178K, capacity 4589K, committed 4656K, reserved 1048576K
}

Deoptimization events (0 events):
No events

Classes redefined (0 events):
No events

Internal exceptions (10 events):
Event: 2,731 Thread 0x00007fee5c016000 Exception <a 'java/lang/ClassNotFoundException'{0x0000000659f02c30}: org/springframework/context/annotation/ConfigurationClassEnhancer$EnhancedConfigurationCustomizer> (0x0000000659f02c30) thrown at [/scratch/opt/mach5/mesos/work_dir/slaves/5af44a71-976a-
Event: 2,733 Thread 0x00007fee5c016000 Exception <a 'java/lang/ClassNotFoundException'{0x0000000659f1cc80}: org/springframework/beans/factory/BeanFactoryAwareCustomizer> (0x0000000659f1cc80) thrown at [/scratch/opt/mach5/mesos/work_dir/slaves/5af44a71-976a-41b7-81de-5773b84ec572-S39643/framewo
Event: 2,734 Thread 0x00007fee5c016000 Exception <a 'java/lang/ClassNotFoundException'{0x0000000659f34b28}: org/springframework/beans/factory/AwareCustomizer> (0x0000000659f34b28) thrown at [/scratch/opt/mach5/mesos/work_dir/slaves/5af44a71-976a-41b7-81de-5773b84ec572-S39643/frameworks/1735e8a
Event: 2,734 Thread 0x00007fee5c016000 Exception <a 'java/lang/ClassNotFoundException'{0x0000000659f4ea00}: org/springframework/context/annotation/ImportAwareCustomizer> (0x0000000659f4ea00) thrown at [/scratch/opt/mach5/mesos/work_dir/slaves/5af44a71-976a-41b7-81de-5773b84ec572-S39643/framewo
Event: 2,735 Thread 0x00007fee5c016000 Exception <a 'java/lang/ClassNotFoundException'{0x0000000659f667c8}: org/springframework/beans/factory/AwareCustomizer> (0x0000000659f667c8) thrown at [/scratch/opt/mach5/mesos/work_dir/slaves/5af44a71-976a-41b7-81de-5773b84ec572-S39643/frameworks/1735e8a
Event: 2,823 Thread 0x00007fedac001000 Exception <a 'java/lang/reflect/InvocationTargetException'{0x000000065de22f88}> (0x000000065de22f88) thrown at [/scratch/opt/mach5/mesos/work_dir/slaves/5af44a71-976a-41b7-81de-5773b84ec572-S39643/frameworks/1735e8a2-a1db-478c-8104-60c8b0af87dd-0196/execu
Event: 2,881 Thread 0x00007fee5c016000 Exception <a 'java/lang/NoSuchMethodError'{0x0000000659762480}: java.lang.invoke.DirectMethodHandle$Holder.invokeInterface(Ljava/lang/Object;Ljava/lang/Object;Ljava/lang/Object;)V> (0x0000000659762480) thrown at [/scratch/opt/mach5/mesos/work_dir/slaves/5
Event: 2,947 Thread 0x00007fee5c016000 Exception <a 'java/lang/NoSuchMethodError'{0x0000000659459748}: java.lang.invoke.DirectMethodHandle$Holder.invokeInterface(Ljava/lang/Object;Ljava/lang/Object;I)V> (0x0000000659459748) thrown at [/scratch/opt/mach5/mesos/work_dir/slaves/5af44a71-976a-41b7
Event: 2,953 Thread 0x00007fee5c016000 Exception <a 'java/lang/NoSuchMethodError'{0x000000065949f6a0}: java.lang.invoke.DirectMethodHandle$Holder.invokeStatic(Ljava/lang/Object;ILjava/lang/Object;)V> (0x000000065949f6a0) thrown at [/scratch/opt/mach5/mesos/work_dir/slaves/5af44a71-976a-41b7-81
Event: 2,957 Thread 0x00007fee5c016000 Exception <a 'java/lang/NoSuchMethodError'{0x00000006594c3058}: java.lang.invoke.DirectMethodHandle$Holder.invokeVirtual(Ljava/lang/Object;Ljava/lang/Object;)I> (0x00000006594c3058) thrown at [/scratch/opt/mach5/mesos/work_dir/slaves/5af44a71-976a-41b7-81

Events (10 events):
Event: 3,164 loading class org/apache/catalina/deploy/LocalStrings done
Event: 3,165 loading class org/apache/catalina/deploy/LocalStrings_pl
Event: 3,165 loading class org/apache/catalina/deploy/LocalStrings_pl done
Event: 3,166 loading class org/apache/catalina/deploy/LocalStrings_pl_PL
Event: 3,166 loading class org/apache/catalina/deploy/LocalStrings_pl_PL done
Event: 3,167 loading class org/apache/catalina/core/StandardService
Event: 3,167 loading class org/apache/catalina/core/StandardService done
Event: 3,172 loading class org/apache/catalina/mapper/Mapper
Event: 3,172 loading class org/apache/catalina/mapper/Mapper done
Event: 3,174 Executing VM operation: CollectForMetadataAllocation


Dynamic libraries:
00400000-00401000 r-xp 00000000 08:11 3032295                            /usr/lib/jvm/java-9-oracle/bin/java
00600000-00601000 rw-p 00000000 08:11 3032295                            /usr/lib/jvm/java-9-oracle/bin/java
007e8000-00809000 rw-p 00000000 00:00 0                                  [heap]
649e00000-661600000 rw-p 00000000 00:00 0 
690600000-7c0000000 ---p 00000000 00:00 0 
7c0000000-7c048c000 rw-p 00000000 00:00 0 
7c048c000-800000000 ---p 00000000 00:00 0 
7fed8c000000-7fed8c021000 rw-p 00000000 00:00 0 
7fed8c021000-7fed90000000 ---p 00000000 00:00 0 
7fed90000000-7fed90021000 rw-p 00000000 00:00 0 
7fed90021000-7fed94000000 ---p 00000000 00:00 0 
7fed94000000-7fed9403d000 rw-p 00000000 00:00 0 
7fed9403d000-7fed98000000 ---p 00000000 00:00 0 
7fed98000000-7fed98021000 rw-p 00000000 00:00 0 
7fed98021000-7fed9c000000 ---p 00000000 00:00 0 
7fed9ecd0000-7fed9f07e000 rw-p 00000000 00:00 0 
7fed9f07e000-7fed9f1fe000 ---p 00000000 00:00 0 
7fed9f1fe000-7fed9f3fe000 rw-p 00000000 00:00 0 
7fed9f3fe000-7fed9f5fe000 rw-p 00000000 00:00 0 
7fed9f5fe000-7fed9f7fe000 rw-p 00000000 00:00 0 
7fed9f7fe000-7fed9f802000 ---p 00000000 00:00 0 
7fed9f802000-7fed9faff000 rw-p 00000000 00:00 0 
7fed9faff000-7fed9fb03000 ---p 00000000 00:00 0 
7fed9fb03000-7fed9fe00000 rw-p 00000000 00:00 0 
7fed9fe00000-7feda0000000 rw-p 00000000 00:00 0 
7feda0000000-7feda0021000 rw-p 00000000 00:00 0 
7feda0021000-7feda4000000 ---p 00000000 00:00 0 
7feda4000000-7feda4368000 rw-p 00000000 00:00 0 
7feda4368000-7feda8000000 ---p 00000000 00:00 0 
7feda8000000-7feda8021000 rw-p 00000000 00:00 0 
7feda8021000-7fedac000000 ---p 00000000 00:00 0 
7fedac000000-7fedac021000 rw-p 00000000 00:00 0 
7fedac021000-7fedb0000000 ---p 00000000 00:00 0 
7fedb0000000-7fedb0021000 rw-p 00000000 00:00 0 
7fedb0021000-7fedb4000000 ---p 00000000 00:00 0 
7fedb4000000-7fedb4021000 rw-p 00000000 00:00 0 
7fedb4021000-7fedb8000000 ---p 00000000 00:00 0 
7fedb8000000-7fedb82c6000 rw-p 00000000 00:00 0 
7fedb82c6000-7fedbc000000 ---p 00000000 00:00 0 
7fedbc000000-7fedbc021000 rw-p 00000000 00:00 0 
7fedbc021000-7fedc0000000 ---p 00000000 00:00 0 
7fedc0000000-7fedc021f000 rw-p 00000000 00:00 0 
7fedc021f000-7fedc4000000 ---p 00000000 00:00 0 
7fedc4000000-7fedc42b9000 rw-p 00000000 00:00 0 
7fedc42b9000-7fedc8000000 ---p 00000000 00:00 0 
7fedc8000000-7fedc8021000 rw-p 00000000 00:00 0 
7fedc8021000-7fedcc000000 ---p 00000000 00:00 0 
7fedcc000000-7fedcc236000 rw-p 00000000 00:00 0 
7fedcc236000-7fedd0000000 ---p 00000000 00:00 0 
7fedd0000000-7fedd0021000 rw-p 00000000 00:00 0 
7fedd0021000-7fedd4000000 ---p 00000000 00:00 0 
7fedd4000000-7fedd4021000 rw-p 00000000 00:00 0 
7fedd4021000-7fedd8000000 ---p 00000000 00:00 0 
7fedd8000000-7fedd8021000 rw-p 00000000 00:00 0 
7fedd8021000-7feddc000000 ---p 00000000 00:00 0 
7feddc0c2000-7feddc0c6000 ---p 00000000 00:00 0 
7feddc0c6000-7feddc1c3000 rw-p 00000000 00:00 0 
7feddc1c3000-7feddc1c7000 ---p 00000000 00:00 0 
7feddc1c7000-7feddc4c4000 rw-p 00000000 00:00 0 
7feddc4c4000-7feddc6c4000 rw-p 00000000 00:00 0 
7feddc6c4000-7feddc6c8000 ---p 00000000 00:00 0 
7feddc6c8000-7feddc9c5000 rw-p 00000000 00:00 0 
7feddc9c5000-7feddcbc5000 rw-p 00000000 00:00 0 
7feddcbc5000-7feddcbc6000 ---p 00000000 00:00 0 
7feddcbc6000-7feddccc6000 rw-p 00000000 00:00 0 
7feddccc6000-7feddccca000 ---p 00000000 00:00 0 
7feddccca000-7feddcfc7000 rw-p 00000000 00:00 0 
7feddcfc7000-7feddcfcc000 r-xp 00000000 08:11 3032863                    /usr/lib/jvm/java-9-oracle/lib/libmanagement_ext.so
7feddcfcc000-7feddd1cb000 ---p 00005000 08:11 3032863                    /usr/lib/jvm/java-9-oracle/lib/libmanagement_ext.so
7feddd1cb000-7feddd1cc000 rw-p 00004000 08:11 3032863                    /usr/lib/jvm/java-9-oracle/lib/libmanagement_ext.so
7feddd1cc000-7feddd1d0000 r-xp 00000000 08:11 3032865                    /usr/lib/jvm/java-9-oracle/lib/libmanagement.so
7feddd1d0000-7feddd3cf000 ---p 00004000 08:11 3032865                    /usr/lib/jvm/java-9-oracle/lib/libmanagement.so
7feddd3cf000-7feddd3d0000 rw-p 00003000 08:11 3032865                    /usr/lib/jvm/java-9-oracle/lib/libmanagement.so
7feddd3d0000-7feddd3d4000 ---p 00000000 00:00 0 
7feddd3d4000-7feddd4d1000 rw-p 00000000 00:00 0 
7feddd4d1000-7feddd4d5000 ---p 00000000 00:00 0 
7feddd4d5000-7feddd5d2000 rw-p 00000000 00:00 0 
7feddd5d2000-7feddd5d6000 ---p 00000000 00:00 0 
7feddd5d6000-7feddd6d3000 rw-p 00000000 00:00 0 
7feddd6d3000-7feddd6e9000 r-xp 00000000 08:11 3032824                    /usr/lib/jvm/java-9-oracle/lib/libnet.so
7feddd6e9000-7feddd8e9000 ---p 00016000 08:11 3032824                    /usr/lib/jvm/java-9-oracle/lib/libnet.so
7feddd8e9000-7feddd8ea000 rw-p 00016000 08:11 3032824                    /usr/lib/jvm/java-9-oracle/lib/libnet.so
7feddd8ea000-7feddd8fa000 r-xp 00000000 08:11 3032870                    /usr/lib/jvm/java-9-oracle/lib/libnio.so
7feddd8fa000-7fedddafa000 ---p 00010000 08:11 3032870                    /usr/lib/jvm/java-9-oracle/lib/libnio.so
7fedddafa000-7fedddafb000 rw-p 00010000 08:11 3032870                    /usr/lib/jvm/java-9-oracle/lib/libnio.so
7fedddafb000-7fedddaff000 ---p 00000000 00:00 0 
7fedddaff000-7fedddbfc000 rw-p 00000000 00:00 0 
7fedddbfc000-7fedddc00000 ---p 00000000 00:00 0 
7fedddc00000-7fedddcfd000 rw-p 00000000 00:00 0 
7fedddcfd000-7fedddd01000 ---p 00000000 00:00 0 
7fedddd01000-7feddddfe000 rw-p 00000000 00:00 0 
7feddddfe000-7feddde02000 ---p 00000000 00:00 0 
7feddde02000-7fedddeff000 rw-p 00000000 00:00 0 
7fedddeff000-7fedddf03000 ---p 00000000 00:00 0 
7fedddf03000-7fedde000000 rw-p 00000000 00:00 0 
7fedde000000-7fede0000000 rwxp 00000000 00:00 0 
7fede0000000-7fede0021000 rw-p 00000000 00:00 0 
7fede0021000-7fede4000000 ---p 00000000 00:00 0 
7fede4000000-7fede4021000 rw-p 00000000 00:00 0 
7fede4021000-7fede8000000 ---p 00000000 00:00 0 
7fede8000000-7fede8021000 rw-p 00000000 00:00 0 
7fede8021000-7fedec000000 ---p 00000000 00:00 0 
7fedec0a4000-7fedec0a8000 ---p 00000000 00:00 0 
7fedec0a8000-7fedec1a5000 rw-p 00000000 00:00 0 
7fedec1a5000-7fedec5ae000 r--p 00000000 08:11 3021272                    /usr/lib/locale/locale-archive
7fedec5ae000-7fedec5b2000 ---p 00000000 00:00 0 
7fedec5b2000-7fedec6af000 rw-p 00000000 00:00 0 
7fedec6af000-7fedec6b3000 ---p 00000000 00:00 0 
7fedec6b3000-7fedec7b0000 rw-p 00000000 00:00 0 
7fedec7b0000-7fedec7b1000 ---p 00000000 00:00 0 
7fedec7b1000-7feded127000 rw-p 00000000 00:00 0 
7feded127000-7fededc0c000 rw-p 00000000 00:00 0 
7fededc0c000-7fedf33b4000 ---p 00000000 00:00 0 
7fedf33b4000-7fedf3994000 rw-p 00000000 00:00 0 
7fedf3994000-7fedf913c000 ---p 00000000 00:00 0 
7fedf913c000-7fedf91f8000 rw-p 00000000 00:00 0 
7fedf91f8000-7fedf9ced000 ---p 00000000 00:00 0 
7fedf9ced000-7fedf9da9000 rw-p 00000000 00:00 0 
7fedf9da9000-7fedfb44f000 ---p 00000000 00:00 0 
7fedfb44f000-7fedfb50b000 rw-p 00000000 00:00 0 
7fedfb50b000-7fedfc000000 ---p 00000000 00:00 0 
7fedfc000000-7fedfc021000 rw-p 00000000 00:00 0 
7fedfc021000-7fee00000000 ---p 00000000 00:00 0 
7fee00000000-7fee00021000 rw-p 00000000 00:00 0 
7fee00021000-7fee04000000 ---p 00000000 00:00 0 
7fee04000000-7fee04021000 rw-p 00000000 00:00 0 
7fee04021000-7fee08000000 ---p 00000000 00:00 0 
7fee08000000-7fee08021000 rw-p 00000000 00:00 0 
7fee08021000-7fee0c000000 ---p 00000000 00:00 0 
7fee0c000000-7fee0c021000 rw-p 00000000 00:00 0 
7fee0c021000-7fee10000000 ---p 00000000 00:00 0 
7fee10000000-7fee10021000 rw-p 00000000 00:00 0 
7fee10021000-7fee14000000 ---p 00000000 00:00 0 
7fee14000000-7fee14021000 rw-p 00000000 00:00 0 
7fee14021000-7fee18000000 ---p 00000000 00:00 0 
7fee18000000-7fee18021000 rw-p 00000000 00:00 0 
7fee18021000-7fee1c000000 ---p 00000000 00:00 0 
7fee1c000000-7fee1c021000 rw-p 00000000 00:00 0 
7fee1c021000-7fee20000000 ---p 00000000 00:00 0 
7fee20000000-7fee20021000 rw-p 00000000 00:00 0 
7fee20021000-7fee24000000 ---p 00000000 00:00 0 
7fee24000000-7fee24021000 rw-p 00000000 00:00 0 
7fee24021000-7fee28000000 ---p 00000000 00:00 0 
7fee28000000-7fee28021000 rw-p 00000000 00:00 0 
7fee28021000-7fee2c000000 ---p 00000000 00:00 0 
7fee2c000000-7fee2c021000 rw-p 00000000 00:00 0 
7fee2c021000-7fee30000000 ---p 00000000 00:00 0 
7fee30000000-7fee30021000 rw-p 00000000 00:00 0 
7fee30021000-7fee34000000 ---p 00000000 00:00 0 
7fee34000000-7fee34021000 rw-p 00000000 00:00 0 
7fee34021000-7fee38000000 ---p 00000000 00:00 0 
7fee38000000-7fee38021000 rw-p 00000000 00:00 0 
7fee38021000-7fee3c000000 ---p 00000000 00:00 0 
7fee3c000000-7fee3c021000 rw-p 00000000 00:00 0 
7fee3c021000-7fee40000000 ---p 00000000 00:00 0 
7fee40058000-7fee403b6000 rw-p 00000000 00:00 0 
7fee403b6000-7fee403b7000 ---p 00000000 00:00 0 
7fee403b7000-7fee404b7000 rw-p 00000000 00:00 0 
7fee404b7000-7fee404b8000 ---p 00000000 00:00 0 
7fee404b8000-7fee405b8000 rw-p 00000000 00:00 0 
7fee405b8000-7fee405b9000 ---p 00000000 00:00 0 
7fee405b9000-7fee40830000 rw-p 00000000 00:00 0 
7fee40830000-7fee40831000 ---p 00000000 00:00 0 
7fee40831000-7fee40931000 rw-p 00000000 00:00 0 
7fee40931000-7fee40932000 ---p 00000000 00:00 0 
7fee40932000-7fee40a32000 rw-p 00000000 00:00 0 
7fee40a32000-7fee40a33000 ---p 00000000 00:00 0 
7fee40a33000-7fee40b33000 rw-p 00000000 00:00 0 
7fee40b33000-7fee40b34000 ---p 00000000 00:00 0 
7fee40b34000-7fee40c34000 rw-p 00000000 00:00 0 
7fee40c34000-7fee40c35000 ---p 00000000 00:00 0 
7fee40c35000-7fee40d35000 rw-p 00000000 00:00 0 
7fee40d35000-7fee40d36000 ---p 00000000 00:00 0 
7fee40d36000-7fee40e36000 rw-p 00000000 00:00 0 
7fee40e36000-7fee40e37000 ---p 00000000 00:00 0 
7fee40e37000-7fee40f37000 rw-p 00000000 00:00 0 
7fee40f37000-7fee40f38000 ---p 00000000 00:00 0 
7fee40f38000-7fee41038000 rw-p 00000000 00:00 0 
7fee41038000-7fee41039000 ---p 00000000 00:00 0 
7fee41039000-7fee41941000 rw-p 00000000 00:00 0 
7fee41941000-7fee41942000 ---p 00000000 00:00 0 
7fee41942000-7fee41a42000 rw-p 00000000 00:00 0 
7fee41a42000-7fee41a43000 ---p 00000000 00:00 0 
7fee41a43000-7fee41b43000 rw-p 00000000 00:00 0 
7fee41b43000-7fee41e33000 rwxp 00000000 00:00 0 
7fee41e33000-7fee42277000 ---p 00000000 00:00 0 
7fee42277000-7fee428c7000 rwxp 00000000 00:00 0 
7fee428c7000-7fee50b43000 ---p 00000000 00:00 0 
7fee50b43000-7fee5c000000 r--s 00000000 08:11 3032851                    /usr/lib/jvm/java-9-oracle/lib/modules
7fee5c000000-7fee5ccb0000 rw-p 00000000 00:00 0 
7fee5ccb0000-7fee60000000 ---p 00000000 00:00 0 
7fee60000000-7fee60025000 r--p 00000000 08:11 3677235                    /usr/share/locale-langpack/pl/LC_MESSAGES/libc.mo
7fee60025000-7fee60026000 ---p 00000000 00:00 0 
7fee60026000-7fee60126000 rw-p 00000000 00:00 0 
7fee60126000-7fee60127000 ---p 00000000 00:00 0 
7fee60127000-7fee60227000 rw-p 00000000 00:00 0 
7fee60227000-7fee60228000 ---p 00000000 00:00 0 
7fee60228000-7fee60328000 rw-p 00000000 00:00 0 
7fee60328000-7fee60329000 ---p 00000000 00:00 0 
7fee60329000-7fee60429000 rw-p 00000000 00:00 0 
7fee60429000-7fee6042a000 ---p 00000000 00:00 0 
7fee6042a000-7fee6052a000 rw-p 00000000 00:00 0 
7fee6052a000-7fee6052b000 ---p 00000000 00:00 0 
7fee6052b000-7fee60638000 rw-p 00000000 00:00 0 
7fee60638000-7fee607fd000 ---p 00000000 00:00 0 
7fee607fd000-7fee60817000 r-xp 00000000 08:11 3032800                    /usr/lib/jvm/java-9-oracle/lib/libjimage.so
7fee60817000-7fee60a16000 ---p 0001a000 08:11 3032800                    /usr/lib/jvm/java-9-oracle/lib/libjimage.so
7fee60a16000-7fee60a18000 rw-p 00019000 08:11 3032800                    /usr/lib/jvm/java-9-oracle/lib/libjimage.so
7fee60a18000-7fee60a2a000 rw-p 00000000 00:00 0 
7fee60a2a000-7fee60a31000 r-xp 00000000 08:11 3032878                    /usr/lib/jvm/java-9-oracle/lib/libzip.so
7fee60a31000-7fee60c30000 ---p 00007000 08:11 3032878                    /usr/lib/jvm/java-9-oracle/lib/libzip.so
7fee60c30000-7fee60c31000 rw-p 00006000 08:11 3032878                    /usr/lib/jvm/java-9-oracle/lib/libzip.so
7fee60c31000-7fee60c3c000 r-xp 00000000 08:11 1048830                    /lib/x86_64-linux-gnu/libnss_files-2.23.so
7fee60c3c000-7fee60e3b000 ---p 0000b000 08:11 1048830                    /lib/x86_64-linux-gnu/libnss_files-2.23.so
7fee60e3b000-7fee60e3c000 r--p 0000a000 08:11 1048830                    /lib/x86_64-linux-gnu/libnss_files-2.23.so
7fee60e3c000-7fee60e3d000 rw-p 0000b000 08:11 1048830                    /lib/x86_64-linux-gnu/libnss_files-2.23.so
7fee60e3d000-7fee60e43000 rw-p 00000000 00:00 0 
7fee60e43000-7fee60e4e000 r-xp 00000000 08:11 1048838                    /lib/x86_64-linux-gnu/libnss_nis-2.23.so
7fee60e4e000-7fee6104d000 ---p 0000b000 08:11 1048838                    /lib/x86_64-linux-gnu/libnss_nis-2.23.so
7fee6104d000-7fee6104e000 r--p 0000a000 08:11 1048838                    /lib/x86_64-linux-gnu/libnss_nis-2.23.so
7fee6104e000-7fee6104f000 rw-p 0000b000 08:11 1048838                    /lib/x86_64-linux-gnu/libnss_nis-2.23.so
7fee6104f000-7fee61065000 r-xp 00000000 08:11 1048602                    /lib/x86_64-linux-gnu/libnsl-2.23.so
7fee61065000-7fee61264000 ---p 00016000 08:11 1048602                    /lib/x86_64-linux-gnu/libnsl-2.23.so
7fee61264000-7fee61265000 r--p 00015000 08:11 1048602                    /lib/x86_64-linux-gnu/libnsl-2.23.so
7fee61265000-7fee61266000 rw-p 00016000 08:11 1048602                    /lib/x86_64-linux-gnu/libnsl-2.23.so
7fee61266000-7fee61268000 rw-p 00000000 00:00 0 
7fee61268000-7fee61270000 r-xp 00000000 08:11 1048820                    /lib/x86_64-linux-gnu/libnss_compat-2.23.so
7fee61270000-7fee6146f000 ---p 00008000 08:11 1048820                    /lib/x86_64-linux-gnu/libnss_compat-2.23.so
7fee6146f000-7fee61470000 r--p 00007000 08:11 1048820                    /lib/x86_64-linux-gnu/libnss_compat-2.23.so
7fee61470000-7fee61471000 rw-p 00008000 08:11 1048820                    /lib/x86_64-linux-gnu/libnss_compat-2.23.so
7fee61471000-7fee6147b000 r-xp 00000000 08:11 3032815                    /usr/lib/jvm/java-9-oracle/lib/libinstrument.so
7fee6147b000-7fee6167a000 ---p 0000a000 08:11 3032815                    /usr/lib/jvm/java-9-oracle/lib/libinstrument.so
7fee6167a000-7fee6167b000 rw-p 00009000 08:11 3032815                    /usr/lib/jvm/java-9-oracle/lib/libinstrument.so
7fee6167b000-7fee616a6000 r-xp 00000000 08:11 3032817                    /usr/lib/jvm/java-9-oracle/lib/libjava.so
7fee616a6000-7fee618a5000 ---p 0002b000 08:11 3032817                    /usr/lib/jvm/java-9-oracle/lib/libjava.so
7fee618a5000-7fee618a7000 rw-p 0002a000 08:11 3032817                    /usr/lib/jvm/java-9-oracle/lib/libjava.so
7fee618a7000-7fee618b4000 r-xp 00000000 08:11 3032836                    /usr/lib/jvm/java-9-oracle/lib/libverify.so
7fee618b4000-7fee61ab3000 ---p 0000d000 08:11 3032836                    /usr/lib/jvm/java-9-oracle/lib/libverify.so
7fee61ab3000-7fee61ab5000 rw-p 0000c000 08:11 3032836                    /usr/lib/jvm/java-9-oracle/lib/libverify.so
7fee61ab5000-7fee61abc000 r-xp 00000000 08:11 1048840                    /lib/x86_64-linux-gnu/librt-2.23.so
7fee61abc000-7fee61cbb000 ---p 00007000 08:11 1048840                    /lib/x86_64-linux-gnu/librt-2.23.so
7fee61cbb000-7fee61cbc000 r--p 00006000 08:11 1048840                    /lib/x86_64-linux-gnu/librt-2.23.so
7fee61cbc000-7fee61cbd000 rw-p 00007000 08:11 1048840                    /lib/x86_64-linux-gnu/librt-2.23.so
7fee61cbd000-7fee61dc5000 r-xp 00000000 08:11 1048591                    /lib/x86_64-linux-gnu/libm-2.23.so
7fee61dc5000-7fee61fc4000 ---p 00108000 08:11 1048591                    /lib/x86_64-linux-gnu/libm-2.23.so
7fee61fc4000-7fee61fc5000 r--p 00107000 08:11 1048591                    /lib/x86_64-linux-gnu/libm-2.23.so
7fee61fc5000-7fee61fc6000 rw-p 00108000 08:11 1048591                    /lib/x86_64-linux-gnu/libm-2.23.so
7fee61fc6000-7fee62fdb000 r-xp 00000000 08:11 3034524                    /usr/lib/jvm/java-9-oracle/lib/server/libjvm.so
7fee62fdb000-7fee631da000 ---p 01015000 08:11 3034524                    /usr/lib/jvm/java-9-oracle/lib/server/libjvm.so
7fee631da000-7fee632ab000 r--p 01014000 08:11 3034524                    /usr/lib/jvm/java-9-oracle/lib/server/libjvm.so
7fee632ab000-7fee632e2000 rw-p 010e5000 08:11 3034524                    /usr/lib/jvm/java-9-oracle/lib/server/libjvm.so
7fee632e2000-7fee6334b000 rw-p 00000000 00:00 0 
7fee6334b000-7fee6350b000 r-xp 00000000 08:11 1048804                    /lib/x86_64-linux-gnu/libc-2.23.so
7fee6350b000-7fee6370b000 ---p 001c0000 08:11 1048804                    /lib/x86_64-linux-gnu/libc-2.23.so
7fee6370b000-7fee6370f000 r--p 001c0000 08:11 1048804                    /lib/x86_64-linux-gnu/libc-2.23.so
7fee6370f000-7fee63711000 rw-p 001c4000 08:11 1048804                    /lib/x86_64-linux-gnu/libc-2.23.so
7fee63711000-7fee63715000 rw-p 00000000 00:00 0 
7fee63715000-7fee63718000 r-xp 00000000 08:11 1048808                    /lib/x86_64-linux-gnu/libdl-2.23.so
7fee63718000-7fee63917000 ---p 00003000 08:11 1048808                    /lib/x86_64-linux-gnu/libdl-2.23.so
7fee63917000-7fee63918000 r--p 00002000 08:11 1048808                    /lib/x86_64-linux-gnu/libdl-2.23.so
7fee63918000-7fee63919000 rw-p 00003000 08:11 1048808                    /lib/x86_64-linux-gnu/libdl-2.23.so
7fee63919000-7fee63927000 r-xp 00000000 08:11 3034525                    /usr/lib/jvm/java-9-oracle/lib/jli/libjli.so
7fee63927000-7fee63b27000 ---p 0000e000 08:11 3034525                    /usr/lib/jvm/java-9-oracle/lib/jli/libjli.so
7fee63b27000-7fee63b28000 rw-p 0000e000 08:11 3034525                    /usr/lib/jvm/java-9-oracle/lib/jli/libjli.so
7fee63b28000-7fee63b40000 r-xp 00000000 08:11 1048802                    /lib/x86_64-linux-gnu/libpthread-2.23.so
7fee63b40000-7fee63d3f000 ---p 00018000 08:11 1048802                    /lib/x86_64-linux-gnu/libpthread-2.23.so
7fee63d3f000-7fee63d40000 r--p 00017000 08:11 1048802                    /lib/x86_64-linux-gnu/libpthread-2.23.so
7fee63d40000-7fee63d41000 rw-p 00018000 08:11 1048802                    /lib/x86_64-linux-gnu/libpthread-2.23.so
7fee63d41000-7fee63d45000 rw-p 00000000 00:00 0 
7fee63d45000-7fee63d5e000 r-xp 00000000 08:11 1053271                    /lib/x86_64-linux-gnu/libz.so.1.2.8
7fee63d5e000-7fee63f5d000 ---p 00019000 08:11 1053271                    /lib/x86_64-linux-gnu/libz.so.1.2.8
7fee63f5d000-7fee63f5e000 r--p 00018000 08:11 1053271                    /lib/x86_64-linux-gnu/libz.so.1.2.8
7fee63f5e000-7fee63f5f000 rw-p 00019000 08:11 1053271                    /lib/x86_64-linux-gnu/libz.so.1.2.8
7fee63f5f000-7fee63f85000 r-xp 00000000 08:11 1048800                    /lib/x86_64-linux-gnu/ld-2.23.so
7fee63f8a000-7fee64051000 rw-p 00000000 00:00 0 
7fee64051000-7fee64056000 ---p 00000000 00:00 0 
7fee64056000-7fee64157000 rw-p 00000000 00:00 0 
7fee64163000-7fee6416a000 r--s 00000000 08:11 3407927                    /usr/lib/x86_64-linux-gnu/gconv/gconv-modules.cache
7fee6416a000-7fee64171000 rw-p 00000000 00:00 0 
7fee64171000-7fee6417a000 ---p 00000000 00:00 0 
7fee6417a000-7fee64182000 rw-s 00000000 08:11 2496284                    /tmp/hsperfdata_filip/5880
7fee64182000-7fee64183000 rw-p 00000000 00:00 0 
7fee64183000-7fee64184000 ---p 00000000 00:00 0 
7fee64184000-7fee64185000 r--p 00025000 08:11 1048800                    /lib/x86_64-linux-gnu/ld-2.23.so
7fee64185000-7fee64186000 rw-p 00026000 08:11 1048800                    /lib/x86_64-linux-gnu/ld-2.23.so
7fee64186000-7fee64187000 rw-p 00000000 00:00 0 
7ffef4e70000-7ffef4e94000 rw-p 00000000 00:00 0                          [stack]
7ffef4e95000-7ffef4e97000 r--p 00000000 00:00 0                          [vvar]
7ffef4e97000-7ffef4e99000 r-xp 00000000 00:00 0                          [vdso]
ffffffffff600000-ffffffffff601000 r-xp 00000000 00:00 0                  [vsyscall]

VM Arguments:
jvm_args: -XX:TieredStopAtLevel=1 -Xverify:none -Dspring.output.ansi.enabled=always -Dcom.sun.management.jmxremote -Dspring.liveBeansView.mbeanDomain -Dspring.application.admin.enabled=true -javaagent:/opt/idea-IU-183.6156.11/lib/idea_rt.jar=40968:/opt/idea-IU-183.6156.11/bin -Dfile.encoding=UTF-8 
java_command: com.filip.machaj.demo.AbonamentyApplicationKt
java_class_path (initial): /home/filip/Pulpit/INYNIERKA/IMPLEMENTACJA/kot 6/abonamenty/out/production/classes:/home/filip/Pulpit/INYNIERKA/IMPLEMENTACJA/kot 6/abonamenty/out/production/resources:/home/filip/.gradle/caches/modules-2/files-2.1/org.jetbrains.kotlin/kotlin-reflect/1.3.10/dd02865be0351707554b16a896b766b2396cdafa/kotlin-reflect-1.3.10.jar:/home/filip/.gradle/caches/modules-2/files-2.1/org.jetbrains.kotlin/kotlin-stdlib-jdk8/1.3.10/71d0fa967493eb76648b575edf1762cb2d0c7f10/kotlin-stdlib-jdk8-1.3.10.jar:/home/filip/.gradle/caches/modules-2/files-2.1/org.jetbrains.kotlin/kotlin-stdlib-jdk7/1.3.10/4d147bf43060dc43d61b096e24da1e67dfe0c032/kotlin-stdlib-jdk7-1.3.10.jar:/home/filip/.gradle/caches/modules-2/files-2.1/org.jetbrains.kotlin/kotlin-stdlib/1.3.10/b178c1501609c6e4ee8be635513cb023a466457d/kotlin-stdlib-1.3.10.jar:/home/filip/.gradle/caches/modules-2/files-2.1/org.springframework.boot/spring-boot-starter-web/2.1.0.RELEASE/5bb07547b965e84edd8abb49c1431d17926e2c6b/spring-boot-starter-web-2.1.0.RELEASE.jar:/home/filip/.gradle/caches/modules-2/files-2.1/org.springframework.boot/spring-boot-starter-data-jpa/2.1.5.RELEASE/f33f69b3744d07f832db6ab48eab227ccde9e922/spring-boot-starter-data-jpa-2.1.5.RELEASE.jar:/home/filip/.gradle/caches/modules-2/files-2.1/org.hibernate/hibernate-core/5.3.7.Final/f87c5c1bbfc638309824140e68dfaaeb1bb479f3/hibernate-core-5.3.7.Final.jar:/home/filip/.gradle/caches/modules-2/files-2.1/javax.persistence/javax.persistence-api/2.2/25665ac8c0b62f50e6488173233239120fc52c96/javax.persistence-api-2.2.jar:/home/filip/.gradle/caches/modules-2/files-2.1/org.springframework.data/spring-data-jpa/2.1.8.RELEASE/385ab53309b4f0dfb317c4753fe853821ff15c08/spring-data-jpa-2.1.8.RELEASE.jar:/home/filip/.gradle/caches/modules-2/files-2.1/org.springframework.boot/spring-boot-starter-jdbc/2.1.0.RELEASE/d742e26a5432fcef0ef6d04b1e201f5a00390686/spring-boot-starter-jdbc-2.1.0.RELEASE.jar:/home/filip/.gradle/caches/modules-2/files-2.1/com.zaxxer/HikariCP/
Launcher Type: SUN_STANDARD

Logging:
Log output configuration:
#0: stdout all=warning uptime,level,tags
#1: stderr all=off uptime,level,tags

Environment Variables:
JAVA_HOME=/usr/lib/jvm/java-9-oracle
PATH=/home/filip/bin:/home/filip/.local/bin:/usr/local/sbin:/usr/local/bin:/usr/sbin:/usr/bin:/sbin:/bin:/usr/games:/usr/local/games:/snap/bin:/usr/lib/jvm/java-9-oracle/bin:/usr/lib/jvm/java-9-oracle/db/bin
USERNAME=filip
SHELL=/bin/bash
DISPLAY=:0

Signal Handlers:
SIGSEGV: [libjvm.so+0xd4d370], sa_mask[0]=11111111011111111101111111111110, sa_flags=SA_RESTART|SA_SIGINFO
SIGBUS: [libjvm.so+0xd4d370], sa_mask[0]=11111111011111111101111111111110, sa_flags=SA_RESTART|SA_SIGINFO
SIGFPE: [libjvm.so+0xd4d370], sa_mask[0]=11111111011111111101111111111110, sa_flags=SA_RESTART|SA_SIGINFO
SIGPIPE: [libjvm.so+0xb64780], sa_mask[0]=11111111011111111101111111111110, sa_flags=SA_RESTART|SA_SIGINFO
SIGXFSZ: [libjvm.so+0xb64780], sa_mask[0]=11111111011111111101111111111110, sa_flags=SA_RESTART|SA_SIGINFO
SIGILL: [libjvm.so+0xd4d370], sa_mask[0]=11111111011111111101111111111110, sa_flags=SA_RESTART|SA_SIGINFO
SIGUSR2: [libjvm.so+0xb64640], sa_mask[0]=00100000000000000000000000000000, sa_flags=SA_RESTART|SA_SIGINFO
SIGHUP: SIG_IGN, sa_mask[0]=00000000000000000000000000000000, sa_flags=none
SIGINT: [libjvm.so+0xb64850], sa_mask[0]=11111111011111111101111111111110, sa_flags=SA_RESTART|SA_SIGINFO
SIGTERM: [libjvm.so+0xb64850], sa_mask[0]=11111111011111111101111111111110, sa_flags=SA_RESTART|SA_SIGINFO
SIGQUIT: [libjvm.so+0xb64850], sa_mask[0]=11111111011111111101111111111110, sa_flags=SA_RESTART|SA_SIGINFO


---------------  S Y S T E M  ---------------

OS:DISTRIB_ID=LinuxMint
DISTRIB_RELEASE=18.1
DISTRIB_CODENAME=serena
DISTRIB_DESCRIPTION="Linux Mint 18.1 Serena"
uname:Linux 4.4.0-53-generic #74-Ubuntu SMP Fri Dec 2 15:59:10 UTC 2016 x86_64
libc:glibc 2.23 NPTL 2.23 
rlimit: STACK 8192k, CORE 0k, NPROC 95585, NOFILE 1048576, AS infinity
load average:2,60 1,53 1,23

/proc/meminfo:
MemTotal:       24512108 kB
MemFree:          214920 kB
MemAvailable:     596252 kB
Buffers:           41948 kB
Cached:          2321152 kB
SwapCached:            0 kB
Active:         21690924 kB
Inactive:        1920076 kB
Active(anon):   21370664 kB
Inactive(anon):  1627976 kB
Active(file):     320260 kB
Inactive(file):   292100 kB
Unevictable:         636 kB
Mlocked:             636 kB
SwapTotal:             0 kB
SwapFree:              0 kB
Dirty:              7704 kB
Writeback:             0 kB
AnonPages:      21249128 kB
Mapped:          1045956 kB
Shmem:           1750604 kB
Slab:             216352 kB
SReclaimable:     108176 kB
SUnreclaim:       108176 kB
KernelStack:       40112 kB
PageTables:       222512 kB
NFS_Unstable:          0 kB
Bounce:                0 kB
WritebackTmp:          0 kB
CommitLimit:    12256052 kB
Committed_AS:   38671844 kB
VmallocTotal:   34359738367 kB
VmallocUsed:           0 kB
VmallocChunk:          0 kB
HardwareCorrupted:     0 kB
AnonHugePages:   5386240 kB
CmaTotal:              0 kB
CmaFree:               0 kB
HugePages_Total:       0
HugePages_Free:        0
HugePages_Rsvd:        0
HugePages_Surp:        0
Hugepagesize:       2048 kB
DirectMap4k:      457284 kB
DirectMap2M:    22431744 kB
DirectMap1G:     2097152 kB


CPU:total 8 (initial active 8) (4 cores per cpu, 2 threads per core) family 6 model 60 stepping 3, cmov, cx8, fxsr, mmx, sse, sse2, sse3, ssse3, sse4.1, sse4.2, popcnt, avx, avx2, aes, clmul, erms, lzcnt, ht, tsc, tscinvbit, bmi1, bmi2, fma
CPU Model and flags from /proc/cpuinfo:
model name	: Intel(R) Core(TM) i7-4710MQ CPU @ 2.50GHz
flags		: fpu vme de pse tsc msr pae mce cx8 apic sep mtrr pge mca cmov pat pse36 clflush dts acpi mmx fxsr sse sse2 ss ht tm pbe syscall nx pdpe1gb rdtscp lm constant_tsc arch_perfmon pebs bts rep_good nopl xtopology nonstop_tsc aperfmperf eagerfpu pni pclmulqdq dtes64 monitor ds_cpl vmx est tm2 ssse3 sdbg fma cx16 xtpr pdcm pcid sse4_1 sse4_2 movbe popcnt tsc_deadline_timer aes xsave avx f16c rdrand lahf_lm abm epb tpr_shadow vnmi flexpriority ept vpid fsgsbase tsc_adjust bmi1 avx2 smep bmi2 erms invpcid xsaveopt dtherm ida arat pln pts

Memory: 4k page, physical 24512108k(214920k free), swap 0k(0k free)

vm_info: Java HotSpot(TM) 64-Bit Server VM (9.0.4+11) for linux-amd64 JRE (9.0.4+11), built on Dec 19 2017 18:12:19 by "mach5one" with gcc 4.9.2

END.
