#
# There is insufficient memory for the Java Runtime Environment to continue.
# Native memory allocation (mmap) failed to map 788529152 bytes for committing reserved memory.
# Possible reasons:
#   The system is out of physical RAM or swap space
#   The process is running with CompressedOops enabled, and the Java Heap may be blocking the growth of the native heap
# Possible solutions:
#   Reduce memory load on the system
#   Increase physical memory or swap space
#   Check if swap backing store is full
#   Decrease Java heap size (-Xmx/-Xms)
#   Decrease number of Java threads
#   Decrease Java thread stack sizes (-Xss)
#   Set larger code cache with -XX:ReservedCodeCacheSize=
#   JVM is running with Zero Based Compressed Oops mode in which the Java heap is
#     placed in the first 32GB address space. The Java Heap base address is the
#     maximum limit for the native heap growth. Please use -XX:HeapBaseMinAddress
#     to set the Java Heap base and to place the Java Heap above 32GB virtual address.
# This output file may be truncated or incomplete.
#
#  Out of Memory Error (os_linux.cpp:2647), pid=20177, tid=20201
#
# JRE version: Java(TM) SE Runtime Environment (9.0+11) (build 9.0.4+11)
# Java VM: Java HotSpot(TM) 64-Bit Server VM (9.0.4+11, mixed mode, tiered, compressed oops, g1 gc, linux-amd64)
# No core dump will be written. Core dumps have been disabled. To enable core dumping, try "ulimit -c unlimited" before starting Java again
#

---------------  S U M M A R Y ------------

Command Line: -XX:TieredStopAtLevel=1 -Xverify:none -Dspring.output.ansi.enabled=always -Dcom.sun.management.jmxremote -Dspring.liveBeansView.mbeanDomain -Dspring.application.admin.enabled=true -javaagent:/opt/idea-IU-183.6156.11/lib/idea_rt.jar=33311:/opt/idea-IU-183.6156.11/bin -Dfile.encoding=UTF-8 com.filip.machaj.demo.AbonamentyApplicationKt

Host: Intel(R) Core(TM) i7-4710MQ CPU @ 2.50GHz, 8 cores, 23G, Linux Mint 18.1 Serena
Time: Wed Jan 22 22:53:19 2020 CET elapsed time: 1 seconds (0d 0h 0m 1s)

---------------  T H R E A D  ---------------

Current thread (0x00007fc1e02b1000):  VMThread "VM Thread" [stack: 0x00007fc1700ed000,0x00007fc1701ed000] [id=20201]

Stack: [0x00007fc1700ed000,0x00007fc1701ed000],  sp=0x00007fc1701eb010,  free space=1016k
Native frames: (J=compiled Java code, A=aot compiled Java code, j=interpreted, Vv=VM code, C=native code)
V  [libjvm.so+0xd4c6c2]  VMError::report_and_die(int, char const*, char const*, __va_list_tag*, Thread*, unsigned char*, void*, void*, char const*, int, unsigned long)+0x162
V  [libjvm.so+0xd4d32b]  VMError::report_and_die(Thread*, char const*, int, unsigned long, VMErrorType, char const*, __va_list_tag*)+0x2b
V  [libjvm.so+0x654ac8]  report_vm_out_of_memory(char const*, int, unsigned long, VMErrorType, char const*, ...)+0xd8
V  [libjvm.so+0xb68241]  os::pd_commit_memory_or_exit(char*, unsigned long, unsigned long, bool, char const*)+0x101
V  [libjvm.so+0xb628cd]  os::commit_memory_or_exit(char*, unsigned long, unsigned long, bool, char const*)+0x1d
V  [libjvm.so+0x763492]  G1PageBasedVirtualSpace::commit_preferred_pages(unsigned long, unsigned long)+0x62
V  [libjvm.so+0x7637ae]  G1PageBasedVirtualSpace::commit(unsigned long, unsigned long)+0x11e
V  [libjvm.so+0x766713]  G1RegionsLargerThanCommitSizeMapper::commit_regions(unsigned int, unsigned long, WorkGang*)+0x43
V  [libjvm.so+0x7f760c]  HeapRegionManager::commit_regions(unsigned int, unsigned long, WorkGang*)+0x7c
V  [libjvm.so+0x7f81d4]  HeapRegionManager::make_regions_available(unsigned int, unsigned int, WorkGang*)+0x34
V  [libjvm.so+0x7f86f1]  HeapRegionManager::expand_by(unsigned int, WorkGang*)+0x71
V  [libjvm.so+0x729a87]  G1CollectedHeap::expand(unsigned long, WorkGang*, double*)+0xd7
V  [libjvm.so+0x7309ca]  G1CollectedHeap::do_collection_pause_at_safepoint(double)+0x104a
V  [libjvm.so+0xd4db96]  VM_CollectForMetadataAllocation::initiate_concurrent_GC()+0x156
V  [libjvm.so+0xd4dee8]  VM_CollectForMetadataAllocation::doit()+0xf8
V  [libjvm.so+0xd5d4f9]  VM_Operation::evaluate()+0x59
V  [libjvm.so+0xd5b243]  VMThread::evaluate_operation(VM_Operation*)+0xc3
V  [libjvm.so+0xd5b7b0]  VMThread::loop()+0x210
V  [libjvm.so+0xd5bcc2]  VMThread::run()+0x72
V  [libjvm.so+0xb6e132]  thread_native_entry(Thread*)+0xf2

VM_Operation (0x00007fc1331f6ea0): CollectForMetadataAllocation, mode: safepoint, requested by thread 0x00007fc128001000


---------------  P R O C E S S  ---------------

Java Threads: ( => current thread )
  0x00007fc128001000 JavaThread "RMI TCP Connection(1)-127.0.0.1" daemon [_thread_blocked, id=20256, stack(0x00007fc1330fb000,0x00007fc1331fc000)]
  0x00007fc14c001000 JavaThread "Attach Listener" daemon [_thread_blocked, id=20254, stack(0x00007fc1331fc000,0x00007fc1332fd000)]
  0x00007fc1e08f0000 JavaThread "background-preinit" [_thread_blocked, id=20250, stack(0x00007fc1336fd000,0x00007fc1337fe000)]
  0x00007fc1e07d6000 JavaThread "RMI TCP Accept-0" daemon [_thread_in_native, id=20247, stack(0x00007fc133cff000,0x00007fc133e00000)]
  0x00007fc1e06d5000 JavaThread "Service Thread" daemon [_thread_blocked, id=20244, stack(0x00007fc1604c4000,0x00007fc1605c5000)]
  0x00007fc1e06d4000 JavaThread "Monitor Ctrl-Break" daemon [_thread_in_native, id=20243, stack(0x00007fc1605c5000,0x00007fc1606c6000)]
  0x00007fc1e0335000 JavaThread "Common-Cleaner" daemon [_thread_blocked, id=20233, stack(0x00007fc1606c6000,0x00007fc1607c7000)]
  0x00007fc1e02e8000 JavaThread "Sweeper thread" daemon [_thread_blocked, id=20231, stack(0x00007fc160bef000,0x00007fc160cf0000)]
  0x00007fc1e02e6000 JavaThread "C1 CompilerThread3" daemon [_thread_blocked, id=20230, stack(0x00007fc160cf0000,0x00007fc160df1000)]
  0x00007fc1e02e4000 JavaThread "C1 CompilerThread2" daemon [_thread_blocked, id=20229, stack(0x00007fc160df1000,0x00007fc160ef2000)]
  0x00007fc1e02e2000 JavaThread "C1 CompilerThread1" daemon [_thread_blocked, id=20228, stack(0x00007fc160ef2000,0x00007fc160ff3000)]
  0x00007fc1e02e0000 JavaThread "C1 CompilerThread0" daemon [_thread_blocked, id=20227, stack(0x00007fc160ff3000,0x00007fc1610f4000)]
  0x00007fc1e02de000 JavaThread "Signal Dispatcher" daemon [_thread_blocked, id=20226, stack(0x00007fc1610f4000,0x00007fc1611f5000)]
  0x00007fc1e02c3000 JavaThread "Finalizer" daemon [_thread_blocked, id=20223, stack(0x00007fc1615fe000,0x00007fc1616ff000)]
  0x00007fc1e02bb000 JavaThread "Reference Handler" daemon [_thread_blocked, id=20222, stack(0x00007fc1616ff000,0x00007fc161800000)]
  0x00007fc1e0016800 JavaThread "main" [_thread_blocked, id=20178, stack(0x00007fc1e720d000,0x00007fc1e730d000)]

Other Threads:
=>0x00007fc1e02b1000 VMThread "VM Thread" [stack: 0x00007fc1700ed000,0x00007fc1701ed000] [id=20201]
  0x00007fc1e07e3800 WatcherThread [stack: 0x00007fc133bff000,0x00007fc133cff000] [id=20248]
  0x00007fc1e002e000 GCTaskThread "GC Thread#0" [stack: 0x00007fc1c51f1000,0x00007fc1c52f1000] [id=20179]
  0x00007fc1e002f800 GCTaskThread "GC Thread#1" [stack: 0x00007fc1c50f0000,0x00007fc1c51f0000] [id=20180]
  0x00007fc1e0031800 GCTaskThread "GC Thread#2" [stack: 0x00007fc1c4fef000,0x00007fc1c50ef000] [id=20181]
  0x00007fc1e0033000 GCTaskThread "GC Thread#3" [stack: 0x00007fc1c4eee000,0x00007fc1c4fee000] [id=20182]
  0x00007fc1e0035000 GCTaskThread "GC Thread#4" [stack: 0x00007fc1c4ded000,0x00007fc1c4eed000] [id=20183]
  0x00007fc1e0036800 GCTaskThread "GC Thread#5" [stack: 0x00007fc1c4cec000,0x00007fc1c4dec000] [id=20184]
  0x00007fc1e0038000 GCTaskThread "GC Thread#6" [stack: 0x00007fc1c4beb000,0x00007fc1c4ceb000] [id=20185]
  0x00007fc1e003a000 GCTaskThread "GC Thread#7" [stack: 0x00007fc1c4aea000,0x00007fc1c4bea000] [id=20186]
  0x00007fc1e00b1800 ConcurrentGCThread "G1 Main Marker" [stack: 0x00007fc19c7be000,0x00007fc19c8be000] [id=20196]
  0x00007fc1e00b3000 ConcurrentGCThread "G1 Marker#0" [stack: 0x00007fc19c6bd000,0x00007fc19c7bd000] [id=20197]
  0x00007fc1e00b5000 ConcurrentGCThread "G1 Marker#1" [stack: 0x00007fc19c5bc000,0x00007fc19c6bc000] [id=20198]
  0x00007fc1e0048800 ConcurrentGCThread "G1 Refine#0" [stack: 0x00007fc19f9fb000,0x00007fc19fafb000] [id=20194]
  0x00007fc1e0047000 ConcurrentGCThread "G1 Refine#1" [stack: 0x00007fc19fafc000,0x00007fc19fbfc000] [id=20193]
  0x00007fc1e0045000 ConcurrentGCThread "G1 Refine#2" [stack: 0x00007fc19fbfd000,0x00007fc19fcfd000] [id=20192]
  0x00007fc1e0043000 ConcurrentGCThread "G1 Refine#3" [stack: 0x00007fc19fcfe000,0x00007fc19fdfe000] [id=20191]
  0x00007fc1e0041800 ConcurrentGCThread "G1 Refine#4" [stack: 0x00007fc19fdff000,0x00007fc19feff000] [id=20190]
  0x00007fc1e003f800 ConcurrentGCThread "G1 Refine#5" [stack: 0x00007fc19ff00000,0x00007fc1a0000000] [id=20189]
  0x00007fc1e003e000 ConcurrentGCThread "G1 Refine#6" [stack: 0x00007fc1c40e0000,0x00007fc1c41e0000] [id=20188]
  0x00007fc1e003c000 ConcurrentGCThread "G1 Refine#7" [stack: 0x00007fc1c41e1000,0x00007fc1c42e1000] [id=20187]
  0x00007fc1e004a800 ConcurrentGCThread "G1 Young RemSet Sampling" [stack: 0x00007fc19f8fa000,0x00007fc19f9fa000] [id=20195]

Threads with active compile tasks:

VM state:at safepoint (normal execution)

VM Mutex/Monitor currently owned by a thread:  ([mutex/lock_event])
[0x00007fc1e0012ef0] Threads_lock - owner thread: 0x00007fc1e02b1000
[0x00007fc1e0013490] Heap_lock - owner thread: 0x00007fc128001000

Heap address: 0x0000000649e00000, size: 5986 MB, Compressed Oops mode: Zero based, Oop shift amount: 3
Narrow klass base: 0x0000000000000000, Narrow klass shift: 3
Compressed class space size: 1073741824 Address: 0x00000007c0000000

Heap:
 garbage-first heap   total 1155072K, used 10966K [0x0000000649e00000, 0x0000000649f02340, 0x00000007c0000000)
  region size 1024K, 4 young (4096K), 4 survivors (4096K)
 Metaspace       used 20043K, capacity 21160K, committed 21296K, reserved 1069056K
  class space    used 2377K, capacity 2616K, committed 2688K, reserved 1048576K
Heap Regions: E=young(eden), S=young(survivor), O=old, HS=humongous(starts), HC=humongous(continues), CS=collection set, F=free, A=archive, TS=gc time stamp, AC=allocation context, TAMS=top-at-mark-start (previous, next)
|   0|0x0000000649e00000, 0x0000000649f00000, 0x0000000649f00000|100%|HS|  |TS  0|AC  0|TAMS 0x0000000649e00000, 0x0000000649f00000|
|   1|0x0000000649f00000, 0x000000064a000000, 0x000000064a000000|100%| O|  |TS  1|AC  0|TAMS 0x0000000649f00000, 0x000000064a000000|
|   2|0x000000064a000000, 0x000000064a100000, 0x000000064a100000|100%| O|  |TS  1|AC  0|TAMS 0x000000064a000000, 0x000000064a100000|
|   3|0x000000064a100000, 0x000000064a200000, 0x000000064a200000|100%| O|  |TS  1|AC  0|TAMS 0x000000064a100000, 0x000000064a200000|
|   4|0x000000064a200000, 0x000000064a300000, 0x000000064a300000|100%| O|  |TS  3|AC  0|TAMS 0x000000064a200000, 0x000000064a300000|
|   5|0x000000064a300000, 0x000000064a400000, 0x000000064a400000|100%| O|  |TS  3|AC  0|TAMS 0x000000064a300000, 0x000000064a400000|
|   6|0x000000064a400000, 0x000000064a500000, 0x000000064a500000|100%| O|  |TS  3|AC  0|TAMS 0x000000064a400000, 0x000000064a500000|
|   7|0x000000064a500000, 0x000000064a525a00, 0x000000064a600000| 14%| O|  |TS  7|AC  0|TAMS 0x000000064a500000, 0x000000064a525a00|
|   8|0x000000064a600000, 0x000000064a600000, 0x000000064a700000|  0%| F|  |TS  0|AC  0|TAMS 0x000000064a600000, 0x000000064a600000|
|   9|0x000000064a700000, 0x000000064a700000, 0x000000064a800000|  0%| F|  |TS  0|AC  0|TAMS 0x000000064a700000, 0x000000064a700000|
|  10|0x000000064a800000, 0x000000064a800000, 0x000000064a900000|  0%| F|  |TS  0|AC  0|TAMS 0x000000064a800000, 0x000000064a800000|
|  11|0x000000064a900000, 0x000000064a900000, 0x000000064aa00000|  0%| F|  |TS  0|AC  0|TAMS 0x000000064a900000, 0x000000064a900000|
|  12|0x000000064aa00000, 0x000000064aa00000, 0x000000064ab00000|  0%| F|  |TS  0|AC  0|TAMS 0x000000064aa00000, 0x000000064aa00000|
|  13|0x000000064ab00000, 0x000000064ab00000, 0x000000064ac00000|  0%| F|  |TS  0|AC  0|TAMS 0x000000064ab00000, 0x000000064ab00000|
|  14|0x000000064ac00000, 0x000000064ac00000, 0x000000064ad00000|  0%| F|  |TS  0|AC  0|TAMS 0x000000064ac00000, 0x000000064ac00000|
|  15|0x000000064ad00000, 0x000000064ad00000, 0x000000064ae00000|  0%| F|  |TS  0|AC  0|TAMS 0x000000064ad00000, 0x000000064ad00000|
|  16|0x000000064ae00000, 0x000000064ae00000, 0x000000064af00000|  0%| F|  |TS  0|AC  0|TAMS 0x000000064ae00000, 0x000000064ae00000|
|  17|0x000000064af00000, 0x000000064af00000, 0x000000064b000000|  0%| F|  |TS  0|AC  0|TAMS 0x000000064af00000, 0x000000064af00000|
|  18|0x000000064b000000, 0x000000064b000000, 0x000000064b100000|  0%| F|  |TS  0|AC  0|TAMS 0x000000064b000000, 0x000000064b000000|
|  19|0x000000064b100000, 0x000000064b100000, 0x000000064b200000|  0%| F|  |TS  0|AC  0|TAMS 0x000000064b100000, 0x000000064b100000|
|  20|0x000000064b200000, 0x000000064b200000, 0x000000064b300000|  0%| F|  |TS  0|AC  0|TAMS 0x000000064b200000, 0x000000064b200000|
|  21|0x000000064b300000, 0x000000064b300000, 0x000000064b400000|  0%| F|  |TS  0|AC  0|TAMS 0x000000064b300000, 0x000000064b300000|
|  22|0x000000064b400000, 0x000000064b400000, 0x000000064b500000|  0%| F|  |TS  0|AC  0|TAMS 0x000000064b400000, 0x000000064b400000|
|  23|0x000000064b500000, 0x000000064b500000, 0x000000064b600000|  0%| F|  |TS  0|AC  0|TAMS 0x000000064b500000, 0x000000064b500000|
|  24|0x000000064b600000, 0x000000064b600000, 0x000000064b700000|  0%| F|  |TS  0|AC  0|TAMS 0x000000064b600000, 0x000000064b600000|
|  25|0x000000064b700000, 0x000000064b700000, 0x000000064b800000|  0%| F|  |TS  0|AC  0|TAMS 0x000000064b700000, 0x000000064b700000|
|  26|0x000000064b800000, 0x000000064b800000, 0x000000064b900000|  0%| F|  |TS  0|AC  0|TAMS 0x000000064b800000, 0x000000064b800000|
|  27|0x000000064b900000, 0x000000064b900000, 0x000000064ba00000|  0%| F|  |TS  0|AC  0|TAMS 0x000000064b900000, 0x000000064b900000|
|  28|0x000000064ba00000, 0x000000064ba00000, 0x000000064bb00000|  0%| F|  |TS  0|AC  0|TAMS 0x000000064ba00000, 0x000000064ba00000|
|  29|0x000000064bb00000, 0x000000064bb00000, 0x000000064bc00000|  0%| F|  |TS  0|AC  0|TAMS 0x000000064bb00000, 0x000000064bb00000|
|  30|0x000000064bc00000, 0x000000064bc00000, 0x000000064bd00000|  0%| F|  |TS  0|AC  0|TAMS 0x000000064bc00000, 0x000000064bc00000|
|  31|0x000000064bd00000, 0x000000064bd00000, 0x000000064be00000|  0%| F|  |TS  0|AC  0|TAMS 0x000000064bd00000, 0x000000064bd00000|
|  32|0x000000064be00000, 0x000000064be00000, 0x000000064bf00000|  0%| F|  |TS  0|AC  0|TAMS 0x000000064be00000, 0x000000064be00000|
|  33|0x000000064bf00000, 0x000000064bf00000, 0x000000064c000000|  0%| F|  |TS  0|AC  0|TAMS 0x000000064bf00000, 0x000000064bf00000|
|  34|0x000000064c000000, 0x000000064c000000, 0x000000064c100000|  0%| F|  |TS  0|AC  0|TAMS 0x000000064c000000, 0x000000064c000000|
|  35|0x000000064c100000, 0x000000064c100000, 0x000000064c200000|  0%| F|  |TS  0|AC  0|TAMS 0x000000064c100000, 0x000000064c100000|
|  36|0x000000064c200000, 0x000000064c200000, 0x000000064c300000|  0%| F|  |TS  0|AC  0|TAMS 0x000000064c200000, 0x000000064c200000|
|  37|0x000000064c300000, 0x000000064c300000, 0x000000064c400000|  0%| F|  |TS  0|AC  0|TAMS 0x000000064c300000, 0x000000064c300000|
|  38|0x000000064c400000, 0x000000064c400000, 0x000000064c500000|  0%| F|  |TS  0|AC  0|TAMS 0x000000064c400000, 0x000000064c400000|
|  39|0x000000064c500000, 0x000000064c500000, 0x000000064c600000|  0%| F|  |TS  0|AC  0|TAMS 0x000000064c500000, 0x000000064c500000|
|  40|0x000000064c600000, 0x000000064c600000, 0x000000064c700000|  0%| F|  |TS  0|AC  0|TAMS 0x000000064c600000, 0x000000064c600000|
|  41|0x000000064c700000, 0x000000064c700000, 0x000000064c800000|  0%| F|  |TS  0|AC  0|TAMS 0x000000064c700000, 0x000000064c700000|
|  42|0x000000064c800000, 0x000000064c800000, 0x000000064c900000|  0%| F|  |TS  0|AC  0|TAMS 0x000000064c800000, 0x000000064c800000|
|  43|0x000000064c900000, 0x000000064c900000, 0x000000064ca00000|  0%| F|  |TS  0|AC  0|TAMS 0x000000064c900000, 0x000000064c900000|
|  44|0x000000064ca00000, 0x000000064ca00000, 0x000000064cb00000|  0%| F|  |TS  0|AC  0|TAMS 0x000000064ca00000, 0x000000064ca00000|
|  45|0x000000064cb00000, 0x000000064cb00000, 0x000000064cc00000|  0%| F|  |TS  0|AC  0|TAMS 0x000000064cb00000, 0x000000064cb00000|
|  46|0x000000064cc00000, 0x000000064cc00000, 0x000000064cd00000|  0%| F|  |TS  0|AC  0|TAMS 0x000000064cc00000, 0x000000064cc00000|
|  47|0x000000064cd00000, 0x000000064cd00000, 0x000000064ce00000|  0%| F|  |TS  0|AC  0|TAMS 0x000000064cd00000, 0x000000064cd00000|
|  48|0x000000064ce00000, 0x000000064ce00000, 0x000000064cf00000|  0%| F|  |TS  0|AC  0|TAMS 0x000000064ce00000, 0x000000064ce00000|
|  49|0x000000064cf00000, 0x000000064cf00000, 0x000000064d000000|  0%| F|  |TS  0|AC  0|TAMS 0x000000064cf00000, 0x000000064cf00000|
|  50|0x000000064d000000, 0x000000064d000000, 0x000000064d100000|  0%| F|  |TS  0|AC  0|TAMS 0x000000064d000000, 0x000000064d000000|
|  51|0x000000064d100000, 0x000000064d100000, 0x000000064d200000|  0%| F|  |TS  0|AC  0|TAMS 0x000000064d100000, 0x000000064d100000|
|  52|0x000000064d200000, 0x000000064d200000, 0x000000064d300000|  0%| F|  |TS  0|AC  0|TAMS 0x000000064d200000, 0x000000064d200000|
|  53|0x000000064d300000, 0x000000064d300000, 0x000000064d400000|  0%| F|  |TS  0|AC  0|TAMS 0x000000064d300000, 0x000000064d300000|
|  54|0x000000064d400000, 0x000000064d400000, 0x000000064d500000|  0%| F|  |TS  0|AC  0|TAMS 0x000000064d400000, 0x000000064d400000|
|  55|0x000000064d500000, 0x000000064d500000, 0x000000064d600000|  0%| F|  |TS  0|AC  0|TAMS 0x000000064d500000, 0x000000064d500000|
|  56|0x000000064d600000, 0x000000064d600000, 0x000000064d700000|  0%| F|  |TS  0|AC  0|TAMS 0x000000064d600000, 0x000000064d600000|
|  57|0x000000064d700000, 0x000000064d700000, 0x000000064d800000|  0%| F|  |TS  0|AC  0|TAMS 0x000000064d700000, 0x000000064d700000|
|  58|0x000000064d800000, 0x000000064d800000, 0x000000064d900000|  0%| F|  |TS  0|AC  0|TAMS 0x000000064d800000, 0x000000064d800000|
|  59|0x000000064d900000, 0x000000064d900000, 0x000000064da00000|  0%| F|  |TS  0|AC  0|TAMS 0x000000064d900000, 0x000000064d900000|
|  60|0x000000064da00000, 0x000000064da00000, 0x000000064db00000|  0%| F|  |TS  0|AC  0|TAMS 0x000000064da00000, 0x000000064da00000|
|  61|0x000000064db00000, 0x000000064db00000, 0x000000064dc00000|  0%| F|  |TS  0|AC  0|TAMS 0x000000064db00000, 0x000000064db00000|
|  62|0x000000064dc00000, 0x000000064dc00000, 0x000000064dd00000|  0%| F|  |TS  0|AC  0|TAMS 0x000000064dc00000, 0x000000064dc00000|
|  63|0x000000064dd00000, 0x000000064dd00000, 0x000000064de00000|  0%| F|  |TS  0|AC  0|TAMS 0x000000064dd00000, 0x000000064dd00000|
|  64|0x000000064de00000, 0x000000064de00000, 0x000000064df00000|  0%| F|  |TS  0|AC  0|TAMS 0x000000064de00000, 0x000000064de00000|
|  65|0x000000064df00000, 0x000000064df00000, 0x000000064e000000|  0%| F|  |TS  0|AC  0|TAMS 0x000000064df00000, 0x000000064df00000|
|  66|0x000000064e000000, 0x000000064e000000, 0x000000064e100000|  0%| F|  |TS  0|AC  0|TAMS 0x000000064e000000, 0x000000064e000000|
|  67|0x000000064e100000, 0x000000064e100000, 0x000000064e200000|  0%| F|  |TS  0|AC  0|TAMS 0x000000064e100000, 0x000000064e100000|
|  68|0x000000064e200000, 0x000000064e200000, 0x000000064e300000|  0%| F|  |TS  0|AC  0|TAMS 0x000000064e200000, 0x000000064e200000|
|  69|0x000000064e300000, 0x000000064e300000, 0x000000064e400000|  0%| F|  |TS  0|AC  0|TAMS 0x000000064e300000, 0x000000064e300000|
|  70|0x000000064e400000, 0x000000064e400000, 0x000000064e500000|  0%| F|  |TS  0|AC  0|TAMS 0x000000064e400000, 0x000000064e400000|
|  71|0x000000064e500000, 0x000000064e500000, 0x000000064e600000|  0%| F|  |TS  0|AC  0|TAMS 0x000000064e500000, 0x000000064e500000|
|  72|0x000000064e600000, 0x000000064e600000, 0x000000064e700000|  0%| F|  |TS  0|AC  0|TAMS 0x000000064e600000, 0x000000064e600000|
|  73|0x000000064e700000, 0x000000064e700000, 0x000000064e800000|  0%| F|  |TS  0|AC  0|TAMS 0x000000064e700000, 0x000000064e700000|
|  74|0x000000064e800000, 0x000000064e800000, 0x000000064e900000|  0%| F|  |TS  0|AC  0|TAMS 0x000000064e800000, 0x000000064e800000|
|  75|0x000000064e900000, 0x000000064e900000, 0x000000064ea00000|  0%| F|  |TS  0|AC  0|TAMS 0x000000064e900000, 0x000000064e900000|
|  76|0x000000064ea00000, 0x000000064ea00000, 0x000000064eb00000|  0%| F|  |TS  0|AC  0|TAMS 0x000000064ea00000, 0x000000064ea00000|
|  77|0x000000064eb00000, 0x000000064eb00000, 0x000000064ec00000|  0%| F|  |TS  0|AC  0|TAMS 0x000000064eb00000, 0x000000064eb00000|
|  78|0x000000064ec00000, 0x000000064ec00000, 0x000000064ed00000|  0%| F|  |TS  0|AC  0|TAMS 0x000000064ec00000, 0x000000064ec00000|
|  79|0x000000064ed00000, 0x000000064ed00000, 0x000000064ee00000|  0%| F|  |TS  0|AC  0|TAMS 0x000000064ed00000, 0x000000064ed00000|
|  80|0x000000064ee00000, 0x000000064ee00000, 0x000000064ef00000|  0%| F|  |TS  0|AC  0|TAMS 0x000000064ee00000, 0x000000064ee00000|
|  81|0x000000064ef00000, 0x000000064ef00000, 0x000000064f000000|  0%| F|  |TS  0|AC  0|TAMS 0x000000064ef00000, 0x000000064ef00000|
|  82|0x000000064f000000, 0x000000064f000000, 0x000000064f100000|  0%| F|  |TS  0|AC  0|TAMS 0x000000064f000000, 0x000000064f000000|
|  83|0x000000064f100000, 0x000000064f100000, 0x000000064f200000|  0%| F|  |TS  0|AC  0|TAMS 0x000000064f100000, 0x000000064f100000|
|  84|0x000000064f200000, 0x000000064f200000, 0x000000064f300000|  0%| F|  |TS  0|AC  0|TAMS 0x000000064f200000, 0x000000064f200000|
|  85|0x000000064f300000, 0x000000064f300000, 0x000000064f400000|  0%| F|  |TS  0|AC  0|TAMS 0x000000064f300000, 0x000000064f300000|
|  86|0x000000064f400000, 0x000000064f400000, 0x000000064f500000|  0%| F|  |TS  0|AC  0|TAMS 0x000000064f400000, 0x000000064f400000|
|  87|0x000000064f500000, 0x000000064f500000, 0x000000064f600000|  0%| F|  |TS  0|AC  0|TAMS 0x000000064f500000, 0x000000064f500000|
|  88|0x000000064f600000, 0x000000064f600000, 0x000000064f700000|  0%| F|  |TS  0|AC  0|TAMS 0x000000064f600000, 0x000000064f600000|
|  89|0x000000064f700000, 0x000000064f700000, 0x000000064f800000|  0%| F|  |TS  0|AC  0|TAMS 0x000000064f700000, 0x000000064f700000|
|  90|0x000000064f800000, 0x000000064f800000, 0x000000064f900000|  0%| F|  |TS  0|AC  0|TAMS 0x000000064f800000, 0x000000064f800000|
|  91|0x000000064f900000, 0x000000064f900000, 0x000000064fa00000|  0%| F|  |TS  0|AC  0|TAMS 0x000000064f900000, 0x000000064f900000|
|  92|0x000000064fa00000, 0x000000064fa00000, 0x000000064fb00000|  0%| F|  |TS  0|AC  0|TAMS 0x000000064fa00000, 0x000000064fa00000|
|  93|0x000000064fb00000, 0x000000064fb00000, 0x000000064fc00000|  0%| F|  |TS  0|AC  0|TAMS 0x000000064fb00000, 0x000000064fb00000|
|  94|0x000000064fc00000, 0x000000064fc00000, 0x000000064fd00000|  0%| F|  |TS  0|AC  0|TAMS 0x000000064fc00000, 0x000000064fc00000|
|  95|0x000000064fd00000, 0x000000064fd00000, 0x000000064fe00000|  0%| F|  |TS  0|AC  0|TAMS 0x000000064fd00000, 0x000000064fd00000|
|  96|0x000000064fe00000, 0x000000064fe00000, 0x000000064ff00000|  0%| F|  |TS  0|AC  0|TAMS 0x000000064fe00000, 0x000000064fe00000|
|  97|0x000000064ff00000, 0x000000064ff00000, 0x0000000650000000|  0%| F|  |TS  0|AC  0|TAMS 0x000000064ff00000, 0x000000064ff00000|
|  98|0x0000000650000000, 0x0000000650000000, 0x0000000650100000|  0%| F|  |TS  0|AC  0|TAMS 0x0000000650000000, 0x0000000650000000|
|  99|0x0000000650100000, 0x0000000650100000, 0x0000000650200000|  0%| F|  |TS  0|AC  0|TAMS 0x0000000650100000, 0x0000000650100000|
| 100|0x0000000650200000, 0x0000000650200000, 0x0000000650300000|  0%| F|  |TS  0|AC  0|TAMS 0x0000000650200000, 0x0000000650200000|
| 101|0x0000000650300000, 0x0000000650300000, 0x0000000650400000|  0%| F|  |TS  0|AC  0|TAMS 0x0000000650300000, 0x0000000650300000|
| 102|0x0000000650400000, 0x0000000650400000, 0x0000000650500000|  0%| F|  |TS  0|AC  0|TAMS 0x0000000650400000, 0x0000000650400000|
| 103|0x0000000650500000, 0x0000000650500000, 0x0000000650600000|  0%| F|  |TS  0|AC  0|TAMS 0x0000000650500000, 0x0000000650500000|
| 104|0x0000000650600000, 0x0000000650600000, 0x0000000650700000|  0%| F|  |TS  0|AC  0|TAMS 0x0000000650600000, 0x0000000650600000|
| 105|0x0000000650700000, 0x0000000650700000, 0x0000000650800000|  0%| F|  |TS  0|AC  0|TAMS 0x0000000650700000, 0x0000000650700000|
| 106|0x0000000650800000, 0x0000000650800000, 0x0000000650900000|  0%| F|  |TS  0|AC  0|TAMS 0x0000000650800000, 0x0000000650800000|
| 107|0x0000000650900000, 0x0000000650900000, 0x0000000650a00000|  0%| F|  |TS  0|AC  0|TAMS 0x0000000650900000, 0x0000000650900000|
| 108|0x0000000650a00000, 0x0000000650a00000, 0x0000000650b00000|  0%| F|  |TS  0|AC  0|TAMS 0x0000000650a00000, 0x0000000650a00000|
| 109|0x0000000650b00000, 0x0000000650b00000, 0x0000000650c00000|  0%| F|  |TS  0|AC  0|TAMS 0x0000000650b00000, 0x0000000650b00000|
| 110|0x0000000650c00000, 0x0000000650c00000, 0x0000000650d00000|  0%| F|  |TS  0|AC  0|TAMS 0x0000000650c00000, 0x0000000650c00000|
| 111|0x0000000650d00000, 0x0000000650d00000, 0x0000000650e00000|  0%| F|  |TS  0|AC  0|TAMS 0x0000000650d00000, 0x0000000650d00000|
| 112|0x0000000650e00000, 0x0000000650e00000, 0x0000000650f00000|  0%| F|  |TS  0|AC  0|TAMS 0x0000000650e00000, 0x0000000650e00000|
| 113|0x0000000650f00000, 0x0000000650f00000, 0x0000000651000000|  0%| F|  |TS  0|AC  0|TAMS 0x0000000650f00000, 0x0000000650f00000|
| 114|0x0000000651000000, 0x0000000651000000, 0x0000000651100000|  0%| F|  |TS  0|AC  0|TAMS 0x0000000651000000, 0x0000000651000000|
| 115|0x0000000651100000, 0x0000000651100000, 0x0000000651200000|  0%| F|  |TS  0|AC  0|TAMS 0x0000000651100000, 0x0000000651100000|
| 116|0x0000000651200000, 0x0000000651200000, 0x0000000651300000|  0%| F|  |TS  0|AC  0|TAMS 0x0000000651200000, 0x0000000651200000|
| 117|0x0000000651300000, 0x0000000651300000, 0x0000000651400000|  0%| F|  |TS  0|AC  0|TAMS 0x0000000651300000, 0x0000000651300000|
| 118|0x0000000651400000, 0x0000000651400000, 0x0000000651500000|  0%| F|  |TS  0|AC  0|TAMS 0x0000000651400000, 0x0000000651400000|
| 119|0x0000000651500000, 0x0000000651500000, 0x0000000651600000|  0%| F|  |TS  0|AC  0|TAMS 0x0000000651500000, 0x0000000651500000|
| 120|0x0000000651600000, 0x0000000651600000, 0x0000000651700000|  0%| F|  |TS  0|AC  0|TAMS 0x0000000651600000, 0x0000000651600000|
| 121|0x0000000651700000, 0x0000000651700000, 0x0000000651800000|  0%| F|  |TS  0|AC  0|TAMS 0x0000000651700000, 0x0000000651700000|
| 122|0x0000000651800000, 0x0000000651800000, 0x0000000651900000|  0%| F|  |TS  0|AC  0|TAMS 0x0000000651800000, 0x0000000651800000|
| 123|0x0000000651900000, 0x0000000651900000, 0x0000000651a00000|  0%| F|  |TS  0|AC  0|TAMS 0x0000000651900000, 0x0000000651900000|
| 124|0x0000000651a00000, 0x0000000651a00000, 0x0000000651b00000|  0%| F|  |TS  0|AC  0|TAMS 0x0000000651a00000, 0x0000000651a00000|
| 125|0x0000000651b00000, 0x0000000651b00000, 0x0000000651c00000|  0%| F|  |TS  0|AC  0|TAMS 0x0000000651b00000, 0x0000000651b00000|
| 126|0x0000000651c00000, 0x0000000651c00000, 0x0000000651d00000|  0%| F|  |TS  0|AC  0|TAMS 0x0000000651c00000, 0x0000000651c00000|
| 127|0x0000000651d00000, 0x0000000651d00000, 0x0000000651e00000|  0%| F|  |TS  0|AC  0|TAMS 0x0000000651d00000, 0x0000000651d00000|
| 128|0x0000000651e00000, 0x0000000651e00000, 0x0000000651f00000|  0%| F|  |TS  0|AC  0|TAMS 0x0000000651e00000, 0x0000000651e00000|
| 129|0x0000000651f00000, 0x0000000651f00000, 0x0000000652000000|  0%| F|  |TS  0|AC  0|TAMS 0x0000000651f00000, 0x0000000651f00000|
| 130|0x0000000652000000, 0x0000000652000000, 0x0000000652100000|  0%| F|  |TS  0|AC  0|TAMS 0x0000000652000000, 0x0000000652000000|
| 131|0x0000000652100000, 0x0000000652100000, 0x0000000652200000|  0%| F|  |TS  0|AC  0|TAMS 0x0000000652100000, 0x0000000652100000|
| 132|0x0000000652200000, 0x0000000652200000, 0x0000000652300000|  0%| F|  |TS  0|AC  0|TAMS 0x0000000652200000, 0x0000000652200000|
| 133|0x0000000652300000, 0x0000000652300000, 0x0000000652400000|  0%| F|  |TS  0|AC  0|TAMS 0x0000000652300000, 0x0000000652300000|
| 134|0x0000000652400000, 0x0000000652400000, 0x0000000652500000|  0%| F|  |TS  0|AC  0|TAMS 0x0000000652400000, 0x0000000652400000|
| 135|0x0000000652500000, 0x0000000652500000, 0x0000000652600000|  0%| F|  |TS  0|AC  0|TAMS 0x0000000652500000, 0x0000000652500000|
| 136|0x0000000652600000, 0x0000000652600000, 0x0000000652700000|  0%| F|  |TS  0|AC  0|TAMS 0x0000000652600000, 0x0000000652600000|
| 137|0x0000000652700000, 0x0000000652700000, 0x0000000652800000|  0%| F|  |TS  0|AC  0|TAMS 0x0000000652700000, 0x0000000652700000|
| 138|0x0000000652800000, 0x0000000652800000, 0x0000000652900000|  0%| F|  |TS  0|AC  0|TAMS 0x0000000652800000, 0x0000000652800000|
| 139|0x0000000652900000, 0x0000000652900000, 0x0000000652a00000|  0%| F|  |TS  0|AC  0|TAMS 0x0000000652900000, 0x0000000652900000|
| 140|0x0000000652a00000, 0x0000000652a00000, 0x0000000652b00000|  0%| F|  |TS  0|AC  0|TAMS 0x0000000652a00000, 0x0000000652a00000|
| 141|0x0000000652b00000, 0x0000000652b00000, 0x0000000652c00000|  0%| F|  |TS  0|AC  0|TAMS 0x0000000652b00000, 0x0000000652b00000|
| 142|0x0000000652c00000, 0x0000000652c00000, 0x0000000652d00000|  0%| F|  |TS  0|AC  0|TAMS 0x0000000652c00000, 0x0000000652c00000|
| 143|0x0000000652d00000, 0x0000000652d00000, 0x0000000652e00000|  0%| F|  |TS  0|AC  0|TAMS 0x0000000652d00000, 0x0000000652d00000|
| 144|0x0000000652e00000, 0x0000000652e00000, 0x0000000652f00000|  0%| F|  |TS  0|AC  0|TAMS 0x0000000652e00000, 0x0000000652e00000|
| 145|0x0000000652f00000, 0x0000000652f00000, 0x0000000653000000|  0%| F|  |TS  0|AC  0|TAMS 0x0000000652f00000, 0x0000000652f00000|
| 146|0x0000000653000000, 0x0000000653000000, 0x0000000653100000|  0%| F|  |TS  0|AC  0|TAMS 0x0000000653000000, 0x0000000653000000|
| 147|0x0000000653100000, 0x0000000653100000, 0x0000000653200000|  0%| F|  |TS  0|AC  0|TAMS 0x0000000653100000, 0x0000000653100000|
| 148|0x0000000653200000, 0x0000000653200000, 0x0000000653300000|  0%| F|  |TS  0|AC  0|TAMS 0x0000000653200000, 0x0000000653200000|
| 149|0x0000000653300000, 0x0000000653300000, 0x0000000653400000|  0%| F|  |TS  0|AC  0|TAMS 0x0000000653300000, 0x0000000653300000|
| 150|0x0000000653400000, 0x0000000653400000, 0x0000000653500000|  0%| F|  |TS  0|AC  0|TAMS 0x0000000653400000, 0x0000000653400000|
| 151|0x0000000653500000, 0x0000000653500000, 0x0000000653600000|  0%| F|  |TS  0|AC  0|TAMS 0x0000000653500000, 0x0000000653500000|
| 152|0x0000000653600000, 0x0000000653600000, 0x0000000653700000|  0%| F|  |TS  0|AC  0|TAMS 0x0000000653600000, 0x0000000653600000|
| 153|0x0000000653700000, 0x0000000653700000, 0x0000000653800000|  0%| F|  |TS  0|AC  0|TAMS 0x0000000653700000, 0x0000000653700000|
| 154|0x0000000653800000, 0x0000000653800000, 0x0000000653900000|  0%| F|  |TS  0|AC  0|TAMS 0x0000000653800000, 0x0000000653800000|
| 155|0x0000000653900000, 0x0000000653900000, 0x0000000653a00000|  0%| F|  |TS  0|AC  0|TAMS 0x0000000653900000, 0x0000000653900000|
| 156|0x0000000653a00000, 0x0000000653a00000, 0x0000000653b00000|  0%| F|  |TS  0|AC  0|TAMS 0x0000000653a00000, 0x0000000653a00000|
| 157|0x0000000653b00000, 0x0000000653b00000, 0x0000000653c00000|  0%| F|  |TS  0|AC  0|TAMS 0x0000000653b00000, 0x0000000653b00000|
| 158|0x0000000653c00000, 0x0000000653c00000, 0x0000000653d00000|  0%| F|  |TS  0|AC  0|TAMS 0x0000000653c00000, 0x0000000653c00000|
| 159|0x0000000653d00000, 0x0000000653d00000, 0x0000000653e00000|  0%| F|  |TS  0|AC  0|TAMS 0x0000000653d00000, 0x0000000653d00000|
| 160|0x0000000653e00000, 0x0000000653e00000, 0x0000000653f00000|  0%| F|  |TS  0|AC  0|TAMS 0x0000000653e00000, 0x0000000653e00000|
| 161|0x0000000653f00000, 0x0000000653f00000, 0x0000000654000000|  0%| F|  |TS  0|AC  0|TAMS 0x0000000653f00000, 0x0000000653f00000|
| 162|0x0000000654000000, 0x0000000654000000, 0x0000000654100000|  0%| F|  |TS  0|AC  0|TAMS 0x0000000654000000, 0x0000000654000000|
| 163|0x0000000654100000, 0x0000000654100000, 0x0000000654200000|  0%| F|  |TS  0|AC  0|TAMS 0x0000000654100000, 0x0000000654100000|
| 164|0x0000000654200000, 0x0000000654200000, 0x0000000654300000|  0%| F|  |TS  0|AC  0|TAMS 0x0000000654200000, 0x0000000654200000|
| 165|0x0000000654300000, 0x0000000654300000, 0x0000000654400000|  0%| F|  |TS  0|AC  0|TAMS 0x0000000654300000, 0x0000000654300000|
| 166|0x0000000654400000, 0x0000000654400000, 0x0000000654500000|  0%| F|  |TS  0|AC  0|TAMS 0x0000000654400000, 0x0000000654400000|
| 167|0x0000000654500000, 0x0000000654500000, 0x0000000654600000|  0%| F|  |TS  0|AC  0|TAMS 0x0000000654500000, 0x0000000654500000|
| 168|0x0000000654600000, 0x0000000654600000, 0x0000000654700000|  0%| F|  |TS  0|AC  0|TAMS 0x0000000654600000, 0x0000000654600000|
| 169|0x0000000654700000, 0x0000000654700000, 0x0000000654800000|  0%| F|  |TS  0|AC  0|TAMS 0x0000000654700000, 0x0000000654700000|
| 170|0x0000000654800000, 0x0000000654800000, 0x0000000654900000|  0%| F|  |TS  0|AC  0|TAMS 0x0000000654800000, 0x0000000654800000|
| 171|0x0000000654900000, 0x0000000654900000, 0x0000000654a00000|  0%| F|  |TS  0|AC  0|TAMS 0x0000000654900000, 0x0000000654900000|
| 172|0x0000000654a00000, 0x0000000654a00000, 0x0000000654b00000|  0%| F|  |TS  0|AC  0|TAMS 0x0000000654a00000, 0x0000000654a00000|
| 173|0x0000000654b00000, 0x0000000654b00000, 0x0000000654c00000|  0%| F|  |TS  0|AC  0|TAMS 0x0000000654b00000, 0x0000000654b00000|
| 174|0x0000000654c00000, 0x0000000654c00000, 0x0000000654d00000|  0%| F|  |TS  0|AC  0|TAMS 0x0000000654c00000, 0x0000000654c00000|
| 175|0x0000000654d00000, 0x0000000654d00000, 0x0000000654e00000|  0%| F|  |TS  0|AC  0|TAMS 0x0000000654d00000, 0x0000000654d00000|
| 176|0x0000000654e00000, 0x0000000654e00000, 0x0000000654f00000|  0%| F|  |TS  0|AC  0|TAMS 0x0000000654e00000, 0x0000000654e00000|
| 177|0x0000000654f00000, 0x0000000654f00000, 0x0000000655000000|  0%| F|  |TS  0|AC  0|TAMS 0x0000000654f00000, 0x0000000654f00000|
| 178|0x0000000655000000, 0x0000000655000000, 0x0000000655100000|  0%| F|  |TS  0|AC  0|TAMS 0x0000000655000000, 0x0000000655000000|
| 179|0x0000000655100000, 0x0000000655100000, 0x0000000655200000|  0%| F|  |TS  0|AC  0|TAMS 0x0000000655100000, 0x0000000655100000|
| 180|0x0000000655200000, 0x0000000655200000, 0x0000000655300000|  0%| F|  |TS  0|AC  0|TAMS 0x0000000655200000, 0x0000000655200000|
| 181|0x0000000655300000, 0x0000000655300000, 0x0000000655400000|  0%| F|  |TS  0|AC  0|TAMS 0x0000000655300000, 0x0000000655300000|
| 182|0x0000000655400000, 0x0000000655400000, 0x0000000655500000|  0%| F|  |TS  0|AC  0|TAMS 0x0000000655400000, 0x0000000655400000|
| 183|0x0000000655500000, 0x0000000655500000, 0x0000000655600000|  0%| F|  |TS  0|AC  0|TAMS 0x0000000655500000, 0x0000000655500000|
| 184|0x0000000655600000, 0x0000000655600000, 0x0000000655700000|  0%| F|  |TS  0|AC  0|TAMS 0x0000000655600000, 0x0000000655600000|
| 185|0x0000000655700000, 0x0000000655700000, 0x0000000655800000|  0%| F|  |TS  0|AC  0|TAMS 0x0000000655700000, 0x0000000655700000|
| 186|0x0000000655800000, 0x0000000655800000, 0x0000000655900000|  0%| F|  |TS  0|AC  0|TAMS 0x0000000655800000, 0x0000000655800000|
| 187|0x0000000655900000, 0x0000000655900000, 0x0000000655a00000|  0%| F|  |TS  0|AC  0|TAMS 0x0000000655900000, 0x0000000655900000|
| 188|0x0000000655a00000, 0x0000000655a00000, 0x0000000655b00000|  0%| F|  |TS  0|AC  0|TAMS 0x0000000655a00000, 0x0000000655a00000|
| 189|0x0000000655b00000, 0x0000000655b00000, 0x0000000655c00000|  0%| F|  |TS  0|AC  0|TAMS 0x0000000655b00000, 0x0000000655b00000|
| 190|0x0000000655c00000, 0x0000000655c00000, 0x0000000655d00000|  0%| F|  |TS  0|AC  0|TAMS 0x0000000655c00000, 0x0000000655c00000|
| 191|0x0000000655d00000, 0x0000000655d00000, 0x0000000655e00000|  0%| F|  |TS  0|AC  0|TAMS 0x0000000655d00000, 0x0000000655d00000|
| 192|0x0000000655e00000, 0x0000000655e00000, 0x0000000655f00000|  0%| F|  |TS  0|AC  0|TAMS 0x0000000655e00000, 0x0000000655e00000|
| 193|0x0000000655f00000, 0x0000000655f00000, 0x0000000656000000|  0%| F|  |TS  0|AC  0|TAMS 0x0000000655f00000, 0x0000000655f00000|
| 194|0x0000000656000000, 0x0000000656000000, 0x0000000656100000|  0%| F|  |TS  0|AC  0|TAMS 0x0000000656000000, 0x0000000656000000|
| 195|0x0000000656100000, 0x0000000656100000, 0x0000000656200000|  0%| F|  |TS  0|AC  0|TAMS 0x0000000656100000, 0x0000000656100000|
| 196|0x0000000656200000, 0x0000000656200000, 0x0000000656300000|  0%| F|  |TS  0|AC  0|TAMS 0x0000000656200000, 0x0000000656200000|
| 197|0x0000000656300000, 0x0000000656300000, 0x0000000656400000|  0%| F|  |TS  0|AC  0|TAMS 0x0000000656300000, 0x0000000656300000|
| 198|0x0000000656400000, 0x0000000656400000, 0x0000000656500000|  0%| F|  |TS  0|AC  0|TAMS 0x0000000656400000, 0x0000000656400000|
| 199|0x0000000656500000, 0x0000000656500000, 0x0000000656600000|  0%| F|  |TS  0|AC  0|TAMS 0x0000000656500000, 0x0000000656500000|
| 200|0x0000000656600000, 0x0000000656600000, 0x0000000656700000|  0%| F|  |TS  0|AC  0|TAMS 0x0000000656600000, 0x0000000656600000|
| 201|0x0000000656700000, 0x0000000656700000, 0x0000000656800000|  0%| F|  |TS  0|AC  0|TAMS 0x0000000656700000, 0x0000000656700000|
| 202|0x0000000656800000, 0x0000000656800000, 0x0000000656900000|  0%| F|  |TS  0|AC  0|TAMS 0x0000000656800000, 0x0000000656800000|
| 203|0x0000000656900000, 0x0000000656900000, 0x0000000656a00000|  0%| F|  |TS  0|AC  0|TAMS 0x0000000656900000, 0x0000000656900000|
| 204|0x0000000656a00000, 0x0000000656a00000, 0x0000000656b00000|  0%| F|  |TS  0|AC  0|TAMS 0x0000000656a00000, 0x0000000656a00000|
| 205|0x0000000656b00000, 0x0000000656b00000, 0x0000000656c00000|  0%| F|  |TS  0|AC  0|TAMS 0x0000000656b00000, 0x0000000656b00000|
| 206|0x0000000656c00000, 0x0000000656c00000, 0x0000000656d00000|  0%| F|  |TS  0|AC  0|TAMS 0x0000000656c00000, 0x0000000656c00000|
| 207|0x0000000656d00000, 0x0000000656d00000, 0x0000000656e00000|  0%| F|  |TS  0|AC  0|TAMS 0x0000000656d00000, 0x0000000656d00000|
| 208|0x0000000656e00000, 0x0000000656e00000, 0x0000000656f00000|  0%| F|  |TS  0|AC  0|TAMS 0x0000000656e00000, 0x0000000656e00000|
| 209|0x0000000656f00000, 0x0000000656f00000, 0x0000000657000000|  0%| F|  |TS  0|AC  0|TAMS 0x0000000656f00000, 0x0000000656f00000|
| 210|0x0000000657000000, 0x0000000657000000, 0x0000000657100000|  0%| F|  |TS  0|AC  0|TAMS 0x0000000657000000, 0x0000000657000000|
| 211|0x0000000657100000, 0x0000000657100000, 0x0000000657200000|  0%| F|  |TS  0|AC  0|TAMS 0x0000000657100000, 0x0000000657100000|
| 212|0x0000000657200000, 0x0000000657200000, 0x0000000657300000|  0%| F|  |TS  0|AC  0|TAMS 0x0000000657200000, 0x0000000657200000|
| 213|0x0000000657300000, 0x0000000657300000, 0x0000000657400000|  0%| F|  |TS  0|AC  0|TAMS 0x0000000657300000, 0x0000000657300000|
| 214|0x0000000657400000, 0x0000000657400000, 0x0000000657500000|  0%| F|  |TS  0|AC  0|TAMS 0x0000000657400000, 0x0000000657400000|
| 215|0x0000000657500000, 0x0000000657500000, 0x0000000657600000|  0%| F|  |TS  0|AC  0|TAMS 0x0000000657500000, 0x0000000657500000|
| 216|0x0000000657600000, 0x0000000657600000, 0x0000000657700000|  0%| F|  |TS  0|AC  0|TAMS 0x0000000657600000, 0x0000000657600000|
| 217|0x0000000657700000, 0x0000000657700000, 0x0000000657800000|  0%| F|  |TS  0|AC  0|TAMS 0x0000000657700000, 0x0000000657700000|
| 218|0x0000000657800000, 0x0000000657800000, 0x0000000657900000|  0%| F|  |TS  0|AC  0|TAMS 0x0000000657800000, 0x0000000657800000|
| 219|0x0000000657900000, 0x0000000657900000, 0x0000000657a00000|  0%| F|  |TS  0|AC  0|TAMS 0x0000000657900000, 0x0000000657900000|
| 220|0x0000000657a00000, 0x0000000657a00000, 0x0000000657b00000|  0%| F|  |TS  0|AC  0|TAMS 0x0000000657a00000, 0x0000000657a00000|
| 221|0x0000000657b00000, 0x0000000657b00000, 0x0000000657c00000|  0%| F|  |TS  0|AC  0|TAMS 0x0000000657b00000, 0x0000000657b00000|
| 222|0x0000000657c00000, 0x0000000657c00000, 0x0000000657d00000|  0%| F|  |TS  0|AC  0|TAMS 0x0000000657c00000, 0x0000000657c00000|
| 223|0x0000000657d00000, 0x0000000657d00000, 0x0000000657e00000|  0%| F|  |TS  0|AC  0|TAMS 0x0000000657d00000, 0x0000000657d00000|
| 224|0x0000000657e00000, 0x0000000657e00000, 0x0000000657f00000|  0%| F|  |TS  0|AC  0|TAMS 0x0000000657e00000, 0x0000000657e00000|
| 225|0x0000000657f00000, 0x0000000657f00000, 0x0000000658000000|  0%| F|  |TS  0|AC  0|TAMS 0x0000000657f00000, 0x0000000657f00000|
| 226|0x0000000658000000, 0x0000000658000000, 0x0000000658100000|  0%| F|  |TS  0|AC  0|TAMS 0x0000000658000000, 0x0000000658000000|
| 227|0x0000000658100000, 0x0000000658100000, 0x0000000658200000|  0%| F|  |TS  0|AC  0|TAMS 0x0000000658100000, 0x0000000658100000|
| 228|0x0000000658200000, 0x0000000658200000, 0x0000000658300000|  0%| F|  |TS  0|AC  0|TAMS 0x0000000658200000, 0x0000000658200000|
| 229|0x0000000658300000, 0x0000000658300000, 0x0000000658400000|  0%| F|  |TS  0|AC  0|TAMS 0x0000000658300000, 0x0000000658300000|
| 230|0x0000000658400000, 0x0000000658400000, 0x0000000658500000|  0%| F|  |TS  0|AC  0|TAMS 0x0000000658400000, 0x0000000658400000|
| 231|0x0000000658500000, 0x0000000658500000, 0x0000000658600000|  0%| F|  |TS  0|AC  0|TAMS 0x0000000658500000, 0x0000000658500000|
| 232|0x0000000658600000, 0x0000000658600000, 0x0000000658700000|  0%| F|  |TS  0|AC  0|TAMS 0x0000000658600000, 0x0000000658600000|
| 233|0x0000000658700000, 0x0000000658700000, 0x0000000658800000|  0%| F|  |TS  0|AC  0|TAMS 0x0000000658700000, 0x0000000658700000|
| 234|0x0000000658800000, 0x0000000658800000, 0x0000000658900000|  0%| F|  |TS  0|AC  0|TAMS 0x0000000658800000, 0x0000000658800000|
| 235|0x0000000658900000, 0x0000000658900000, 0x0000000658a00000|  0%| F|  |TS  0|AC  0|TAMS 0x0000000658900000, 0x0000000658900000|
| 236|0x0000000658a00000, 0x0000000658a00000, 0x0000000658b00000|  0%| F|  |TS  0|AC  0|TAMS 0x0000000658a00000, 0x0000000658a00000|
| 237|0x0000000658b00000, 0x0000000658b00000, 0x0000000658c00000|  0%| F|  |TS  0|AC  0|TAMS 0x0000000658b00000, 0x0000000658b00000|
| 238|0x0000000658c00000, 0x0000000658c00000, 0x0000000658d00000|  0%| F|  |TS  0|AC  0|TAMS 0x0000000658c00000, 0x0000000658c00000|
| 239|0x0000000658d00000, 0x0000000658d00000, 0x0000000658e00000|  0%| F|  |TS  0|AC  0|TAMS 0x0000000658d00000, 0x0000000658d00000|
| 240|0x0000000658e00000, 0x0000000658e00000, 0x0000000658f00000|  0%| F|  |TS  0|AC  0|TAMS 0x0000000658e00000, 0x0000000658e00000|
| 241|0x0000000658f00000, 0x0000000658f00000, 0x0000000659000000|  0%| F|  |TS  0|AC  0|TAMS 0x0000000658f00000, 0x0000000658f00000|
| 242|0x0000000659000000, 0x0000000659000000, 0x0000000659100000|  0%| F|  |TS  0|AC  0|TAMS 0x0000000659000000, 0x0000000659000000|
| 243|0x0000000659100000, 0x0000000659100000, 0x0000000659200000|  0%| F|  |TS  0|AC  0|TAMS 0x0000000659100000, 0x0000000659100000|
| 244|0x0000000659200000, 0x0000000659200000, 0x0000000659300000|  0%| F|  |TS  0|AC  0|TAMS 0x0000000659200000, 0x0000000659200000|
| 245|0x0000000659300000, 0x0000000659300000, 0x0000000659400000|  0%| F|  |TS  0|AC  0|TAMS 0x0000000659300000, 0x0000000659300000|
| 246|0x0000000659400000, 0x0000000659400000, 0x0000000659500000|  0%| F|  |TS  0|AC  0|TAMS 0x0000000659400000, 0x0000000659400000|
| 247|0x0000000659500000, 0x0000000659500000, 0x0000000659600000|  0%| F|  |TS  0|AC  0|TAMS 0x0000000659500000, 0x0000000659500000|
| 248|0x0000000659600000, 0x0000000659600000, 0x0000000659700000|  0%| F|  |TS  0|AC  0|TAMS 0x0000000659600000, 0x0000000659600000|
| 249|0x0000000659700000, 0x0000000659700000, 0x0000000659800000|  0%| F|  |TS  0|AC  0|TAMS 0x0000000659700000, 0x0000000659700000|
| 250|0x0000000659800000, 0x0000000659800000, 0x0000000659900000|  0%| F|  |TS  0|AC  0|TAMS 0x0000000659800000, 0x0000000659800000|
| 251|0x0000000659900000, 0x0000000659900000, 0x0000000659a00000|  0%| F|  |TS  0|AC  0|TAMS 0x0000000659900000, 0x0000000659900000|
| 252|0x0000000659a00000, 0x0000000659a00000, 0x0000000659b00000|  0%| F|  |TS  0|AC  0|TAMS 0x0000000659a00000, 0x0000000659a00000|
| 253|0x0000000659b00000, 0x0000000659b00000, 0x0000000659c00000|  0%| F|  |TS  0|AC  0|TAMS 0x0000000659b00000, 0x0000000659b00000|
| 254|0x0000000659c00000, 0x0000000659c00000, 0x0000000659d00000|  0%| F|  |TS  0|AC  0|TAMS 0x0000000659c00000, 0x0000000659c00000|
| 255|0x0000000659d00000, 0x0000000659d00000, 0x0000000659e00000|  0%| F|  |TS  0|AC  0|TAMS 0x0000000659d00000, 0x0000000659d00000|
| 256|0x0000000659e00000, 0x0000000659e00000, 0x0000000659f00000|  0%| F|  |TS  0|AC  0|TAMS 0x0000000659e00000, 0x0000000659e00000|
| 257|0x0000000659f00000, 0x0000000659f00000, 0x000000065a000000|  0%| F|  |TS  0|AC  0|TAMS 0x0000000659f00000, 0x0000000659f00000|
| 258|0x000000065a000000, 0x000000065a000000, 0x000000065a100000|  0%| F|  |TS  0|AC  0|TAMS 0x000000065a000000, 0x000000065a000000|
| 259|0x000000065a100000, 0x000000065a100000, 0x000000065a200000|  0%| F|  |TS  0|AC  0|TAMS 0x000000065a100000, 0x000000065a100000|
| 260|0x000000065a200000, 0x000000065a200000, 0x000000065a300000|  0%| F|  |TS  0|AC  0|TAMS 0x000000065a200000, 0x000000065a200000|
| 261|0x000000065a300000, 0x000000065a300000, 0x000000065a400000|  0%| F|  |TS  0|AC  0|TAMS 0x000000065a300000, 0x000000065a300000|
| 262|0x000000065a400000, 0x000000065a400000, 0x000000065a500000|  0%| F|  |TS  0|AC  0|TAMS 0x000000065a400000, 0x000000065a400000|
| 263|0x000000065a500000, 0x000000065a500000, 0x000000065a600000|  0%| F|  |TS  0|AC  0|TAMS 0x000000065a500000, 0x000000065a500000|
| 264|0x000000065a600000, 0x000000065a600000, 0x000000065a700000|  0%| F|  |TS  0|AC  0|TAMS 0x000000065a600000, 0x000000065a600000|
| 265|0x000000065a700000, 0x000000065a700000, 0x000000065a800000|  0%| F|  |TS  0|AC  0|TAMS 0x000000065a700000, 0x000000065a700000|
| 266|0x000000065a800000, 0x000000065a800000, 0x000000065a900000|  0%| F|  |TS  0|AC  0|TAMS 0x000000065a800000, 0x000000065a800000|
| 267|0x000000065a900000, 0x000000065a900000, 0x000000065aa00000|  0%| F|  |TS  0|AC  0|TAMS 0x000000065a900000, 0x000000065a900000|
| 268|0x000000065aa00000, 0x000000065aa00000, 0x000000065ab00000|  0%| F|  |TS  0|AC  0|TAMS 0x000000065aa00000, 0x000000065aa00000|
| 269|0x000000065ab00000, 0x000000065ab00000, 0x000000065ac00000|  0%| F|  |TS  0|AC  0|TAMS 0x000000065ab00000, 0x000000065ab00000|
| 270|0x000000065ac00000, 0x000000065ac00000, 0x000000065ad00000|  0%| F|  |TS  0|AC  0|TAMS 0x000000065ac00000, 0x000000065ac00000|
| 271|0x000000065ad00000, 0x000000065ad00000, 0x000000065ae00000|  0%| F|  |TS  0|AC  0|TAMS 0x000000065ad00000, 0x000000065ad00000|
| 272|0x000000065ae00000, 0x000000065ae00000, 0x000000065af00000|  0%| F|  |TS  0|AC  0|TAMS 0x000000065ae00000, 0x000000065ae00000|
| 273|0x000000065af00000, 0x000000065af00000, 0x000000065b000000|  0%| F|  |TS  0|AC  0|TAMS 0x000000065af00000, 0x000000065af00000|
| 274|0x000000065b000000, 0x000000065b000000, 0x000000065b100000|  0%| F|  |TS  0|AC  0|TAMS 0x000000065b000000, 0x000000065b000000|
| 275|0x000000065b100000, 0x000000065b100000, 0x000000065b200000|  0%| F|  |TS  0|AC  0|TAMS 0x000000065b100000, 0x000000065b100000|
| 276|0x000000065b200000, 0x000000065b200000, 0x000000065b300000|  0%| F|  |TS  0|AC  0|TAMS 0x000000065b200000, 0x000000065b200000|
| 277|0x000000065b300000, 0x000000065b300000, 0x000000065b400000|  0%| F|  |TS  0|AC  0|TAMS 0x000000065b300000, 0x000000065b300000|
| 278|0x000000065b400000, 0x000000065b400000, 0x000000065b500000|  0%| F|  |TS  0|AC  0|TAMS 0x000000065b400000, 0x000000065b400000|
| 279|0x000000065b500000, 0x000000065b500000, 0x000000065b600000|  0%| F|  |TS  0|AC  0|TAMS 0x000000065b500000, 0x000000065b500000|
| 280|0x000000065b600000, 0x000000065b600000, 0x000000065b700000|  0%| F|  |TS  0|AC  0|TAMS 0x000000065b600000, 0x000000065b600000|
| 281|0x000000065b700000, 0x000000065b700000, 0x000000065b800000|  0%| F|  |TS  0|AC  0|TAMS 0x000000065b700000, 0x000000065b700000|
| 282|0x000000065b800000, 0x000000065b800000, 0x000000065b900000|  0%| F|  |TS  0|AC  0|TAMS 0x000000065b800000, 0x000000065b800000|
| 283|0x000000065b900000, 0x000000065b900000, 0x000000065ba00000|  0%| F|  |TS  0|AC  0|TAMS 0x000000065b900000, 0x000000065b900000|
| 284|0x000000065ba00000, 0x000000065ba00000, 0x000000065bb00000|  0%| F|  |TS  0|AC  0|TAMS 0x000000065ba00000, 0x000000065ba00000|
| 285|0x000000065bb00000, 0x000000065bb00000, 0x000000065bc00000|  0%| F|  |TS  0|AC  0|TAMS 0x000000065bb00000, 0x000000065bb00000|
| 286|0x000000065bc00000, 0x000000065bc00000, 0x000000065bd00000|  0%| F|  |TS  0|AC  0|TAMS 0x000000065bc00000, 0x000000065bc00000|
| 287|0x000000065bd00000, 0x000000065bd00000, 0x000000065be00000|  0%| F|  |TS  0|AC  0|TAMS 0x000000065bd00000, 0x000000065bd00000|
| 288|0x000000065be00000, 0x000000065be00000, 0x000000065bf00000|  0%| F|  |TS  0|AC  0|TAMS 0x000000065be00000, 0x000000065be00000|
| 289|0x000000065bf00000, 0x000000065bf00000, 0x000000065c000000|  0%| F|  |TS  0|AC  0|TAMS 0x000000065bf00000, 0x000000065bf00000|
| 290|0x000000065c000000, 0x000000065c000000, 0x000000065c100000|  0%| F|  |TS  0|AC  0|TAMS 0x000000065c000000, 0x000000065c000000|
| 291|0x000000065c100000, 0x000000065c100000, 0x000000065c200000|  0%| F|  |TS  0|AC  0|TAMS 0x000000065c100000, 0x000000065c100000|
| 292|0x000000065c200000, 0x000000065c200000, 0x000000065c300000|  0%| F|  |TS  0|AC  0|TAMS 0x000000065c200000, 0x000000065c200000|
| 293|0x000000065c300000, 0x000000065c300000, 0x000000065c400000|  0%| F|  |TS  0|AC  0|TAMS 0x000000065c300000, 0x000000065c300000|
| 294|0x000000065c400000, 0x000000065c400000, 0x000000065c500000|  0%| F|  |TS  0|AC  0|TAMS 0x000000065c400000, 0x000000065c400000|
| 295|0x000000065c500000, 0x000000065c500000, 0x000000065c600000|  0%| F|  |TS  0|AC  0|TAMS 0x000000065c500000, 0x000000065c500000|
| 296|0x000000065c600000, 0x000000065c600000, 0x000000065c700000|  0%| F|  |TS  0|AC  0|TAMS 0x000000065c600000, 0x000000065c600000|
| 297|0x000000065c700000, 0x000000065c700000, 0x000000065c800000|  0%| F|  |TS  0|AC  0|TAMS 0x000000065c700000, 0x000000065c700000|
| 298|0x000000065c800000, 0x000000065c800000, 0x000000065c900000|  0%| F|  |TS  0|AC  0|TAMS 0x000000065c800000, 0x000000065c800000|
| 299|0x000000065c900000, 0x000000065c900000, 0x000000065ca00000|  0%| F|  |TS  0|AC  0|TAMS 0x000000065c900000, 0x000000065c900000|
| 300|0x000000065ca00000, 0x000000065ca00000, 0x000000065cb00000|  0%| F|  |TS  0|AC  0|TAMS 0x000000065ca00000, 0x000000065ca00000|
| 301|0x000000065cb00000, 0x000000065cb00000, 0x000000065cc00000|  0%| F|  |TS  0|AC  0|TAMS 0x000000065cb00000, 0x000000065cb00000|
| 302|0x000000065cc00000, 0x000000065cc00000, 0x000000065cd00000|  0%| F|  |TS  0|AC  0|TAMS 0x000000065cc00000, 0x000000065cc00000|
| 303|0x000000065cd00000, 0x000000065cd00000, 0x000000065ce00000|  0%| F|  |TS  0|AC  0|TAMS 0x000000065cd00000, 0x000000065cd00000|
| 304|0x000000065ce00000, 0x000000065ce00000, 0x000000065cf00000|  0%| F|  |TS  0|AC  0|TAMS 0x000000065ce00000, 0x000000065ce00000|
| 305|0x000000065cf00000, 0x000000065cf00000, 0x000000065d000000|  0%| F|  |TS  0|AC  0|TAMS 0x000000065cf00000, 0x000000065cf00000|
| 306|0x000000065d000000, 0x000000065d000000, 0x000000065d100000|  0%| F|  |TS  0|AC  0|TAMS 0x000000065d000000, 0x000000065d000000|
| 307|0x000000065d100000, 0x000000065d100000, 0x000000065d200000|  0%| F|  |TS  0|AC  0|TAMS 0x000000065d100000, 0x000000065d100000|
| 308|0x000000065d200000, 0x000000065d200000, 0x000000065d300000|  0%| F|  |TS  0|AC  0|TAMS 0x000000065d200000, 0x000000065d200000|
| 309|0x000000065d300000, 0x000000065d300000, 0x000000065d400000|  0%| F|  |TS  0|AC  0|TAMS 0x000000065d300000, 0x000000065d300000|
| 310|0x000000065d400000, 0x000000065d400000, 0x000000065d500000|  0%| F|  |TS  0|AC  0|TAMS 0x000000065d400000, 0x000000065d400000|
| 311|0x000000065d500000, 0x000000065d500000, 0x000000065d600000|  0%| F|  |TS  0|AC  0|TAMS 0x000000065d500000, 0x000000065d500000|
| 312|0x000000065d600000, 0x000000065d600000, 0x000000065d700000|  0%| F|  |TS  0|AC  0|TAMS 0x000000065d600000, 0x000000065d600000|
| 313|0x000000065d700000, 0x000000065d700000, 0x000000065d800000|  0%| F|  |TS  0|AC  0|TAMS 0x000000065d700000, 0x000000065d700000|
| 314|0x000000065d800000, 0x000000065d800000, 0x000000065d900000|  0%| F|  |TS  0|AC  0|TAMS 0x000000065d800000, 0x000000065d800000|
| 315|0x000000065d900000, 0x000000065d900000, 0x000000065da00000|  0%| F|  |TS  0|AC  0|TAMS 0x000000065d900000, 0x000000065d900000|
| 316|0x000000065da00000, 0x000000065da00000, 0x000000065db00000|  0%| F|  |TS  0|AC  0|TAMS 0x000000065da00000, 0x000000065da00000|
| 317|0x000000065db00000, 0x000000065db00000, 0x000000065dc00000|  0%| F|  |TS  7|AC  0|TAMS 0x000000065db00000, 0x000000065db00000|
| 318|0x000000065dc00000, 0x000000065dc00000, 0x000000065dd00000|  0%| F|  |TS  7|AC  0|TAMS 0x000000065dc00000, 0x000000065dc00000|
| 319|0x000000065dd00000, 0x000000065dd00000, 0x000000065de00000|  0%| F|  |TS  7|AC  0|TAMS 0x000000065dd00000, 0x000000065dd00000|
| 320|0x000000065de00000, 0x000000065de00000, 0x000000065df00000|  0%| F|  |TS  7|AC  0|TAMS 0x000000065de00000, 0x000000065de00000|
| 321|0x000000065df00000, 0x000000065df00000, 0x000000065e000000|  0%| F|  |TS  7|AC  0|TAMS 0x000000065df00000, 0x000000065df00000|
| 322|0x000000065e000000, 0x000000065e000000, 0x000000065e100000|  0%| F|  |TS  7|AC  0|TAMS 0x000000065e000000, 0x000000065e000000|
| 323|0x000000065e100000, 0x000000065e100000, 0x000000065e200000|  0%| F|  |TS  5|AC  0|TAMS 0x000000065e100000, 0x000000065e100000|
| 324|0x000000065e200000, 0x000000065e200000, 0x000000065e300000|  0%| F|  |TS  5|AC  0|TAMS 0x000000065e200000, 0x000000065e200000|
| 325|0x000000065e300000, 0x000000065e300000, 0x000000065e400000|  0%| F|  |TS  5|AC  0|TAMS 0x000000065e300000, 0x000000065e300000|
| 326|0x000000065e400000, 0x000000065e400000, 0x000000065e500000|  0%| F|  |TS  5|AC  0|TAMS 0x000000065e400000, 0x000000065e400000|
| 327|0x000000065e500000, 0x000000065e500000, 0x000000065e600000|  0%| F|  |TS  5|AC  0|TAMS 0x000000065e500000, 0x000000065e500000|
| 328|0x000000065e600000, 0x000000065e600000, 0x000000065e700000|  0%| F|  |TS  5|AC  0|TAMS 0x000000065e600000, 0x000000065e600000|
| 329|0x000000065e700000, 0x000000065e700000, 0x000000065e800000|  0%| F|  |TS  5|AC  0|TAMS 0x000000065e700000, 0x000000065e700000|
| 330|0x000000065e800000, 0x000000065e800000, 0x000000065e900000|  0%| F|  |TS  5|AC  0|TAMS 0x000000065e800000, 0x000000065e800000|
| 331|0x000000065e900000, 0x000000065e900000, 0x000000065ea00000|  0%| F|  |TS  5|AC  0|TAMS 0x000000065e900000, 0x000000065e900000|
| 332|0x000000065ea00000, 0x000000065ea00000, 0x000000065eb00000|  0%| F|  |TS  5|AC  0|TAMS 0x000000065ea00000, 0x000000065ea00000|
| 333|0x000000065eb00000, 0x000000065eb00000, 0x000000065ec00000|  0%| F|  |TS  5|AC  0|TAMS 0x000000065eb00000, 0x000000065eb00000|
| 334|0x000000065ec00000, 0x000000065ec00000, 0x000000065ed00000|  0%| F|  |TS  5|AC  0|TAMS 0x000000065ec00000, 0x000000065ec00000|
| 335|0x000000065ed00000, 0x000000065ed00000, 0x000000065ee00000|  0%| F|  |TS  5|AC  0|TAMS 0x000000065ed00000, 0x000000065ed00000|
| 336|0x000000065ee00000, 0x000000065ee00000, 0x000000065ef00000|  0%| F|  |TS  5|AC  0|TAMS 0x000000065ee00000, 0x000000065ee00000|
| 337|0x000000065ef00000, 0x000000065ef00000, 0x000000065f000000|  0%| F|  |TS  5|AC  0|TAMS 0x000000065ef00000, 0x000000065ef00000|
| 338|0x000000065f000000, 0x000000065f000000, 0x000000065f100000|  0%| F|  |TS  5|AC  0|TAMS 0x000000065f000000, 0x000000065f000000|
| 339|0x000000065f100000, 0x000000065f100000, 0x000000065f200000|  0%| F|  |TS  5|AC  0|TAMS 0x000000065f100000, 0x000000065f100000|
| 340|0x000000065f200000, 0x000000065f200000, 0x000000065f300000|  0%| F|  |TS  5|AC  0|TAMS 0x000000065f200000, 0x000000065f200000|
| 341|0x000000065f300000, 0x000000065f300000, 0x000000065f400000|  0%| F|  |TS  5|AC  0|TAMS 0x000000065f300000, 0x000000065f300000|
| 342|0x000000065f400000, 0x000000065f400000, 0x000000065f500000|  0%| F|  |TS  5|AC  0|TAMS 0x000000065f400000, 0x000000065f400000|
| 343|0x000000065f500000, 0x000000065f500000, 0x000000065f600000|  0%| F|  |TS  5|AC  0|TAMS 0x000000065f500000, 0x000000065f500000|
| 344|0x000000065f600000, 0x000000065f600000, 0x000000065f700000|  0%| F|  |TS  5|AC  0|TAMS 0x000000065f600000, 0x000000065f600000|
| 345|0x000000065f700000, 0x000000065f700000, 0x000000065f800000|  0%| F|  |TS  5|AC  0|TAMS 0x000000065f700000, 0x000000065f700000|
| 346|0x000000065f800000, 0x000000065f800000, 0x000000065f900000|  0%| F|  |TS  5|AC  0|TAMS 0x000000065f800000, 0x000000065f800000|
| 347|0x000000065f900000, 0x000000065f900000, 0x000000065fa00000|  0%| F|  |TS  5|AC  0|TAMS 0x000000065f900000, 0x000000065f900000|
| 348|0x000000065fa00000, 0x000000065fa00000, 0x000000065fb00000|  0%| F|  |TS  5|AC  0|TAMS 0x000000065fa00000, 0x000000065fa00000|
| 349|0x000000065fb00000, 0x000000065fb00000, 0x000000065fc00000|  0%| F|  |TS  5|AC  0|TAMS 0x000000065fb00000, 0x000000065fb00000|
| 350|0x000000065fc00000, 0x000000065fc00000, 0x000000065fd00000|  0%| F|  |TS  5|AC  0|TAMS 0x000000065fc00000, 0x000000065fc00000|
| 351|0x000000065fd00000, 0x000000065fd00000, 0x000000065fe00000|  0%| F|  |TS  5|AC  0|TAMS 0x000000065fd00000, 0x000000065fd00000|
| 352|0x000000065fe00000, 0x000000065fe00000, 0x000000065ff00000|  0%| F|  |TS  5|AC  0|TAMS 0x000000065fe00000, 0x000000065fe00000|
| 353|0x000000065ff00000, 0x000000065ff00000, 0x0000000660000000|  0%| F|  |TS  5|AC  0|TAMS 0x000000065ff00000, 0x000000065ff00000|
| 354|0x0000000660000000, 0x0000000660000000, 0x0000000660100000|  0%| F|  |TS  5|AC  0|TAMS 0x0000000660000000, 0x0000000660000000|
| 355|0x0000000660100000, 0x0000000660100000, 0x0000000660200000|  0%| F|  |TS  5|AC  0|TAMS 0x0000000660100000, 0x0000000660100000|
| 356|0x0000000660200000, 0x0000000660200000, 0x0000000660300000|  0%| F|  |TS  5|AC  0|TAMS 0x0000000660200000, 0x0000000660200000|
| 357|0x0000000660300000, 0x0000000660300000, 0x0000000660400000|  0%| F|  |TS  5|AC  0|TAMS 0x0000000660300000, 0x0000000660300000|
| 358|0x0000000660400000, 0x0000000660400000, 0x0000000660500000|  0%| F|  |TS  5|AC  0|TAMS 0x0000000660400000, 0x0000000660400000|
| 359|0x0000000660500000, 0x0000000660500000, 0x0000000660600000|  0%| F|  |TS  5|AC  0|TAMS 0x0000000660500000, 0x0000000660500000|
| 360|0x0000000660600000, 0x0000000660600000, 0x0000000660700000|  0%| F|  |TS  5|AC  0|TAMS 0x0000000660600000, 0x0000000660600000|
| 361|0x0000000660700000, 0x0000000660700000, 0x0000000660800000|  0%| F|  |TS  5|AC  0|TAMS 0x0000000660700000, 0x0000000660700000|
| 362|0x0000000660800000, 0x0000000660800000, 0x0000000660900000|  0%| F|  |TS  5|AC  0|TAMS 0x0000000660800000, 0x0000000660800000|
| 363|0x0000000660900000, 0x0000000660900000, 0x0000000660a00000|  0%| F|  |TS  5|AC  0|TAMS 0x0000000660900000, 0x0000000660900000|
| 364|0x0000000660a00000, 0x0000000660a00000, 0x0000000660b00000|  0%| F|  |TS  5|AC  0|TAMS 0x0000000660a00000, 0x0000000660a00000|
| 365|0x0000000660b00000, 0x0000000660b90118, 0x0000000660c00000| 56%| S|CS|TS  7|AC  0|TAMS 0x0000000660b00000, 0x0000000660b00000|
| 366|0x0000000660c00000, 0x0000000660d00000, 0x0000000660d00000|100%| S|CS|TS  7|AC  0|TAMS 0x0000000660c00000, 0x0000000660c00000|
| 367|0x0000000660d00000, 0x0000000660e00000, 0x0000000660e00000|100%| S|CS|TS  7|AC  0|TAMS 0x0000000660d00000, 0x0000000660d00000|
| 368|0x0000000660e00000, 0x0000000660f00000, 0x0000000660f00000|100%| S|CS|TS  7|AC  0|TAMS 0x0000000660e00000, 0x0000000660e00000|
| 369|0x0000000660f00000, 0x0000000660f00000, 0x0000000661000000|  0%| F|  |TS  7|AC  0|TAMS 0x0000000660f00000, 0x0000000660f00000|
| 370|0x0000000661000000, 0x0000000661000000, 0x0000000661100000|  0%| F|  |TS  7|AC  0|TAMS 0x0000000661000000, 0x0000000661000000|
| 371|0x0000000661100000, 0x0000000661100000, 0x0000000661200000|  0%| F|  |TS  7|AC  0|TAMS 0x0000000661100000, 0x0000000661100000|
| 372|0x0000000661200000, 0x0000000661200000, 0x0000000661300000|  0%| F|  |TS  7|AC  0|TAMS 0x0000000661200000, 0x0000000661200000|
| 373|0x0000000661300000, 0x0000000661300000, 0x0000000661400000|  0%| F|  |TS  7|AC  0|TAMS 0x0000000661300000, 0x0000000661300000|
| 374|0x0000000661400000, 0x0000000661400000, 0x0000000661500000|  0%| F|  |TS  7|AC  0|TAMS 0x0000000661400000, 0x0000000661400000|
| 375|0x0000000661500000, 0x0000000661500000, 0x0000000661600000|  0%| F|  |TS  7|AC  0|TAMS 0x0000000661500000, 0x0000000661500000|

Card table byte_map: [0x00007fc19d5e6000,0x00007fc19e197000] byte_map_base: 0x00007fc19a397000

Marking Bits (Prev, Next): (CMBitMap*) 0x00007fc1e00b0930, (CMBitMap*) 0x00007fc1e00b0968
 Prev Bits: [0x00007fc176278000, 0x00007fc17c000000)
 Next Bits: [0x00007fc1704f0000, 0x00007fc176278000)

Polling page: 0x00007fc1e7338000

CodeHeap 'non-profiled nmethods': size=238384Kb used=2739Kb max_used=2739Kb free=235645Kb
 bounds [0x00007fc1c5a25000, 0x00007fc1c5cd5000, 0x00007fc1d42f1000]
CodeHeap 'non-nmethods': size=7376Kb used=2937Kb max_used=2937Kb free=4438Kb
 bounds [0x00007fc1c52f1000, 0x00007fc1c55d1000, 0x00007fc1c5a25000]
 total_blobs=2379 nmethods=1928 adapters=359
 compilation: enabled

Compilation events (10 events):
Event: 1,094 Thread 0x00007fc1e02e6000 nmethod 1914 0x00007fc1c5ccbe90 code [0x00007fc1c5ccc140, 0x00007fc1c5ccd3c8]
Event: 1,094 Thread 0x00007fc1e02e4000 1922       1       jdk.internal.org.objectweb.asm.MethodVisitor::visitVarInsn (17 bytes)
Event: 1,094 Thread 0x00007fc1e02e4000 nmethod 1922 0x00007fc1c5ccdc90 code [0x00007fc1c5ccde40, 0x00007fc1c5ccdf88]
Event: 1,095 Thread 0x00007fc1e02e2000 nmethod 1921 0x00007fc1c5cce010 code [0x00007fc1c5cce320, 0x00007fc1c5ccf9a8]
Event: 1,095 Thread 0x00007fc1e02e0000 1925   !   1       java.nio.CharBuffer::wrap (20 bytes)
Event: 1,095 Thread 0x00007fc1e02e6000 1926       1       sun.invoke.util.VerifyType::isNullReferenceConversion (45 bytes)
Event: 1,095 Thread 0x00007fc1e02e0000 nmethod 1925 0x00007fc1c5cd0b10 code [0x00007fc1c5cd0ce0, 0x00007fc1c5cd0f78]
Event: 1,095 Thread 0x00007fc1e02e4000 1927       1       java.nio.HeapCharBuffer::<init> (14 bytes)
Event: 1,096 Thread 0x00007fc1e02e6000 nmethod 1926 0x00007fc1c5cd1110 code [0x00007fc1c5cd12e0, 0x00007fc1c5cd1498]
Event: 1,096 Thread 0x00007fc1e02e4000 nmethod 1927 0x00007fc1c5cd1790 code [0x00007fc1c5cd1940, 0x00007fc1c5cd1b08]

GC Heap History (7 events):
Event: 0,612 GC heap before
{Heap before GC invocations=0 (full 0):
 garbage-first heap   total 385024K, used 25600K [0x0000000649e00000, 0x0000000649f00bc0, 0x00000007c0000000)
  region size 1024K, 24 young (24576K), 0 survivors (0K)
 Metaspace       used 11928K, capacity 12430K, committed 12672K, reserved 1060864K
  class space    used 1261K, capacity 1351K, committed 1408K, reserved 1048576K
}
Event: 0,618 GC heap after
{Heap after GC invocations=1 (full 0):
 garbage-first heap   total 385024K, used 7311K [0x0000000649e00000, 0x0000000649f00bc0, 0x00000007c0000000)
  region size 1024K, 3 young (3072K), 3 survivors (3072K)
 Metaspace       used 11928K, capacity 12430K, committed 12672K, reserved 1060864K
  class space    used 1261K, capacity 1351K, committed 1408K, reserved 1048576K
}
Event: 0,818 GC heap before
{Heap before GC invocations=1 (full 0):
 garbage-first heap   total 385024K, used 29839K [0x0000000649e00000, 0x0000000649f00bc0, 0x00000007c0000000)
  region size 1024K, 25 young (25600K), 3 survivors (3072K)
 Metaspace       used 15069K, capacity 15760K, committed 15872K, reserved 1062912K
  class space    used 1625K, capacity 1774K, committed 1792K, reserved 1048576K
}
Event: 0,823 GC heap after
{Heap after GC invocations=2 (full 0):
 garbage-first heap   total 385024K, used 10159K [0x0000000649e00000, 0x0000000649f00bc0, 0x00000007c0000000)
  region size 1024K, 3 young (3072K), 3 survivors (3072K)
 Metaspace       used 15069K, capacity 15760K, committed 15872K, reserved 1062912K
  class space    used 1625K, capacity 1774K, committed 1792K, reserved 1048576K
}
Event: 1,046 GC heap before
{Heap before GC invocations=2 (full 0):
 garbage-first heap   total 385024K, used 61359K [0x0000000649e00000, 0x0000000649f00bc0, 0x00000007c0000000)
  region size 1024K, 53 young (54272K), 3 survivors (3072K)
 Metaspace       used 19586K, capacity 20624K, committed 20736K, reserved 1067008K
  class space    used 2316K, capacity 2494K, committed 2560K, reserved 1048576K
}
Event: 1,078 GC heap after
{Heap after GC invocations=3 (full 0):
 garbage-first heap   total 385024K, used 13050K [0x0000000649e00000, 0x0000000649f00bc0, 0x00000007c0000000)
  region size 1024K, 6 young (6144K), 6 survivors (6144K)
 Metaspace       used 19586K, capacity 20624K, committed 20736K, reserved 1067008K
  class space    used 2316K, capacity 2494K, committed 2560K, reserved 1048576K
}
Event: 1,097 GC heap before
{Heap before GC invocations=3 (full 0):
 garbage-first heap   total 385024K, used 19194K [0x0000000649e00000, 0x0000000649f00bc0, 0x00000007c0000000)
  region size 1024K, 13 young (13312K), 6 survivors (6144K)
 Metaspace       used 20043K, capacity 21160K, committed 21296K, reserved 1069056K
  class space    used 2377K, capacity 2616K, committed 2688K, reserved 1048576K
}

Deoptimization events (0 events):
No events

Classes redefined (0 events):
No events

Internal exceptions (10 events):
Event: 0,883 Thread 0x00007fc1e08f0000 Exception <a 'java/security/PrivilegedActionException'{0x00000006609f2490}> (0x00000006609f2490) thrown at [/scratch/opt/mach5/mesos/work_dir/slaves/5af44a71-976a-41b7-81de-5773b84ec572-S39643/frameworks/1735e8a2-a1db-478c-8104-60c8b0af87dd-0196/executors
Event: 0,891 Thread 0x00007fc1e0016800 Exception <a 'java/lang/NoSuchMethodError'{0x00000006608a30e0}: java.lang.invoke.DirectMethodHandle$Holder.invokeStatic(Ljava/lang/Object;Ljava/lang/Object;Ljava/lang/Object;Ljava/lang/Object;)V> (0x00000006608a30e0) thrown at [/scratch/opt/mach5/mesos/wo
Event: 0,922 Thread 0x00007fc1e0016800 Exception <a 'java/lang/NoSuchMethodError'{0x000000066017a4e8}: java.lang.invoke.DirectMethodHandle$Holder.invokeVirtual(Ljava/lang/Object;Ljava/lang/Object;Ljava/lang/Object;)Ljava/lang/Object;> (0x000000066017a4e8) thrown at [/scratch/opt/mach5/mesos/wo
Event: 0,929 Thread 0x00007fc1e0016800 Exception <a 'java/lang/NoSuchMethodError'{0x000000065fdd2de8}: java.lang.Object.lambda$negate$3(I)Z> (0x000000065fdd2de8) thrown at [/scratch/opt/mach5/mesos/work_dir/slaves/5af44a71-976a-41b7-81de-5773b84ec572-S39643/frameworks/1735e8a2-a1db-478c-8104-6
Event: 0,945 Thread 0x00007fc1e0016800 Exception <a 'java/lang/NoSuchMethodError'{0x000000065f83e0d8}: java.lang.invoke.DirectMethodHandle$Holder.invokeStaticInit(Ljava/lang/Object;Ljava/lang/Object;)V> (0x000000065f83e0d8) thrown at [/scratch/opt/mach5/mesos/work_dir/slaves/5af44a71-976a-41b7
Event: 0,953 Thread 0x00007fc1e0016800 Exception <a 'java/lang/NoSuchMethodError'{0x000000065f5ab240}: java.lang.invoke.DirectMethodHandle$Holder.invokeSpecial(Ljava/lang/Object;Ljava/lang/Object;ILjava/lang/Object;)Ljava/lang/Object;> (0x000000065f5ab240) thrown at [/scratch/opt/mach5/mesos/w
Event: 1,089 Thread 0x00007fc128001000 Exception <a 'java/lang/NoSuchMethodError'{0x00000006613c8f90}: java.lang.invoke.DirectMethodHandle$Holder.invokeStatic(Ljava/lang/Object;Ljava/lang/Object;Ljava/lang/Object;Ljava/lang/Object;Ljava/lang/Object;Ljava/lang/Object;Ljava/lang/Object;Ljava/lan
Event: 1,091 Thread 0x00007fc128001000 Exception <a 'java/lang/NoSuchMethodError'{0x00000006613d8cb8}: java.lang.invoke.DirectMethodHandle$Holder.invokeStatic(Ljava/lang/Object;Ljava/lang/Object;Ljava/lang/Object;Ljava/lang/Object;Ljava/lang/Object;Ljava/lang/Object;Ljava/lang/Object;Ljava/lan
Event: 1,093 Thread 0x00007fc1e08f0000 Exception <a 'java/lang/NoSuchMethodError'{0x00000006612d9bd8}: java.lang.invoke.DirectMethodHandle$Holder.invokeSpecial(Ljava/lang/Object;Ljava/lang/Object;Ljava/lang/Object;Ljava/lang/Object;Ljava/lang/Object;)V> (0x00000006612d9bd8) thrown at [/scratch
Event: 1,095 Thread 0x00007fc128001000 Exception <a 'java/lang/NoSuchMethodError'{0x00000006613e8f88}: method resolution failed> (0x00000006613e8f88) thrown at [/scratch/opt/mach5/mesos/work_dir/slaves/5af44a71-976a-41b7-81de-5773b84ec572-S39643/frameworks/1735e8a2-a1db-478c-8104-60c8b0af87dd-

Events (10 events):
Event: 1,096 loading class org/springframework/beans/factory/support/RootBeanDefinition
Event: 1,096 loading class org/springframework/beans/factory/support/RootBeanDefinition done
Event: 1,096 loading class org/springframework/beans/factory/support/AbstractBeanDefinition
Event: 1,096 loading class org/springframework/beans/factory/support/AbstractBeanDefinition done
Event: 1,096 loading class java/net/Socket$3
Event: 1,097 loading class java/net/Socket$3 done
Event: 1,097 loading class org/springframework/beans/factory/config/BeanDefinition
Event: 1,097 loading class org/springframework/beans/factory/config/BeanDefinition done
Event: 1,097 loading class java/net/SocketOutputStream
Event: 1,097 Executing VM operation: CollectForMetadataAllocation


Dynamic libraries:
00400000-00401000 r-xp 00000000 08:11 3032295                            /usr/lib/jvm/java-9-oracle/bin/java
00600000-00601000 rw-p 00000000 08:11 3032295                            /usr/lib/jvm/java-9-oracle/bin/java
00c8c000-00cad000 rw-p 00000000 00:00 0                                  [heap]
649e00000-661600000 rw-p 00000000 00:00 0 
690600000-7c0000000 ---p 00000000 00:00 0 
7c0000000-7c02a0000 rw-p 00000000 00:00 0 
7c02a0000-800000000 ---p 00000000 00:00 0 
7fc118000000-7fc118021000 rw-p 00000000 00:00 0 
7fc118021000-7fc11c000000 ---p 00000000 00:00 0 
7fc11c000000-7fc11c021000 rw-p 00000000 00:00 0 
7fc11c021000-7fc120000000 ---p 00000000 00:00 0 
7fc120000000-7fc120021000 rw-p 00000000 00:00 0 
7fc120021000-7fc124000000 ---p 00000000 00:00 0 
7fc124000000-7fc12412c000 rw-p 00000000 00:00 0 
7fc12412c000-7fc128000000 ---p 00000000 00:00 0 
7fc128000000-7fc128021000 rw-p 00000000 00:00 0 
7fc128021000-7fc12c000000 ---p 00000000 00:00 0 
7fc12c000000-7fc12c021000 rw-p 00000000 00:00 0 
7fc12c021000-7fc130000000 ---p 00000000 00:00 0 
7fc132bcd000-7fc132f27000 rw-p 00000000 00:00 0 
7fc132f27000-7fc1330fb000 ---p 00000000 00:00 0 
7fc1330fb000-7fc1330ff000 ---p 00000000 00:00 0 
7fc1330ff000-7fc1331fc000 rw-p 00000000 00:00 0 
7fc1331fc000-7fc133200000 ---p 00000000 00:00 0 
7fc133200000-7fc1334fd000 rw-p 00000000 00:00 0 
7fc1334fd000-7fc1336fd000 rw-p 00000000 00:00 0 
7fc1336fd000-7fc133701000 ---p 00000000 00:00 0 
7fc133701000-7fc1339fe000 rw-p 00000000 00:00 0 
7fc1339fe000-7fc133bfe000 rw-p 00000000 00:00 0 
7fc133bfe000-7fc133bff000 ---p 00000000 00:00 0 
7fc133bff000-7fc133cff000 rw-p 00000000 00:00 0 
7fc133cff000-7fc133d03000 ---p 00000000 00:00 0 
7fc133d03000-7fc134000000 rw-p 00000000 00:00 0 
7fc134000000-7fc134021000 rw-p 00000000 00:00 0 
7fc134021000-7fc138000000 ---p 00000000 00:00 0 
7fc138000000-7fc138021000 rw-p 00000000 00:00 0 
7fc138021000-7fc13c000000 ---p 00000000 00:00 0 
7fc13c000000-7fc13c0d1000 rw-p 00000000 00:00 0 
7fc13c0d1000-7fc140000000 ---p 00000000 00:00 0 
7fc140000000-7fc140021000 rw-p 00000000 00:00 0 
7fc140021000-7fc144000000 ---p 00000000 00:00 0 
7fc144000000-7fc144061000 rw-p 00000000 00:00 0 
7fc144061000-7fc148000000 ---p 00000000 00:00 0 
7fc148000000-7fc148109000 rw-p 00000000 00:00 0 
7fc148109000-7fc14c000000 ---p 00000000 00:00 0 
7fc14c000000-7fc14c021000 rw-p 00000000 00:00 0 
7fc14c021000-7fc150000000 ---p 00000000 00:00 0 
7fc150000000-7fc150215000 rw-p 00000000 00:00 0 
7fc150215000-7fc154000000 ---p 00000000 00:00 0 
7fc154000000-7fc154021000 rw-p 00000000 00:00 0 
7fc154021000-7fc158000000 ---p 00000000 00:00 0 
7fc158000000-7fc158021000 rw-p 00000000 00:00 0 
7fc158021000-7fc15c000000 ---p 00000000 00:00 0 
7fc15c000000-7fc15c021000 rw-p 00000000 00:00 0 
7fc15c021000-7fc160000000 ---p 00000000 00:00 0 
7fc1600bb000-7fc1600c0000 r-xp 00000000 08:11 3032863                    /usr/lib/jvm/java-9-oracle/lib/libmanagement_ext.so
7fc1600c0000-7fc1602bf000 ---p 00005000 08:11 3032863                    /usr/lib/jvm/java-9-oracle/lib/libmanagement_ext.so
7fc1602bf000-7fc1602c0000 rw-p 00004000 08:11 3032863                    /usr/lib/jvm/java-9-oracle/lib/libmanagement_ext.so
7fc1602c0000-7fc1602c4000 r-xp 00000000 08:11 3032865                    /usr/lib/jvm/java-9-oracle/lib/libmanagement.so
7fc1602c4000-7fc1604c3000 ---p 00004000 08:11 3032865                    /usr/lib/jvm/java-9-oracle/lib/libmanagement.so
7fc1604c3000-7fc1604c4000 rw-p 00003000 08:11 3032865                    /usr/lib/jvm/java-9-oracle/lib/libmanagement.so
7fc1604c4000-7fc1604c8000 ---p 00000000 00:00 0 
7fc1604c8000-7fc1605c5000 rw-p 00000000 00:00 0 
7fc1605c5000-7fc1605c9000 ---p 00000000 00:00 0 
7fc1605c9000-7fc1606c6000 rw-p 00000000 00:00 0 
7fc1606c6000-7fc1606ca000 ---p 00000000 00:00 0 
7fc1606ca000-7fc1607c7000 rw-p 00000000 00:00 0 
7fc1607c7000-7fc1607dd000 r-xp 00000000 08:11 3032824                    /usr/lib/jvm/java-9-oracle/lib/libnet.so
7fc1607dd000-7fc1609dd000 ---p 00016000 08:11 3032824                    /usr/lib/jvm/java-9-oracle/lib/libnet.so
7fc1609dd000-7fc1609de000 rw-p 00016000 08:11 3032824                    /usr/lib/jvm/java-9-oracle/lib/libnet.so
7fc1609de000-7fc1609ee000 r-xp 00000000 08:11 3032870                    /usr/lib/jvm/java-9-oracle/lib/libnio.so
7fc1609ee000-7fc160bee000 ---p 00010000 08:11 3032870                    /usr/lib/jvm/java-9-oracle/lib/libnio.so
7fc160bee000-7fc160bef000 rw-p 00010000 08:11 3032870                    /usr/lib/jvm/java-9-oracle/lib/libnio.so
7fc160bef000-7fc160bf3000 ---p 00000000 00:00 0 
7fc160bf3000-7fc160cf0000 rw-p 00000000 00:00 0 
7fc160cf0000-7fc160cf4000 ---p 00000000 00:00 0 
7fc160cf4000-7fc160df1000 rw-p 00000000 00:00 0 
7fc160df1000-7fc160df5000 ---p 00000000 00:00 0 
7fc160df5000-7fc160ef2000 rw-p 00000000 00:00 0 
7fc160ef2000-7fc160ef6000 ---p 00000000 00:00 0 
7fc160ef6000-7fc160ff3000 rw-p 00000000 00:00 0 
7fc160ff3000-7fc160ff7000 ---p 00000000 00:00 0 
7fc160ff7000-7fc1610f4000 rw-p 00000000 00:00 0 
7fc1610f4000-7fc1610f8000 ---p 00000000 00:00 0 
7fc1610f8000-7fc1611f5000 rw-p 00000000 00:00 0 
7fc1611f5000-7fc1615fe000 r--p 00000000 08:11 3014886                    /usr/lib/locale/locale-archive
7fc1615fe000-7fc161602000 ---p 00000000 00:00 0 
7fc161602000-7fc1616ff000 rw-p 00000000 00:00 0 
7fc1616ff000-7fc161703000 ---p 00000000 00:00 0 
7fc161703000-7fc162000000 rw-p 00000000 00:00 0 
7fc162000000-7fc164000000 rwxp 00000000 00:00 0 
7fc164000000-7fc164021000 rw-p 00000000 00:00 0 
7fc164021000-7fc168000000 ---p 00000000 00:00 0 
7fc168000000-7fc168021000 rw-p 00000000 00:00 0 
7fc168021000-7fc16c000000 ---p 00000000 00:00 0 
7fc16c000000-7fc16c021000 rw-p 00000000 00:00 0 
7fc16c021000-7fc170000000 ---p 00000000 00:00 0 
7fc1700ec000-7fc1700ed000 ---p 00000000 00:00 0 
7fc1700ed000-7fc170ad0000 rw-p 00000000 00:00 0 
7fc170ad0000-7fc176278000 ---p 00000000 00:00 0 
7fc176278000-7fc176858000 rw-p 00000000 00:00 0 
7fc176858000-7fc17c000000 ---p 00000000 00:00 0 
7fc17c000000-7fc17c021000 rw-p 00000000 00:00 0 
7fc17c021000-7fc180000000 ---p 00000000 00:00 0 
7fc180000000-7fc180021000 rw-p 00000000 00:00 0 
7fc180021000-7fc184000000 ---p 00000000 00:00 0 
7fc184000000-7fc184021000 rw-p 00000000 00:00 0 
7fc184021000-7fc188000000 ---p 00000000 00:00 0 
7fc188000000-7fc188021000 rw-p 00000000 00:00 0 
7fc188021000-7fc18c000000 ---p 00000000 00:00 0 
7fc18c000000-7fc18c021000 rw-p 00000000 00:00 0 
7fc18c021000-7fc190000000 ---p 00000000 00:00 0 
7fc190000000-7fc190021000 rw-p 00000000 00:00 0 
7fc190021000-7fc194000000 ---p 00000000 00:00 0 
7fc194000000-7fc194021000 rw-p 00000000 00:00 0 
7fc194021000-7fc198000000 ---p 00000000 00:00 0 
7fc198000000-7fc198021000 rw-p 00000000 00:00 0 
7fc198021000-7fc19c000000 ---p 00000000 00:00 0 
7fc19c0b6000-7fc19c5bb000 rw-p 00000000 00:00 0 
7fc19c5bb000-7fc19c5bc000 ---p 00000000 00:00 0 
7fc19c5bc000-7fc19c6bc000 rw-p 00000000 00:00 0 
7fc19c6bc000-7fc19c6bd000 ---p 00000000 00:00 0 
7fc19c6bd000-7fc19c7bd000 rw-p 00000000 00:00 0 
7fc19c7bd000-7fc19c7be000 ---p 00000000 00:00 0 
7fc19c7be000-7fc19caf1000 rw-p 00000000 00:00 0 
7fc19caf1000-7fc19d5e6000 ---p 00000000 00:00 0 
7fc19d5e6000-7fc19d6a2000 rw-p 00000000 00:00 0 
7fc19d6a2000-7fc19ed48000 ---p 00000000 00:00 0 
7fc19ed48000-7fc19ee04000 rw-p 00000000 00:00 0 
7fc19ee04000-7fc19f8f9000 ---p 00000000 00:00 0 
7fc19f8f9000-7fc19f8fa000 ---p 00000000 00:00 0 
7fc19f8fa000-7fc19f9fa000 rw-p 00000000 00:00 0 
7fc19f9fa000-7fc19f9fb000 ---p 00000000 00:00 0 
7fc19f9fb000-7fc19fafb000 rw-p 00000000 00:00 0 
7fc19fafb000-7fc19fafc000 ---p 00000000 00:00 0 
7fc19fafc000-7fc19fbfc000 rw-p 00000000 00:00 0 
7fc19fbfc000-7fc19fbfd000 ---p 00000000 00:00 0 
7fc19fbfd000-7fc19fcfd000 rw-p 00000000 00:00 0 
7fc19fcfd000-7fc19fcfe000 ---p 00000000 00:00 0 
7fc19fcfe000-7fc19fdfe000 rw-p 00000000 00:00 0 
7fc19fdfe000-7fc19fdff000 ---p 00000000 00:00 0 
7fc19fdff000-7fc19feff000 rw-p 00000000 00:00 0 
7fc19feff000-7fc19ff00000 ---p 00000000 00:00 0 
7fc19ff00000-7fc1a0000000 rw-p 00000000 00:00 0 
7fc1a0000000-7fc1a0021000 rw-p 00000000 00:00 0 
7fc1a0021000-7fc1a4000000 ---p 00000000 00:00 0 
7fc1a4000000-7fc1a4021000 rw-p 00000000 00:00 0 
7fc1a4021000-7fc1a8000000 ---p 00000000 00:00 0 
7fc1a8000000-7fc1a8021000 rw-p 00000000 00:00 0 
7fc1a8021000-7fc1ac000000 ---p 00000000 00:00 0 
7fc1ac000000-7fc1ac021000 rw-p 00000000 00:00 0 
7fc1ac021000-7fc1b0000000 ---p 00000000 00:00 0 
7fc1b0000000-7fc1b0021000 rw-p 00000000 00:00 0 
7fc1b0021000-7fc1b4000000 ---p 00000000 00:00 0 
7fc1b4000000-7fc1b4021000 rw-p 00000000 00:00 0 
7fc1b4021000-7fc1b8000000 ---p 00000000 00:00 0 
7fc1b8000000-7fc1b8021000 rw-p 00000000 00:00 0 
7fc1b8021000-7fc1bc000000 ---p 00000000 00:00 0 
7fc1bc000000-7fc1bc021000 rw-p 00000000 00:00 0 
7fc1bc021000-7fc1c0000000 ---p 00000000 00:00 0 
7fc1c0000000-7fc1c0021000 rw-p 00000000 00:00 0 
7fc1c0021000-7fc1c4000000 ---p 00000000 00:00 0 
7fc1c400e000-7fc1c40df000 rw-p 00000000 00:00 0 
7fc1c40df000-7fc1c40e0000 ---p 00000000 00:00 0 
7fc1c40e0000-7fc1c41e0000 rw-p 00000000 00:00 0 
7fc1c41e0000-7fc1c41e1000 ---p 00000000 00:00 0 
7fc1c41e1000-7fc1c4ae9000 rw-p 00000000 00:00 0 
7fc1c4ae9000-7fc1c4aea000 ---p 00000000 00:00 0 
7fc1c4aea000-7fc1c4bea000 rw-p 00000000 00:00 0 
7fc1c4bea000-7fc1c4beb000 ---p 00000000 00:00 0 
7fc1c4beb000-7fc1c4ceb000 rw-p 00000000 00:00 0 
7fc1c4ceb000-7fc1c4cec000 ---p 00000000 00:00 0 
7fc1c4cec000-7fc1c4dec000 rw-p 00000000 00:00 0 
7fc1c4dec000-7fc1c4ded000 ---p 00000000 00:00 0 
7fc1c4ded000-7fc1c4eed000 rw-p 00000000 00:00 0 
7fc1c4eed000-7fc1c4eee000 ---p 00000000 00:00 0 
7fc1c4eee000-7fc1c4fee000 rw-p 00000000 00:00 0 
7fc1c4fee000-7fc1c4fef000 ---p 00000000 00:00 0 
7fc1c4fef000-7fc1c50ef000 rw-p 00000000 00:00 0 
7fc1c50ef000-7fc1c50f0000 ---p 00000000 00:00 0 
7fc1c50f0000-7fc1c51f0000 rw-p 00000000 00:00 0 
7fc1c51f0000-7fc1c51f1000 ---p 00000000 00:00 0 
7fc1c51f1000-7fc1c52f1000 rw-p 00000000 00:00 0 
7fc1c52f1000-7fc1c55d1000 rwxp 00000000 00:00 0 
7fc1c55d1000-7fc1c5a25000 ---p 00000000 00:00 0 
7fc1c5a25000-7fc1c5cd5000 rwxp 00000000 00:00 0 
7fc1c5cd5000-7fc1d42f1000 ---p 00000000 00:00 0 
7fc1d42f1000-7fc1df7ae000 r--s 00000000 08:11 3032851                    /usr/lib/jvm/java-9-oracle/lib/modules
7fc1df7ae000-7fc1df7c8000 r-xp 00000000 08:11 3032800                    /usr/lib/jvm/java-9-oracle/lib/libjimage.so
7fc1df7c8000-7fc1df9c7000 ---p 0001a000 08:11 3032800                    /usr/lib/jvm/java-9-oracle/lib/libjimage.so
7fc1df9c7000-7fc1df9c9000 rw-p 00019000 08:11 3032800                    /usr/lib/jvm/java-9-oracle/lib/libjimage.so
7fc1df9c9000-7fc1df9db000 rw-p 00000000 00:00 0 
7fc1df9db000-7fc1df9e2000 r-xp 00000000 08:11 3032878                    /usr/lib/jvm/java-9-oracle/lib/libzip.so
7fc1df9e2000-7fc1dfbe1000 ---p 00007000 08:11 3032878                    /usr/lib/jvm/java-9-oracle/lib/libzip.so
7fc1dfbe1000-7fc1dfbe2000 rw-p 00006000 08:11 3032878                    /usr/lib/jvm/java-9-oracle/lib/libzip.so
7fc1dfbe2000-7fc1dfbed000 r-xp 00000000 08:11 1053176                    /lib/x86_64-linux-gnu/libnss_files-2.23.so
7fc1dfbed000-7fc1dfdec000 ---p 0000b000 08:11 1053176                    /lib/x86_64-linux-gnu/libnss_files-2.23.so
7fc1dfdec000-7fc1dfded000 r--p 0000a000 08:11 1053176                    /lib/x86_64-linux-gnu/libnss_files-2.23.so
7fc1dfded000-7fc1dfdee000 rw-p 0000b000 08:11 1053176                    /lib/x86_64-linux-gnu/libnss_files-2.23.so
7fc1dfdee000-7fc1dfdf4000 rw-p 00000000 00:00 0 
7fc1dfdf4000-7fc1dfdff000 r-xp 00000000 08:11 1048883                    /lib/x86_64-linux-gnu/libnss_nis-2.23.so
7fc1dfdff000-7fc1dfffe000 ---p 0000b000 08:11 1048883                    /lib/x86_64-linux-gnu/libnss_nis-2.23.so
7fc1dfffe000-7fc1dffff000 r--p 0000a000 08:11 1048883                    /lib/x86_64-linux-gnu/libnss_nis-2.23.so
7fc1dffff000-7fc1e0000000 rw-p 0000b000 08:11 1048883                    /lib/x86_64-linux-gnu/libnss_nis-2.23.so
7fc1e0000000-7fc1e09d4000 rw-p 00000000 00:00 0 
7fc1e09d4000-7fc1e4000000 ---p 00000000 00:00 0 
7fc1e400d000-7fc1e4032000 r--p 00000000 08:11 3677235                    /usr/share/locale-langpack/pl/LC_MESSAGES/libc.mo
7fc1e4032000-7fc1e4038000 rw-p 00000000 00:00 0 
7fc1e4038000-7fc1e4204000 ---p 00000000 00:00 0 
7fc1e4204000-7fc1e421a000 r-xp 00000000 08:11 1048888                    /lib/x86_64-linux-gnu/libnsl-2.23.so
7fc1e421a000-7fc1e4419000 ---p 00016000 08:11 1048888                    /lib/x86_64-linux-gnu/libnsl-2.23.so
7fc1e4419000-7fc1e441a000 r--p 00015000 08:11 1048888                    /lib/x86_64-linux-gnu/libnsl-2.23.so
7fc1e441a000-7fc1e441b000 rw-p 00016000 08:11 1048888                    /lib/x86_64-linux-gnu/libnsl-2.23.so
7fc1e441b000-7fc1e441d000 rw-p 00000000 00:00 0 
7fc1e441d000-7fc1e4425000 r-xp 00000000 08:11 1053428                    /lib/x86_64-linux-gnu/libnss_compat-2.23.so
7fc1e4425000-7fc1e4624000 ---p 00008000 08:11 1053428                    /lib/x86_64-linux-gnu/libnss_compat-2.23.so
7fc1e4624000-7fc1e4625000 r--p 00007000 08:11 1053428                    /lib/x86_64-linux-gnu/libnss_compat-2.23.so
7fc1e4625000-7fc1e4626000 rw-p 00008000 08:11 1053428                    /lib/x86_64-linux-gnu/libnss_compat-2.23.so
7fc1e4626000-7fc1e4630000 r-xp 00000000 08:11 3032815                    /usr/lib/jvm/java-9-oracle/lib/libinstrument.so
7fc1e4630000-7fc1e482f000 ---p 0000a000 08:11 3032815                    /usr/lib/jvm/java-9-oracle/lib/libinstrument.so
7fc1e482f000-7fc1e4830000 rw-p 00009000 08:11 3032815                    /usr/lib/jvm/java-9-oracle/lib/libinstrument.so
7fc1e4830000-7fc1e485b000 r-xp 00000000 08:11 3032817                    /usr/lib/jvm/java-9-oracle/lib/libjava.so
7fc1e485b000-7fc1e4a5a000 ---p 0002b000 08:11 3032817                    /usr/lib/jvm/java-9-oracle/lib/libjava.so
7fc1e4a5a000-7fc1e4a5c000 rw-p 0002a000 08:11 3032817                    /usr/lib/jvm/java-9-oracle/lib/libjava.so
7fc1e4a5c000-7fc1e4a69000 r-xp 00000000 08:11 3032836                    /usr/lib/jvm/java-9-oracle/lib/libverify.so
7fc1e4a69000-7fc1e4c68000 ---p 0000d000 08:11 3032836                    /usr/lib/jvm/java-9-oracle/lib/libverify.so
7fc1e4c68000-7fc1e4c6a000 rw-p 0000c000 08:11 3032836                    /usr/lib/jvm/java-9-oracle/lib/libverify.so
7fc1e4c6a000-7fc1e4c71000 r-xp 00000000 08:11 1048869                    /lib/x86_64-linux-gnu/librt-2.23.so
7fc1e4c71000-7fc1e4e70000 ---p 00007000 08:11 1048869                    /lib/x86_64-linux-gnu/librt-2.23.so
7fc1e4e70000-7fc1e4e71000 r--p 00006000 08:11 1048869                    /lib/x86_64-linux-gnu/librt-2.23.so
7fc1e4e71000-7fc1e4e72000 rw-p 00007000 08:11 1048869                    /lib/x86_64-linux-gnu/librt-2.23.so
7fc1e4e72000-7fc1e4f7a000 r-xp 00000000 08:11 1053460                    /lib/x86_64-linux-gnu/libm-2.23.so
7fc1e4f7a000-7fc1e5179000 ---p 00108000 08:11 1053460                    /lib/x86_64-linux-gnu/libm-2.23.so
7fc1e5179000-7fc1e517a000 r--p 00107000 08:11 1053460                    /lib/x86_64-linux-gnu/libm-2.23.so
7fc1e517a000-7fc1e517b000 rw-p 00108000 08:11 1053460                    /lib/x86_64-linux-gnu/libm-2.23.so
7fc1e517b000-7fc1e6190000 r-xp 00000000 08:11 3034524                    /usr/lib/jvm/java-9-oracle/lib/server/libjvm.so
7fc1e6190000-7fc1e638f000 ---p 01015000 08:11 3034524                    /usr/lib/jvm/java-9-oracle/lib/server/libjvm.so
7fc1e638f000-7fc1e6460000 r--p 01014000 08:11 3034524                    /usr/lib/jvm/java-9-oracle/lib/server/libjvm.so
7fc1e6460000-7fc1e6497000 rw-p 010e5000 08:11 3034524                    /usr/lib/jvm/java-9-oracle/lib/server/libjvm.so
7fc1e6497000-7fc1e6500000 rw-p 00000000 00:00 0 
7fc1e6500000-7fc1e66c0000 r-xp 00000000 08:11 1053424                    /lib/x86_64-linux-gnu/libc-2.23.so
7fc1e66c0000-7fc1e68c0000 ---p 001c0000 08:11 1053424                    /lib/x86_64-linux-gnu/libc-2.23.so
7fc1e68c0000-7fc1e68c4000 r--p 001c0000 08:11 1053424                    /lib/x86_64-linux-gnu/libc-2.23.so
7fc1e68c4000-7fc1e68c6000 rw-p 001c4000 08:11 1053424                    /lib/x86_64-linux-gnu/libc-2.23.so
7fc1e68c6000-7fc1e68ca000 rw-p 00000000 00:00 0 
7fc1e68ca000-7fc1e68cd000 r-xp 00000000 08:11 1048873                    /lib/x86_64-linux-gnu/libdl-2.23.so
7fc1e68cd000-7fc1e6acc000 ---p 00003000 08:11 1048873                    /lib/x86_64-linux-gnu/libdl-2.23.so
7fc1e6acc000-7fc1e6acd000 r--p 00002000 08:11 1048873                    /lib/x86_64-linux-gnu/libdl-2.23.so
7fc1e6acd000-7fc1e6ace000 rw-p 00003000 08:11 1048873                    /lib/x86_64-linux-gnu/libdl-2.23.so
7fc1e6ace000-7fc1e6adc000 r-xp 00000000 08:11 3034525                    /usr/lib/jvm/java-9-oracle/lib/jli/libjli.so
7fc1e6adc000-7fc1e6cdc000 ---p 0000e000 08:11 3034525                    /usr/lib/jvm/java-9-oracle/lib/jli/libjli.so
7fc1e6cdc000-7fc1e6cdd000 rw-p 0000e000 08:11 3034525                    /usr/lib/jvm/java-9-oracle/lib/jli/libjli.so
7fc1e6cdd000-7fc1e6cf5000 r-xp 00000000 08:11 1048877                    /lib/x86_64-linux-gnu/libpthread-2.23.so
7fc1e6cf5000-7fc1e6ef4000 ---p 00018000 08:11 1048877                    /lib/x86_64-linux-gnu/libpthread-2.23.so
7fc1e6ef4000-7fc1e6ef5000 r--p 00017000 08:11 1048877                    /lib/x86_64-linux-gnu/libpthread-2.23.so
7fc1e6ef5000-7fc1e6ef6000 rw-p 00018000 08:11 1048877                    /lib/x86_64-linux-gnu/libpthread-2.23.so
7fc1e6ef6000-7fc1e6efa000 rw-p 00000000 00:00 0 
7fc1e6efa000-7fc1e6f13000 r-xp 00000000 08:11 1053271                    /lib/x86_64-linux-gnu/libz.so.1.2.8
7fc1e6f13000-7fc1e7112000 ---p 00019000 08:11 1053271                    /lib/x86_64-linux-gnu/libz.so.1.2.8
7fc1e7112000-7fc1e7113000 r--p 00018000 08:11 1053271                    /lib/x86_64-linux-gnu/libz.so.1.2.8
7fc1e7113000-7fc1e7114000 rw-p 00019000 08:11 1053271                    /lib/x86_64-linux-gnu/libz.so.1.2.8
7fc1e7114000-7fc1e713a000 r-xp 00000000 08:11 1048875                    /lib/x86_64-linux-gnu/ld-2.23.so
7fc1e7145000-7fc1e720c000 rw-p 00000000 00:00 0 
7fc1e720c000-7fc1e7211000 ---p 00000000 00:00 0 
7fc1e7211000-7fc1e7312000 rw-p 00000000 00:00 0 
7fc1e7318000-7fc1e731f000 r--s 00000000 08:11 3416362                    /usr/lib/x86_64-linux-gnu/gconv/gconv-modules.cache
7fc1e731f000-7fc1e7326000 rw-p 00000000 00:00 0 
7fc1e7326000-7fc1e732f000 ---p 00000000 00:00 0 
7fc1e732f000-7fc1e7337000 rw-s 00000000 08:11 2490994                    /tmp/hsperfdata_filip/20177
7fc1e7337000-7fc1e7338000 rw-p 00000000 00:00 0 
7fc1e7338000-7fc1e7339000 ---p 00000000 00:00 0 
7fc1e7339000-7fc1e733a000 r--p 00025000 08:11 1048875                    /lib/x86_64-linux-gnu/ld-2.23.so
7fc1e733a000-7fc1e733b000 rw-p 00026000 08:11 1048875                    /lib/x86_64-linux-gnu/ld-2.23.so
7fc1e733b000-7fc1e733c000 rw-p 00000000 00:00 0 
7ffead25e000-7ffead282000 rw-p 00000000 00:00 0                          [stack]
7ffead389000-7ffead38b000 r--p 00000000 00:00 0                          [vvar]
7ffead38b000-7ffead38d000 r-xp 00000000 00:00 0                          [vdso]
ffffffffff600000-ffffffffff601000 r-xp 00000000 00:00 0                  [vsyscall]

VM Arguments:
jvm_args: -XX:TieredStopAtLevel=1 -Xverify:none -Dspring.output.ansi.enabled=always -Dcom.sun.management.jmxremote -Dspring.liveBeansView.mbeanDomain -Dspring.application.admin.enabled=true -javaagent:/opt/idea-IU-183.6156.11/lib/idea_rt.jar=33311:/opt/idea-IU-183.6156.11/bin -Dfile.encoding=UTF-8 
java_command: com.filip.machaj.demo.AbonamentyApplicationKt
java_class_path (initial): /home/filip/Pulpit/INYNIERKA/IMPLEMENTACJA/kot 14 - prezentacja 7 I 2020/abonamenty/out/production/classes:/home/filip/Pulpit/INYNIERKA/IMPLEMENTACJA/kot 14 - prezentacja 7 I 2020/abonamenty/out/production/resources:/home/filip/.gradle/caches/modules-2/files-2.1/org.jetbrains.kotlin/kotlin-reflect/1.3.10/dd02865be0351707554b16a896b766b2396cdafa/kotlin-reflect-1.3.10.jar:/home/filip/.gradle/caches/modules-2/files-2.1/com.github.mvysny.karibudsl/karibu-dsl-v8/0.7.0/1fa1de39c64891e9efea412a0482fd6cedbefa5d/karibu-dsl-v8-0.7.0.jar:/home/filip/.gradle/caches/modules-2/files-2.1/org.jetbrains.kotlin/kotlin-stdlib-jdk8/1.3.10/71d0fa967493eb76648b575edf1762cb2d0c7f10/kotlin-stdlib-jdk8-1.3.10.jar:/home/filip/.gradle/caches/modules-2/files-2.1/org.jetbrains.kotlin/kotlin-stdlib-jdk7/1.3.10/4d147bf43060dc43d61b096e24da1e67dfe0c032/kotlin-stdlib-jdk7-1.3.10.jar:/home/filip/.gradle/caches/modules-2/files-2.1/org.jetbrains.kotlin/kotlin-stdlib/1.3.10/b178c1501609c6e4ee8be635513cb023a466457d/kotlin-stdlib-1.3.10.jar:/home/filip/.gradle/caches/modules-2/files-2.1/org.springframework.boot/spring-boot-starter-web/2.1.0.RELEASE/5bb07547b965e84edd8abb49c1431d17926e2c6b/spring-boot-starter-web-2.1.0.RELEASE.jar:/home/filip/.gradle/caches/modules-2/files-2.1/org.springframework.boot/spring-boot-starter-data-jpa/2.1.5.RELEASE/f33f69b3744d07f832db6ab48eab227ccde9e922/spring-boot-starter-data-jpa-2.1.5.RELEASE.jar:/home/filip/.gradle/caches/modules-2/files-2.1/org.hibernate/hibernate-core/5.3.7.Final/f87c5c1bbfc638309824140e68dfaaeb1bb479f3/hibernate-core-5.3.7.Final.jar:/home/filip/.gradle/caches/modules-2/files-2.1/javax.persistence/javax.persistence-api/2.2/25665ac8c0b62f50e6488173233239120fc52c96/javax.persistence-api-2.2.jar:/home/filip/.gradle/caches/modules-2/files-2.1/org.springframework.data/spring-data-jpa/2.1.8.RELEASE/385ab53309b4f0dfb317c4753fe853821ff15c08/spring-data-jpa-2.1.8.RELEASE.jar:/home/filip/.gradle/caches/modules-2/files-2.1/org.hsq
Launcher Type: SUN_STANDARD

Logging:
Log output configuration:
#0: stdout all=warning uptime,level,tags
#1: stderr all=off uptime,level,tags

Environment Variables:
JAVA_HOME=/usr/lib/jvm/java-9-oracle
PATH=/home/filip/bin:/home/filip/.local/bin:/usr/local/sbin:/usr/local/bin:/usr/sbin:/usr/bin:/sbin:/bin:/usr/games:/usr/local/games:/snap/bin:/usr/lib/jvm/java-9-oracle/bin:/usr/lib/jvm/java-9-oracle/db/bin
USERNAME=filip
SHELL=/bin/bash
DISPLAY=:0

Signal Handlers:
SIGSEGV: [libjvm.so+0xd4d370], sa_mask[0]=11111111011111111101111111111110, sa_flags=SA_RESTART|SA_SIGINFO
SIGBUS: [libjvm.so+0xd4d370], sa_mask[0]=11111111011111111101111111111110, sa_flags=SA_RESTART|SA_SIGINFO
SIGFPE: [libjvm.so+0xd4d370], sa_mask[0]=11111111011111111101111111111110, sa_flags=SA_RESTART|SA_SIGINFO
SIGPIPE: [libjvm.so+0xb64780], sa_mask[0]=11111111011111111101111111111110, sa_flags=SA_RESTART|SA_SIGINFO
SIGXFSZ: [libjvm.so+0xb64780], sa_mask[0]=11111111011111111101111111111110, sa_flags=SA_RESTART|SA_SIGINFO
SIGILL: [libjvm.so+0xd4d370], sa_mask[0]=11111111011111111101111111111110, sa_flags=SA_RESTART|SA_SIGINFO
SIGUSR2: [libjvm.so+0xb64640], sa_mask[0]=00100000000000000000000000000000, sa_flags=SA_RESTART|SA_SIGINFO
SIGHUP: [libjvm.so+0xb64850], sa_mask[0]=11111111011111111101111111111110, sa_flags=SA_RESTART|SA_SIGINFO
SIGINT: [libjvm.so+0xb64850], sa_mask[0]=11111111011111111101111111111110, sa_flags=SA_RESTART|SA_SIGINFO
SIGTERM: [libjvm.so+0xb64850], sa_mask[0]=11111111011111111101111111111110, sa_flags=SA_RESTART|SA_SIGINFO
SIGQUIT: [libjvm.so+0xb64850], sa_mask[0]=11111111011111111101111111111110, sa_flags=SA_RESTART|SA_SIGINFO


---------------  S Y S T E M  ---------------

OS:DISTRIB_ID=LinuxMint
DISTRIB_RELEASE=18.1
DISTRIB_CODENAME=serena
DISTRIB_DESCRIPTION="Linux Mint 18.1 Serena"
uname:Linux 4.4.0-53-generic #74-Ubuntu SMP Fri Dec 2 15:59:10 UTC 2016 x86_64
libc:glibc 2.23 NPTL 2.23 
rlimit: STACK 8192k, CORE 0k, NPROC 95585, NOFILE 1048576, AS infinity
load average:0,76 0,81 1,14

/proc/meminfo:
MemTotal:       24512108 kB
MemFree:          328304 kB
MemAvailable:     565864 kB
Buffers:           30940 kB
Cached:          2611392 kB
SwapCached:            0 kB
Active:         21310644 kB
Inactive:        2174708 kB
Active(anon):   21051204 kB
Inactive(anon):  1962124 kB
Active(file):     259440 kB
Inactive(file):   212584 kB
Unevictable:         776 kB
Mlocked:             776 kB
SwapTotal:             0 kB
SwapFree:              0 kB
Dirty:              1080 kB
Writeback:             0 kB
AnonPages:      20846008 kB
Mapped:          1413428 kB
Shmem:           2168096 kB
Slab:             211172 kB
SReclaimable:     101304 kB
SUnreclaim:       109868 kB
KernelStack:       37152 kB
PageTables:       225688 kB
NFS_Unstable:          0 kB
Bounce:                0 kB
WritebackTmp:          0 kB
CommitLimit:    12256052 kB
Committed_AS:   37158740 kB
VmallocTotal:   34359738367 kB
VmallocUsed:           0 kB
VmallocChunk:          0 kB
HardwareCorrupted:     0 kB
AnonHugePages:   6627328 kB
CmaTotal:              0 kB
CmaFree:               0 kB
HugePages_Total:       0
HugePages_Free:        0
HugePages_Rsvd:        0
HugePages_Surp:        0
Hugepagesize:       2048 kB
DirectMap4k:      651844 kB
DirectMap2M:    23285760 kB
DirectMap1G:     1048576 kB


CPU:total 8 (initial active 8) (4 cores per cpu, 2 threads per core) family 6 model 60 stepping 3, cmov, cx8, fxsr, mmx, sse, sse2, sse3, ssse3, sse4.1, sse4.2, popcnt, avx, avx2, aes, clmul, erms, lzcnt, ht, tsc, tscinvbit, bmi1, bmi2, fma
CPU Model and flags from /proc/cpuinfo:
model name	: Intel(R) Core(TM) i7-4710MQ CPU @ 2.50GHz
flags		: fpu vme de pse tsc msr pae mce cx8 apic sep mtrr pge mca cmov pat pse36 clflush dts acpi mmx fxsr sse sse2 ss ht tm pbe syscall nx pdpe1gb rdtscp lm constant_tsc arch_perfmon pebs bts rep_good nopl xtopology nonstop_tsc aperfmperf eagerfpu pni pclmulqdq dtes64 monitor ds_cpl vmx est tm2 ssse3 sdbg fma cx16 xtpr pdcm pcid sse4_1 sse4_2 movbe popcnt tsc_deadline_timer aes xsave avx f16c rdrand lahf_lm abm epb tpr_shadow vnmi flexpriority ept vpid fsgsbase tsc_adjust bmi1 avx2 smep bmi2 erms invpcid xsaveopt dtherm ida arat pln pts

Memory: 4k page, physical 24512108k(327896k free), swap 0k(0k free)

vm_info: Java HotSpot(TM) 64-Bit Server VM (9.0.4+11) for linux-amd64 JRE (9.0.4+11), built on Dec 19 2017 18:12:19 by "mach5one" with gcc 4.9.2

END.
