#
# There is insufficient memory for the Java Runtime Environment to continue.
# Native memory allocation (mmap) failed to map 788529152 bytes for committing reserved memory.
# Possible reasons:
#   The system is out of physical RAM or swap space
#   The process is running with CompressedOops enabled, and the Java Heap may be blocking the growth of the native heap
# Possible solutions:
#   Reduce memory load on the system
#   Increase physical memory or swap space
#   Check if swap backing store is full
#   Decrease Java heap size (-Xmx/-Xms)
#   Decrease number of Java threads
#   Decrease Java thread stack sizes (-Xss)
#   Set larger code cache with -XX:ReservedCodeCacheSize=
#   JVM is running with Zero Based Compressed Oops mode in which the Java heap is
#     placed in the first 32GB address space. The Java Heap base address is the
#     maximum limit for the native heap growth. Please use -XX:HeapBaseMinAddress
#     to set the Java Heap base and to place the Java Heap above 32GB virtual address.
# This output file may be truncated or incomplete.
#
#  Out of Memory Error (os_linux.cpp:2647), pid=12210, tid=12254
#
# JRE version: Java(TM) SE Runtime Environment (9.0+11) (build 9.0.4+11)
# Java VM: Java HotSpot(TM) 64-Bit Server VM (9.0.4+11, mixed mode, tiered, compressed oops, g1 gc, linux-amd64)
# No core dump will be written. Core dumps have been disabled. To enable core dumping, try "ulimit -c unlimited" before starting Java again
#

---------------  S U M M A R Y ------------

Command Line: -XX:TieredStopAtLevel=1 -Xverify:none -Dspring.output.ansi.enabled=always -Dcom.sun.management.jmxremote -Dspring.liveBeansView.mbeanDomain -Dspring.application.admin.enabled=true -javaagent:/opt/idea-IU-183.6156.11/lib/idea_rt.jar=32962:/opt/idea-IU-183.6156.11/bin -Dfile.encoding=UTF-8 com.filip.machaj.demo.AbonamentyApplicationKt

Host: Intel(R) Core(TM) i7-4710MQ CPU @ 2.50GHz, 8 cores, 23G, Linux Mint 18.1 Serena
Time: Fri Oct 18 19:26:13 2019 CEST elapsed time: 2 seconds (0d 0h 0m 2s)

---------------  T H R E A D  ---------------

Current thread (0x00007ff41c2b1000):  VMThread "VM Thread" [stack: 0x00007ff39eff9000,0x00007ff39f0f9000] [id=12254]

Stack: [0x00007ff39eff9000,0x00007ff39f0f9000],  sp=0x00007ff39f0f7010,  free space=1016k
Native frames: (J=compiled Java code, A=aot compiled Java code, j=interpreted, Vv=VM code, C=native code)
V  [libjvm.so+0xd4c6c2]  VMError::report_and_die(int, char const*, char const*, __va_list_tag*, Thread*, unsigned char*, void*, void*, char const*, int, unsigned long)+0x162
V  [libjvm.so+0xd4d32b]  VMError::report_and_die(Thread*, char const*, int, unsigned long, VMErrorType, char const*, __va_list_tag*)+0x2b
V  [libjvm.so+0x654ac8]  report_vm_out_of_memory(char const*, int, unsigned long, VMErrorType, char const*, ...)+0xd8
V  [libjvm.so+0xb68241]  os::pd_commit_memory_or_exit(char*, unsigned long, unsigned long, bool, char const*)+0x101
V  [libjvm.so+0xb628cd]  os::commit_memory_or_exit(char*, unsigned long, unsigned long, bool, char const*)+0x1d
V  [libjvm.so+0x763492]  G1PageBasedVirtualSpace::commit_preferred_pages(unsigned long, unsigned long)+0x62
V  [libjvm.so+0x7637ae]  G1PageBasedVirtualSpace::commit(unsigned long, unsigned long)+0x11e
V  [libjvm.so+0x766713]  G1RegionsLargerThanCommitSizeMapper::commit_regions(unsigned int, unsigned long, WorkGang*)+0x43
V  [libjvm.so+0x7f760c]  HeapRegionManager::commit_regions(unsigned int, unsigned long, WorkGang*)+0x7c
V  [libjvm.so+0x7f81d4]  HeapRegionManager::make_regions_available(unsigned int, unsigned int, WorkGang*)+0x34
V  [libjvm.so+0x7f86f1]  HeapRegionManager::expand_by(unsigned int, WorkGang*)+0x71
V  [libjvm.so+0x729a87]  G1CollectedHeap::expand(unsigned long, WorkGang*, double*)+0xd7
V  [libjvm.so+0x7309ca]  G1CollectedHeap::do_collection_pause_at_safepoint(double)+0x104a
V  [libjvm.so+0xd4db96]  VM_CollectForMetadataAllocation::initiate_concurrent_GC()+0x156
V  [libjvm.so+0xd4dee8]  VM_CollectForMetadataAllocation::doit()+0xf8
V  [libjvm.so+0xd5d4f9]  VM_Operation::evaluate()+0x59
V  [libjvm.so+0xd5b243]  VMThread::evaluate_operation(VM_Operation*)+0xc3
V  [libjvm.so+0xd5b7b0]  VMThread::loop()+0x210
V  [libjvm.so+0xd5bcc2]  VMThread::run()+0x72
V  [libjvm.so+0xb6e132]  thread_native_entry(Thread*)+0xf2

VM_Operation (0x00007ff42496c9b0): CollectForMetadataAllocation, mode: safepoint, requested by thread 0x00007ff41c016800


---------------  P R O C E S S  ---------------

Java Threads: ( => current thread )
  0x00007ff358017000 JavaThread "RMI Scheduler(0)" daemon [_thread_blocked, id=12287, stack(0x00007ff39c4ad000,0x00007ff39c5ae000)]
  0x00007ff36c001000 JavaThread "RMI TCP Connection(1)-127.0.0.1" daemon [_thread_blocked, id=12286, stack(0x00007ff39caaf000,0x00007ff39cbb0000)]
  0x00007ff388002800 JavaThread "Attach Listener" daemon [_thread_blocked, id=12284, stack(0x00007ff39c9ae000,0x00007ff39caaf000)]
  0x00007ff41c7b0000 JavaThread "RMI TCP Accept-0" daemon [_thread_in_native, id=12277, stack(0x00007ff39d5b2000,0x00007ff39d6b3000)]
  0x00007ff41c6e5000 JavaThread "Service Thread" daemon [_thread_blocked, id=12276, stack(0x00007ff39dcbc000,0x00007ff39ddbd000)]
  0x00007ff41c6e4000 JavaThread "Monitor Ctrl-Break" daemon [_thread_in_native, id=12275, stack(0x00007ff39ddbd000,0x00007ff39debe000)]
  0x00007ff41c32c800 JavaThread "Common-Cleaner" daemon [_thread_blocked, id=12271, stack(0x00007ff39debe000,0x00007ff39dfbf000)]
  0x00007ff41c2e8000 JavaThread "Sweeper thread" daemon [_thread_blocked, id=12270, stack(0x00007ff39e3e7000,0x00007ff39e4e8000)]
  0x00007ff41c2e6000 JavaThread "C1 CompilerThread3" daemon [_thread_blocked, id=12269, stack(0x00007ff39e4e8000,0x00007ff39e5e9000)]
  0x00007ff41c2e4000 JavaThread "C1 CompilerThread2" daemon [_thread_blocked, id=12268, stack(0x00007ff39e5e9000,0x00007ff39e6ea000)]
  0x00007ff41c2e2000 JavaThread "C1 CompilerThread1" daemon [_thread_blocked, id=12267, stack(0x00007ff39e6ea000,0x00007ff39e7eb000)]
  0x00007ff41c2e0000 JavaThread "C1 CompilerThread0" daemon [_thread_blocked, id=12266, stack(0x00007ff39e7eb000,0x00007ff39e8ec000)]
  0x00007ff41c2de000 JavaThread "Signal Dispatcher" daemon [_thread_blocked, id=12265, stack(0x00007ff39e8ec000,0x00007ff39e9ed000)]
  0x00007ff41c2c3000 JavaThread "Finalizer" daemon [_thread_blocked, id=12258, stack(0x00007ff39edf6000,0x00007ff39eef7000)]
  0x00007ff41c2bb000 JavaThread "Reference Handler" daemon [_thread_blocked, id=12257, stack(0x00007ff39eef7000,0x00007ff39eff8000)]
  0x00007ff41c016800 JavaThread "main" [_thread_blocked, id=12211, stack(0x00007ff424870000,0x00007ff424970000)]

Other Threads:
=>0x00007ff41c2b1000 VMThread "VM Thread" [stack: 0x00007ff39eff9000,0x00007ff39f0f9000] [id=12254]
  0x00007ff41c7bd800 WatcherThread [stack: 0x00007ff39d4b2000,0x00007ff39d5b2000] [id=12278]
  0x00007ff41c02e000 GCTaskThread "GC Thread#0" [stack: 0x00007ff420d42000,0x00007ff420e42000] [id=12213]
  0x00007ff41c02f800 GCTaskThread "GC Thread#1" [stack: 0x00007ff420c41000,0x00007ff420d41000] [id=12215]
  0x00007ff41c031800 GCTaskThread "GC Thread#2" [stack: 0x00007ff420b40000,0x00007ff420c40000] [id=12217]
  0x00007ff41c033000 GCTaskThread "GC Thread#3" [stack: 0x00007ff420a3f000,0x00007ff420b3f000] [id=12219]
  0x00007ff41c035000 GCTaskThread "GC Thread#4" [stack: 0x00007ff42093e000,0x00007ff420a3e000] [id=12220]
  0x00007ff41c036800 GCTaskThread "GC Thread#5" [stack: 0x00007ff42083d000,0x00007ff42093d000] [id=12222]
  0x00007ff41c038000 GCTaskThread "GC Thread#6" [stack: 0x00007ff42073c000,0x00007ff42083c000] [id=12225]
  0x00007ff41c03a000 GCTaskThread "GC Thread#7" [stack: 0x00007ff42063b000,0x00007ff42073b000] [id=12227]
  0x00007ff41c0b1800 ConcurrentGCThread "G1 Main Marker" [stack: 0x00007ff400210000,0x00007ff400310000] [id=12250]
  0x00007ff41c0b3000 ConcurrentGCThread "G1 Marker#0" [stack: 0x00007ff40010f000,0x00007ff40020f000] [id=12251]
  0x00007ff41c0b5000 ConcurrentGCThread "G1 Marker#1" [stack: 0x00007ff40000e000,0x00007ff40010e000] [id=12252]
  0x00007ff41c048800 ConcurrentGCThread "G1 Refine#0" [stack: 0x00007ff40113a000,0x00007ff40123a000] [id=12243]
  0x00007ff41c046800 ConcurrentGCThread "G1 Refine#1" [stack: 0x00007ff40123b000,0x00007ff40133b000] [id=12241]
  0x00007ff41c045000 ConcurrentGCThread "G1 Refine#2" [stack: 0x00007ff40133c000,0x00007ff40143c000] [id=12239]
  0x00007ff41c043000 ConcurrentGCThread "G1 Refine#3" [stack: 0x00007ff40143d000,0x00007ff40153d000] [id=12237]
  0x00007ff41c041800 ConcurrentGCThread "G1 Refine#4" [stack: 0x00007ff40153e000,0x00007ff40163e000] [id=12235]
  0x00007ff41c03f800 ConcurrentGCThread "G1 Refine#5" [stack: 0x00007ff40163f000,0x00007ff40173f000] [id=12233]
  0x00007ff41c03e000 ConcurrentGCThread "G1 Refine#6" [stack: 0x00007ff401740000,0x00007ff401840000] [id=12231]
  0x00007ff41c03c000 ConcurrentGCThread "G1 Refine#7" [stack: 0x00007ff401841000,0x00007ff401941000] [id=12229]
  0x00007ff41c04a800 ConcurrentGCThread "G1 Young RemSet Sampling" [stack: 0x00007ff401039000,0x00007ff401139000] [id=12245]

Threads with active compile tasks:

VM state:at safepoint (normal execution)

VM Mutex/Monitor currently owned by a thread:  ([mutex/lock_event])
[0x00007ff41c012ec0] Threads_lock - owner thread: 0x00007ff41c2b1000
[0x00007ff41c013460] Heap_lock - owner thread: 0x00007ff41c016800

Heap address: 0x0000000649e00000, size: 5986 MB, Compressed Oops mode: Zero based, Oop shift amount: 3
Narrow klass base: 0x0000000000000000, Narrow klass shift: 3
Compressed class space size: 1073741824 Address: 0x00000007c0000000

Heap:
 garbage-first heap   total 1155072K, used 23822K [0x0000000649e00000, 0x0000000649f02340, 0x00000007c0000000)
  region size 1024K, 14 young (14336K), 14 survivors (14336K)
 Metaspace       used 33269K, capacity 35762K, committed 35888K, reserved 1081344K
  class space    used 4184K, capacity 4597K, committed 4656K, reserved 1048576K
Heap Regions: E=young(eden), S=young(survivor), O=old, HS=humongous(starts), HC=humongous(continues), CS=collection set, F=free, A=archive, TS=gc time stamp, AC=allocation context, TAMS=top-at-mark-start (previous, next)
|   0|0x0000000649e00000, 0x0000000649f00000, 0x0000000649f00000|100%|HS|  |TS  0|AC  0|TAMS 0x0000000649f00000, 0x0000000649f00000|
|   1|0x0000000649f00000, 0x000000064a000000, 0x000000064a000000|100%| O|  |TS  0|AC  0|TAMS 0x000000064a000000, 0x000000064a000000|
|   2|0x000000064a000000, 0x000000064a100000, 0x000000064a100000|100%| O|  |TS  0|AC  0|TAMS 0x000000064a100000, 0x000000064a100000|
|   3|0x000000064a100000, 0x000000064a200000, 0x000000064a200000|100%| O|  |TS  0|AC  0|TAMS 0x000000064a200000, 0x000000064a200000|
|   4|0x000000064a200000, 0x000000064a300000, 0x000000064a300000|100%| O|  |TS  1|AC  0|TAMS 0x000000064a200000, 0x000000064a300000|
|   5|0x000000064a300000, 0x000000064a400000, 0x000000064a400000|100%| O|  |TS  1|AC  0|TAMS 0x000000064a300000, 0x000000064a400000|
|   6|0x000000064a400000, 0x000000064a500000, 0x000000064a500000|100%| O|  |TS  1|AC  0|TAMS 0x000000064a400000, 0x000000064a500000|
|   7|0x000000064a500000, 0x000000064a600000, 0x000000064a600000|100%| O|  |TS  1|AC  0|TAMS 0x000000064a500000, 0x000000064a600000|
|   8|0x000000064a600000, 0x000000064a700000, 0x000000064a700000|100%| O|  |TS  1|AC  0|TAMS 0x000000064a600000, 0x000000064a700000|
|   9|0x000000064a700000, 0x000000064a782e00, 0x000000064a800000| 51%| O|  |TS  3|AC  0|TAMS 0x000000064a700000, 0x000000064a782e00|
|  10|0x000000064a800000, 0x000000064a800000, 0x000000064a900000|  0%| F|  |TS  0|AC  0|TAMS 0x000000064a800000, 0x000000064a800000|
|  11|0x000000064a900000, 0x000000064a900000, 0x000000064aa00000|  0%| F|  |TS  0|AC  0|TAMS 0x000000064a900000, 0x000000064a900000|
|  12|0x000000064aa00000, 0x000000064aa00000, 0x000000064ab00000|  0%| F|  |TS  0|AC  0|TAMS 0x000000064aa00000, 0x000000064aa00000|
|  13|0x000000064ab00000, 0x000000064ab00000, 0x000000064ac00000|  0%| F|  |TS  0|AC  0|TAMS 0x000000064ab00000, 0x000000064ab00000|
|  14|0x000000064ac00000, 0x000000064ac00000, 0x000000064ad00000|  0%| F|  |TS  0|AC  0|TAMS 0x000000064ac00000, 0x000000064ac00000|
|  15|0x000000064ad00000, 0x000000064ad00000, 0x000000064ae00000|  0%| F|  |TS  0|AC  0|TAMS 0x000000064ad00000, 0x000000064ad00000|
|  16|0x000000064ae00000, 0x000000064ae00000, 0x000000064af00000|  0%| F|  |TS  0|AC  0|TAMS 0x000000064ae00000, 0x000000064ae00000|
|  17|0x000000064af00000, 0x000000064af00000, 0x000000064b000000|  0%| F|  |TS  0|AC  0|TAMS 0x000000064af00000, 0x000000064af00000|
|  18|0x000000064b000000, 0x000000064b000000, 0x000000064b100000|  0%| F|  |TS  0|AC  0|TAMS 0x000000064b000000, 0x000000064b000000|
|  19|0x000000064b100000, 0x000000064b100000, 0x000000064b200000|  0%| F|  |TS  0|AC  0|TAMS 0x000000064b100000, 0x000000064b100000|
|  20|0x000000064b200000, 0x000000064b200000, 0x000000064b300000|  0%| F|  |TS  0|AC  0|TAMS 0x000000064b200000, 0x000000064b200000|
|  21|0x000000064b300000, 0x000000064b300000, 0x000000064b400000|  0%| F|  |TS  0|AC  0|TAMS 0x000000064b300000, 0x000000064b300000|
|  22|0x000000064b400000, 0x000000064b400000, 0x000000064b500000|  0%| F|  |TS  0|AC  0|TAMS 0x000000064b400000, 0x000000064b400000|
|  23|0x000000064b500000, 0x000000064b500000, 0x000000064b600000|  0%| F|  |TS  0|AC  0|TAMS 0x000000064b500000, 0x000000064b500000|
|  24|0x000000064b600000, 0x000000064b600000, 0x000000064b700000|  0%| F|  |TS  0|AC  0|TAMS 0x000000064b600000, 0x000000064b600000|
|  25|0x000000064b700000, 0x000000064b700000, 0x000000064b800000|  0%| F|  |TS  0|AC  0|TAMS 0x000000064b700000, 0x000000064b700000|
|  26|0x000000064b800000, 0x000000064b800000, 0x000000064b900000|  0%| F|  |TS  0|AC  0|TAMS 0x000000064b800000, 0x000000064b800000|
|  27|0x000000064b900000, 0x000000064b900000, 0x000000064ba00000|  0%| F|  |TS  0|AC  0|TAMS 0x000000064b900000, 0x000000064b900000|
|  28|0x000000064ba00000, 0x000000064ba00000, 0x000000064bb00000|  0%| F|  |TS  0|AC  0|TAMS 0x000000064ba00000, 0x000000064ba00000|
|  29|0x000000064bb00000, 0x000000064bb00000, 0x000000064bc00000|  0%| F|  |TS  0|AC  0|TAMS 0x000000064bb00000, 0x000000064bb00000|
|  30|0x000000064bc00000, 0x000000064bc00000, 0x000000064bd00000|  0%| F|  |TS  0|AC  0|TAMS 0x000000064bc00000, 0x000000064bc00000|
|  31|0x000000064bd00000, 0x000000064bd00000, 0x000000064be00000|  0%| F|  |TS  0|AC  0|TAMS 0x000000064bd00000, 0x000000064bd00000|
|  32|0x000000064be00000, 0x000000064be00000, 0x000000064bf00000|  0%| F|  |TS  0|AC  0|TAMS 0x000000064be00000, 0x000000064be00000|
|  33|0x000000064bf00000, 0x000000064bf00000, 0x000000064c000000|  0%| F|  |TS  0|AC  0|TAMS 0x000000064bf00000, 0x000000064bf00000|
|  34|0x000000064c000000, 0x000000064c000000, 0x000000064c100000|  0%| F|  |TS  0|AC  0|TAMS 0x000000064c000000, 0x000000064c000000|
|  35|0x000000064c100000, 0x000000064c100000, 0x000000064c200000|  0%| F|  |TS  0|AC  0|TAMS 0x000000064c100000, 0x000000064c100000|
|  36|0x000000064c200000, 0x000000064c200000, 0x000000064c300000|  0%| F|  |TS  0|AC  0|TAMS 0x000000064c200000, 0x000000064c200000|
|  37|0x000000064c300000, 0x000000064c300000, 0x000000064c400000|  0%| F|  |TS  0|AC  0|TAMS 0x000000064c300000, 0x000000064c300000|
|  38|0x000000064c400000, 0x000000064c400000, 0x000000064c500000|  0%| F|  |TS  0|AC  0|TAMS 0x000000064c400000, 0x000000064c400000|
|  39|0x000000064c500000, 0x000000064c500000, 0x000000064c600000|  0%| F|  |TS  0|AC  0|TAMS 0x000000064c500000, 0x000000064c500000|
|  40|0x000000064c600000, 0x000000064c600000, 0x000000064c700000|  0%| F|  |TS  0|AC  0|TAMS 0x000000064c600000, 0x000000064c600000|
|  41|0x000000064c700000, 0x000000064c700000, 0x000000064c800000|  0%| F|  |TS  0|AC  0|TAMS 0x000000064c700000, 0x000000064c700000|
|  42|0x000000064c800000, 0x000000064c800000, 0x000000064c900000|  0%| F|  |TS  0|AC  0|TAMS 0x000000064c800000, 0x000000064c800000|
|  43|0x000000064c900000, 0x000000064c900000, 0x000000064ca00000|  0%| F|  |TS  0|AC  0|TAMS 0x000000064c900000, 0x000000064c900000|
|  44|0x000000064ca00000, 0x000000064ca00000, 0x000000064cb00000|  0%| F|  |TS  0|AC  0|TAMS 0x000000064ca00000, 0x000000064ca00000|
|  45|0x000000064cb00000, 0x000000064cb00000, 0x000000064cc00000|  0%| F|  |TS  0|AC  0|TAMS 0x000000064cb00000, 0x000000064cb00000|
|  46|0x000000064cc00000, 0x000000064cc00000, 0x000000064cd00000|  0%| F|  |TS  0|AC  0|TAMS 0x000000064cc00000, 0x000000064cc00000|
|  47|0x000000064cd00000, 0x000000064cd00000, 0x000000064ce00000|  0%| F|  |TS  0|AC  0|TAMS 0x000000064cd00000, 0x000000064cd00000|
|  48|0x000000064ce00000, 0x000000064ce00000, 0x000000064cf00000|  0%| F|  |TS  0|AC  0|TAMS 0x000000064ce00000, 0x000000064ce00000|
|  49|0x000000064cf00000, 0x000000064cf00000, 0x000000064d000000|  0%| F|  |TS  0|AC  0|TAMS 0x000000064cf00000, 0x000000064cf00000|
|  50|0x000000064d000000, 0x000000064d000000, 0x000000064d100000|  0%| F|  |TS  0|AC  0|TAMS 0x000000064d000000, 0x000000064d000000|
|  51|0x000000064d100000, 0x000000064d100000, 0x000000064d200000|  0%| F|  |TS  0|AC  0|TAMS 0x000000064d100000, 0x000000064d100000|
|  52|0x000000064d200000, 0x000000064d200000, 0x000000064d300000|  0%| F|  |TS  0|AC  0|TAMS 0x000000064d200000, 0x000000064d200000|
|  53|0x000000064d300000, 0x000000064d300000, 0x000000064d400000|  0%| F|  |TS  0|AC  0|TAMS 0x000000064d300000, 0x000000064d300000|
|  54|0x000000064d400000, 0x000000064d400000, 0x000000064d500000|  0%| F|  |TS  0|AC  0|TAMS 0x000000064d400000, 0x000000064d400000|
|  55|0x000000064d500000, 0x000000064d500000, 0x000000064d600000|  0%| F|  |TS  0|AC  0|TAMS 0x000000064d500000, 0x000000064d500000|
|  56|0x000000064d600000, 0x000000064d600000, 0x000000064d700000|  0%| F|  |TS  0|AC  0|TAMS 0x000000064d600000, 0x000000064d600000|
|  57|0x000000064d700000, 0x000000064d700000, 0x000000064d800000|  0%| F|  |TS  0|AC  0|TAMS 0x000000064d700000, 0x000000064d700000|
|  58|0x000000064d800000, 0x000000064d800000, 0x000000064d900000|  0%| F|  |TS  0|AC  0|TAMS 0x000000064d800000, 0x000000064d800000|
|  59|0x000000064d900000, 0x000000064d900000, 0x000000064da00000|  0%| F|  |TS  0|AC  0|TAMS 0x000000064d900000, 0x000000064d900000|
|  60|0x000000064da00000, 0x000000064da00000, 0x000000064db00000|  0%| F|  |TS  0|AC  0|TAMS 0x000000064da00000, 0x000000064da00000|
|  61|0x000000064db00000, 0x000000064db00000, 0x000000064dc00000|  0%| F|  |TS  0|AC  0|TAMS 0x000000064db00000, 0x000000064db00000|
|  62|0x000000064dc00000, 0x000000064dc00000, 0x000000064dd00000|  0%| F|  |TS  0|AC  0|TAMS 0x000000064dc00000, 0x000000064dc00000|
|  63|0x000000064dd00000, 0x000000064dd00000, 0x000000064de00000|  0%| F|  |TS  0|AC  0|TAMS 0x000000064dd00000, 0x000000064dd00000|
|  64|0x000000064de00000, 0x000000064de00000, 0x000000064df00000|  0%| F|  |TS  0|AC  0|TAMS 0x000000064de00000, 0x000000064de00000|
|  65|0x000000064df00000, 0x000000064df00000, 0x000000064e000000|  0%| F|  |TS  0|AC  0|TAMS 0x000000064df00000, 0x000000064df00000|
|  66|0x000000064e000000, 0x000000064e000000, 0x000000064e100000|  0%| F|  |TS  0|AC  0|TAMS 0x000000064e000000, 0x000000064e000000|
|  67|0x000000064e100000, 0x000000064e100000, 0x000000064e200000|  0%| F|  |TS  0|AC  0|TAMS 0x000000064e100000, 0x000000064e100000|
|  68|0x000000064e200000, 0x000000064e200000, 0x000000064e300000|  0%| F|  |TS  0|AC  0|TAMS 0x000000064e200000, 0x000000064e200000|
|  69|0x000000064e300000, 0x000000064e300000, 0x000000064e400000|  0%| F|  |TS  0|AC  0|TAMS 0x000000064e300000, 0x000000064e300000|
|  70|0x000000064e400000, 0x000000064e400000, 0x000000064e500000|  0%| F|  |TS  0|AC  0|TAMS 0x000000064e400000, 0x000000064e400000|
|  71|0x000000064e500000, 0x000000064e500000, 0x000000064e600000|  0%| F|  |TS  0|AC  0|TAMS 0x000000064e500000, 0x000000064e500000|
|  72|0x000000064e600000, 0x000000064e600000, 0x000000064e700000|  0%| F|  |TS  0|AC  0|TAMS 0x000000064e600000, 0x000000064e600000|
|  73|0x000000064e700000, 0x000000064e700000, 0x000000064e800000|  0%| F|  |TS  0|AC  0|TAMS 0x000000064e700000, 0x000000064e700000|
|  74|0x000000064e800000, 0x000000064e800000, 0x000000064e900000|  0%| F|  |TS  0|AC  0|TAMS 0x000000064e800000, 0x000000064e800000|
|  75|0x000000064e900000, 0x000000064e900000, 0x000000064ea00000|  0%| F|  |TS  0|AC  0|TAMS 0x000000064e900000, 0x000000064e900000|
|  76|0x000000064ea00000, 0x000000064ea00000, 0x000000064eb00000|  0%| F|  |TS  0|AC  0|TAMS 0x000000064ea00000, 0x000000064ea00000|
|  77|0x000000064eb00000, 0x000000064eb00000, 0x000000064ec00000|  0%| F|  |TS  0|AC  0|TAMS 0x000000064eb00000, 0x000000064eb00000|
|  78|0x000000064ec00000, 0x000000064ec00000, 0x000000064ed00000|  0%| F|  |TS  0|AC  0|TAMS 0x000000064ec00000, 0x000000064ec00000|
|  79|0x000000064ed00000, 0x000000064ed00000, 0x000000064ee00000|  0%| F|  |TS  0|AC  0|TAMS 0x000000064ed00000, 0x000000064ed00000|
|  80|0x000000064ee00000, 0x000000064ee00000, 0x000000064ef00000|  0%| F|  |TS  0|AC  0|TAMS 0x000000064ee00000, 0x000000064ee00000|
|  81|0x000000064ef00000, 0x000000064ef00000, 0x000000064f000000|  0%| F|  |TS  0|AC  0|TAMS 0x000000064ef00000, 0x000000064ef00000|
|  82|0x000000064f000000, 0x000000064f000000, 0x000000064f100000|  0%| F|  |TS  0|AC  0|TAMS 0x000000064f000000, 0x000000064f000000|
|  83|0x000000064f100000, 0x000000064f100000, 0x000000064f200000|  0%| F|  |TS  0|AC  0|TAMS 0x000000064f100000, 0x000000064f100000|
|  84|0x000000064f200000, 0x000000064f200000, 0x000000064f300000|  0%| F|  |TS  0|AC  0|TAMS 0x000000064f200000, 0x000000064f200000|
|  85|0x000000064f300000, 0x000000064f300000, 0x000000064f400000|  0%| F|  |TS  0|AC  0|TAMS 0x000000064f300000, 0x000000064f300000|
|  86|0x000000064f400000, 0x000000064f400000, 0x000000064f500000|  0%| F|  |TS  0|AC  0|TAMS 0x000000064f400000, 0x000000064f400000|
|  87|0x000000064f500000, 0x000000064f500000, 0x000000064f600000|  0%| F|  |TS  0|AC  0|TAMS 0x000000064f500000, 0x000000064f500000|
|  88|0x000000064f600000, 0x000000064f600000, 0x000000064f700000|  0%| F|  |TS  0|AC  0|TAMS 0x000000064f600000, 0x000000064f600000|
|  89|0x000000064f700000, 0x000000064f700000, 0x000000064f800000|  0%| F|  |TS  0|AC  0|TAMS 0x000000064f700000, 0x000000064f700000|
|  90|0x000000064f800000, 0x000000064f800000, 0x000000064f900000|  0%| F|  |TS  0|AC  0|TAMS 0x000000064f800000, 0x000000064f800000|
|  91|0x000000064f900000, 0x000000064f900000, 0x000000064fa00000|  0%| F|  |TS  0|AC  0|TAMS 0x000000064f900000, 0x000000064f900000|
|  92|0x000000064fa00000, 0x000000064fa00000, 0x000000064fb00000|  0%| F|  |TS  0|AC  0|TAMS 0x000000064fa00000, 0x000000064fa00000|
|  93|0x000000064fb00000, 0x000000064fb00000, 0x000000064fc00000|  0%| F|  |TS  0|AC  0|TAMS 0x000000064fb00000, 0x000000064fb00000|
|  94|0x000000064fc00000, 0x000000064fc00000, 0x000000064fd00000|  0%| F|  |TS  0|AC  0|TAMS 0x000000064fc00000, 0x000000064fc00000|
|  95|0x000000064fd00000, 0x000000064fd00000, 0x000000064fe00000|  0%| F|  |TS  0|AC  0|TAMS 0x000000064fd00000, 0x000000064fd00000|
|  96|0x000000064fe00000, 0x000000064fe00000, 0x000000064ff00000|  0%| F|  |TS  0|AC  0|TAMS 0x000000064fe00000, 0x000000064fe00000|
|  97|0x000000064ff00000, 0x000000064ff00000, 0x0000000650000000|  0%| F|  |TS  0|AC  0|TAMS 0x000000064ff00000, 0x000000064ff00000|
|  98|0x0000000650000000, 0x0000000650000000, 0x0000000650100000|  0%| F|  |TS  0|AC  0|TAMS 0x0000000650000000, 0x0000000650000000|
|  99|0x0000000650100000, 0x0000000650100000, 0x0000000650200000|  0%| F|  |TS  0|AC  0|TAMS 0x0000000650100000, 0x0000000650100000|
| 100|0x0000000650200000, 0x0000000650200000, 0x0000000650300000|  0%| F|  |TS  0|AC  0|TAMS 0x0000000650200000, 0x0000000650200000|
| 101|0x0000000650300000, 0x0000000650300000, 0x0000000650400000|  0%| F|  |TS  0|AC  0|TAMS 0x0000000650300000, 0x0000000650300000|
| 102|0x0000000650400000, 0x0000000650400000, 0x0000000650500000|  0%| F|  |TS  0|AC  0|TAMS 0x0000000650400000, 0x0000000650400000|
| 103|0x0000000650500000, 0x0000000650500000, 0x0000000650600000|  0%| F|  |TS  0|AC  0|TAMS 0x0000000650500000, 0x0000000650500000|
| 104|0x0000000650600000, 0x0000000650600000, 0x0000000650700000|  0%| F|  |TS  0|AC  0|TAMS 0x0000000650600000, 0x0000000650600000|
| 105|0x0000000650700000, 0x0000000650700000, 0x0000000650800000|  0%| F|  |TS  0|AC  0|TAMS 0x0000000650700000, 0x0000000650700000|
| 106|0x0000000650800000, 0x0000000650800000, 0x0000000650900000|  0%| F|  |TS  0|AC  0|TAMS 0x0000000650800000, 0x0000000650800000|
| 107|0x0000000650900000, 0x0000000650900000, 0x0000000650a00000|  0%| F|  |TS  0|AC  0|TAMS 0x0000000650900000, 0x0000000650900000|
| 108|0x0000000650a00000, 0x0000000650a00000, 0x0000000650b00000|  0%| F|  |TS  0|AC  0|TAMS 0x0000000650a00000, 0x0000000650a00000|
| 109|0x0000000650b00000, 0x0000000650b00000, 0x0000000650c00000|  0%| F|  |TS  0|AC  0|TAMS 0x0000000650b00000, 0x0000000650b00000|
| 110|0x0000000650c00000, 0x0000000650c00000, 0x0000000650d00000|  0%| F|  |TS  0|AC  0|TAMS 0x0000000650c00000, 0x0000000650c00000|
| 111|0x0000000650d00000, 0x0000000650d00000, 0x0000000650e00000|  0%| F|  |TS  0|AC  0|TAMS 0x0000000650d00000, 0x0000000650d00000|
| 112|0x0000000650e00000, 0x0000000650e00000, 0x0000000650f00000|  0%| F|  |TS  0|AC  0|TAMS 0x0000000650e00000, 0x0000000650e00000|
| 113|0x0000000650f00000, 0x0000000650f00000, 0x0000000651000000|  0%| F|  |TS  0|AC  0|TAMS 0x0000000650f00000, 0x0000000650f00000|
| 114|0x0000000651000000, 0x0000000651000000, 0x0000000651100000|  0%| F|  |TS  0|AC  0|TAMS 0x0000000651000000, 0x0000000651000000|
| 115|0x0000000651100000, 0x0000000651100000, 0x0000000651200000|  0%| F|  |TS  0|AC  0|TAMS 0x0000000651100000, 0x0000000651100000|
| 116|0x0000000651200000, 0x0000000651200000, 0x0000000651300000|  0%| F|  |TS  0|AC  0|TAMS 0x0000000651200000, 0x0000000651200000|
| 117|0x0000000651300000, 0x0000000651300000, 0x0000000651400000|  0%| F|  |TS  0|AC  0|TAMS 0x0000000651300000, 0x0000000651300000|
| 118|0x0000000651400000, 0x0000000651400000, 0x0000000651500000|  0%| F|  |TS  0|AC  0|TAMS 0x0000000651400000, 0x0000000651400000|
| 119|0x0000000651500000, 0x0000000651500000, 0x0000000651600000|  0%| F|  |TS  0|AC  0|TAMS 0x0000000651500000, 0x0000000651500000|
| 120|0x0000000651600000, 0x0000000651600000, 0x0000000651700000|  0%| F|  |TS  0|AC  0|TAMS 0x0000000651600000, 0x0000000651600000|
| 121|0x0000000651700000, 0x0000000651700000, 0x0000000651800000|  0%| F|  |TS  0|AC  0|TAMS 0x0000000651700000, 0x0000000651700000|
| 122|0x0000000651800000, 0x0000000651800000, 0x0000000651900000|  0%| F|  |TS  0|AC  0|TAMS 0x0000000651800000, 0x0000000651800000|
| 123|0x0000000651900000, 0x0000000651900000, 0x0000000651a00000|  0%| F|  |TS  0|AC  0|TAMS 0x0000000651900000, 0x0000000651900000|
| 124|0x0000000651a00000, 0x0000000651a00000, 0x0000000651b00000|  0%| F|  |TS  0|AC  0|TAMS 0x0000000651a00000, 0x0000000651a00000|
| 125|0x0000000651b00000, 0x0000000651b00000, 0x0000000651c00000|  0%| F|  |TS  0|AC  0|TAMS 0x0000000651b00000, 0x0000000651b00000|
| 126|0x0000000651c00000, 0x0000000651c00000, 0x0000000651d00000|  0%| F|  |TS  0|AC  0|TAMS 0x0000000651c00000, 0x0000000651c00000|
| 127|0x0000000651d00000, 0x0000000651d00000, 0x0000000651e00000|  0%| F|  |TS  0|AC  0|TAMS 0x0000000651d00000, 0x0000000651d00000|
| 128|0x0000000651e00000, 0x0000000651e00000, 0x0000000651f00000|  0%| F|  |TS  0|AC  0|TAMS 0x0000000651e00000, 0x0000000651e00000|
| 129|0x0000000651f00000, 0x0000000651f00000, 0x0000000652000000|  0%| F|  |TS  0|AC  0|TAMS 0x0000000651f00000, 0x0000000651f00000|
| 130|0x0000000652000000, 0x0000000652000000, 0x0000000652100000|  0%| F|  |TS  0|AC  0|TAMS 0x0000000652000000, 0x0000000652000000|
| 131|0x0000000652100000, 0x0000000652100000, 0x0000000652200000|  0%| F|  |TS  0|AC  0|TAMS 0x0000000652100000, 0x0000000652100000|
| 132|0x0000000652200000, 0x0000000652200000, 0x0000000652300000|  0%| F|  |TS  0|AC  0|TAMS 0x0000000652200000, 0x0000000652200000|
| 133|0x0000000652300000, 0x0000000652300000, 0x0000000652400000|  0%| F|  |TS  0|AC  0|TAMS 0x0000000652300000, 0x0000000652300000|
| 134|0x0000000652400000, 0x0000000652400000, 0x0000000652500000|  0%| F|  |TS  0|AC  0|TAMS 0x0000000652400000, 0x0000000652400000|
| 135|0x0000000652500000, 0x0000000652500000, 0x0000000652600000|  0%| F|  |TS  0|AC  0|TAMS 0x0000000652500000, 0x0000000652500000|
| 136|0x0000000652600000, 0x0000000652600000, 0x0000000652700000|  0%| F|  |TS  0|AC  0|TAMS 0x0000000652600000, 0x0000000652600000|
| 137|0x0000000652700000, 0x0000000652700000, 0x0000000652800000|  0%| F|  |TS  0|AC  0|TAMS 0x0000000652700000, 0x0000000652700000|
| 138|0x0000000652800000, 0x0000000652800000, 0x0000000652900000|  0%| F|  |TS  0|AC  0|TAMS 0x0000000652800000, 0x0000000652800000|
| 139|0x0000000652900000, 0x0000000652900000, 0x0000000652a00000|  0%| F|  |TS  0|AC  0|TAMS 0x0000000652900000, 0x0000000652900000|
| 140|0x0000000652a00000, 0x0000000652a00000, 0x0000000652b00000|  0%| F|  |TS  0|AC  0|TAMS 0x0000000652a00000, 0x0000000652a00000|
| 141|0x0000000652b00000, 0x0000000652b00000, 0x0000000652c00000|  0%| F|  |TS  0|AC  0|TAMS 0x0000000652b00000, 0x0000000652b00000|
| 142|0x0000000652c00000, 0x0000000652c00000, 0x0000000652d00000|  0%| F|  |TS  0|AC  0|TAMS 0x0000000652c00000, 0x0000000652c00000|
| 143|0x0000000652d00000, 0x0000000652d00000, 0x0000000652e00000|  0%| F|  |TS  0|AC  0|TAMS 0x0000000652d00000, 0x0000000652d00000|
| 144|0x0000000652e00000, 0x0000000652e00000, 0x0000000652f00000|  0%| F|  |TS  0|AC  0|TAMS 0x0000000652e00000, 0x0000000652e00000|
| 145|0x0000000652f00000, 0x0000000652f00000, 0x0000000653000000|  0%| F|  |TS  0|AC  0|TAMS 0x0000000652f00000, 0x0000000652f00000|
| 146|0x0000000653000000, 0x0000000653000000, 0x0000000653100000|  0%| F|  |TS  0|AC  0|TAMS 0x0000000653000000, 0x0000000653000000|
| 147|0x0000000653100000, 0x0000000653100000, 0x0000000653200000|  0%| F|  |TS  0|AC  0|TAMS 0x0000000653100000, 0x0000000653100000|
| 148|0x0000000653200000, 0x0000000653200000, 0x0000000653300000|  0%| F|  |TS  0|AC  0|TAMS 0x0000000653200000, 0x0000000653200000|
| 149|0x0000000653300000, 0x0000000653300000, 0x0000000653400000|  0%| F|  |TS  0|AC  0|TAMS 0x0000000653300000, 0x0000000653300000|
| 150|0x0000000653400000, 0x0000000653400000, 0x0000000653500000|  0%| F|  |TS  0|AC  0|TAMS 0x0000000653400000, 0x0000000653400000|
| 151|0x0000000653500000, 0x0000000653500000, 0x0000000653600000|  0%| F|  |TS  0|AC  0|TAMS 0x0000000653500000, 0x0000000653500000|
| 152|0x0000000653600000, 0x0000000653600000, 0x0000000653700000|  0%| F|  |TS  0|AC  0|TAMS 0x0000000653600000, 0x0000000653600000|
| 153|0x0000000653700000, 0x0000000653700000, 0x0000000653800000|  0%| F|  |TS  0|AC  0|TAMS 0x0000000653700000, 0x0000000653700000|
| 154|0x0000000653800000, 0x0000000653800000, 0x0000000653900000|  0%| F|  |TS  0|AC  0|TAMS 0x0000000653800000, 0x0000000653800000|
| 155|0x0000000653900000, 0x0000000653900000, 0x0000000653a00000|  0%| F|  |TS  0|AC  0|TAMS 0x0000000653900000, 0x0000000653900000|
| 156|0x0000000653a00000, 0x0000000653a00000, 0x0000000653b00000|  0%| F|  |TS  0|AC  0|TAMS 0x0000000653a00000, 0x0000000653a00000|
| 157|0x0000000653b00000, 0x0000000653b00000, 0x0000000653c00000|  0%| F|  |TS  0|AC  0|TAMS 0x0000000653b00000, 0x0000000653b00000|
| 158|0x0000000653c00000, 0x0000000653c00000, 0x0000000653d00000|  0%| F|  |TS  0|AC  0|TAMS 0x0000000653c00000, 0x0000000653c00000|
| 159|0x0000000653d00000, 0x0000000653d00000, 0x0000000653e00000|  0%| F|  |TS  0|AC  0|TAMS 0x0000000653d00000, 0x0000000653d00000|
| 160|0x0000000653e00000, 0x0000000653e00000, 0x0000000653f00000|  0%| F|  |TS  0|AC  0|TAMS 0x0000000653e00000, 0x0000000653e00000|
| 161|0x0000000653f00000, 0x0000000653f00000, 0x0000000654000000|  0%| F|  |TS  0|AC  0|TAMS 0x0000000653f00000, 0x0000000653f00000|
| 162|0x0000000654000000, 0x0000000654000000, 0x0000000654100000|  0%| F|  |TS  0|AC  0|TAMS 0x0000000654000000, 0x0000000654000000|
| 163|0x0000000654100000, 0x0000000654100000, 0x0000000654200000|  0%| F|  |TS  0|AC  0|TAMS 0x0000000654100000, 0x0000000654100000|
| 164|0x0000000654200000, 0x0000000654200000, 0x0000000654300000|  0%| F|  |TS  0|AC  0|TAMS 0x0000000654200000, 0x0000000654200000|
| 165|0x0000000654300000, 0x0000000654300000, 0x0000000654400000|  0%| F|  |TS  0|AC  0|TAMS 0x0000000654300000, 0x0000000654300000|
| 166|0x0000000654400000, 0x0000000654400000, 0x0000000654500000|  0%| F|  |TS  0|AC  0|TAMS 0x0000000654400000, 0x0000000654400000|
| 167|0x0000000654500000, 0x0000000654500000, 0x0000000654600000|  0%| F|  |TS  0|AC  0|TAMS 0x0000000654500000, 0x0000000654500000|
| 168|0x0000000654600000, 0x0000000654600000, 0x0000000654700000|  0%| F|  |TS  0|AC  0|TAMS 0x0000000654600000, 0x0000000654600000|
| 169|0x0000000654700000, 0x0000000654700000, 0x0000000654800000|  0%| F|  |TS  0|AC  0|TAMS 0x0000000654700000, 0x0000000654700000|
| 170|0x0000000654800000, 0x0000000654800000, 0x0000000654900000|  0%| F|  |TS  0|AC  0|TAMS 0x0000000654800000, 0x0000000654800000|
| 171|0x0000000654900000, 0x0000000654900000, 0x0000000654a00000|  0%| F|  |TS  0|AC  0|TAMS 0x0000000654900000, 0x0000000654900000|
| 172|0x0000000654a00000, 0x0000000654a00000, 0x0000000654b00000|  0%| F|  |TS  0|AC  0|TAMS 0x0000000654a00000, 0x0000000654a00000|
| 173|0x0000000654b00000, 0x0000000654b00000, 0x0000000654c00000|  0%| F|  |TS  0|AC  0|TAMS 0x0000000654b00000, 0x0000000654b00000|
| 174|0x0000000654c00000, 0x0000000654c00000, 0x0000000654d00000|  0%| F|  |TS  0|AC  0|TAMS 0x0000000654c00000, 0x0000000654c00000|
| 175|0x0000000654d00000, 0x0000000654d00000, 0x0000000654e00000|  0%| F|  |TS  0|AC  0|TAMS 0x0000000654d00000, 0x0000000654d00000|
| 176|0x0000000654e00000, 0x0000000654e00000, 0x0000000654f00000|  0%| F|  |TS  0|AC  0|TAMS 0x0000000654e00000, 0x0000000654e00000|
| 177|0x0000000654f00000, 0x0000000654f00000, 0x0000000655000000|  0%| F|  |TS  0|AC  0|TAMS 0x0000000654f00000, 0x0000000654f00000|
| 178|0x0000000655000000, 0x0000000655000000, 0x0000000655100000|  0%| F|  |TS  0|AC  0|TAMS 0x0000000655000000, 0x0000000655000000|
| 179|0x0000000655100000, 0x0000000655100000, 0x0000000655200000|  0%| F|  |TS  0|AC  0|TAMS 0x0000000655100000, 0x0000000655100000|
| 180|0x0000000655200000, 0x0000000655200000, 0x0000000655300000|  0%| F|  |TS  0|AC  0|TAMS 0x0000000655200000, 0x0000000655200000|
| 181|0x0000000655300000, 0x0000000655300000, 0x0000000655400000|  0%| F|  |TS  0|AC  0|TAMS 0x0000000655300000, 0x0000000655300000|
| 182|0x0000000655400000, 0x0000000655400000, 0x0000000655500000|  0%| F|  |TS  0|AC  0|TAMS 0x0000000655400000, 0x0000000655400000|
| 183|0x0000000655500000, 0x0000000655500000, 0x0000000655600000|  0%| F|  |TS  0|AC  0|TAMS 0x0000000655500000, 0x0000000655500000|
| 184|0x0000000655600000, 0x0000000655600000, 0x0000000655700000|  0%| F|  |TS  0|AC  0|TAMS 0x0000000655600000, 0x0000000655600000|
| 185|0x0000000655700000, 0x0000000655700000, 0x0000000655800000|  0%| F|  |TS  0|AC  0|TAMS 0x0000000655700000, 0x0000000655700000|
| 186|0x0000000655800000, 0x0000000655800000, 0x0000000655900000|  0%| F|  |TS  0|AC  0|TAMS 0x0000000655800000, 0x0000000655800000|
| 187|0x0000000655900000, 0x0000000655900000, 0x0000000655a00000|  0%| F|  |TS  0|AC  0|TAMS 0x0000000655900000, 0x0000000655900000|
| 188|0x0000000655a00000, 0x0000000655a00000, 0x0000000655b00000|  0%| F|  |TS  0|AC  0|TAMS 0x0000000655a00000, 0x0000000655a00000|
| 189|0x0000000655b00000, 0x0000000655b00000, 0x0000000655c00000|  0%| F|  |TS  0|AC  0|TAMS 0x0000000655b00000, 0x0000000655b00000|
| 190|0x0000000655c00000, 0x0000000655c00000, 0x0000000655d00000|  0%| F|  |TS  0|AC  0|TAMS 0x0000000655c00000, 0x0000000655c00000|
| 191|0x0000000655d00000, 0x0000000655d00000, 0x0000000655e00000|  0%| F|  |TS  0|AC  0|TAMS 0x0000000655d00000, 0x0000000655d00000|
| 192|0x0000000655e00000, 0x0000000655e00000, 0x0000000655f00000|  0%| F|  |TS  0|AC  0|TAMS 0x0000000655e00000, 0x0000000655e00000|
| 193|0x0000000655f00000, 0x0000000655f00000, 0x0000000656000000|  0%| F|  |TS  0|AC  0|TAMS 0x0000000655f00000, 0x0000000655f00000|
| 194|0x0000000656000000, 0x0000000656000000, 0x0000000656100000|  0%| F|  |TS  0|AC  0|TAMS 0x0000000656000000, 0x0000000656000000|
| 195|0x0000000656100000, 0x0000000656100000, 0x0000000656200000|  0%| F|  |TS  0|AC  0|TAMS 0x0000000656100000, 0x0000000656100000|
| 196|0x0000000656200000, 0x0000000656200000, 0x0000000656300000|  0%| F|  |TS  0|AC  0|TAMS 0x0000000656200000, 0x0000000656200000|
| 197|0x0000000656300000, 0x0000000656300000, 0x0000000656400000|  0%| F|  |TS  0|AC  0|TAMS 0x0000000656300000, 0x0000000656300000|
| 198|0x0000000656400000, 0x0000000656400000, 0x0000000656500000|  0%| F|  |TS  0|AC  0|TAMS 0x0000000656400000, 0x0000000656400000|
| 199|0x0000000656500000, 0x0000000656500000, 0x0000000656600000|  0%| F|  |TS  0|AC  0|TAMS 0x0000000656500000, 0x0000000656500000|
| 200|0x0000000656600000, 0x0000000656600000, 0x0000000656700000|  0%| F|  |TS  0|AC  0|TAMS 0x0000000656600000, 0x0000000656600000|
| 201|0x0000000656700000, 0x0000000656700000, 0x0000000656800000|  0%| F|  |TS  0|AC  0|TAMS 0x0000000656700000, 0x0000000656700000|
| 202|0x0000000656800000, 0x0000000656800000, 0x0000000656900000|  0%| F|  |TS  0|AC  0|TAMS 0x0000000656800000, 0x0000000656800000|
| 203|0x0000000656900000, 0x0000000656900000, 0x0000000656a00000|  0%| F|  |TS  0|AC  0|TAMS 0x0000000656900000, 0x0000000656900000|
| 204|0x0000000656a00000, 0x0000000656a00000, 0x0000000656b00000|  0%| F|  |TS  0|AC  0|TAMS 0x0000000656a00000, 0x0000000656a00000|
| 205|0x0000000656b00000, 0x0000000656b00000, 0x0000000656c00000|  0%| F|  |TS  0|AC  0|TAMS 0x0000000656b00000, 0x0000000656b00000|
| 206|0x0000000656c00000, 0x0000000656c00000, 0x0000000656d00000|  0%| F|  |TS  0|AC  0|TAMS 0x0000000656c00000, 0x0000000656c00000|
| 207|0x0000000656d00000, 0x0000000656d00000, 0x0000000656e00000|  0%| F|  |TS  0|AC  0|TAMS 0x0000000656d00000, 0x0000000656d00000|
| 208|0x0000000656e00000, 0x0000000656e00000, 0x0000000656f00000|  0%| F|  |TS  0|AC  0|TAMS 0x0000000656e00000, 0x0000000656e00000|
| 209|0x0000000656f00000, 0x0000000656f00000, 0x0000000657000000|  0%| F|  |TS  0|AC  0|TAMS 0x0000000656f00000, 0x0000000656f00000|
| 210|0x0000000657000000, 0x0000000657000000, 0x0000000657100000|  0%| F|  |TS  0|AC  0|TAMS 0x0000000657000000, 0x0000000657000000|
| 211|0x0000000657100000, 0x0000000657100000, 0x0000000657200000|  0%| F|  |TS  0|AC  0|TAMS 0x0000000657100000, 0x0000000657100000|
| 212|0x0000000657200000, 0x0000000657200000, 0x0000000657300000|  0%| F|  |TS  0|AC  0|TAMS 0x0000000657200000, 0x0000000657200000|
| 213|0x0000000657300000, 0x0000000657300000, 0x0000000657400000|  0%| F|  |TS  0|AC  0|TAMS 0x0000000657300000, 0x0000000657300000|
| 214|0x0000000657400000, 0x0000000657400000, 0x0000000657500000|  0%| F|  |TS  0|AC  0|TAMS 0x0000000657400000, 0x0000000657400000|
| 215|0x0000000657500000, 0x0000000657500000, 0x0000000657600000|  0%| F|  |TS  0|AC  0|TAMS 0x0000000657500000, 0x0000000657500000|
| 216|0x0000000657600000, 0x0000000657600000, 0x0000000657700000|  0%| F|  |TS  0|AC  0|TAMS 0x0000000657600000, 0x0000000657600000|
| 217|0x0000000657700000, 0x0000000657700000, 0x0000000657800000|  0%| F|  |TS  0|AC  0|TAMS 0x0000000657700000, 0x0000000657700000|
| 218|0x0000000657800000, 0x00000006578c0a20, 0x0000000657900000| 75%| S|CS|TS  3|AC  0|TAMS 0x0000000657800000, 0x0000000657800000|
| 219|0x0000000657900000, 0x0000000657a00000, 0x0000000657a00000|100%| S|CS|TS  3|AC  0|TAMS 0x0000000657900000, 0x0000000657900000|
| 220|0x0000000657a00000, 0x0000000657b00000, 0x0000000657b00000|100%| S|CS|TS  3|AC  0|TAMS 0x0000000657a00000, 0x0000000657a00000|
| 221|0x0000000657b00000, 0x0000000657c00000, 0x0000000657c00000|100%| S|CS|TS  3|AC  0|TAMS 0x0000000657b00000, 0x0000000657b00000|
| 222|0x0000000657c00000, 0x0000000657d00000, 0x0000000657d00000|100%| S|CS|TS  3|AC  0|TAMS 0x0000000657c00000, 0x0000000657c00000|
| 223|0x0000000657d00000, 0x0000000657e00000, 0x0000000657e00000|100%| S|CS|TS  3|AC  0|TAMS 0x0000000657d00000, 0x0000000657d00000|
| 224|0x0000000657e00000, 0x0000000657f00000, 0x0000000657f00000|100%| S|CS|TS  3|AC  0|TAMS 0x0000000657e00000, 0x0000000657e00000|
| 225|0x0000000657f00000, 0x0000000658000000, 0x0000000658000000|100%| S|CS|TS  3|AC  0|TAMS 0x0000000657f00000, 0x0000000657f00000|
| 226|0x0000000658000000, 0x0000000658100000, 0x0000000658100000|100%| S|CS|TS  3|AC  0|TAMS 0x0000000658000000, 0x0000000658000000|
| 227|0x0000000658100000, 0x0000000658200000, 0x0000000658200000|100%| S|CS|TS  3|AC  0|TAMS 0x0000000658100000, 0x0000000658100000|
| 228|0x0000000658200000, 0x0000000658300000, 0x0000000658300000|100%| S|CS|TS  3|AC  0|TAMS 0x0000000658200000, 0x0000000658200000|
| 229|0x0000000658300000, 0x0000000658400000, 0x0000000658400000|100%| S|CS|TS  3|AC  0|TAMS 0x0000000658300000, 0x0000000658300000|
| 230|0x0000000658400000, 0x0000000658500000, 0x0000000658500000|100%| S|CS|TS  3|AC  0|TAMS 0x0000000658400000, 0x0000000658400000|
| 231|0x0000000658500000, 0x0000000658600000, 0x0000000658600000|100%| S|CS|TS  3|AC  0|TAMS 0x0000000658500000, 0x0000000658500000|
| 232|0x0000000658600000, 0x0000000658600000, 0x0000000658700000|  0%| F|  |TS  3|AC  0|TAMS 0x0000000658600000, 0x0000000658600000|
| 233|0x0000000658700000, 0x0000000658700000, 0x0000000658800000|  0%| F|  |TS  3|AC  0|TAMS 0x0000000658700000, 0x0000000658700000|
| 234|0x0000000658800000, 0x0000000658800000, 0x0000000658900000|  0%| F|  |TS  3|AC  0|TAMS 0x0000000658800000, 0x0000000658800000|
| 235|0x0000000658900000, 0x0000000658900000, 0x0000000658a00000|  0%| F|  |TS  3|AC  0|TAMS 0x0000000658900000, 0x0000000658900000|
| 236|0x0000000658a00000, 0x0000000658a00000, 0x0000000658b00000|  0%| F|  |TS  3|AC  0|TAMS 0x0000000658a00000, 0x0000000658a00000|
| 237|0x0000000658b00000, 0x0000000658b00000, 0x0000000658c00000|  0%| F|  |TS  3|AC  0|TAMS 0x0000000658b00000, 0x0000000658b00000|
| 238|0x0000000658c00000, 0x0000000658c00000, 0x0000000658d00000|  0%| F|  |TS  3|AC  0|TAMS 0x0000000658c00000, 0x0000000658c00000|
| 239|0x0000000658d00000, 0x0000000658d00000, 0x0000000658e00000|  0%| F|  |TS  3|AC  0|TAMS 0x0000000658d00000, 0x0000000658d00000|
| 240|0x0000000658e00000, 0x0000000658e00000, 0x0000000658f00000|  0%| F|  |TS  3|AC  0|TAMS 0x0000000658e00000, 0x0000000658e00000|
| 241|0x0000000658f00000, 0x0000000658f00000, 0x0000000659000000|  0%| F|  |TS  3|AC  0|TAMS 0x0000000658f00000, 0x0000000658f00000|
| 242|0x0000000659000000, 0x0000000659000000, 0x0000000659100000|  0%| F|  |TS  3|AC  0|TAMS 0x0000000659000000, 0x0000000659000000|
| 243|0x0000000659100000, 0x0000000659100000, 0x0000000659200000|  0%| F|  |TS  3|AC  0|TAMS 0x0000000659100000, 0x0000000659100000|
| 244|0x0000000659200000, 0x0000000659200000, 0x0000000659300000|  0%| F|  |TS  3|AC  0|TAMS 0x0000000659200000, 0x0000000659200000|
| 245|0x0000000659300000, 0x0000000659300000, 0x0000000659400000|  0%| F|  |TS  3|AC  0|TAMS 0x0000000659300000, 0x0000000659300000|
| 246|0x0000000659400000, 0x0000000659400000, 0x0000000659500000|  0%| F|  |TS  3|AC  0|TAMS 0x0000000659400000, 0x0000000659400000|
| 247|0x0000000659500000, 0x0000000659500000, 0x0000000659600000|  0%| F|  |TS  3|AC  0|TAMS 0x0000000659500000, 0x0000000659500000|
| 248|0x0000000659600000, 0x0000000659600000, 0x0000000659700000|  0%| F|  |TS  3|AC  0|TAMS 0x0000000659600000, 0x0000000659600000|
| 249|0x0000000659700000, 0x0000000659700000, 0x0000000659800000|  0%| F|  |TS  3|AC  0|TAMS 0x0000000659700000, 0x0000000659700000|
| 250|0x0000000659800000, 0x0000000659800000, 0x0000000659900000|  0%| F|  |TS  3|AC  0|TAMS 0x0000000659800000, 0x0000000659800000|
| 251|0x0000000659900000, 0x0000000659900000, 0x0000000659a00000|  0%| F|  |TS  3|AC  0|TAMS 0x0000000659900000, 0x0000000659900000|
| 252|0x0000000659a00000, 0x0000000659a00000, 0x0000000659b00000|  0%| F|  |TS  3|AC  0|TAMS 0x0000000659a00000, 0x0000000659a00000|
| 253|0x0000000659b00000, 0x0000000659b00000, 0x0000000659c00000|  0%| F|  |TS  3|AC  0|TAMS 0x0000000659b00000, 0x0000000659b00000|
| 254|0x0000000659c00000, 0x0000000659c00000, 0x0000000659d00000|  0%| F|  |TS  3|AC  0|TAMS 0x0000000659c00000, 0x0000000659c00000|
| 255|0x0000000659d00000, 0x0000000659d00000, 0x0000000659e00000|  0%| F|  |TS  3|AC  0|TAMS 0x0000000659d00000, 0x0000000659d00000|
| 256|0x0000000659e00000, 0x0000000659e00000, 0x0000000659f00000|  0%| F|  |TS  3|AC  0|TAMS 0x0000000659e00000, 0x0000000659e00000|
| 257|0x0000000659f00000, 0x0000000659f00000, 0x000000065a000000|  0%| F|  |TS  3|AC  0|TAMS 0x0000000659f00000, 0x0000000659f00000|
| 258|0x000000065a000000, 0x000000065a000000, 0x000000065a100000|  0%| F|  |TS  3|AC  0|TAMS 0x000000065a000000, 0x000000065a000000|
| 259|0x000000065a100000, 0x000000065a100000, 0x000000065a200000|  0%| F|  |TS  3|AC  0|TAMS 0x000000065a100000, 0x000000065a100000|
| 260|0x000000065a200000, 0x000000065a200000, 0x000000065a300000|  0%| F|  |TS  3|AC  0|TAMS 0x000000065a200000, 0x000000065a200000|
| 261|0x000000065a300000, 0x000000065a300000, 0x000000065a400000|  0%| F|  |TS  3|AC  0|TAMS 0x000000065a300000, 0x000000065a300000|
| 262|0x000000065a400000, 0x000000065a400000, 0x000000065a500000|  0%| F|  |TS  3|AC  0|TAMS 0x000000065a400000, 0x000000065a400000|
| 263|0x000000065a500000, 0x000000065a500000, 0x000000065a600000|  0%| F|  |TS  3|AC  0|TAMS 0x000000065a500000, 0x000000065a500000|
| 264|0x000000065a600000, 0x000000065a600000, 0x000000065a700000|  0%| F|  |TS  3|AC  0|TAMS 0x000000065a600000, 0x000000065a600000|
| 265|0x000000065a700000, 0x000000065a700000, 0x000000065a800000|  0%| F|  |TS  3|AC  0|TAMS 0x000000065a700000, 0x000000065a700000|
| 266|0x000000065a800000, 0x000000065a800000, 0x000000065a900000|  0%| F|  |TS  3|AC  0|TAMS 0x000000065a800000, 0x000000065a800000|
| 267|0x000000065a900000, 0x000000065a900000, 0x000000065aa00000|  0%| F|  |TS  3|AC  0|TAMS 0x000000065a900000, 0x000000065a900000|
| 268|0x000000065aa00000, 0x000000065aa00000, 0x000000065ab00000|  0%| F|  |TS  3|AC  0|TAMS 0x000000065aa00000, 0x000000065aa00000|
| 269|0x000000065ab00000, 0x000000065ab00000, 0x000000065ac00000|  0%| F|  |TS  3|AC  0|TAMS 0x000000065ab00000, 0x000000065ab00000|
| 270|0x000000065ac00000, 0x000000065ac00000, 0x000000065ad00000|  0%| F|  |TS  3|AC  0|TAMS 0x000000065ac00000, 0x000000065ac00000|
| 271|0x000000065ad00000, 0x000000065ad00000, 0x000000065ae00000|  0%| F|  |TS  3|AC  0|TAMS 0x000000065ad00000, 0x000000065ad00000|
| 272|0x000000065ae00000, 0x000000065ae00000, 0x000000065af00000|  0%| F|  |TS  3|AC  0|TAMS 0x000000065ae00000, 0x000000065ae00000|
| 273|0x000000065af00000, 0x000000065af00000, 0x000000065b000000|  0%| F|  |TS  3|AC  0|TAMS 0x000000065af00000, 0x000000065af00000|
| 274|0x000000065b000000, 0x000000065b000000, 0x000000065b100000|  0%| F|  |TS  3|AC  0|TAMS 0x000000065b000000, 0x000000065b000000|
| 275|0x000000065b100000, 0x000000065b100000, 0x000000065b200000|  0%| F|  |TS  3|AC  0|TAMS 0x000000065b100000, 0x000000065b100000|
| 276|0x000000065b200000, 0x000000065b200000, 0x000000065b300000|  0%| F|  |TS  3|AC  0|TAMS 0x000000065b200000, 0x000000065b200000|
| 277|0x000000065b300000, 0x000000065b300000, 0x000000065b400000|  0%| F|  |TS  3|AC  0|TAMS 0x000000065b300000, 0x000000065b300000|
| 278|0x000000065b400000, 0x000000065b400000, 0x000000065b500000|  0%| F|  |TS  3|AC  0|TAMS 0x000000065b400000, 0x000000065b400000|
| 279|0x000000065b500000, 0x000000065b500000, 0x000000065b600000|  0%| F|  |TS  3|AC  0|TAMS 0x000000065b500000, 0x000000065b500000|
| 280|0x000000065b600000, 0x000000065b600000, 0x000000065b700000|  0%| F|  |TS  3|AC  0|TAMS 0x000000065b600000, 0x000000065b600000|
| 281|0x000000065b700000, 0x000000065b700000, 0x000000065b800000|  0%| F|  |TS  3|AC  0|TAMS 0x000000065b700000, 0x000000065b700000|
| 282|0x000000065b800000, 0x000000065b800000, 0x000000065b900000|  0%| F|  |TS  3|AC  0|TAMS 0x000000065b800000, 0x000000065b800000|
| 283|0x000000065b900000, 0x000000065b900000, 0x000000065ba00000|  0%| F|  |TS  3|AC  0|TAMS 0x000000065b900000, 0x000000065b900000|
| 284|0x000000065ba00000, 0x000000065ba00000, 0x000000065bb00000|  0%| F|  |TS  3|AC  0|TAMS 0x000000065ba00000, 0x000000065ba00000|
| 285|0x000000065bb00000, 0x000000065bb00000, 0x000000065bc00000|  0%| F|  |TS  3|AC  0|TAMS 0x000000065bb00000, 0x000000065bb00000|
| 286|0x000000065bc00000, 0x000000065bc00000, 0x000000065bd00000|  0%| F|  |TS  3|AC  0|TAMS 0x000000065bc00000, 0x000000065bc00000|
| 287|0x000000065bd00000, 0x000000065bd00000, 0x000000065be00000|  0%| F|  |TS  3|AC  0|TAMS 0x000000065bd00000, 0x000000065bd00000|
| 288|0x000000065be00000, 0x000000065be00000, 0x000000065bf00000|  0%| F|  |TS  3|AC  0|TAMS 0x000000065be00000, 0x000000065be00000|
| 289|0x000000065bf00000, 0x000000065bf00000, 0x000000065c000000|  0%| F|  |TS  3|AC  0|TAMS 0x000000065bf00000, 0x000000065bf00000|
| 290|0x000000065c000000, 0x000000065c000000, 0x000000065c100000|  0%| F|  |TS  3|AC  0|TAMS 0x000000065c000000, 0x000000065c000000|
| 291|0x000000065c100000, 0x000000065c100000, 0x000000065c200000|  0%| F|  |TS  3|AC  0|TAMS 0x000000065c100000, 0x000000065c100000|
| 292|0x000000065c200000, 0x000000065c200000, 0x000000065c300000|  0%| F|  |TS  3|AC  0|TAMS 0x000000065c200000, 0x000000065c200000|
| 293|0x000000065c300000, 0x000000065c300000, 0x000000065c400000|  0%| F|  |TS  3|AC  0|TAMS 0x000000065c300000, 0x000000065c300000|
| 294|0x000000065c400000, 0x000000065c400000, 0x000000065c500000|  0%| F|  |TS  3|AC  0|TAMS 0x000000065c400000, 0x000000065c400000|
| 295|0x000000065c500000, 0x000000065c500000, 0x000000065c600000|  0%| F|  |TS  3|AC  0|TAMS 0x000000065c500000, 0x000000065c500000|
| 296|0x000000065c600000, 0x000000065c600000, 0x000000065c700000|  0%| F|  |TS  3|AC  0|TAMS 0x000000065c600000, 0x000000065c600000|
| 297|0x000000065c700000, 0x000000065c700000, 0x000000065c800000|  0%| F|  |TS  3|AC  0|TAMS 0x000000065c700000, 0x000000065c700000|
| 298|0x000000065c800000, 0x000000065c800000, 0x000000065c900000|  0%| F|  |TS  3|AC  0|TAMS 0x000000065c800000, 0x000000065c800000|
| 299|0x000000065c900000, 0x000000065c900000, 0x000000065ca00000|  0%| F|  |TS  3|AC  0|TAMS 0x000000065c900000, 0x000000065c900000|
| 300|0x000000065ca00000, 0x000000065ca00000, 0x000000065cb00000|  0%| F|  |TS  3|AC  0|TAMS 0x000000065ca00000, 0x000000065ca00000|
| 301|0x000000065cb00000, 0x000000065cb00000, 0x000000065cc00000|  0%| F|  |TS  3|AC  0|TAMS 0x000000065cb00000, 0x000000065cb00000|
| 302|0x000000065cc00000, 0x000000065cc00000, 0x000000065cd00000|  0%| F|  |TS  3|AC  0|TAMS 0x000000065cc00000, 0x000000065cc00000|
| 303|0x000000065cd00000, 0x000000065cd00000, 0x000000065ce00000|  0%| F|  |TS  3|AC  0|TAMS 0x000000065cd00000, 0x000000065cd00000|
| 304|0x000000065ce00000, 0x000000065ce00000, 0x000000065cf00000|  0%| F|  |TS  3|AC  0|TAMS 0x000000065ce00000, 0x000000065ce00000|
| 305|0x000000065cf00000, 0x000000065cf00000, 0x000000065d000000|  0%| F|  |TS  3|AC  0|TAMS 0x000000065cf00000, 0x000000065cf00000|
| 306|0x000000065d000000, 0x000000065d000000, 0x000000065d100000|  0%| F|  |TS  3|AC  0|TAMS 0x000000065d000000, 0x000000065d000000|
| 307|0x000000065d100000, 0x000000065d100000, 0x000000065d200000|  0%| F|  |TS  3|AC  0|TAMS 0x000000065d100000, 0x000000065d100000|
| 308|0x000000065d200000, 0x000000065d200000, 0x000000065d300000|  0%| F|  |TS  3|AC  0|TAMS 0x000000065d200000, 0x000000065d200000|
| 309|0x000000065d300000, 0x000000065d300000, 0x000000065d400000|  0%| F|  |TS  3|AC  0|TAMS 0x000000065d300000, 0x000000065d300000|
| 310|0x000000065d400000, 0x000000065d400000, 0x000000065d500000|  0%| F|  |TS  3|AC  0|TAMS 0x000000065d400000, 0x000000065d400000|
| 311|0x000000065d500000, 0x000000065d500000, 0x000000065d600000|  0%| F|  |TS  3|AC  0|TAMS 0x000000065d500000, 0x000000065d500000|
| 312|0x000000065d600000, 0x000000065d600000, 0x000000065d700000|  0%| F|  |TS  3|AC  0|TAMS 0x000000065d600000, 0x000000065d600000|
| 313|0x000000065d700000, 0x000000065d700000, 0x000000065d800000|  0%| F|  |TS  3|AC  0|TAMS 0x000000065d700000, 0x000000065d700000|
| 314|0x000000065d800000, 0x000000065d800000, 0x000000065d900000|  0%| F|  |TS  3|AC  0|TAMS 0x000000065d800000, 0x000000065d800000|
| 315|0x000000065d900000, 0x000000065d900000, 0x000000065da00000|  0%| F|  |TS  3|AC  0|TAMS 0x000000065d900000, 0x000000065d900000|
| 316|0x000000065da00000, 0x000000065da00000, 0x000000065db00000|  0%| F|  |TS  3|AC  0|TAMS 0x000000065da00000, 0x000000065da00000|
| 317|0x000000065db00000, 0x000000065db00000, 0x000000065dc00000|  0%| F|  |TS  3|AC  0|TAMS 0x000000065db00000, 0x000000065db00000|
| 318|0x000000065dc00000, 0x000000065dc00000, 0x000000065dd00000|  0%| F|  |TS  3|AC  0|TAMS 0x000000065dc00000, 0x000000065dc00000|
| 319|0x000000065dd00000, 0x000000065dd00000, 0x000000065de00000|  0%| F|  |TS  3|AC  0|TAMS 0x000000065dd00000, 0x000000065dd00000|
| 320|0x000000065de00000, 0x000000065de00000, 0x000000065df00000|  0%| F|  |TS  3|AC  0|TAMS 0x000000065de00000, 0x000000065de00000|
| 321|0x000000065df00000, 0x000000065df00000, 0x000000065e000000|  0%| F|  |TS  3|AC  0|TAMS 0x000000065df00000, 0x000000065df00000|
| 322|0x000000065e000000, 0x000000065e000000, 0x000000065e100000|  0%| F|  |TS  3|AC  0|TAMS 0x000000065e000000, 0x000000065e000000|
| 323|0x000000065e100000, 0x000000065e100000, 0x000000065e200000|  0%| F|  |TS  3|AC  0|TAMS 0x000000065e100000, 0x000000065e100000|
| 324|0x000000065e200000, 0x000000065e200000, 0x000000065e300000|  0%| F|  |TS  3|AC  0|TAMS 0x000000065e200000, 0x000000065e200000|
| 325|0x000000065e300000, 0x000000065e300000, 0x000000065e400000|  0%| F|  |TS  3|AC  0|TAMS 0x000000065e300000, 0x000000065e300000|
| 326|0x000000065e400000, 0x000000065e400000, 0x000000065e500000|  0%| F|  |TS  3|AC  0|TAMS 0x000000065e400000, 0x000000065e400000|
| 327|0x000000065e500000, 0x000000065e500000, 0x000000065e600000|  0%| F|  |TS  3|AC  0|TAMS 0x000000065e500000, 0x000000065e500000|
| 328|0x000000065e600000, 0x000000065e600000, 0x000000065e700000|  0%| F|  |TS  3|AC  0|TAMS 0x000000065e600000, 0x000000065e600000|
| 329|0x000000065e700000, 0x000000065e700000, 0x000000065e800000|  0%| F|  |TS  3|AC  0|TAMS 0x000000065e700000, 0x000000065e700000|
| 330|0x000000065e800000, 0x000000065e800000, 0x000000065e900000|  0%| F|  |TS  3|AC  0|TAMS 0x000000065e800000, 0x000000065e800000|
| 331|0x000000065e900000, 0x000000065e900000, 0x000000065ea00000|  0%| F|  |TS  3|AC  0|TAMS 0x000000065e900000, 0x000000065e900000|
| 332|0x000000065ea00000, 0x000000065ea00000, 0x000000065eb00000|  0%| F|  |TS  3|AC  0|TAMS 0x000000065ea00000, 0x000000065ea00000|
| 333|0x000000065eb00000, 0x000000065eb00000, 0x000000065ec00000|  0%| F|  |TS  3|AC  0|TAMS 0x000000065eb00000, 0x000000065eb00000|
| 334|0x000000065ec00000, 0x000000065ec00000, 0x000000065ed00000|  0%| F|  |TS  3|AC  0|TAMS 0x000000065ec00000, 0x000000065ec00000|
| 335|0x000000065ed00000, 0x000000065ed00000, 0x000000065ee00000|  0%| F|  |TS  3|AC  0|TAMS 0x000000065ed00000, 0x000000065ed00000|
| 336|0x000000065ee00000, 0x000000065ee00000, 0x000000065ef00000|  0%| F|  |TS  3|AC  0|TAMS 0x000000065ee00000, 0x000000065ee00000|
| 337|0x000000065ef00000, 0x000000065ef00000, 0x000000065f000000|  0%| F|  |TS  3|AC  0|TAMS 0x000000065ef00000, 0x000000065ef00000|
| 338|0x000000065f000000, 0x000000065f000000, 0x000000065f100000|  0%| F|  |TS  3|AC  0|TAMS 0x000000065f000000, 0x000000065f000000|
| 339|0x000000065f100000, 0x000000065f100000, 0x000000065f200000|  0%| F|  |TS  3|AC  0|TAMS 0x000000065f100000, 0x000000065f100000|
| 340|0x000000065f200000, 0x000000065f200000, 0x000000065f300000|  0%| F|  |TS  3|AC  0|TAMS 0x000000065f200000, 0x000000065f200000|
| 341|0x000000065f300000, 0x000000065f300000, 0x000000065f400000|  0%| F|  |TS  3|AC  0|TAMS 0x000000065f300000, 0x000000065f300000|
| 342|0x000000065f400000, 0x000000065f400000, 0x000000065f500000|  0%| F|  |TS  3|AC  0|TAMS 0x000000065f400000, 0x000000065f400000|
| 343|0x000000065f500000, 0x000000065f500000, 0x000000065f600000|  0%| F|  |TS  3|AC  0|TAMS 0x000000065f500000, 0x000000065f500000|
| 344|0x000000065f600000, 0x000000065f600000, 0x000000065f700000|  0%| F|  |TS  3|AC  0|TAMS 0x000000065f600000, 0x000000065f600000|
| 345|0x000000065f700000, 0x000000065f700000, 0x000000065f800000|  0%| F|  |TS  3|AC  0|TAMS 0x000000065f700000, 0x000000065f700000|
| 346|0x000000065f800000, 0x000000065f800000, 0x000000065f900000|  0%| F|  |TS  3|AC  0|TAMS 0x000000065f800000, 0x000000065f800000|
| 347|0x000000065f900000, 0x000000065f900000, 0x000000065fa00000|  0%| F|  |TS  3|AC  0|TAMS 0x000000065f900000, 0x000000065f900000|
| 348|0x000000065fa00000, 0x000000065fa00000, 0x000000065fb00000|  0%| F|  |TS  3|AC  0|TAMS 0x000000065fa00000, 0x000000065fa00000|
| 349|0x000000065fb00000, 0x000000065fb00000, 0x000000065fc00000|  0%| F|  |TS  3|AC  0|TAMS 0x000000065fb00000, 0x000000065fb00000|
| 350|0x000000065fc00000, 0x000000065fc00000, 0x000000065fd00000|  0%| F|  |TS  3|AC  0|TAMS 0x000000065fc00000, 0x000000065fc00000|
| 351|0x000000065fd00000, 0x000000065fd00000, 0x000000065fe00000|  0%| F|  |TS  3|AC  0|TAMS 0x000000065fd00000, 0x000000065fd00000|
| 352|0x000000065fe00000, 0x000000065fe00000, 0x000000065ff00000|  0%| F|  |TS  3|AC  0|TAMS 0x000000065fe00000, 0x000000065fe00000|
| 353|0x000000065ff00000, 0x000000065ff00000, 0x0000000660000000|  0%| F|  |TS  3|AC  0|TAMS 0x000000065ff00000, 0x000000065ff00000|
| 354|0x0000000660000000, 0x0000000660000000, 0x0000000660100000|  0%| F|  |TS  3|AC  0|TAMS 0x0000000660000000, 0x0000000660000000|
| 355|0x0000000660100000, 0x0000000660100000, 0x0000000660200000|  0%| F|  |TS  3|AC  0|TAMS 0x0000000660100000, 0x0000000660100000|
| 356|0x0000000660200000, 0x0000000660200000, 0x0000000660300000|  0%| F|  |TS  3|AC  0|TAMS 0x0000000660200000, 0x0000000660200000|
| 357|0x0000000660300000, 0x0000000660300000, 0x0000000660400000|  0%| F|  |TS  3|AC  0|TAMS 0x0000000660300000, 0x0000000660300000|
| 358|0x0000000660400000, 0x0000000660400000, 0x0000000660500000|  0%| F|  |TS  3|AC  0|TAMS 0x0000000660400000, 0x0000000660400000|
| 359|0x0000000660500000, 0x0000000660500000, 0x0000000660600000|  0%| F|  |TS  3|AC  0|TAMS 0x0000000660500000, 0x0000000660500000|
| 360|0x0000000660600000, 0x0000000660600000, 0x0000000660700000|  0%| F|  |TS  3|AC  0|TAMS 0x0000000660600000, 0x0000000660600000|
| 361|0x0000000660700000, 0x0000000660700000, 0x0000000660800000|  0%| F|  |TS  3|AC  0|TAMS 0x0000000660700000, 0x0000000660700000|
| 362|0x0000000660800000, 0x0000000660800000, 0x0000000660900000|  0%| F|  |TS  3|AC  0|TAMS 0x0000000660800000, 0x0000000660800000|
| 363|0x0000000660900000, 0x0000000660900000, 0x0000000660a00000|  0%| F|  |TS  3|AC  0|TAMS 0x0000000660900000, 0x0000000660900000|
| 364|0x0000000660a00000, 0x0000000660a00000, 0x0000000660b00000|  0%| F|  |TS  3|AC  0|TAMS 0x0000000660a00000, 0x0000000660a00000|
| 365|0x0000000660b00000, 0x0000000660b00000, 0x0000000660c00000|  0%| F|  |TS  3|AC  0|TAMS 0x0000000660b00000, 0x0000000660b00000|
| 366|0x0000000660c00000, 0x0000000660c00000, 0x0000000660d00000|  0%| F|  |TS  3|AC  0|TAMS 0x0000000660c00000, 0x0000000660c00000|
| 367|0x0000000660d00000, 0x0000000660d00000, 0x0000000660e00000|  0%| F|  |TS  3|AC  0|TAMS 0x0000000660d00000, 0x0000000660d00000|
| 368|0x0000000660e00000, 0x0000000660e00000, 0x0000000660f00000|  0%| F|  |TS  3|AC  0|TAMS 0x0000000660e00000, 0x0000000660e00000|
| 369|0x0000000660f00000, 0x0000000660f00000, 0x0000000661000000|  0%| F|  |TS  3|AC  0|TAMS 0x0000000660f00000, 0x0000000660f00000|
| 370|0x0000000661000000, 0x0000000661000000, 0x0000000661100000|  0%| F|  |TS  3|AC  0|TAMS 0x0000000661000000, 0x0000000661000000|
| 371|0x0000000661100000, 0x0000000661100000, 0x0000000661200000|  0%| F|  |TS  3|AC  0|TAMS 0x0000000661100000, 0x0000000661100000|
| 372|0x0000000661200000, 0x0000000661200000, 0x0000000661300000|  0%| F|  |TS  3|AC  0|TAMS 0x0000000661200000, 0x0000000661200000|
| 373|0x0000000661300000, 0x0000000661300000, 0x0000000661400000|  0%| F|  |TS  3|AC  0|TAMS 0x0000000661300000, 0x0000000661300000|
| 374|0x0000000661400000, 0x0000000661400000, 0x0000000661500000|  0%| F|  |TS  3|AC  0|TAMS 0x0000000661400000, 0x0000000661400000|
| 375|0x0000000661500000, 0x0000000661500000, 0x0000000661600000|  0%| F|  |TS  3|AC  0|TAMS 0x0000000661500000, 0x0000000661500000|

Card table byte_map: [0x00007ff3ba89e000,0x00007ff3bb44f000] byte_map_base: 0x00007ff3b764f000

Marking Bits (Prev, Next): (CMBitMap*) 0x00007ff41c0b0938, (CMBitMap*) 0x00007ff41c0b0900
 Prev Bits: [0x00007ff3ae1dd000, 0x00007ff3b3f65000)
 Next Bits: [0x00007ff3b3f65000, 0x00007ff3b9ced000)

Polling page: 0x00007ff42499a000

CodeHeap 'non-profiled nmethods': size=238384Kb used=6431Kb max_used=6431Kb free=231952Kb
 bounds [0x00007ff402277000, 0x00007ff4028c7000, 0x00007ff410b43000]
CodeHeap 'non-nmethods': size=7376Kb used=2975Kb max_used=2975Kb free=4400Kb
 bounds [0x00007ff401b43000, 0x00007ff401e33000, 0x00007ff402277000]
 total_blobs=4354 nmethods=3848 adapters=412
 compilation: enabled

Compilation events (10 events):
Event: 2,743 Thread 0x00007ff41c2e0000 3844 %     1       sun.nio.cs.UTF_8$Decoder::decodeArrayLoop @ 73 (691 bytes)
Event: 2,747 Thread 0x00007ff41c2e0000 nmethod 3844% 0x00007ff4028b6f90 code [0x00007ff4028b7660, 0x00007ff4028b94a8]
Event: 2,751 Thread 0x00007ff41c2e0000 3845       1       sun.nio.cs.UTF_8$Decoder::decodeArrayLoop (691 bytes)
Event: 2,755 Thread 0x00007ff41c2e0000 nmethod 3845 0x00007ff4028ba810 code [0x00007ff4028bae80, 0x00007ff4028bc9a8]
Event: 2,755 Thread 0x00007ff41c2e0000 3846   !   1       java.util.AbstractList$Itr::next (45 bytes)
Event: 2,756 Thread 0x00007ff41c2e0000 nmethod 3846 0x00007ff4028bdd90 code [0x00007ff4028bdf80, 0x00007ff4028be238]
Event: 2,756 Thread 0x00007ff41c2e0000 3847       1       java.util.AbstractList$Itr::checkForComodification (23 bytes)
Event: 2,756 Thread 0x00007ff41c2e0000 nmethod 3847 0x00007ff4028be410 code [0x00007ff4028be5c0, 0x00007ff4028be748]
Event: 2,777 Thread 0x00007ff41c2e0000 3848       1       java.util.concurrent.CopyOnWriteArrayList::<init> (24 bytes)
Event: 2,777 Thread 0x00007ff41c2e0000 nmethod 3848 0x00007ff4028be810 code [0x00007ff4028be9c0, 0x00007ff4028bec70]

GC Heap History (7 events):
Event: 0,678 GC heap before
{Heap before GC invocations=0 (full 0):
 garbage-first heap   total 385024K, used 25600K [0x0000000649e00000, 0x0000000649f00bc0, 0x00000007c0000000)
  region size 1024K, 24 young (24576K), 0 survivors (0K)
 Metaspace       used 11861K, capacity 12366K, committed 12672K, reserved 1060864K
  class space    used 1249K, capacity 1351K, committed 1408K, reserved 1048576K
}
Event: 0,686 GC heap after
{Heap after GC invocations=1 (full 0):
 garbage-first heap   total 385024K, used 7356K [0x0000000649e00000, 0x0000000649f00bc0, 0x00000007c0000000)
  region size 1024K, 3 young (3072K), 3 survivors (3072K)
 Metaspace       used 11861K, capacity 12366K, committed 12672K, reserved 1060864K
  class space    used 1249K, capacity 1351K, committed 1408K, reserved 1048576K
}
Event: 1,158 GC heap before
{Heap before GC invocations=1 (full 0):
 garbage-first heap   total 385024K, used 84156K [0x0000000649e00000, 0x0000000649f00bc0, 0x00000007c0000000)
  region size 1024K, 79 young (80896K), 3 survivors (3072K)
 Metaspace       used 20152K, capacity 21194K, committed 21296K, reserved 1069056K
  class space    used 2393K, capacity 2597K, committed 2608K, reserved 1048576K
}
Event: 1,170 GC heap after
{Heap after GC invocations=2 (full 0):
 garbage-first heap   total 385024K, used 15195K [0x0000000649e00000, 0x0000000649f00bc0, 0x00000007c0000000)
  region size 1024K, 11 young (11264K), 11 survivors (11264K)
 Metaspace       used 20152K, capacity 21194K, committed 21296K, reserved 1069056K
  class space    used 2393K, capacity 2597K, committed 2608K, reserved 1048576K
}
Event: 1,680 GC heap before
{Heap before GC invocations=3 (full 0):
 garbage-first heap   total 385024K, used 93855K [0x0000000649e00000, 0x0000000649f00bc0, 0x00000007c0000000)
  region size 1024K, 88 young (90112K), 11 survivors (11264K)
 Metaspace       used 27301K, capacity 29002K, committed 29104K, reserved 1075200K
  class space    used 3321K, capacity 3661K, committed 3760K, reserved 1048576K
}
Event: 1,718 GC heap after
{Heap after GC invocations=4 (full 0):
 garbage-first heap   total 385024K, used 18981K [0x0000000649e00000, 0x0000000649f00bc0, 0x00000007c0000000)
  region size 1024K, 10 young (10240K), 10 survivors (10240K)
 Metaspace       used 27301K, capacity 29002K, committed 29104K, reserved 1075200K
  class space    used 3321K, capacity 3661K, committed 3760K, reserved 1048576K
}
Event: 2,780 GC heap before
{Heap before GC invocations=4 (full 0):
 garbage-first heap   total 385024K, used 155173K [0x0000000649e00000, 0x0000000649f00bc0, 0x00000007c0000000)
  region size 1024K, 144 young (147456K), 10 survivors (10240K)
 Metaspace       used 33269K, capacity 35762K, committed 35888K, reserved 1081344K
  class space    used 4184K, capacity 4597K, committed 4656K, reserved 1048576K
}

Deoptimization events (0 events):
No events

Classes redefined (0 events):
No events

Internal exceptions (10 events):
Event: 2,391 Thread 0x00007ff41c016800 Exception <a 'java/lang/ClassNotFoundException'{0x0000000659da1800}: org/springframework/beans/factory/BeanFactoryAwareCustomizer> (0x0000000659da1800) thrown at [/scratch/opt/mach5/mesos/work_dir/slaves/5af44a71-976a-41b7-81de-5773b84ec572-S39643/framewo
Event: 2,392 Thread 0x00007ff41c016800 Exception <a 'java/lang/ClassNotFoundException'{0x0000000659dbc618}: org/springframework/beans/factory/AwareCustomizer> (0x0000000659dbc618) thrown at [/scratch/opt/mach5/mesos/work_dir/slaves/5af44a71-976a-41b7-81de-5773b84ec572-S39643/frameworks/1735e8a
Event: 2,393 Thread 0x00007ff41c016800 Exception <a 'java/lang/ClassNotFoundException'{0x0000000659dd9d50}: org/springframework/context/annotation/ImportAwareCustomizer> (0x0000000659dd9d50) thrown at [/scratch/opt/mach5/mesos/work_dir/slaves/5af44a71-976a-41b7-81de-5773b84ec572-S39643/framewo
Event: 2,394 Thread 0x00007ff41c016800 Exception <a 'java/lang/ClassNotFoundException'{0x0000000659df4a88}: org/springframework/beans/factory/AwareCustomizer> (0x0000000659df4a88) thrown at [/scratch/opt/mach5/mesos/work_dir/slaves/5af44a71-976a-41b7-81de-5773b84ec572-S39643/frameworks/1735e8a
Event: 2,525 Thread 0x00007ff41c016800 Exception <a 'java/lang/NoSuchMethodError'{0x00000006595a26e0}: java.lang.invoke.DirectMethodHandle$Holder.invokeInterface(Ljava/lang/Object;Ljava/lang/Object;Ljava/lang/Object;)V> (0x00000006595a26e0) thrown at [/scratch/opt/mach5/mesos/work_dir/slaves/5
Event: 2,578 Thread 0x00007ff41c016800 Exception <a 'java/lang/NoSuchMethodError'{0x00000006592a71e0}: java.lang.invoke.DirectMethodHandle$Holder.invokeInterface(Ljava/lang/Object;Ljava/lang/Object;I)V> (0x00000006592a71e0) thrown at [/scratch/opt/mach5/mesos/work_dir/slaves/5af44a71-976a-41b7
Event: 2,581 Thread 0x00007ff41c016800 Exception <a 'java/lang/NoSuchMethodError'{0x00000006592ed040}: java.lang.invoke.DirectMethodHandle$Holder.invokeStatic(Ljava/lang/Object;ILjava/lang/Object;)V> (0x00000006592ed040) thrown at [/scratch/opt/mach5/mesos/work_dir/slaves/5af44a71-976a-41b7-81
Event: 2,597 Thread 0x00007ff41c016800 Exception <a 'java/lang/NoSuchMethodError'{0x0000000659110ec8}: java.lang.invoke.DirectMethodHandle$Holder.invokeVirtual(Ljava/lang/Object;Ljava/lang/Object;)I> (0x0000000659110ec8) thrown at [/scratch/opt/mach5/mesos/work_dir/slaves/5af44a71-976a-41b7-81
Event: 2,710 Thread 0x00007ff41c016800 Exception <a 'java/lang/NoSuchMethodError'{0x0000000658ca0828}: java.lang.invoke.DirectMethodHandle$Holder.invokeSpecial(Ljava/lang/Object;Ljava/lang/Object;Ljava/lang/Object;Ljava/lang/Object;Ljava/lang/Object;Ljava/lang/Object;I)Ljava/lang/Object;> (0x0
Event: 2,711 Thread 0x00007ff41c016800 Exception <a 'java/lang/NoSuchMethodError'{0x0000000658caa790}: method resolution failed> (0x0000000658caa790) thrown at [/scratch/opt/mach5/mesos/work_dir/slaves/5af44a71-976a-41b7-81de-5773b84ec572-S39643/frameworks/1735e8a2-a1db-478c-8104-60c8b0af87dd-

Events (10 events):
Event: 2,777 loading class org/apache/catalina/deploy/LocalStrings done
Event: 2,778 loading class org/apache/catalina/deploy/LocalStrings_pl
Event: 2,778 loading class org/apache/catalina/deploy/LocalStrings_pl done
Event: 2,778 loading class org/apache/catalina/deploy/LocalStrings_pl_PL
Event: 2,778 loading class org/apache/catalina/deploy/LocalStrings_pl_PL done
Event: 2,779 loading class org/apache/catalina/core/StandardService
Event: 2,779 loading class org/apache/catalina/core/StandardService done
Event: 2,779 loading class org/apache/catalina/mapper/Mapper
Event: 2,779 loading class org/apache/catalina/mapper/Mapper done
Event: 2,780 Executing VM operation: CollectForMetadataAllocation


Dynamic libraries:
00400000-00401000 r-xp 00000000 08:11 3032295                            /usr/lib/jvm/java-9-oracle/bin/java
00600000-00601000 rw-p 00000000 08:11 3032295                            /usr/lib/jvm/java-9-oracle/bin/java
01b04000-01b25000 rw-p 00000000 00:00 0                                  [heap]
649e00000-661600000 rw-p 00000000 00:00 0 
690600000-7c0000000 ---p 00000000 00:00 0 
7c0000000-7c048c000 rw-p 00000000 00:00 0 
7c048c000-800000000 ---p 00000000 00:00 0 
7ff34f601000-7ff34f880000 rw-p 00000000 00:00 0 
7ff34f880000-7ff34fa00000 ---p 00000000 00:00 0 
7ff34fa00000-7ff34fc00000 rw-p 00000000 00:00 0 
7ff34fc00000-7ff34fe00000 rw-p 00000000 00:00 0 
7ff34fe00000-7ff350000000 rw-p 00000000 00:00 0 
7ff350000000-7ff350021000 rw-p 00000000 00:00 0 
7ff350021000-7ff354000000 ---p 00000000 00:00 0 
7ff354000000-7ff35403e000 rw-p 00000000 00:00 0 
7ff35403e000-7ff358000000 ---p 00000000 00:00 0 
7ff358000000-7ff358039000 rw-p 00000000 00:00 0 
7ff358039000-7ff35c000000 ---p 00000000 00:00 0 
7ff35c000000-7ff35c021000 rw-p 00000000 00:00 0 
7ff35c021000-7ff360000000 ---p 00000000 00:00 0 
7ff360000000-7ff360021000 rw-p 00000000 00:00 0 
7ff360021000-7ff364000000 ---p 00000000 00:00 0 
7ff364000000-7ff364309000 rw-p 00000000 00:00 0 
7ff364309000-7ff368000000 ---p 00000000 00:00 0 
7ff368000000-7ff368021000 rw-p 00000000 00:00 0 
7ff368021000-7ff36c000000 ---p 00000000 00:00 0 
7ff36c000000-7ff36c021000 rw-p 00000000 00:00 0 
7ff36c021000-7ff370000000 ---p 00000000 00:00 0 
7ff370000000-7ff370021000 rw-p 00000000 00:00 0 
7ff370021000-7ff374000000 ---p 00000000 00:00 0 
7ff374000000-7ff374021000 rw-p 00000000 00:00 0 
7ff374021000-7ff378000000 ---p 00000000 00:00 0 
7ff378000000-7ff37823f000 rw-p 00000000 00:00 0 
7ff37823f000-7ff37c000000 ---p 00000000 00:00 0 
7ff37c000000-7ff37c021000 rw-p 00000000 00:00 0 
7ff37c021000-7ff380000000 ---p 00000000 00:00 0 
7ff380000000-7ff38020d000 rw-p 00000000 00:00 0 
7ff38020d000-7ff384000000 ---p 00000000 00:00 0 
7ff384000000-7ff384215000 rw-p 00000000 00:00 0 
7ff384215000-7ff388000000 ---p 00000000 00:00 0 
7ff388000000-7ff388021000 rw-p 00000000 00:00 0 
7ff388021000-7ff38c000000 ---p 00000000 00:00 0 
7ff38c000000-7ff38c22b000 rw-p 00000000 00:00 0 
7ff38c22b000-7ff390000000 ---p 00000000 00:00 0 
7ff390000000-7ff390021000 rw-p 00000000 00:00 0 
7ff390021000-7ff394000000 ---p 00000000 00:00 0 
7ff394000000-7ff394021000 rw-p 00000000 00:00 0 
7ff394021000-7ff398000000 ---p 00000000 00:00 0 
7ff398000000-7ff398021000 rw-p 00000000 00:00 0 
7ff398021000-7ff39c000000 ---p 00000000 00:00 0 
7ff39c07d000-7ff39c3ac000 rw-p 00000000 00:00 0 
7ff39c3ac000-7ff39c3b0000 ---p 00000000 00:00 0 
7ff39c3b0000-7ff39c4ad000 rw-p 00000000 00:00 0 
7ff39c4ad000-7ff39c4b1000 ---p 00000000 00:00 0 
7ff39c4b1000-7ff39c7ae000 rw-p 00000000 00:00 0 
7ff39c7ae000-7ff39c9ae000 rw-p 00000000 00:00 0 
7ff39c9ae000-7ff39c9b2000 ---p 00000000 00:00 0 
7ff39c9b2000-7ff39caaf000 rw-p 00000000 00:00 0 
7ff39caaf000-7ff39cab3000 ---p 00000000 00:00 0 
7ff39cab3000-7ff39cdb0000 rw-p 00000000 00:00 0 
7ff39cdb0000-7ff39cfb0000 rw-p 00000000 00:00 0 
7ff39cfb0000-7ff39cfb4000 ---p 00000000 00:00 0 
7ff39cfb4000-7ff39d2b1000 rw-p 00000000 00:00 0 
7ff39d2b1000-7ff39d4b1000 rw-p 00000000 00:00 0 
7ff39d4b1000-7ff39d4b2000 ---p 00000000 00:00 0 
7ff39d4b2000-7ff39d5b2000 rw-p 00000000 00:00 0 
7ff39d5b2000-7ff39d5b6000 ---p 00000000 00:00 0 
7ff39d5b6000-7ff39d8b3000 rw-p 00000000 00:00 0 
7ff39d8b3000-7ff39d8b8000 r-xp 00000000 08:11 3032863                    /usr/lib/jvm/java-9-oracle/lib/libmanagement_ext.so
7ff39d8b8000-7ff39dab7000 ---p 00005000 08:11 3032863                    /usr/lib/jvm/java-9-oracle/lib/libmanagement_ext.so
7ff39dab7000-7ff39dab8000 rw-p 00004000 08:11 3032863                    /usr/lib/jvm/java-9-oracle/lib/libmanagement_ext.so
7ff39dab8000-7ff39dabc000 r-xp 00000000 08:11 3032865                    /usr/lib/jvm/java-9-oracle/lib/libmanagement.so
7ff39dabc000-7ff39dcbb000 ---p 00004000 08:11 3032865                    /usr/lib/jvm/java-9-oracle/lib/libmanagement.so
7ff39dcbb000-7ff39dcbc000 rw-p 00003000 08:11 3032865                    /usr/lib/jvm/java-9-oracle/lib/libmanagement.so
7ff39dcbc000-7ff39dcc0000 ---p 00000000 00:00 0 
7ff39dcc0000-7ff39ddbd000 rw-p 00000000 00:00 0 
7ff39ddbd000-7ff39ddc1000 ---p 00000000 00:00 0 
7ff39ddc1000-7ff39debe000 rw-p 00000000 00:00 0 
7ff39debe000-7ff39dec2000 ---p 00000000 00:00 0 
7ff39dec2000-7ff39dfbf000 rw-p 00000000 00:00 0 
7ff39dfbf000-7ff39dfd5000 r-xp 00000000 08:11 3032824                    /usr/lib/jvm/java-9-oracle/lib/libnet.so
7ff39dfd5000-7ff39e1d5000 ---p 00016000 08:11 3032824                    /usr/lib/jvm/java-9-oracle/lib/libnet.so
7ff39e1d5000-7ff39e1d6000 rw-p 00016000 08:11 3032824                    /usr/lib/jvm/java-9-oracle/lib/libnet.so
7ff39e1d6000-7ff39e1e6000 r-xp 00000000 08:11 3032870                    /usr/lib/jvm/java-9-oracle/lib/libnio.so
7ff39e1e6000-7ff39e3e6000 ---p 00010000 08:11 3032870                    /usr/lib/jvm/java-9-oracle/lib/libnio.so
7ff39e3e6000-7ff39e3e7000 rw-p 00010000 08:11 3032870                    /usr/lib/jvm/java-9-oracle/lib/libnio.so
7ff39e3e7000-7ff39e3eb000 ---p 00000000 00:00 0 
7ff39e3eb000-7ff39e4e8000 rw-p 00000000 00:00 0 
7ff39e4e8000-7ff39e4ec000 ---p 00000000 00:00 0 
7ff39e4ec000-7ff39e5e9000 rw-p 00000000 00:00 0 
7ff39e5e9000-7ff39e5ed000 ---p 00000000 00:00 0 
7ff39e5ed000-7ff39e6ea000 rw-p 00000000 00:00 0 
7ff39e6ea000-7ff39e6ee000 ---p 00000000 00:00 0 
7ff39e6ee000-7ff39e7eb000 rw-p 00000000 00:00 0 
7ff39e7eb000-7ff39e7ef000 ---p 00000000 00:00 0 
7ff39e7ef000-7ff39e8ec000 rw-p 00000000 00:00 0 
7ff39e8ec000-7ff39e8f0000 ---p 00000000 00:00 0 
7ff39e8f0000-7ff39e9ed000 rw-p 00000000 00:00 0 
7ff39e9ed000-7ff39edf6000 r--p 00000000 08:11 3014886                    /usr/lib/locale/locale-archive
7ff39edf6000-7ff39edfa000 ---p 00000000 00:00 0 
7ff39edfa000-7ff39eef7000 rw-p 00000000 00:00 0 
7ff39eef7000-7ff39eefb000 ---p 00000000 00:00 0 
7ff39eefb000-7ff39eff8000 rw-p 00000000 00:00 0 
7ff39eff8000-7ff39eff9000 ---p 00000000 00:00 0 
7ff39eff9000-7ff39f8f9000 rw-p 00000000 00:00 0 
7ff39f8f9000-7ff3a0000000 rw-p 00000000 00:00 0 
7ff3a0000000-7ff3a0021000 rw-p 00000000 00:00 0 
7ff3a0021000-7ff3a4000000 ---p 00000000 00:00 0 
7ff3a4000000-7ff3a4021000 rw-p 00000000 00:00 0 
7ff3a4021000-7ff3a8000000 ---p 00000000 00:00 0 
7ff3a8000000-7ff3a8021000 rw-p 00000000 00:00 0 
7ff3a8021000-7ff3ac000000 ---p 00000000 00:00 0 
7ff3ac00b000-7ff3ac1dd000 rw-p 00000000 00:00 0 
7ff3ac1dd000-7ff3ae1dd000 rwxp 00000000 00:00 0 
7ff3ae1dd000-7ff3ae7bd000 rw-p 00000000 00:00 0 
7ff3ae7bd000-7ff3b3f65000 ---p 00000000 00:00 0 
7ff3b3f65000-7ff3b4545000 rw-p 00000000 00:00 0 
7ff3b4545000-7ff3b9ced000 ---p 00000000 00:00 0 
7ff3b9ced000-7ff3b9da9000 rw-p 00000000 00:00 0 
7ff3b9da9000-7ff3ba89e000 ---p 00000000 00:00 0 
7ff3ba89e000-7ff3ba95a000 rw-p 00000000 00:00 0 
7ff3ba95a000-7ff3bc000000 ---p 00000000 00:00 0 
7ff3bc000000-7ff3bc021000 rw-p 00000000 00:00 0 
7ff3bc021000-7ff3c0000000 ---p 00000000 00:00 0 
7ff3c0000000-7ff3c0021000 rw-p 00000000 00:00 0 
7ff3c0021000-7ff3c4000000 ---p 00000000 00:00 0 
7ff3c4000000-7ff3c4021000 rw-p 00000000 00:00 0 
7ff3c4021000-7ff3c8000000 ---p 00000000 00:00 0 
7ff3c8000000-7ff3c8021000 rw-p 00000000 00:00 0 
7ff3c8021000-7ff3cc000000 ---p 00000000 00:00 0 
7ff3cc000000-7ff3cc021000 rw-p 00000000 00:00 0 
7ff3cc021000-7ff3d0000000 ---p 00000000 00:00 0 
7ff3d0000000-7ff3d0021000 rw-p 00000000 00:00 0 
7ff3d0021000-7ff3d4000000 ---p 00000000 00:00 0 
7ff3d4000000-7ff3d4021000 rw-p 00000000 00:00 0 
7ff3d4021000-7ff3d8000000 ---p 00000000 00:00 0 
7ff3d8000000-7ff3d8021000 rw-p 00000000 00:00 0 
7ff3d8021000-7ff3dc000000 ---p 00000000 00:00 0 
7ff3dc000000-7ff3dc021000 rw-p 00000000 00:00 0 
7ff3dc021000-7ff3e0000000 ---p 00000000 00:00 0 
7ff3e0000000-7ff3e0021000 rw-p 00000000 00:00 0 
7ff3e0021000-7ff3e4000000 ---p 00000000 00:00 0 
7ff3e4000000-7ff3e4021000 rw-p 00000000 00:00 0 
7ff3e4021000-7ff3e8000000 ---p 00000000 00:00 0 
7ff3e8000000-7ff3e8021000 rw-p 00000000 00:00 0 
7ff3e8021000-7ff3ec000000 ---p 00000000 00:00 0 
7ff3ec000000-7ff3ec021000 rw-p 00000000 00:00 0 
7ff3ec021000-7ff3f0000000 ---p 00000000 00:00 0 
7ff3f0000000-7ff3f0021000 rw-p 00000000 00:00 0 
7ff3f0021000-7ff3f4000000 ---p 00000000 00:00 0 
7ff3f4000000-7ff3f4021000 rw-p 00000000 00:00 0 
7ff3f4021000-7ff3f8000000 ---p 00000000 00:00 0 
7ff3f8000000-7ff3f8021000 rw-p 00000000 00:00 0 
7ff3f8021000-7ff3fc000000 ---p 00000000 00:00 0 
7ff3fc000000-7ff3fc021000 rw-p 00000000 00:00 0 
7ff3fc021000-7ff400000000 ---p 00000000 00:00 0 
7ff40000d000-7ff40000e000 ---p 00000000 00:00 0 
7ff40000e000-7ff40010e000 rw-p 00000000 00:00 0 
7ff40010e000-7ff40010f000 ---p 00000000 00:00 0 
7ff40010f000-7ff40020f000 rw-p 00000000 00:00 0 
7ff40020f000-7ff400210000 ---p 00000000 00:00 0 
7ff400210000-7ff400543000 rw-p 00000000 00:00 0 
7ff400543000-7ff401038000 ---p 00000000 00:00 0 
7ff401038000-7ff401039000 ---p 00000000 00:00 0 
7ff401039000-7ff401139000 rw-p 00000000 00:00 0 
7ff401139000-7ff40113a000 ---p 00000000 00:00 0 
7ff40113a000-7ff40123a000 rw-p 00000000 00:00 0 
7ff40123a000-7ff40123b000 ---p 00000000 00:00 0 
7ff40123b000-7ff40133b000 rw-p 00000000 00:00 0 
7ff40133b000-7ff40133c000 ---p 00000000 00:00 0 
7ff40133c000-7ff40143c000 rw-p 00000000 00:00 0 
7ff40143c000-7ff40143d000 ---p 00000000 00:00 0 
7ff40143d000-7ff40153d000 rw-p 00000000 00:00 0 
7ff40153d000-7ff40153e000 ---p 00000000 00:00 0 
7ff40153e000-7ff40163e000 rw-p 00000000 00:00 0 
7ff40163e000-7ff40163f000 ---p 00000000 00:00 0 
7ff40163f000-7ff40173f000 rw-p 00000000 00:00 0 
7ff40173f000-7ff401740000 ---p 00000000 00:00 0 
7ff401740000-7ff401840000 rw-p 00000000 00:00 0 
7ff401840000-7ff401841000 ---p 00000000 00:00 0 
7ff401841000-7ff401b43000 rw-p 00000000 00:00 0 
7ff401b43000-7ff401e33000 rwxp 00000000 00:00 0 
7ff401e33000-7ff402277000 ---p 00000000 00:00 0 
7ff402277000-7ff4028c7000 rwxp 00000000 00:00 0 
7ff4028c7000-7ff410b43000 ---p 00000000 00:00 0 
7ff410b43000-7ff41c000000 r--s 00000000 08:11 3032851                    /usr/lib/jvm/java-9-oracle/lib/modules
7ff41c000000-7ff41cd64000 rw-p 00000000 00:00 0 
7ff41cd64000-7ff420000000 ---p 00000000 00:00 0 
7ff42000f000-7ff420034000 r--p 00000000 08:11 3677235                    /usr/share/locale-langpack/pl/LC_MESSAGES/libc.mo
7ff420034000-7ff42063a000 rw-p 00000000 00:00 0 
7ff42063a000-7ff42063b000 ---p 00000000 00:00 0 
7ff42063b000-7ff42073b000 rw-p 00000000 00:00 0 
7ff42073b000-7ff42073c000 ---p 00000000 00:00 0 
7ff42073c000-7ff42083c000 rw-p 00000000 00:00 0 
7ff42083c000-7ff42083d000 ---p 00000000 00:00 0 
7ff42083d000-7ff42093d000 rw-p 00000000 00:00 0 
7ff42093d000-7ff42093e000 ---p 00000000 00:00 0 
7ff42093e000-7ff420a3e000 rw-p 00000000 00:00 0 
7ff420a3e000-7ff420a3f000 ---p 00000000 00:00 0 
7ff420a3f000-7ff420b3f000 rw-p 00000000 00:00 0 
7ff420b3f000-7ff420b40000 ---p 00000000 00:00 0 
7ff420b40000-7ff420c40000 rw-p 00000000 00:00 0 
7ff420c40000-7ff420c41000 ---p 00000000 00:00 0 
7ff420c41000-7ff420d41000 rw-p 00000000 00:00 0 
7ff420d41000-7ff420d42000 ---p 00000000 00:00 0 
7ff420d42000-7ff420e4f000 rw-p 00000000 00:00 0 
7ff420e4f000-7ff421014000 ---p 00000000 00:00 0 
7ff421014000-7ff42102e000 r-xp 00000000 08:11 3032800                    /usr/lib/jvm/java-9-oracle/lib/libjimage.so
7ff42102e000-7ff42122d000 ---p 0001a000 08:11 3032800                    /usr/lib/jvm/java-9-oracle/lib/libjimage.so
7ff42122d000-7ff42122f000 rw-p 00019000 08:11 3032800                    /usr/lib/jvm/java-9-oracle/lib/libjimage.so
7ff42122f000-7ff421241000 rw-p 00000000 00:00 0 
7ff421241000-7ff421248000 r-xp 00000000 08:11 3032878                    /usr/lib/jvm/java-9-oracle/lib/libzip.so
7ff421248000-7ff421447000 ---p 00007000 08:11 3032878                    /usr/lib/jvm/java-9-oracle/lib/libzip.so
7ff421447000-7ff421448000 rw-p 00006000 08:11 3032878                    /usr/lib/jvm/java-9-oracle/lib/libzip.so
7ff421448000-7ff421453000 r-xp 00000000 08:11 1053176                    /lib/x86_64-linux-gnu/libnss_files-2.23.so
7ff421453000-7ff421652000 ---p 0000b000 08:11 1053176                    /lib/x86_64-linux-gnu/libnss_files-2.23.so
7ff421652000-7ff421653000 r--p 0000a000 08:11 1053176                    /lib/x86_64-linux-gnu/libnss_files-2.23.so
7ff421653000-7ff421654000 rw-p 0000b000 08:11 1053176                    /lib/x86_64-linux-gnu/libnss_files-2.23.so
7ff421654000-7ff42165a000 rw-p 00000000 00:00 0 
7ff42165a000-7ff421665000 r-xp 00000000 08:11 1048883                    /lib/x86_64-linux-gnu/libnss_nis-2.23.so
7ff421665000-7ff421864000 ---p 0000b000 08:11 1048883                    /lib/x86_64-linux-gnu/libnss_nis-2.23.so
7ff421864000-7ff421865000 r--p 0000a000 08:11 1048883                    /lib/x86_64-linux-gnu/libnss_nis-2.23.so
7ff421865000-7ff421866000 rw-p 0000b000 08:11 1048883                    /lib/x86_64-linux-gnu/libnss_nis-2.23.so
7ff421866000-7ff42187c000 r-xp 00000000 08:11 1048888                    /lib/x86_64-linux-gnu/libnsl-2.23.so
7ff42187c000-7ff421a7b000 ---p 00016000 08:11 1048888                    /lib/x86_64-linux-gnu/libnsl-2.23.so
7ff421a7b000-7ff421a7c000 r--p 00015000 08:11 1048888                    /lib/x86_64-linux-gnu/libnsl-2.23.so
7ff421a7c000-7ff421a7d000 rw-p 00016000 08:11 1048888                    /lib/x86_64-linux-gnu/libnsl-2.23.so
7ff421a7d000-7ff421a7f000 rw-p 00000000 00:00 0 
7ff421a7f000-7ff421a87000 r-xp 00000000 08:11 1053428                    /lib/x86_64-linux-gnu/libnss_compat-2.23.so
7ff421a87000-7ff421c86000 ---p 00008000 08:11 1053428                    /lib/x86_64-linux-gnu/libnss_compat-2.23.so
7ff421c86000-7ff421c87000 r--p 00007000 08:11 1053428                    /lib/x86_64-linux-gnu/libnss_compat-2.23.so
7ff421c87000-7ff421c88000 rw-p 00008000 08:11 1053428                    /lib/x86_64-linux-gnu/libnss_compat-2.23.so
7ff421c88000-7ff421c92000 r-xp 00000000 08:11 3032815                    /usr/lib/jvm/java-9-oracle/lib/libinstrument.so
7ff421c92000-7ff421e91000 ---p 0000a000 08:11 3032815                    /usr/lib/jvm/java-9-oracle/lib/libinstrument.so
7ff421e91000-7ff421e92000 rw-p 00009000 08:11 3032815                    /usr/lib/jvm/java-9-oracle/lib/libinstrument.so
7ff421e92000-7ff421ebd000 r-xp 00000000 08:11 3032817                    /usr/lib/jvm/java-9-oracle/lib/libjava.so
7ff421ebd000-7ff4220bc000 ---p 0002b000 08:11 3032817                    /usr/lib/jvm/java-9-oracle/lib/libjava.so
7ff4220bc000-7ff4220be000 rw-p 0002a000 08:11 3032817                    /usr/lib/jvm/java-9-oracle/lib/libjava.so
7ff4220be000-7ff4220cb000 r-xp 00000000 08:11 3032836                    /usr/lib/jvm/java-9-oracle/lib/libverify.so
7ff4220cb000-7ff4222ca000 ---p 0000d000 08:11 3032836                    /usr/lib/jvm/java-9-oracle/lib/libverify.so
7ff4222ca000-7ff4222cc000 rw-p 0000c000 08:11 3032836                    /usr/lib/jvm/java-9-oracle/lib/libverify.so
7ff4222cc000-7ff4222d3000 r-xp 00000000 08:11 1048869                    /lib/x86_64-linux-gnu/librt-2.23.so
7ff4222d3000-7ff4224d2000 ---p 00007000 08:11 1048869                    /lib/x86_64-linux-gnu/librt-2.23.so
7ff4224d2000-7ff4224d3000 r--p 00006000 08:11 1048869                    /lib/x86_64-linux-gnu/librt-2.23.so
7ff4224d3000-7ff4224d4000 rw-p 00007000 08:11 1048869                    /lib/x86_64-linux-gnu/librt-2.23.so
7ff4224d4000-7ff4225dc000 r-xp 00000000 08:11 1053460                    /lib/x86_64-linux-gnu/libm-2.23.so
7ff4225dc000-7ff4227db000 ---p 00108000 08:11 1053460                    /lib/x86_64-linux-gnu/libm-2.23.so
7ff4227db000-7ff4227dc000 r--p 00107000 08:11 1053460                    /lib/x86_64-linux-gnu/libm-2.23.so
7ff4227dc000-7ff4227dd000 rw-p 00108000 08:11 1053460                    /lib/x86_64-linux-gnu/libm-2.23.so
7ff4227dd000-7ff4237f2000 r-xp 00000000 08:11 3034524                    /usr/lib/jvm/java-9-oracle/lib/server/libjvm.so
7ff4237f2000-7ff4239f1000 ---p 01015000 08:11 3034524                    /usr/lib/jvm/java-9-oracle/lib/server/libjvm.so
7ff4239f1000-7ff423ac2000 r--p 01014000 08:11 3034524                    /usr/lib/jvm/java-9-oracle/lib/server/libjvm.so
7ff423ac2000-7ff423af9000 rw-p 010e5000 08:11 3034524                    /usr/lib/jvm/java-9-oracle/lib/server/libjvm.so
7ff423af9000-7ff423b62000 rw-p 00000000 00:00 0 
7ff423b62000-7ff423d22000 r-xp 00000000 08:11 1053424                    /lib/x86_64-linux-gnu/libc-2.23.so
7ff423d22000-7ff423f22000 ---p 001c0000 08:11 1053424                    /lib/x86_64-linux-gnu/libc-2.23.so
7ff423f22000-7ff423f26000 r--p 001c0000 08:11 1053424                    /lib/x86_64-linux-gnu/libc-2.23.so
7ff423f26000-7ff423f28000 rw-p 001c4000 08:11 1053424                    /lib/x86_64-linux-gnu/libc-2.23.so
7ff423f28000-7ff423f2c000 rw-p 00000000 00:00 0 
7ff423f2c000-7ff423f2f000 r-xp 00000000 08:11 1048873                    /lib/x86_64-linux-gnu/libdl-2.23.so
7ff423f2f000-7ff42412e000 ---p 00003000 08:11 1048873                    /lib/x86_64-linux-gnu/libdl-2.23.so
7ff42412e000-7ff42412f000 r--p 00002000 08:11 1048873                    /lib/x86_64-linux-gnu/libdl-2.23.so
7ff42412f000-7ff424130000 rw-p 00003000 08:11 1048873                    /lib/x86_64-linux-gnu/libdl-2.23.so
7ff424130000-7ff42413e000 r-xp 00000000 08:11 3034525                    /usr/lib/jvm/java-9-oracle/lib/jli/libjli.so
7ff42413e000-7ff42433e000 ---p 0000e000 08:11 3034525                    /usr/lib/jvm/java-9-oracle/lib/jli/libjli.so
7ff42433e000-7ff42433f000 rw-p 0000e000 08:11 3034525                    /usr/lib/jvm/java-9-oracle/lib/jli/libjli.so
7ff42433f000-7ff424357000 r-xp 00000000 08:11 1048877                    /lib/x86_64-linux-gnu/libpthread-2.23.so
7ff424357000-7ff424556000 ---p 00018000 08:11 1048877                    /lib/x86_64-linux-gnu/libpthread-2.23.so
7ff424556000-7ff424557000 r--p 00017000 08:11 1048877                    /lib/x86_64-linux-gnu/libpthread-2.23.so
7ff424557000-7ff424558000 rw-p 00018000 08:11 1048877                    /lib/x86_64-linux-gnu/libpthread-2.23.so
7ff424558000-7ff42455c000 rw-p 00000000 00:00 0 
7ff42455c000-7ff424575000 r-xp 00000000 08:11 1053271                    /lib/x86_64-linux-gnu/libz.so.1.2.8
7ff424575000-7ff424774000 ---p 00019000 08:11 1053271                    /lib/x86_64-linux-gnu/libz.so.1.2.8
7ff424774000-7ff424775000 r--p 00018000 08:11 1053271                    /lib/x86_64-linux-gnu/libz.so.1.2.8
7ff424775000-7ff424776000 rw-p 00019000 08:11 1053271                    /lib/x86_64-linux-gnu/libz.so.1.2.8
7ff424776000-7ff42479c000 r-xp 00000000 08:11 1048875                    /lib/x86_64-linux-gnu/ld-2.23.so
7ff4247a8000-7ff42486f000 rw-p 00000000 00:00 0 
7ff42486f000-7ff424874000 ---p 00000000 00:00 0 
7ff424874000-7ff424975000 rw-p 00000000 00:00 0 
7ff42497a000-7ff424981000 r--s 00000000 08:11 3416362                    /usr/lib/x86_64-linux-gnu/gconv/gconv-modules.cache
7ff424981000-7ff424988000 rw-p 00000000 00:00 0 
7ff424988000-7ff424991000 ---p 00000000 00:00 0 
7ff424991000-7ff424999000 rw-s 00000000 08:11 2497622                    /tmp/hsperfdata_filip/12210
7ff424999000-7ff42499a000 rw-p 00000000 00:00 0 
7ff42499a000-7ff42499b000 ---p 00000000 00:00 0 
7ff42499b000-7ff42499c000 r--p 00025000 08:11 1048875                    /lib/x86_64-linux-gnu/ld-2.23.so
7ff42499c000-7ff42499d000 rw-p 00026000 08:11 1048875                    /lib/x86_64-linux-gnu/ld-2.23.so
7ff42499d000-7ff42499e000 rw-p 00000000 00:00 0 
7fff7f251000-7fff7f275000 rw-p 00000000 00:00 0                          [stack]
7fff7f321000-7fff7f323000 r--p 00000000 00:00 0                          [vvar]
7fff7f323000-7fff7f325000 r-xp 00000000 00:00 0                          [vdso]
ffffffffff600000-ffffffffff601000 r-xp 00000000 00:00 0                  [vsyscall]

VM Arguments:
jvm_args: -XX:TieredStopAtLevel=1 -Xverify:none -Dspring.output.ansi.enabled=always -Dcom.sun.management.jmxremote -Dspring.liveBeansView.mbeanDomain -Dspring.application.admin.enabled=true -javaagent:/opt/idea-IU-183.6156.11/lib/idea_rt.jar=32962:/opt/idea-IU-183.6156.11/bin -Dfile.encoding=UTF-8 
java_command: com.filip.machaj.demo.AbonamentyApplicationKt
java_class_path (initial): /home/filip/Pulpit/INYNIERKA/IMPLEMENTACJA/kot 8/abonamenty/out/production/classes:/home/filip/Pulpit/INYNIERKA/IMPLEMENTACJA/kot 8/abonamenty/out/production/resources:/home/filip/.gradle/caches/modules-2/files-2.1/org.jetbrains.kotlin/kotlin-reflect/1.3.10/dd02865be0351707554b16a896b766b2396cdafa/kotlin-reflect-1.3.10.jar:/home/filip/.gradle/caches/modules-2/files-2.1/com.github.mvysny.karibudsl/karibu-dsl-v8/0.7.0/1fa1de39c64891e9efea412a0482fd6cedbefa5d/karibu-dsl-v8-0.7.0.jar:/home/filip/.gradle/caches/modules-2/files-2.1/org.jetbrains.kotlin/kotlin-stdlib-jdk8/1.3.10/71d0fa967493eb76648b575edf1762cb2d0c7f10/kotlin-stdlib-jdk8-1.3.10.jar:/home/filip/.gradle/caches/modules-2/files-2.1/org.jetbrains.kotlin/kotlin-stdlib-jdk7/1.3.10/4d147bf43060dc43d61b096e24da1e67dfe0c032/kotlin-stdlib-jdk7-1.3.10.jar:/home/filip/.gradle/caches/modules-2/files-2.1/org.jetbrains.kotlin/kotlin-stdlib/1.3.10/b178c1501609c6e4ee8be635513cb023a466457d/kotlin-stdlib-1.3.10.jar:/home/filip/.gradle/caches/modules-2/files-2.1/org.springframework.boot/spring-boot-starter-web/2.1.0.RELEASE/5bb07547b965e84edd8abb49c1431d17926e2c6b/spring-boot-starter-web-2.1.0.RELEASE.jar:/home/filip/.gradle/caches/modules-2/files-2.1/org.springframework.boot/spring-boot-starter-data-jpa/2.1.5.RELEASE/f33f69b3744d07f832db6ab48eab227ccde9e922/spring-boot-starter-data-jpa-2.1.5.RELEASE.jar:/home/filip/.gradle/caches/modules-2/files-2.1/org.hibernate/hibernate-core/5.3.7.Final/f87c5c1bbfc638309824140e68dfaaeb1bb479f3/hibernate-core-5.3.7.Final.jar:/home/filip/.gradle/caches/modules-2/files-2.1/javax.persistence/javax.persistence-api/2.2/25665ac8c0b62f50e6488173233239120fc52c96/javax.persistence-api-2.2.jar:/home/filip/.gradle/caches/modules-2/files-2.1/org.springframework.data/spring-data-jpa/2.1.8.RELEASE/385ab53309b4f0dfb317c4753fe853821ff15c08/spring-data-jpa-2.1.8.RELEASE.jar:/home/filip/.gradle/caches/modules-2/files-2.1/org.hsqldb/hsqldb/2.3.4/5564c057c826418f8e32de5815a14ae
Launcher Type: SUN_STANDARD

Logging:
Log output configuration:
#0: stdout all=warning uptime,level,tags
#1: stderr all=off uptime,level,tags

Environment Variables:
JAVA_HOME=/usr/lib/jvm/java-9-oracle
PATH=/home/filip/bin:/home/filip/.local/bin:/usr/local/sbin:/usr/local/bin:/usr/sbin:/usr/bin:/sbin:/bin:/usr/games:/usr/local/games:/snap/bin:/usr/lib/jvm/java-9-oracle/bin:/usr/lib/jvm/java-9-oracle/db/bin
USERNAME=filip
SHELL=/bin/bash
DISPLAY=:0

Signal Handlers:
SIGSEGV: [libjvm.so+0xd4d370], sa_mask[0]=11111111011111111101111111111110, sa_flags=SA_RESTART|SA_SIGINFO
SIGBUS: [libjvm.so+0xd4d370], sa_mask[0]=11111111011111111101111111111110, sa_flags=SA_RESTART|SA_SIGINFO
SIGFPE: [libjvm.so+0xd4d370], sa_mask[0]=11111111011111111101111111111110, sa_flags=SA_RESTART|SA_SIGINFO
SIGPIPE: [libjvm.so+0xb64780], sa_mask[0]=11111111011111111101111111111110, sa_flags=SA_RESTART|SA_SIGINFO
SIGXFSZ: [libjvm.so+0xb64780], sa_mask[0]=11111111011111111101111111111110, sa_flags=SA_RESTART|SA_SIGINFO
SIGILL: [libjvm.so+0xd4d370], sa_mask[0]=11111111011111111101111111111110, sa_flags=SA_RESTART|SA_SIGINFO
SIGUSR2: [libjvm.so+0xb64640], sa_mask[0]=00100000000000000000000000000000, sa_flags=SA_RESTART|SA_SIGINFO
SIGHUP: [libjvm.so+0xb64850], sa_mask[0]=11111111011111111101111111111110, sa_flags=SA_RESTART|SA_SIGINFO
SIGINT: [libjvm.so+0xb64850], sa_mask[0]=11111111011111111101111111111110, sa_flags=SA_RESTART|SA_SIGINFO
SIGTERM: [libjvm.so+0xb64850], sa_mask[0]=11111111011111111101111111111110, sa_flags=SA_RESTART|SA_SIGINFO
SIGQUIT: [libjvm.so+0xb64850], sa_mask[0]=11111111011111111101111111111110, sa_flags=SA_RESTART|SA_SIGINFO


---------------  S Y S T E M  ---------------

OS:DISTRIB_ID=LinuxMint
DISTRIB_RELEASE=18.1
DISTRIB_CODENAME=serena
DISTRIB_DESCRIPTION="Linux Mint 18.1 Serena"
uname:Linux 4.4.0-53-generic #74-Ubuntu SMP Fri Dec 2 15:59:10 UTC 2016 x86_64
libc:glibc 2.23 NPTL 2.23 
rlimit: STACK 8192k, CORE 0k, NPROC 95585, NOFILE 1048576, AS infinity
load average:1,93 3,17 2,69

/proc/meminfo:
MemTotal:       24512108 kB
MemFree:          203736 kB
MemAvailable:     116192 kB
Buffers:            8196 kB
Cached:          2067344 kB
SwapCached:            0 kB
Active:         21766160 kB
Inactive:        1790828 kB
Active(anon):   21691504 kB
Inactive(anon):  1720236 kB
Active(file):      74656 kB
Inactive(file):    70592 kB
Unevictable:         692 kB
Mlocked:             692 kB
SwapTotal:             0 kB
SwapFree:              0 kB
Dirty:              2512 kB
Writeback:             0 kB
AnonPages:      21480736 kB
Mapped:          1112468 kB
Shmem:           1931180 kB
Slab:             203492 kB
SReclaimable:      80964 kB
SUnreclaim:       122528 kB
KernelStack:       48064 kB
PageTables:       268612 kB
NFS_Unstable:          0 kB
Bounce:                0 kB
WritebackTmp:          0 kB
CommitLimit:    12256052 kB
Committed_AS:   45338812 kB
VmallocTotal:   34359738367 kB
VmallocUsed:           0 kB
VmallocChunk:          0 kB
HardwareCorrupted:     0 kB
AnonHugePages:   5562368 kB
CmaTotal:              0 kB
CmaFree:               0 kB
HugePages_Total:       0
HugePages_Free:        0
HugePages_Rsvd:        0
HugePages_Surp:        0
Hugepagesize:       2048 kB
DirectMap4k:      528964 kB
DirectMap2M:    24457216 kB
DirectMap1G:           0 kB


CPU:total 8 (initial active 8) (4 cores per cpu, 2 threads per core) family 6 model 60 stepping 3, cmov, cx8, fxsr, mmx, sse, sse2, sse3, ssse3, sse4.1, sse4.2, popcnt, avx, avx2, aes, clmul, erms, lzcnt, ht, tsc, tscinvbit, bmi1, bmi2, fma
CPU Model and flags from /proc/cpuinfo:
model name	: Intel(R) Core(TM) i7-4710MQ CPU @ 2.50GHz
flags		: fpu vme de pse tsc msr pae mce cx8 apic sep mtrr pge mca cmov pat pse36 clflush dts acpi mmx fxsr sse sse2 ss ht tm pbe syscall nx pdpe1gb rdtscp lm constant_tsc arch_perfmon pebs bts rep_good nopl xtopology nonstop_tsc aperfmperf eagerfpu pni pclmulqdq dtes64 monitor ds_cpl vmx est tm2 ssse3 sdbg fma cx16 xtpr pdcm pcid sse4_1 sse4_2 movbe popcnt tsc_deadline_timer aes xsave avx f16c rdrand lahf_lm abm epb tpr_shadow vnmi flexpriority ept vpid fsgsbase tsc_adjust bmi1 avx2 smep bmi2 erms invpcid xsaveopt dtherm ida arat pln pts

Memory: 4k page, physical 24512108k(203364k free), swap 0k(0k free)

vm_info: Java HotSpot(TM) 64-Bit Server VM (9.0.4+11) for linux-amd64 JRE (9.0.4+11), built on Dec 19 2017 18:12:19 by "mach5one" with gcc 4.9.2

END.
