#
# There is insufficient memory for the Java Runtime Environment to continue.
# Native memory allocation (mmap) failed to map 394264576 bytes for committing reserved memory.
# Possible reasons:
#   The system is out of physical RAM or swap space
#   The process is running with CompressedOops enabled, and the Java Heap may be blocking the growth of the native heap
# Possible solutions:
#   Reduce memory load on the system
#   Increase physical memory or swap space
#   Check if swap backing store is full
#   Decrease Java heap size (-Xmx/-Xms)
#   Decrease number of Java threads
#   Decrease Java thread stack sizes (-Xss)
#   Set larger code cache with -XX:ReservedCodeCacheSize=
# This output file may be truncated or incomplete.
#
#  Out of Memory Error (os_linux.cpp:2647), pid=13102, tid=13125
#
# JRE version:  (9.0+11) (build )
# Java VM: Java HotSpot(TM) 64-Bit Server VM (9.0.4+11, mixed mode, aot, tiered, compressed oops, g1 gc, linux-amd64)
# No core dump will be written. Core dumps have been disabled. To enable core dumping, try "ulimit -c unlimited" before starting Java again
#

---------------  S U M M A R Y ------------

Command Line: -Dclassworlds.conf=/usr/share/maven/bin/m2.conf -Dmaven.home=/usr/share/maven -Dmaven.multiModuleProjectDirectory=/home/filip/Pulpit/INŻYNIERKA/IMPLEMENTACJA/kot 4/abonamenty/scripts org.codehaus.plexus.classworlds.launcher.Launcher jetty:run

Host: Intel(R) Core(TM) i7-4710MQ CPU @ 2.50GHz, 8 cores, 23G, Linux Mint 18.1 Serena
Time: Thu May 23 20:30:26 2019 CEST elapsed time: 0 seconds (0d 0h 0m 0s)

---------------  T H R E A D  ---------------

Current thread (0x00007f163c012800):  JavaThread "Unknown thread" [_thread_in_vm, id=13125, stack(0x00007f1644ae5000,0x00007f1644be5000)]

Stack: [0x00007f1644ae5000,0x00007f1644be5000],  sp=0x00007f1644be32c0,  free space=1016k
Native frames: (J=compiled Java code, A=aot compiled Java code, j=interpreted, Vv=VM code, C=native code)
V  [libjvm.so+0xd4c6c2]  VMError::report_and_die(int, char const*, char const*, __va_list_tag*, Thread*, unsigned char*, void*, void*, char const*, int, unsigned long)+0x162
V  [libjvm.so+0xd4d32b]  VMError::report_and_die(Thread*, char const*, int, unsigned long, VMErrorType, char const*, __va_list_tag*)+0x2b
V  [libjvm.so+0x654ac8]  report_vm_out_of_memory(char const*, int, unsigned long, VMErrorType, char const*, ...)+0xd8
V  [libjvm.so+0xb68241]  os::pd_commit_memory_or_exit(char*, unsigned long, unsigned long, bool, char const*)+0x101
V  [libjvm.so+0xb628cd]  os::commit_memory_or_exit(char*, unsigned long, unsigned long, bool, char const*)+0x1d
V  [libjvm.so+0x763492]  G1PageBasedVirtualSpace::commit_preferred_pages(unsigned long, unsigned long)+0x62
V  [libjvm.so+0x7637ae]  G1PageBasedVirtualSpace::commit(unsigned long, unsigned long)+0x11e
V  [libjvm.so+0x766713]  G1RegionsLargerThanCommitSizeMapper::commit_regions(unsigned int, unsigned long, WorkGang*)+0x43
V  [libjvm.so+0x7f760c]  HeapRegionManager::commit_regions(unsigned int, unsigned long, WorkGang*)+0x7c
V  [libjvm.so+0x7f81d4]  HeapRegionManager::make_regions_available(unsigned int, unsigned int, WorkGang*)+0x34
V  [libjvm.so+0x7f86f1]  HeapRegionManager::expand_by(unsigned int, WorkGang*)+0x71
V  [libjvm.so+0x729a87]  G1CollectedHeap::expand(unsigned long, WorkGang*, double*)+0xd7
V  [libjvm.so+0x72c93a]  G1CollectedHeap::initialize()+0x6da
V  [libjvm.so+0xd0beff]  Universe::initialize_heap()+0x2f
V  [libjvm.so+0xd0c476]  universe_init()+0x46
V  [libjvm.so+0x80f267]  init_globals()+0x57
V  [libjvm.so+0xcede6e]  Threads::create_vm(JavaVMInitArgs*, bool*)+0x2ae
V  [libjvm.so+0x8adc4c]  JNI_CreateJavaVM+0x5c
C  [libjli.so+0x3a01]  JavaMain+0x81
C  [libpthread.so.0+0x76ba]  start_thread+0xca


---------------  P R O C E S S  ---------------

Java Threads: ( => current thread )

Other Threads:
  0x00007f163c02a000 GCTaskThread "GC Thread#0" [stack: 0x00007f16411c4000,0x00007f16412c4000] [id=13126]
  0x00007f163c02b800 GCTaskThread "GC Thread#1" [stack: 0x00007f16410c3000,0x00007f16411c3000] [id=13127]
  0x00007f163c02d000 GCTaskThread "GC Thread#2" [stack: 0x00007f1640fc2000,0x00007f16410c2000] [id=13128]
  0x00007f163c02f000 GCTaskThread "GC Thread#3" [stack: 0x00007f1640ec1000,0x00007f1640fc1000] [id=13129]
  0x00007f163c030800 GCTaskThread "GC Thread#4" [stack: 0x00007f1640dc0000,0x00007f1640ec0000] [id=13130]
  0x00007f163c032000 GCTaskThread "GC Thread#5" [stack: 0x00007f1640cbf000,0x00007f1640dbf000] [id=13131]
  0x00007f163c034000 GCTaskThread "GC Thread#6" [stack: 0x00007f1640bbe000,0x00007f1640cbe000] [id=13132]
  0x00007f163c035800 GCTaskThread "GC Thread#7" [stack: 0x00007f1640abd000,0x00007f1640bbd000] [id=13133]
  0x00007f163c07e800 ConcurrentGCThread "G1 Main Marker" [stack: 0x00007f162054d000,0x00007f162064d000] [id=13143]
  0x00007f163c080000 ConcurrentGCThread "G1 Marker#0" [stack: 0x00007f162044c000,0x00007f162054c000] [id=13144]
  0x00007f163c082000 ConcurrentGCThread "G1 Marker#1" [stack: 0x00007f162034b000,0x00007f162044b000] [id=13145]
  0x00007f163c044800 ConcurrentGCThread "G1 Refine#0" [stack: 0x00007f162153e000,0x00007f162163e000] [id=13141]
  0x00007f163c042800 ConcurrentGCThread "G1 Refine#1" [stack: 0x00007f162163f000,0x00007f162173f000] [id=13140]
  0x00007f163c040800 ConcurrentGCThread "G1 Refine#2" [stack: 0x00007f1621740000,0x00007f1621840000] [id=13139]
  0x00007f163c03f000 ConcurrentGCThread "G1 Refine#3" [stack: 0x00007f1621841000,0x00007f1621941000] [id=13138]
  0x00007f163c03d000 ConcurrentGCThread "G1 Refine#4" [stack: 0x00007f1621942000,0x00007f1621a42000] [id=13137]
  0x00007f163c03b800 ConcurrentGCThread "G1 Refine#5" [stack: 0x00007f1621a43000,0x00007f1621b43000] [id=13136]
  0x00007f163c039800 ConcurrentGCThread "G1 Refine#6" [stack: 0x00007f16400b3000,0x00007f16401b3000] [id=13135]
  0x00007f163c038000 ConcurrentGCThread "G1 Refine#7" [stack: 0x00007f16401b4000,0x00007f16402b4000] [id=13134]
  0x00007f163c046000 ConcurrentGCThread "G1 Young RemSet Sampling" [stack: 0x00007f162143d000,0x00007f162153d000] [id=13142]

=>0x00007f163c012800 (exited) JavaThread "Unknown thread" [_thread_in_vm, id=13125, stack(0x00007f1644ae5000,0x00007f1644be5000)]

Threads with active compile tasks:

VM state:not at safepoint (not fully initialized)

VM Mutex/Monitor currently owned by a thread:  ([mutex/lock_event])
[0x00007f163c00ed20] Heap_lock - owner thread: 0x00007f163c012800

Heap address: 0x0000000649e00000, size: 5986 MB, Compressed Oops mode: Non-zero based: 0x0000000649e00000
Narrow klass base: 0x0000000000000000, Narrow klass shift: 0

GC Heap History (0 events):
No events

Deoptimization events (0 events):
No events

Classes redefined (0 events):
No events

Internal exceptions (0 events):
No events

Events (0 events):
No events


Dynamic libraries:
00400000-00401000 r-xp 00000000 08:11 3032295                            /usr/lib/jvm/java-9-oracle/bin/java
00600000-00601000 rw-p 00000000 08:11 3032295                            /usr/lib/jvm/java-9-oracle/bin/java
0148c000-014ad000 rw-p 00000000 00:00 0                                  [heap]
661600000-7c0000000 ---p 00000000 00:00 0 
7f15bf8ce000-7f15c0000000 rw-p 00000000 00:00 0 
7f15c0000000-7f15c0021000 rw-p 00000000 00:00 0 
7f15c0021000-7f15c4000000 ---p 00000000 00:00 0 
7f15c4000000-7f15c4021000 rw-p 00000000 00:00 0 
7f15c4021000-7f15c8000000 ---p 00000000 00:00 0 
7f15c8000000-7f15c8021000 rw-p 00000000 00:00 0 
7f15c8021000-7f15cc000000 ---p 00000000 00:00 0 
7f15cc0dc000-7f15cc1dd000 rw-p 00000000 00:00 0 
7f15cc1dd000-7f15ce1dd000 rwxp 00000000 00:00 0 
7f15ce1dd000-7f15dc000000 ---p 00000000 00:00 0 
7f15dc000000-7f15dc021000 rw-p 00000000 00:00 0 
7f15dc021000-7f15e0000000 ---p 00000000 00:00 0 
7f15e0000000-7f15e0021000 rw-p 00000000 00:00 0 
7f15e0021000-7f15e4000000 ---p 00000000 00:00 0 
7f15e4000000-7f15e4021000 rw-p 00000000 00:00 0 
7f15e4021000-7f15e8000000 ---p 00000000 00:00 0 
7f15e8000000-7f15e8021000 rw-p 00000000 00:00 0 
7f15e8021000-7f15ec000000 ---p 00000000 00:00 0 
7f15ec000000-7f15ec021000 rw-p 00000000 00:00 0 
7f15ec021000-7f15f0000000 ---p 00000000 00:00 0 
7f15f0000000-7f15f0021000 rw-p 00000000 00:00 0 
7f15f0021000-7f15f4000000 ---p 00000000 00:00 0 
7f15f4000000-7f15f4021000 rw-p 00000000 00:00 0 
7f15f4021000-7f15f8000000 ---p 00000000 00:00 0 
7f15f8000000-7f15f8021000 rw-p 00000000 00:00 0 
7f15f8021000-7f15fc000000 ---p 00000000 00:00 0 
7f15fc000000-7f15fc021000 rw-p 00000000 00:00 0 
7f15fc021000-7f1600000000 ---p 00000000 00:00 0 
7f1600000000-7f1600021000 rw-p 00000000 00:00 0 
7f1600021000-7f1604000000 ---p 00000000 00:00 0 
7f1604000000-7f1604021000 rw-p 00000000 00:00 0 
7f1604021000-7f1608000000 ---p 00000000 00:00 0 
7f1608000000-7f1608021000 rw-p 00000000 00:00 0 
7f1608021000-7f160c000000 ---p 00000000 00:00 0 
7f160c000000-7f160c021000 rw-p 00000000 00:00 0 
7f160c021000-7f1610000000 ---p 00000000 00:00 0 
7f1610000000-7f1610021000 rw-p 00000000 00:00 0 
7f1610021000-7f1614000000 ---p 00000000 00:00 0 
7f1614000000-7f1614021000 rw-p 00000000 00:00 0 
7f1614021000-7f1618000000 ---p 00000000 00:00 0 
7f1618000000-7f1618021000 rw-p 00000000 00:00 0 
7f1618021000-7f161c000000 ---p 00000000 00:00 0 
7f161c000000-7f161c021000 rw-p 00000000 00:00 0 
7f161c021000-7f1620000000 ---p 00000000 00:00 0 
7f1620047000-7f162034a000 rw-p 00000000 00:00 0 
7f162034a000-7f162034b000 ---p 00000000 00:00 0 
7f162034b000-7f162044b000 rw-p 00000000 00:00 0 
7f162044b000-7f162044c000 ---p 00000000 00:00 0 
7f162044c000-7f162054c000 rw-p 00000000 00:00 0 
7f162054c000-7f162054d000 ---p 00000000 00:00 0 
7f162054d000-7f162088b000 rw-p 00000000 00:00 0 
7f162088b000-7f162143c000 ---p 00000000 00:00 0 
7f162143c000-7f162143d000 ---p 00000000 00:00 0 
7f162143d000-7f162153d000 rw-p 00000000 00:00 0 
7f162153d000-7f162153e000 ---p 00000000 00:00 0 
7f162153e000-7f162163e000 rw-p 00000000 00:00 0 
7f162163e000-7f162163f000 ---p 00000000 00:00 0 
7f162163f000-7f162173f000 rw-p 00000000 00:00 0 
7f162173f000-7f1621740000 ---p 00000000 00:00 0 
7f1621740000-7f1621840000 rw-p 00000000 00:00 0 
7f1621840000-7f1621841000 ---p 00000000 00:00 0 
7f1621841000-7f1621941000 rw-p 00000000 00:00 0 
7f1621941000-7f1621942000 ---p 00000000 00:00 0 
7f1621942000-7f1621a42000 rw-p 00000000 00:00 0 
7f1621a42000-7f1621a43000 ---p 00000000 00:00 0 
7f1621a43000-7f1621b43000 rw-p 00000000 00:00 0 
7f1621b43000-7f1621db3000 rwxp 00000000 00:00 0 
7f1621db3000-7f16220d4000 ---p 00000000 00:00 0 
7f16220d4000-7f1622344000 rwxp 00000000 00:00 0 
7f1622344000-7f162960b000 ---p 00000000 00:00 0 
7f162960b000-7f162987b000 rwxp 00000000 00:00 0 
7f162987b000-7f1630b43000 ---p 00000000 00:00 0 
7f1630b43000-7f163c000000 r--s 00000000 08:11 3032851                    /usr/lib/jvm/java-9-oracle/lib/modules
7f163c000000-7f163c09d000 rw-p 00000000 00:00 0 
7f163c09d000-7f1640000000 ---p 00000000 00:00 0 
7f16400b2000-7f16400b3000 ---p 00000000 00:00 0 
7f16400b3000-7f16401b3000 rw-p 00000000 00:00 0 
7f16401b3000-7f16401b4000 ---p 00000000 00:00 0 
7f16401b4000-7f1640abc000 rw-p 00000000 00:00 0 
7f1640abc000-7f1640abd000 ---p 00000000 00:00 0 
7f1640abd000-7f1640bbd000 rw-p 00000000 00:00 0 
7f1640bbd000-7f1640bbe000 ---p 00000000 00:00 0 
7f1640bbe000-7f1640cbe000 rw-p 00000000 00:00 0 
7f1640cbe000-7f1640cbf000 ---p 00000000 00:00 0 
7f1640cbf000-7f1640dbf000 rw-p 00000000 00:00 0 
7f1640dbf000-7f1640dc0000 ---p 00000000 00:00 0 
7f1640dc0000-7f1640ec0000 rw-p 00000000 00:00 0 
7f1640ec0000-7f1640ec1000 ---p 00000000 00:00 0 
7f1640ec1000-7f1640fc1000 rw-p 00000000 00:00 0 
7f1640fc1000-7f1640fc2000 ---p 00000000 00:00 0 
7f1640fc2000-7f16410c2000 rw-p 00000000 00:00 0 
7f16410c2000-7f16410c3000 ---p 00000000 00:00 0 
7f16410c3000-7f16411c3000 rw-p 00000000 00:00 0 
7f16411c3000-7f16411c4000 ---p 00000000 00:00 0 
7f16411c4000-7f16412c9000 rw-p 00000000 00:00 0 
7f16412c9000-7f16413af000 ---p 00000000 00:00 0 
7f16413af000-7f16413b4000 rw-p 00000000 00:00 0 
7f16413b4000-7f164149a000 ---p 00000000 00:00 0 
7f164149a000-7f16414b4000 r-xp 00000000 08:11 3032800                    /usr/lib/jvm/java-9-oracle/lib/libjimage.so
7f16414b4000-7f16416b3000 ---p 0001a000 08:11 3032800                    /usr/lib/jvm/java-9-oracle/lib/libjimage.so
7f16416b3000-7f16416b5000 rw-p 00019000 08:11 3032800                    /usr/lib/jvm/java-9-oracle/lib/libjimage.so
7f16416b5000-7f16416c7000 rw-p 00000000 00:00 0 
7f16416c7000-7f16416ce000 r-xp 00000000 08:11 3032878                    /usr/lib/jvm/java-9-oracle/lib/libzip.so
7f16416ce000-7f16418cd000 ---p 00007000 08:11 3032878                    /usr/lib/jvm/java-9-oracle/lib/libzip.so
7f16418cd000-7f16418ce000 rw-p 00006000 08:11 3032878                    /usr/lib/jvm/java-9-oracle/lib/libzip.so
7f16418ce000-7f16418d9000 r-xp 00000000 08:11 1048830                    /lib/x86_64-linux-gnu/libnss_files-2.23.so
7f16418d9000-7f1641ad8000 ---p 0000b000 08:11 1048830                    /lib/x86_64-linux-gnu/libnss_files-2.23.so
7f1641ad8000-7f1641ad9000 r--p 0000a000 08:11 1048830                    /lib/x86_64-linux-gnu/libnss_files-2.23.so
7f1641ad9000-7f1641ada000 rw-p 0000b000 08:11 1048830                    /lib/x86_64-linux-gnu/libnss_files-2.23.so
7f1641ada000-7f1641ae0000 rw-p 00000000 00:00 0 
7f1641ae0000-7f1641aeb000 r-xp 00000000 08:11 1048838                    /lib/x86_64-linux-gnu/libnss_nis-2.23.so
7f1641aeb000-7f1641cea000 ---p 0000b000 08:11 1048838                    /lib/x86_64-linux-gnu/libnss_nis-2.23.so
7f1641cea000-7f1641ceb000 r--p 0000a000 08:11 1048838                    /lib/x86_64-linux-gnu/libnss_nis-2.23.so
7f1641ceb000-7f1641cec000 rw-p 0000b000 08:11 1048838                    /lib/x86_64-linux-gnu/libnss_nis-2.23.so
7f1641cec000-7f1641d02000 r-xp 00000000 08:11 1048602                    /lib/x86_64-linux-gnu/libnsl-2.23.so
7f1641d02000-7f1641f01000 ---p 00016000 08:11 1048602                    /lib/x86_64-linux-gnu/libnsl-2.23.so
7f1641f01000-7f1641f02000 r--p 00015000 08:11 1048602                    /lib/x86_64-linux-gnu/libnsl-2.23.so
7f1641f02000-7f1641f03000 rw-p 00016000 08:11 1048602                    /lib/x86_64-linux-gnu/libnsl-2.23.so
7f1641f03000-7f1641f05000 rw-p 00000000 00:00 0 
7f1641f05000-7f1641f0d000 r-xp 00000000 08:11 1048820                    /lib/x86_64-linux-gnu/libnss_compat-2.23.so
7f1641f0d000-7f164210c000 ---p 00008000 08:11 1048820                    /lib/x86_64-linux-gnu/libnss_compat-2.23.so
7f164210c000-7f164210d000 r--p 00007000 08:11 1048820                    /lib/x86_64-linux-gnu/libnss_compat-2.23.so
7f164210d000-7f164210e000 rw-p 00008000 08:11 1048820                    /lib/x86_64-linux-gnu/libnss_compat-2.23.so
7f164210e000-7f1642139000 r-xp 00000000 08:11 3032817                    /usr/lib/jvm/java-9-oracle/lib/libjava.so
7f1642139000-7f1642338000 ---p 0002b000 08:11 3032817                    /usr/lib/jvm/java-9-oracle/lib/libjava.so
7f1642338000-7f164233a000 rw-p 0002a000 08:11 3032817                    /usr/lib/jvm/java-9-oracle/lib/libjava.so
7f164233a000-7f1642347000 r-xp 00000000 08:11 3032836                    /usr/lib/jvm/java-9-oracle/lib/libverify.so
7f1642347000-7f1642546000 ---p 0000d000 08:11 3032836                    /usr/lib/jvm/java-9-oracle/lib/libverify.so
7f1642546000-7f1642548000 rw-p 0000c000 08:11 3032836                    /usr/lib/jvm/java-9-oracle/lib/libverify.so
7f1642548000-7f164254f000 r-xp 00000000 08:11 1048840                    /lib/x86_64-linux-gnu/librt-2.23.so
7f164254f000-7f164274e000 ---p 00007000 08:11 1048840                    /lib/x86_64-linux-gnu/librt-2.23.so
7f164274e000-7f164274f000 r--p 00006000 08:11 1048840                    /lib/x86_64-linux-gnu/librt-2.23.so
7f164274f000-7f1642750000 rw-p 00007000 08:11 1048840                    /lib/x86_64-linux-gnu/librt-2.23.so
7f1642750000-7f1642858000 r-xp 00000000 08:11 1048591                    /lib/x86_64-linux-gnu/libm-2.23.so
7f1642858000-7f1642a57000 ---p 00108000 08:11 1048591                    /lib/x86_64-linux-gnu/libm-2.23.so
7f1642a57000-7f1642a58000 r--p 00107000 08:11 1048591                    /lib/x86_64-linux-gnu/libm-2.23.so
7f1642a58000-7f1642a59000 rw-p 00108000 08:11 1048591                    /lib/x86_64-linux-gnu/libm-2.23.so
7f1642a59000-7f1643a6e000 r-xp 00000000 08:11 3034524                    /usr/lib/jvm/java-9-oracle/lib/server/libjvm.so
7f1643a6e000-7f1643c6d000 ---p 01015000 08:11 3034524                    /usr/lib/jvm/java-9-oracle/lib/server/libjvm.so
7f1643c6d000-7f1643d3e000 r--p 01014000 08:11 3034524                    /usr/lib/jvm/java-9-oracle/lib/server/libjvm.so
7f1643d3e000-7f1643d75000 rw-p 010e5000 08:11 3034524                    /usr/lib/jvm/java-9-oracle/lib/server/libjvm.so
7f1643d75000-7f1643dde000 rw-p 00000000 00:00 0 
7f1643dde000-7f1643f9e000 r-xp 00000000 08:11 1048804                    /lib/x86_64-linux-gnu/libc-2.23.so
7f1643f9e000-7f164419e000 ---p 001c0000 08:11 1048804                    /lib/x86_64-linux-gnu/libc-2.23.so
7f164419e000-7f16441a2000 r--p 001c0000 08:11 1048804                    /lib/x86_64-linux-gnu/libc-2.23.so
7f16441a2000-7f16441a4000 rw-p 001c4000 08:11 1048804                    /lib/x86_64-linux-gnu/libc-2.23.so
7f16441a4000-7f16441a8000 rw-p 00000000 00:00 0 
7f16441a8000-7f16441ab000 r-xp 00000000 08:11 1048808                    /lib/x86_64-linux-gnu/libdl-2.23.so
7f16441ab000-7f16443aa000 ---p 00003000 08:11 1048808                    /lib/x86_64-linux-gnu/libdl-2.23.so
7f16443aa000-7f16443ab000 r--p 00002000 08:11 1048808                    /lib/x86_64-linux-gnu/libdl-2.23.so
7f16443ab000-7f16443ac000 rw-p 00003000 08:11 1048808                    /lib/x86_64-linux-gnu/libdl-2.23.so
7f16443ac000-7f16443ba000 r-xp 00000000 08:11 3034525                    /usr/lib/jvm/java-9-oracle/lib/jli/libjli.so
7f16443ba000-7f16445ba000 ---p 0000e000 08:11 3034525                    /usr/lib/jvm/java-9-oracle/lib/jli/libjli.so
7f16445ba000-7f16445bb000 rw-p 0000e000 08:11 3034525                    /usr/lib/jvm/java-9-oracle/lib/jli/libjli.so
7f16445bb000-7f16445d3000 r-xp 00000000 08:11 1048802                    /lib/x86_64-linux-gnu/libpthread-2.23.so
7f16445d3000-7f16447d2000 ---p 00018000 08:11 1048802                    /lib/x86_64-linux-gnu/libpthread-2.23.so
7f16447d2000-7f16447d3000 r--p 00017000 08:11 1048802                    /lib/x86_64-linux-gnu/libpthread-2.23.so
7f16447d3000-7f16447d4000 rw-p 00018000 08:11 1048802                    /lib/x86_64-linux-gnu/libpthread-2.23.so
7f16447d4000-7f16447d8000 rw-p 00000000 00:00 0 
7f16447d8000-7f16447f1000 r-xp 00000000 08:11 1053271                    /lib/x86_64-linux-gnu/libz.so.1.2.8
7f16447f1000-7f16449f0000 ---p 00019000 08:11 1053271                    /lib/x86_64-linux-gnu/libz.so.1.2.8
7f16449f0000-7f16449f1000 r--p 00018000 08:11 1053271                    /lib/x86_64-linux-gnu/libz.so.1.2.8
7f16449f1000-7f16449f2000 rw-p 00019000 08:11 1053271                    /lib/x86_64-linux-gnu/libz.so.1.2.8
7f16449f2000-7f1644a18000 r-xp 00000000 08:11 1048800                    /lib/x86_64-linux-gnu/ld-2.23.so
7f1644ab5000-7f1644ae4000 rw-p 00000000 00:00 0 
7f1644ae4000-7f1644ae9000 ---p 00000000 00:00 0 
7f1644ae9000-7f1644bea000 rw-p 00000000 00:00 0 
7f1644c00000-7f1644c06000 rw-p 00000000 00:00 0 
7f1644c06000-7f1644c0d000 ---p 00000000 00:00 0 
7f1644c0d000-7f1644c15000 rw-s 00000000 08:11 2491580                    /tmp/hsperfdata_filip/13102
7f1644c15000-7f1644c16000 rw-p 00000000 00:00 0 
7f1644c16000-7f1644c17000 r--p 00000000 00:00 0 
7f1644c17000-7f1644c18000 r--p 00025000 08:11 1048800                    /lib/x86_64-linux-gnu/ld-2.23.so
7f1644c18000-7f1644c19000 rw-p 00026000 08:11 1048800                    /lib/x86_64-linux-gnu/ld-2.23.so
7f1644c19000-7f1644c1a000 rw-p 00000000 00:00 0 
7ffd7fdd3000-7ffd7fdf4000 rw-p 00000000 00:00 0                          [stack]
7ffd7fdfa000-7ffd7fdfc000 r--p 00000000 00:00 0                          [vvar]
7ffd7fdfc000-7ffd7fdfe000 r-xp 00000000 00:00 0                          [vdso]
ffffffffff600000-ffffffffff601000 r-xp 00000000 00:00 0                  [vsyscall]

VM Arguments:
jvm_args: -Dclassworlds.conf=/usr/share/maven/bin/m2.conf -Dmaven.home=/usr/share/maven -Dmaven.multiModuleProjectDirectory=/home/filip/Pulpit/INŻYNIERKA/IMPLEMENTACJA/kot 4/abonamenty/scripts 
java_command: org.codehaus.plexus.classworlds.launcher.Launcher jetty:run
java_class_path (initial): /usr/share/maven/boot/plexus-classworlds-2.x.jar
Launcher Type: SUN_STANDARD

Logging:
Log output configuration:
#0: stdout all=warning uptime,level,tags
#1: stderr all=off uptime,level,tags

Environment Variables:
JAVA_HOME=/usr/lib/jvm/java-9-oracle
PATH=/home/filip/bin:/home/filip/.local/bin:/usr/local/sbin:/usr/local/bin:/usr/sbin:/usr/bin:/sbin:/bin:/usr/games:/usr/local/games:/snap/bin:/usr/lib/jvm/java-9-oracle/bin:/usr/lib/jvm/java-9-oracle/db/bin
USERNAME=filip
SHELL=/bin/bash
DISPLAY=:0

Signal Handlers:
SIGSEGV: [libjvm.so+0xd4d370], sa_mask[0]=11111111011111111101111111111110, sa_flags=SA_RESTART|SA_SIGINFO
SIGBUS: [libjvm.so+0xd4d370], sa_mask[0]=11111111011111111101111111111110, sa_flags=SA_RESTART|SA_SIGINFO
SIGFPE: [libjvm.so+0xd4d370], sa_mask[0]=11111111011111111101111111111110, sa_flags=SA_RESTART|SA_SIGINFO
SIGPIPE: [libjvm.so+0xb64780], sa_mask[0]=11111111011111111101111111111110, sa_flags=SA_RESTART|SA_SIGINFO
SIGXFSZ: [libjvm.so+0xb64780], sa_mask[0]=11111111011111111101111111111110, sa_flags=SA_RESTART|SA_SIGINFO
SIGILL: [libjvm.so+0xd4d370], sa_mask[0]=11111111011111111101111111111110, sa_flags=SA_RESTART|SA_SIGINFO
SIGUSR2: [libjvm.so+0xb64640], sa_mask[0]=00000000000000000000000000000000, sa_flags=SA_RESTART|SA_SIGINFO
SIGHUP: SIG_DFL, sa_mask[0]=00000000000000000000000000000000, sa_flags=none
SIGINT: SIG_DFL, sa_mask[0]=00000000000000000000000000000000, sa_flags=none
SIGTERM: SIG_DFL, sa_mask[0]=00000000000000000000000000000000, sa_flags=none
SIGQUIT: SIG_DFL, sa_mask[0]=00000000000000000000000000000000, sa_flags=none


---------------  S Y S T E M  ---------------

OS:DISTRIB_ID=LinuxMint
DISTRIB_RELEASE=18.1
DISTRIB_CODENAME=serena
DISTRIB_DESCRIPTION="Linux Mint 18.1 Serena"
uname:Linux 4.4.0-53-generic #74-Ubuntu SMP Fri Dec 2 15:59:10 UTC 2016 x86_64
libc:glibc 2.23 NPTL 2.23 
rlimit: STACK 8192k, CORE 0k, NPROC 95585, NOFILE 1048576, AS infinity
load average:0.82 0.80 1.14

/proc/meminfo:
MemTotal:       24512108 kB
MemFree:          221704 kB
MemAvailable:     199956 kB
Buffers:           22760 kB
Cached:          1794432 kB
SwapCached:            0 kB
Active:         22170220 kB
Inactive:        1425640 kB
Active(anon):   22043292 kB
Inactive(anon):  1325740 kB
Active(file):     126928 kB
Inactive(file):    99900 kB
Unevictable:         624 kB
Mlocked:             624 kB
SwapTotal:             0 kB
SwapFree:              0 kB
Dirty:              2064 kB
Writeback:             0 kB
AnonPages:      21780764 kB
Mapped:          1023432 kB
Shmem:           1589580 kB
Slab:             187268 kB
SReclaimable:      73076 kB
SUnreclaim:       114192 kB
KernelStack:       35792 kB
PageTables:       239244 kB
NFS_Unstable:          0 kB
Bounce:                0 kB
WritebackTmp:          0 kB
CommitLimit:    12256052 kB
Committed_AS:   37560792 kB
VmallocTotal:   34359738367 kB
VmallocUsed:           0 kB
VmallocChunk:          0 kB
HardwareCorrupted:     0 kB
AnonHugePages:   5398528 kB
CmaTotal:              0 kB
CmaFree:               0 kB
HugePages_Total:       0
HugePages_Free:        0
HugePages_Rsvd:        0
HugePages_Surp:        0
Hugepagesize:       2048 kB
DirectMap4k:      502340 kB
DirectMap2M:    22386688 kB
DirectMap1G:     2097152 kB


CPU:total 8 (initial active 8) (4 cores per cpu, 2 threads per core) family 6 model 60 stepping 3, cmov, cx8, fxsr, mmx, sse, sse2, sse3, ssse3, sse4.1, sse4.2, popcnt, avx, avx2, aes, clmul, erms, lzcnt, ht, tsc, tscinvbit, bmi1, bmi2, fma
CPU Model and flags from /proc/cpuinfo:
model name	: Intel(R) Core(TM) i7-4710MQ CPU @ 2.50GHz
flags		: fpu vme de pse tsc msr pae mce cx8 apic sep mtrr pge mca cmov pat pse36 clflush dts acpi mmx fxsr sse sse2 ss ht tm pbe syscall nx pdpe1gb rdtscp lm constant_tsc arch_perfmon pebs bts rep_good nopl xtopology nonstop_tsc aperfmperf eagerfpu pni pclmulqdq dtes64 monitor ds_cpl vmx est tm2 ssse3 sdbg fma cx16 xtpr pdcm pcid sse4_1 sse4_2 movbe popcnt tsc_deadline_timer aes xsave avx f16c rdrand lahf_lm abm epb tpr_shadow vnmi flexpriority ept vpid fsgsbase tsc_adjust bmi1 avx2 smep bmi2 erms invpcid xsaveopt dtherm ida arat pln pts

Memory: 4k page, physical 24512108k(221704k free), swap 0k(0k free)

vm_info: Java HotSpot(TM) 64-Bit Server VM (9.0.4+11) for linux-amd64 JRE (9.0.4+11), built on Dec 19 2017 18:12:19 by "mach5one" with gcc 4.9.2

END.
